<?xml version="1.0" encoding="UTF-8"?>
<coverage generated="1784594872506" clover="3.2.0">
  <project timestamp="1784594872507" name="All files">
    <metrics statements="4097" coveredstatements="2936" conditionals="3578" coveredconditionals="2009" methods="951" coveredmethods="617" elements="8626" coveredelements="5562" complexity="0" loc="4097" ncloc="4097" packages="82" files="177" classes="177"/>
    <package name="components">
      <metrics statements="10" coveredstatements="10" conditionals="4" coveredconditionals="4" methods="5" coveredmethods="5"/>
      <file name="ErrorBoundary.tsx" path="C:\Users\khi_h\Desktop\Projets\JanaArchitect\Joud\src\components\ErrorBoundary.tsx">
        <metrics statements="10" coveredstatements="10" conditionals="4" coveredconditionals="4" methods="5" coveredmethods="5"/>
        <line num="20" count="7" type="stmt"/>
        <line num="21" count="7" type="stmt"/>
        <line num="25" count="4" type="stmt"/>
        <line num="30" count="2" type="stmt"/>
        <line num="33" count="7" type="stmt"/>
        <line num="34" count="1" type="stmt"/>
        <line num="38" count="10" type="cond" truecount="2" falsecount="0"/>
        <line num="39" count="4" type="stmt"/>
        <line num="53" count="6" type="stmt"/>
        <line num="57" count="1" type="stmt"/>
      </file>
    </package>
    <package name="components.common.CompletionModal">
      <metrics statements="17" coveredstatements="17" conditionals="12" coveredconditionals="10" methods="2" coveredmethods="2"/>
      <file name="index.tsx" path="C:\Users\khi_h\Desktop\Projets\JanaArchitect\Joud\src\components\common\CompletionModal\index.tsx">
        <metrics statements="17" coveredstatements="17" conditionals="12" coveredconditionals="10" methods="2" coveredmethods="2"/>
        <line num="35" count="1" type="stmt"/>
        <line num="43" count="42" type="stmt"/>
        <line num="44" count="42" type="stmt"/>
        <line num="47" count="42" type="stmt"/>
        <line num="48" count="42" type="stmt"/>
        <line num="49" count="42" type="stmt"/>
        <line num="50" count="42" type="stmt"/>
        <line num="52" count="42" type="stmt"/>
        <line num="53" count="24" type="cond" truecount="2" falsecount="0"/>
        <line num="55" count="1" type="stmt"/>
        <line num="56" count="1" type="stmt"/>
        <line num="57" count="1" type="stmt"/>
        <line num="58" count="1" type="stmt"/>
        <line num="61" count="1" type="stmt"/>
        <line num="96" count="42" type="stmt"/>
        <line num="101" count="42" type="stmt"/>
        <line num="166" count="1" type="stmt"/>
      </file>
    </package>
    <package name="components.common.ExerciseProgressBar">
      <metrics statements="6" coveredstatements="6" conditionals="2" coveredconditionals="2" methods="3" coveredmethods="3"/>
      <file name="index.tsx" path="C:\Users\khi_h\Desktop\Projets\JanaArchitect\Joud\src\components\common\ExerciseProgressBar\index.tsx">
        <metrics statements="6" coveredstatements="6" conditionals="2" coveredconditionals="2" methods="3" coveredmethods="3"/>
        <line num="19" count="2" type="stmt"/>
        <line num="23" count="48" type="stmt"/>
        <line num="24" count="48" type="stmt"/>
        <line num="27" count="48" type="stmt"/>
        <line num="29" count="48" type="stmt"/>
        <line num="44" count="29" type="stmt"/>
      </file>
    </package>
    <package name="components.common.ExerciseValidation">
      <metrics statements="66" coveredstatements="52" conditionals="77" coveredconditionals="60" methods="19" coveredmethods="12"/>
      <file name="helpers.ts" path="C:\Users\khi_h\Desktop\Projets\JanaArchitect\Joud\src\components\common\ExerciseValidation\helpers.ts">
        <metrics statements="16" coveredstatements="14" conditionals="18" coveredconditionals="18" methods="3" coveredmethods="2"/>
        <line num="14" count="3" type="stmt"/>
        <line num="20" count="51" type="stmt"/>
        <line num="43" count="51" type="cond" truecount="2" falsecount="0"/>
        <line num="50" count="3" type="stmt"/>
        <line num="58" count="57" type="cond" truecount="2" falsecount="0"/>
        <line num="61" count="54" type="cond" truecount="2" falsecount="0"/>
        <line num="63" count="51" type="cond" truecount="4" falsecount="0"/>
        <line num="66" count="5" type="stmt"/>
        <line num="74" count="4" type="stmt"/>
        <line num="84" count="5" type="cond" truecount="2" falsecount="0"/>
        <line num="85" count="2" type="stmt"/>
        <line num="92" count="3" type="stmt"/>
        <line num="99" count="37" type="stmt"/>
        <line num="107" count="3" type="stmt"/>
        <line num="110" count="0" type="stmt"/>
        <line num="111" count="0" type="stmt"/>
      </file>
      <file name="index.tsx" path="C:\Users\khi_h\Desktop\Projets\JanaArchitect\Joud\src\components\common\ExerciseValidation\index.tsx">
        <metrics statements="49" coveredstatements="37" conditionals="59" coveredconditionals="42" methods="15" coveredmethods="9"/>
        <line num="22" count="2" type="stmt"/>
        <line num="23" count="45" type="stmt"/>
        <line num="24" count="45" type="stmt"/>
        <line num="26" count="45" type="stmt"/>
        <line num="27" count="45" type="stmt"/>
        <line num="28" count="45" type="stmt"/>
        <line num="30" count="45" type="stmt"/>
        <line num="32" count="43" type="stmt"/>
        <line num="53" count="45" type="cond" truecount="2" falsecount="0"/>
        <line num="55" count="8" type="stmt"/>
        <line num="108" count="2" type="stmt"/>
        <line num="122" count="45" type="stmt"/>
        <line num="123" count="45" type="stmt"/>
        <line num="126" count="45" type="stmt"/>
        <line num="127" count="45" type="stmt"/>
        <line num="129" count="45" type="stmt"/>
        <line num="130" count="0" type="stmt"/>
        <line num="144" count="0" type="cond" truecount="0" falsecount="2"/>
        <line num="149" count="45" type="stmt"/>
        <line num="150" count="0" type="cond" truecount="0" falsecount="2"/>
        <line num="153" count="45" type="stmt"/>
        <line num="154" count="0" type="cond" truecount="0" falsecount="2"/>
        <line num="157" count="45" type="stmt"/>
        <line num="158" count="0" type="cond" truecount="0" falsecount="2"/>
        <line num="161" count="45" type="stmt"/>
        <line num="162" count="0" type="cond" truecount="0" falsecount="2"/>
        <line num="165" count="45" type="stmt"/>
        <line num="166" count="45" type="stmt"/>
        <line num="167" count="45" type="stmt"/>
        <line num="177" count="45" type="stmt"/>
        <line num="178" count="43" type="cond" truecount="2" falsecount="0"/>
        <line num="179" count="6" type="stmt"/>
        <line num="193" count="6" type="stmt"/>
        <line num="194" count="6" type="stmt"/>
        <line num="196" count="37" type="stmt"/>
        <line num="200" count="45" type="stmt"/>
        <line num="201" count="2" type="cond" truecount="2" falsecount="0"/>
        <line num="203" count="1" type="cond" truecount="1" falsecount="1"/>
        <line num="204" count="1" type="stmt"/>
        <line num="205" count="0" type="cond" truecount="0" falsecount="2"/>
        <line num="206" count="0" type="stmt"/>
        <line num="207" count="0" type="cond" truecount="0" falsecount="2"/>
        <line num="208" count="0" type="stmt"/>
        <line num="209" count="0" type="cond" truecount="0" falsecount="2"/>
        <line num="210" count="0" type="stmt"/>
        <line num="215" count="45" type="stmt"/>
        <line num="220" count="45" type="stmt"/>
        <line num="222" count="45" type="stmt"/>
        <line num="231" count="4" type="stmt"/>
      </file>
      <file name="styles.ts" path="C:\Users\khi_h\Desktop\Projets\JanaArchitect\Joud\src\components\common\ExerciseValidation\styles.ts">
        <metrics statements="1" coveredstatements="1" conditionals="0" coveredconditionals="0" methods="1" coveredmethods="1"/>
        <line num="18" count="86" type="stmt"/>
      </file>
      <file name="types.ts" path="C:\Users\khi_h\Desktop\Projets\JanaArchitect\Joud\src\components\common\ExerciseValidation\types.ts">
        <metrics statements="0" coveredstatements="0" conditionals="0" coveredconditionals="0" methods="0" coveredmethods="0"/>
      </file>
    </package>
    <package name="components.common.NavigationButtons">
      <metrics statements="10" coveredstatements="10" conditionals="19" coveredconditionals="12" methods="3" coveredmethods="3"/>
      <file name="index.tsx" path="C:\Users\khi_h\Desktop\Projets\JanaArchitect\Joud\src\components\common\NavigationButtons\index.tsx">
        <metrics statements="4" coveredstatements="4" conditionals="11" coveredconditionals="8" methods="2" coveredmethods="2"/>
        <line num="16" count="1" type="stmt"/>
        <line num="24" count="7" type="stmt"/>
        <line num="25" count="7" type="stmt"/>
        <line num="27" count="7" type="stmt"/>
      </file>
      <file name="style.ts" path="C:\Users\khi_h\Desktop\Projets\JanaArchitect\Joud\src\components\common\NavigationButtons\style.ts">
        <metrics statements="6" coveredstatements="6" conditionals="8" coveredconditionals="4" methods="1" coveredmethods="1"/>
        <line num="16" count="1" type="stmt"/>
        <line num="18" count="1" type="stmt"/>
        <line num="20" count="5" type="stmt"/>
        <line num="21" count="5" type="cond" truecount="1" falsecount="1"/>
        <line num="24" count="5" type="cond" truecount="1" falsecount="1"/>
        <line num="28" count="5" type="stmt"/>
      </file>
    </package>
    <package name="components.family">
      <metrics statements="2" coveredstatements="1" conditionals="0" coveredconditionals="0" methods="1" coveredmethods="0"/>
      <file name="FamilyCard.tsx" path="C:\Users\khi_h\Desktop\Projets\JanaArchitect\Joud\src\components\family\FamilyCard.tsx">
        <metrics statements="2" coveredstatements="1" conditionals="0" coveredconditionals="0" methods="1" coveredmethods="0"/>
        <line num="24" count="1" type="stmt"/>
        <line num="25" count="0" type="stmt"/>
      </file>
    </package>
    <package name="components.flow.FlowCard">
      <metrics statements="57" coveredstatements="49" conditionals="114" coveredconditionals="62" methods="9" coveredmethods="9"/>
      <file name="helpers.ts" path="C:\Users\khi_h\Desktop\Projets\JanaArchitect\Joud\src\components\flow\FlowCard\helpers.ts">
        <metrics statements="3" coveredstatements="3" conditionals="0" coveredconditionals="0" methods="1" coveredmethods="1"/>
        <line num="8" count="2" type="stmt"/>
        <line num="9" count="69" type="stmt"/>
        <line num="10" count="69" type="stmt"/>
      </file>
      <file name="index.tsx" path="C:\Users\khi_h\Desktop\Projets\JanaArchitect\Joud\src\components\flow\FlowCard\index.tsx">
        <metrics statements="26" coveredstatements="24" conditionals="60" coveredconditionals="40" methods="4" coveredmethods="4"/>
        <line num="31" count="2" type="stmt"/>
        <line num="45" count="77" type="stmt"/>
        <line num="46" count="77" type="stmt"/>
        <line num="47" count="77" type="cond" truecount="2" falsecount="0"/>
        <line num="48" count="77" type="stmt"/>
        <line num="50" count="77" type="cond" truecount="3" falsecount="1"/>
        <line num="51" count="77" type="stmt"/>
        <line num="52" count="77" type="cond" truecount="1" falsecount="1"/>
        <line num="54" count="77" type="stmt"/>
        <line num="55" count="77" type="stmt"/>
        <line num="59" count="77" type="stmt"/>
        <line num="60" count="7" type="cond" truecount="3" falsecount="1"/>
        <line num="61" count="7" type="stmt"/>
        <line num="64" count="7" type="stmt"/>
        <line num="67" count="77" type="stmt"/>
        <line num="68" count="77" type="stmt"/>
        <line num="69" count="77" type="cond" truecount="1" falsecount="1"/>
        <line num="70" count="0" type="cond" truecount="0" falsecount="2"/>
        <line num="71" count="77" type="stmt"/>
        <line num="72" count="77" type="cond" truecount="2" falsecount="0"/>
        <line num="74" count="69" type="cond" truecount="1" falsecount="1"/>
        <line num="75" count="69" type="cond" truecount="2" falsecount="0"/>
        <line num="76" count="26" type="stmt"/>
        <line num="78" count="0" type="cond" truecount="0" falsecount="4"/>
        <line num="82" count="77" type="cond" truecount="1" falsecount="1"/>
        <line num="84" count="77" type="stmt"/>
      </file>
      <file name="style.ts" path="C:\Users\khi_h\Desktop\Projets\JanaArchitect\Joud\src\components\flow\FlowCard\style.ts">
        <metrics statements="28" coveredstatements="22" conditionals="54" coveredconditionals="22" methods="4" coveredmethods="4"/>
        <line num="13" count="2" type="stmt"/>
        <line num="14" count="77" type="cond" truecount="1" falsecount="1"/>
        <line num="15" count="77" type="stmt"/>
        <line num="16" count="77" type="stmt"/>
        <line num="22" count="0" type="cond" truecount="0" falsecount="4"/>
        <line num="24" count="0" type="stmt"/>
        <line num="29" count="0" type="stmt"/>
        <line num="34" count="0" type="stmt"/>
        <line num="39" count="0" type="stmt"/>
        <line num="47" count="2" type="stmt"/>
        <line num="48" count="77" type="cond" truecount="2" falsecount="0"/>
        <line num="49" count="77" type="cond" truecount="2" falsecount="0"/>
        <line num="51" count="77" type="cond" truecount="1" falsecount="1"/>
        <line num="58" count="77" type="stmt"/>
        <line num="64" count="77" type="cond" truecount="1" falsecount="1"/>
        <line num="68" count="77" type="stmt"/>
        <line num="72" count="2" type="stmt"/>
        <line num="73" count="77" type="cond" truecount="2" falsecount="2"/>
        <line num="74" count="0" type="stmt"/>
        <line num="80" count="77" type="cond" truecount="1" falsecount="1"/>
        <line num="83" count="2" type="stmt"/>
        <line num="88" count="77" type="stmt"/>
        <line num="89" count="77" type="stmt"/>
        <line num="90" count="77" type="stmt"/>
        <line num="92" count="77" type="stmt"/>
        <line num="93" count="77" type="stmt"/>
        <line num="94" count="77" type="stmt"/>
        <line num="96" count="77" type="stmt"/>
      </file>
    </package>
    <package name="components.layout.ExerciceLayout">
      <metrics statements="18" coveredstatements="17" conditionals="6" coveredconditionals="5" methods="5" coveredmethods="5"/>
      <file name="ExerciseLayout.tsx" path="C:\Users\khi_h\Desktop\Projets\JanaArchitect\Joud\src\components\layout\ExerciceLayout\ExerciseLayout.tsx">
        <metrics statements="18" coveredstatements="17" conditionals="6" coveredconditionals="5" methods="5" coveredmethods="5"/>
        <line num="58" count="2" type="stmt"/>
        <line num="60" count="59" type="stmt"/>
        <line num="61" count="59" type="stmt"/>
        <line num="62" count="59" type="stmt"/>
        <line num="63" count="59" type="cond" truecount="1" falsecount="1"/>
        <line num="64" count="0" type="stmt"/>
        <line num="66" count="59" type="cond" truecount="2" falsecount="0"/>
        <line num="67" count="56" type="stmt"/>
        <line num="69" count="3" type="stmt"/>
        <line num="72" count="59" type="stmt"/>
        <line num="74" count="59" type="stmt"/>
        <line num="103" count="2" type="stmt"/>
        <line num="109" count="79" type="stmt"/>
        <line num="110" count="79" type="stmt"/>
        <line num="114" count="79" type="stmt"/>
        <line num="116" count="79" type="stmt"/>
        <line num="119" count="79" type="stmt"/>
        <line num="124" count="79" type="stmt"/>
      </file>
    </package>
    <package name="components.layout.ExerciseHeader">
      <metrics statements="25" coveredstatements="20" conditionals="30" coveredconditionals="19" methods="5" coveredmethods="5"/>
      <file name="index.tsx" path="C:\Users\khi_h\Desktop\Projets\JanaArchitect\Joud\src\components\layout\ExerciseHeader\index.tsx">
        <metrics statements="25" coveredstatements="20" conditionals="30" coveredconditionals="19" methods="5" coveredmethods="5"/>
        <line num="45" count="2" type="stmt"/>
        <line num="52" count="2" type="stmt"/>
        <line num="63" count="2" type="stmt"/>
        <line num="64" count="78" type="stmt"/>
        <line num="65" count="78" type="cond" truecount="1" falsecount="1"/>
        <line num="66" count="78" type="cond" truecount="1" falsecount="1"/>
        <line num="68" count="78" type="stmt"/>
        <line num="87" count="2" type="stmt"/>
        <line num="103" count="110" type="stmt"/>
        <line num="104" count="110" type="stmt"/>
        <line num="110" count="110" type="stmt"/>
        <line num="111" count="78" type="cond" truecount="1" falsecount="1"/>
        <line num="112" count="78" type="stmt"/>
        <line num="114" count="78" type="cond" truecount="2" falsecount="2"/>
        <line num="115" count="0" type="stmt"/>
        <line num="116" count="0" type="stmt"/>
        <line num="119" count="78" type="stmt"/>
        <line num="123" count="110" type="stmt"/>
        <line num="124" count="90" type="cond" truecount="2" falsecount="3"/>
        <line num="126" count="59" type="stmt"/>
        <line num="128" count="0" type="stmt"/>
        <line num="130" count="0" type="stmt"/>
        <line num="132" count="0" type="stmt"/>
        <line num="134" count="31" type="cond" truecount="3" falsecount="0"/>
        <line num="138" count="110" type="stmt"/>
      </file>
    </package>
    <package name="components.layout.ExerciseHeader.components">
      <metrics statements="43" coveredstatements="24" conditionals="53" coveredconditionals="27" methods="12" coveredmethods="6"/>
      <file name="ExerciceNavBar.tsx" path="C:\Users\khi_h\Desktop\Projets\JanaArchitect\Joud\src\components\layout\ExerciseHeader\components\ExerciceNavBar.tsx">
        <metrics statements="11" coveredstatements="10" conditionals="21" coveredconditionals="17" methods="4" coveredmethods="3"/>
        <line num="28" count="2" type="stmt"/>
        <line num="29" count="78" type="stmt"/>
        <line num="31" count="78" type="stmt"/>
        <line num="32" count="78" type="stmt"/>
        <line num="33" count="78" type="stmt"/>
        <line num="35" count="78" type="stmt"/>
        <line num="119" count="2" type="stmt"/>
        <line num="126" count="110" type="stmt"/>
        <line num="127" count="110" type="stmt"/>
        <line num="129" count="110" type="stmt"/>
        <line num="136" count="0" type="cond" truecount="0" falsecount="2"/>
      </file>
      <file name="ExerciseDecorative.tsx" path="C:\Users\khi_h\Desktop\Projets\JanaArchitect\Joud\src\components\layout\ExerciseHeader\components\ExerciseDecorative.tsx">
        <metrics statements="20" coveredstatements="2" conditionals="18" coveredconditionals="0" methods="5" coveredmethods="0"/>
        <line num="31" count="2" type="stmt"/>
        <line num="32" count="0" type="stmt"/>
        <line num="36" count="0" type="stmt"/>
        <line num="78" count="2" type="stmt"/>
        <line num="82" count="0" type="stmt"/>
        <line num="83" count="0" type="stmt"/>
        <line num="86" count="0" type="stmt"/>
        <line num="87" count="0" type="cond" truecount="0" falsecount="4"/>
        <line num="89" count="0" type="stmt"/>
        <line num="91" count="0" type="stmt"/>
        <line num="94" count="0" type="stmt"/>
        <line num="99" count="0" type="stmt"/>
        <line num="101" count="0" type="cond" truecount="0" falsecount="2"/>
        <line num="102" count="0" type="stmt"/>
        <line num="112" count="0" type="cond" truecount="0" falsecount="2"/>
        <line num="114" count="0" type="cond" truecount="0" falsecount="4"/>
        <line num="115" count="0" type="stmt"/>
        <line num="125" count="0" type="stmt"/>
        <line num="129" count="0" type="stmt"/>
        <line num="132" count="0" type="stmt"/>
      </file>
      <file name="ExerciseHeaderContent.tsx" path="C:\Users\khi_h\Desktop\Projets\JanaArchitect\Joud\src\components\layout\ExerciseHeader\components\ExerciseHeaderContent.tsx">
        <metrics statements="12" coveredstatements="12" conditionals="14" coveredconditionals="10" methods="3" coveredmethods="3"/>
        <line num="32" count="2" type="stmt"/>
        <line num="67" count="2" type="stmt"/>
        <line num="69" count="78" type="cond" truecount="1" falsecount="1"/>
        <line num="72" count="78" type="stmt"/>
        <line num="74" count="78" type="stmt"/>
        <line num="75" count="78" type="cond" truecount="2" falsecount="0"/>
        <line num="84" count="78" type="stmt"/>
        <line num="127" count="2" type="stmt"/>
        <line num="132" count="110" type="stmt"/>
        <line num="133" count="110" type="stmt"/>
        <line num="135" count="110" type="cond" truecount="2" falsecount="0"/>
        <line num="139" count="110" type="stmt"/>
      </file>
    </package>
    <package name="components.modules">
      <metrics statements="2" coveredstatements="1" conditionals="0" coveredconditionals="0" methods="1" coveredmethods="0"/>
      <file name="ModuleCard.tsx" path="C:\Users\khi_h\Desktop\Projets\JanaArchitect\Joud\src\components\modules\ModuleCard.tsx">
        <metrics statements="2" coveredstatements="1" conditionals="0" coveredconditionals="0" methods="1" coveredmethods="0"/>
        <line num="22" count="1" type="stmt"/>
        <line num="23" count="0" type="stmt"/>
      </file>
    </package>
    <package name="components.pedagogy.Connector">
      <metrics statements="0" coveredstatements="0" conditionals="0" coveredconditionals="0" methods="0" coveredmethods="0"/>
      <file name="types.ts" path="C:\Users\khi_h\Desktop\Projets\JanaArchitect\Joud\src\components\pedagogy\Connector\types.ts">
        <metrics statements="0" coveredstatements="0" conditionals="0" coveredconditionals="0" methods="0" coveredmethods="0"/>
      </file>
    </package>
    <package name="components.pedagogy.Connector.ConnectorCardRenderer">
      <metrics statements="13" coveredstatements="8" conditionals="10" coveredconditionals="5" methods="1" coveredmethods="1"/>
      <file name="index.tsx" path="C:\Users\khi_h\Desktop\Projets\JanaArchitect\Joud\src\components\pedagogy\Connector\ConnectorCardRenderer\index.tsx">
        <metrics statements="13" coveredstatements="8" conditionals="10" coveredconditionals="5" methods="1" coveredmethods="1"/>
        <line num="14" count="1" type="stmt"/>
        <line num="16" count="1" type="stmt"/>
        <line num="27" count="2" type="stmt"/>
        <line num="29" count="2" type="cond" truecount="1" falsecount="1"/>
        <line num="30" count="0" type="stmt"/>
        <line num="31" count="0" type="stmt"/>
        <line num="34" count="2" type="cond" truecount="1" falsecount="1"/>
        <line num="36" count="2" type="cond" truecount="2" falsecount="2"/>
        <line num="38" count="1" type="stmt"/>
        <line num="56" count="1" type="stmt"/>
        <line num="74" count="0" type="stmt"/>
        <line num="92" count="0" type="stmt"/>
        <line num="93" count="0" type="stmt"/>
      </file>
    </package>
    <package name="components.pedagogy.Connector.LogicLinksCard">
      <metrics statements="22" coveredstatements="20" conditionals="41" coveredconditionals="33" methods="5" coveredmethods="5"/>
      <file name="index.tsx" path="C:\Users\khi_h\Desktop\Projets\JanaArchitect\Joud\src\components\pedagogy\Connector\LogicLinksCard\index.tsx">
        <metrics statements="22" coveredstatements="20" conditionals="41" coveredconditionals="33" methods="5" coveredmethods="5"/>
        <line num="11" count="2" type="stmt"/>
        <line num="27" count="7" type="stmt"/>
        <line num="28" count="7" type="cond" truecount="2" falsecount="0"/>
        <line num="30" count="7" type="stmt"/>
        <line num="38" count="7" type="stmt"/>
        <line num="39" count="7" type="stmt"/>
        <line num="47" count="7" type="cond" truecount="2" falsecount="0"/>
        <line num="50" count="7" type="stmt"/>
        <line num="92" count="27" type="stmt"/>
        <line num="93" count="27" type="stmt"/>
        <line num="94" count="27" type="cond" truecount="2" falsecount="1"/>
        <line num="96" count="27" type="stmt"/>
        <line num="97" count="27" type="cond" truecount="4" falsecount="0"/>
        <line num="98" count="1" type="stmt"/>
        <line num="100" count="26" type="cond" truecount="3" falsecount="2"/>
        <line num="101" count="0" type="stmt"/>
        <line num="103" count="26" type="cond" truecount="3" falsecount="1"/>
        <line num="104" count="0" type="stmt"/>
        <line num="106" count="26" type="stmt"/>
        <line num="112" count="27" type="stmt"/>
        <line num="116" count="2" type="cond" truecount="2" falsecount="0"/>
        <line num="154" count="2" type="stmt"/>
      </file>
    </package>
    <package name="components.pedagogy.Connector.RephrasingCard">
      <metrics statements="9" coveredstatements="2" conditionals="41" coveredconditionals="0" methods="2" coveredmethods="0"/>
      <file name="index.tsx" path="C:\Users\khi_h\Desktop\Projets\JanaArchitect\Joud\src\components\pedagogy\Connector\RephrasingCard\index.tsx">
        <metrics statements="9" coveredstatements="2" conditionals="41" coveredconditionals="0" methods="2" coveredmethods="0"/>
        <line num="11" count="1" type="stmt"/>
        <line num="27" count="0" type="stmt"/>
        <line num="28" count="0" type="cond" truecount="0" falsecount="3"/>
        <line num="30" count="0" type="stmt"/>
        <line num="38" count="0" type="stmt"/>
        <line num="39" count="0" type="stmt"/>
        <line num="47" count="0" type="cond" truecount="0" falsecount="2"/>
        <line num="50" count="0" type="stmt"/>
        <line num="169" count="1" type="stmt"/>
      </file>
    </package>
    <package name="components.pedagogy.Connector.SentenceFusionCard">
      <metrics statements="9" coveredstatements="9" conditionals="35" coveredconditionals="15" methods="2" coveredmethods="2"/>
      <file name="index.tsx" path="C:\Users\khi_h\Desktop\Projets\JanaArchitect\Joud\src\components\pedagogy\Connector\SentenceFusionCard\index.tsx">
        <metrics statements="9" coveredstatements="9" conditionals="35" coveredconditionals="15" methods="2" coveredmethods="2"/>
        <line num="11" count="1" type="stmt"/>
        <line num="27" count="1" type="stmt"/>
        <line num="29" count="1" type="stmt"/>
        <line num="37" count="1" type="cond" truecount="1" falsecount="1"/>
        <line num="39" count="1" type="stmt"/>
        <line num="40" count="1" type="stmt"/>
        <line num="48" count="1" type="cond" truecount="1" falsecount="1"/>
        <line num="51" count="1" type="stmt"/>
        <line num="157" count="1" type="stmt"/>
      </file>
    </package>
    <package name="components.pedagogy.Sentence">
      <metrics statements="68" coveredstatements="64" conditionals="105" coveredconditionals="73" methods="29" coveredmethods="26"/>
      <file name="SentenceBlanksCard.styles.ts" path="C:\Users\khi_h\Desktop\Projets\JanaArchitect\Joud\src\components\pedagogy\Sentence\SentenceBlanksCard.styles.ts">
        <metrics statements="5" coveredstatements="5" conditionals="4" coveredconditionals="2" methods="1" coveredmethods="1"/>
        <line num="18" count="2" type="stmt"/>
        <line num="19" count="8" type="stmt"/>
        <line num="20" count="8" type="stmt"/>
        <line num="21" count="8" type="stmt"/>
        <line num="23" count="8" type="stmt"/>
      </file>
      <file name="SentenceBlanksCard.tsx" path="C:\Users\khi_h\Desktop\Projets\JanaArchitect\Joud\src\components\pedagogy\Sentence\SentenceBlanksCard.tsx">
        <metrics statements="21" coveredstatements="21" conditionals="44" coveredconditionals="32" methods="7" coveredmethods="7"/>
        <line num="24" count="2" type="stmt"/>
        <line num="32" count="8" type="stmt"/>
        <line num="35" count="8" type="stmt"/>
        <line num="36" count="8" type="stmt"/>
        <line num="41" count="8" type="stmt"/>
        <line num="42" count="8" type="cond" truecount="1" falsecount="1"/>
        <line num="43" count="8" type="cond" truecount="1" falsecount="1"/>
        <line num="45" count="8" type="stmt"/>
        <line num="46" count="8" type="cond" truecount="1" falsecount="1"/>
        <line num="47" count="8" type="cond" truecount="1" falsecount="1"/>
        <line num="49" count="8" type="stmt"/>
        <line num="92" count="8" type="stmt"/>
        <line num="93" count="8" type="cond" truecount="4" falsecount="0"/>
        <line num="95" count="6" type="stmt"/>
        <line num="98" count="18" type="stmt"/>
        <line num="100" count="18" type="stmt"/>
        <line num="112" count="1" type="stmt"/>
        <line num="134" count="8" type="stmt"/>
        <line num="135" count="8" type="cond" truecount="2" falsecount="0"/>
        <line num="137" count="2" type="stmt"/>
        <line num="197" count="8" type="stmt"/>
      </file>
      <file name="SentenceCard.tsx" path="C:\Users\khi_h\Desktop\Projets\JanaArchitect\Joud\src\components\pedagogy\Sentence\SentenceCard.tsx">
        <metrics statements="10" coveredstatements="9" conditionals="22" coveredconditionals="17" methods="3" coveredmethods="3"/>
        <line num="15" count="2" type="stmt"/>
        <line num="22" count="12" type="stmt"/>
        <line num="25" count="12" type="stmt"/>
        <line num="26" count="8" type="stmt"/>
        <line num="31" count="12" type="stmt"/>
        <line num="32" count="8" type="cond" truecount="2" falsecount="0"/>
        <line num="33" count="1" type="cond" truecount="3" falsecount="2"/>
        <line num="34" count="1" type="cond" truecount="1" falsecount="2"/>
        <line num="36" count="0" type="stmt"/>
        <line num="39" count="12" type="stmt"/>
      </file>
      <file name="SentenceTilesCard.styles.ts" path="C:\Users\khi_h\Desktop\Projets\JanaArchitect\Joud\src\components\pedagogy\Sentence\SentenceTilesCard.styles.ts">
        <metrics statements="5" coveredstatements="5" conditionals="8" coveredconditionals="4" methods="1" coveredmethods="1"/>
        <line num="18" count="1" type="stmt"/>
        <line num="19" count="5" type="stmt"/>
        <line num="20" count="5" type="stmt"/>
        <line num="21" count="5" type="stmt"/>
        <line num="23" count="5" type="stmt"/>
      </file>
      <file name="SentenceTilesCard.tsx" path="C:\Users\khi_h\Desktop\Projets\JanaArchitect\Joud\src\components\pedagogy\Sentence\SentenceTilesCard.tsx">
        <metrics statements="22" coveredstatements="19" conditionals="27" coveredconditionals="18" methods="16" coveredmethods="13"/>
        <line num="25" count="1" type="stmt"/>
        <line num="33" count="8" type="stmt"/>
        <line num="36" count="8" type="stmt"/>
        <line num="37" count="5" type="stmt"/>
        <line num="42" count="8" type="stmt"/>
        <line num="45" count="8" type="stmt"/>
        <line num="46" count="5" type="stmt"/>
        <line num="51" count="8" type="stmt"/>
        <line num="54" count="8" type="stmt"/>
        <line num="55" count="8" type="stmt"/>
        <line num="56" count="28" type="stmt"/>
        <line num="60" count="8" type="stmt"/>
        <line num="61" count="2" type="cond" truecount="1" falsecount="1"/>
        <line num="62" count="2" type="stmt"/>
        <line num="65" count="8" type="stmt"/>
        <line num="66" count="0" type="cond" truecount="0" falsecount="2"/>
        <line num="67" count="0" type="stmt"/>
        <line num="70" count="8" type="stmt"/>
        <line num="90" count="3" type="stmt"/>
        <line num="93" count="0" type="stmt"/>
        <line num="116" count="26" type="stmt"/>
        <line num="119" count="2" type="stmt"/>
      </file>
      <file name="SentencesCard.styles.ts" path="C:\Users\khi_h\Desktop\Projets\JanaArchitect\Joud\src\components\pedagogy\Sentence\SentencesCard.styles.ts">
        <metrics statements="5" coveredstatements="5" conditionals="0" coveredconditionals="0" methods="1" coveredmethods="1"/>
        <line num="11" count="2" type="stmt"/>
        <line num="12" count="8" type="stmt"/>
        <line num="13" count="8" type="stmt"/>
        <line num="14" count="8" type="stmt"/>
        <line num="16" count="8" type="stmt"/>
      </file>
    </package>
    <package name="components.pedagogy.Vocabulary.WordCard">
      <metrics statements="20" coveredstatements="20" conditionals="22" coveredconditionals="16" methods="6" coveredmethods="6"/>
      <file name="WordCard.styles.ts" path="C:\Users\khi_h\Desktop\Projets\JanaArchitect\Joud\src\components\pedagogy\Vocabulary\WordCard\WordCard.styles.ts">
        <metrics statements="8" coveredstatements="8" conditionals="10" coveredconditionals="5" methods="2" coveredmethods="2"/>
        <line num="29" count="2" type="stmt"/>
        <line num="30" count="11" type="stmt"/>
        <line num="32" count="11" type="stmt"/>
        <line num="42" count="2" type="stmt"/>
        <line num="43" count="11" type="stmt"/>
        <line num="44" count="11" type="stmt"/>
        <line num="45" count="11" type="stmt"/>
        <line num="47" count="11" type="stmt"/>
      </file>
      <file name="WordCard.tsx" path="C:\Users\khi_h\Desktop\Projets\JanaArchitect\Joud\src\components\pedagogy\Vocabulary\WordCard\WordCard.tsx">
        <metrics statements="12" coveredstatements="12" conditionals="12" coveredconditionals="11" methods="4" coveredmethods="4"/>
        <line num="17" count="2" type="stmt"/>
        <line num="26" count="12" type="stmt"/>
        <line num="28" count="12" type="stmt"/>
        <line num="29" count="12" type="stmt"/>
        <line num="31" count="12" type="stmt"/>
        <line num="32" count="9" type="cond" truecount="1" falsecount="1"/>
        <line num="34" count="9" type="cond" truecount="2" falsecount="0"/>
        <line num="35" count="1" type="stmt"/>
        <line num="38" count="8" type="stmt"/>
        <line num="40" count="8" type="stmt"/>
        <line num="43" count="24" type="stmt"/>
        <line num="58" count="12" type="stmt"/>
      </file>
    </package>
    <package name="components.pedagogy.dialogues.DialogueCard">
      <metrics statements="71" coveredstatements="55" conditionals="97" coveredconditionals="52" methods="20" coveredmethods="17"/>
      <file name="index.tsx" path="C:\Users\khi_h\Desktop\Projets\JanaArchitect\Joud\src\components\pedagogy\dialogues\DialogueCard\index.tsx">
        <metrics statements="63" coveredstatements="47" conditionals="71" coveredconditionals="39" methods="19" coveredmethods="16"/>
        <line num="83" count="2" type="stmt"/>
        <line num="84" count="18" type="cond" truecount="2" falsecount="0"/>
        <line num="85" count="18" type="cond" truecount="2" falsecount="0"/>
        <line num="87" count="18" type="cond" truecount="2" falsecount="0"/>
        <line num="88" count="9" type="stmt"/>
        <line num="100" count="9" type="cond" truecount="1" falsecount="1"/>
        <line num="101" count="9" type="stmt"/>
        <line num="113" count="0" type="stmt"/>
        <line num="117" count="2" type="stmt"/>
        <line num="125" count="9" type="stmt"/>
        <line num="126" count="9" type="stmt"/>
        <line num="128" count="9" type="stmt"/>
        <line num="129" count="9" type="stmt"/>
        <line num="130" count="9" type="stmt"/>
        <line num="131" count="9" type="stmt"/>
        <line num="134" count="9" type="stmt"/>
        <line num="135" count="7" type="stmt"/>
        <line num="136" count="11" type="cond" truecount="1" falsecount="1"/>
        <line num="137" count="11" type="stmt"/>
        <line num="143" count="9" type="stmt"/>
        <line num="144" count="7" type="cond" truecount="1" falsecount="1"/>
        <line num="145" count="7" type="stmt"/>
        <line num="152" count="7" type="stmt"/>
        <line num="153" count="4" type="stmt"/>
        <line num="159" count="9" type="stmt"/>
        <line num="160" count="7" type="stmt"/>
        <line num="161" count="7" type="cond" truecount="1" falsecount="1"/>
        <line num="162" count="0" type="stmt"/>
        <line num="167" count="9" type="stmt"/>
        <line num="168" count="0" type="stmt"/>
        <line num="169" count="0" type="cond" truecount="0" falsecount="4"/>
        <line num="171" count="0" type="stmt"/>
        <line num="172" count="0" type="stmt"/>
        <line num="173" count="0" type="cond" truecount="0" falsecount="2"/>
        <line num="175" count="0" type="stmt"/>
        <line num="179" count="0" type="stmt"/>
        <line num="180" count="0" type="stmt"/>
        <line num="181" count="0" type="stmt"/>
        <line num="182" count="0" type="cond" truecount="0" falsecount="4"/>
        <line num="183" count="0" type="stmt"/>
        <line num="187" count="0" type="stmt"/>
        <line num="188" count="0" type="stmt"/>
        <line num="192" count="9" type="stmt"/>
        <line num="193" count="15" type="cond" truecount="4" falsecount="0"/>
        <line num="194" count="15" type="stmt"/>
        <line num="195" count="15" type="stmt"/>
        <line num="196" count="15" type="cond" truecount="2" falsecount="0"/>
        <line num="198" count="15" type="cond" truecount="2" falsecount="0"/>
        <line num="200" count="9" type="stmt"/>
        <line num="210" count="9" type="stmt"/>
        <line num="234" count="0" type="stmt"/>
        <line num="250" count="9" type="stmt"/>
        <line num="254" count="4" type="stmt"/>
        <line num="266" count="15" type="stmt"/>
        <line num="291" count="2" type="stmt"/>
        <line num="299" count="9" type="stmt"/>
        <line num="300" count="9" type="stmt"/>
        <line num="302" count="9" type="stmt"/>
        <line num="303" count="9" type="stmt"/>
        <line num="304" count="9" type="cond" truecount="1" falsecount="1"/>
        <line num="305" count="9" type="cond" truecount="1" falsecount="1"/>
        <line num="307" count="9" type="cond" truecount="2" falsecount="0"/>
        <line num="309" count="9" type="stmt"/>
      </file>
      <file name="style.ts" path="C:\Users\khi_h\Desktop\Projets\JanaArchitect\Joud\src\components\pedagogy\dialogues\DialogueCard\style.ts">
        <metrics statements="8" coveredstatements="8" conditionals="26" coveredconditionals="13" methods="1" coveredmethods="1"/>
        <line num="5" count="2" type="stmt"/>
        <line num="6" count="18" type="stmt"/>
        <line num="7" count="18" type="stmt"/>
        <line num="9" count="18" type="cond" truecount="1" falsecount="1"/>
        <line num="10" count="18" type="cond" truecount="1" falsecount="1"/>
        <line num="11" count="18" type="cond" truecount="1" falsecount="1"/>
        <line num="12" count="18" type="cond" truecount="1" falsecount="1"/>
        <line num="14" count="18" type="stmt"/>
      </file>
    </package>
    <package name="components.pedagogy.reading">
      <metrics statements="0" coveredstatements="0" conditionals="0" coveredconditionals="0" methods="0" coveredmethods="0"/>
      <file name="types.ts" path="C:\Users\khi_h\Desktop\Projets\JanaArchitect\Joud\src\components\pedagogy\reading\types.ts">
        <metrics statements="0" coveredstatements="0" conditionals="0" coveredconditionals="0" methods="0" coveredmethods="0"/>
      </file>
    </package>
    <package name="components.pedagogy.reading.ReadingCard">
      <metrics statements="5" coveredstatements="5" conditionals="4" coveredconditionals="2" methods="1" coveredmethods="1"/>
      <file name="index.tsx" path="C:\Users\khi_h\Desktop\Projets\JanaArchitect\Joud\src\components\pedagogy\reading\ReadingCard\index.tsx">
        <metrics statements="5" coveredstatements="5" conditionals="4" coveredconditionals="2" methods="1" coveredmethods="1"/>
        <line num="22" count="1" type="stmt"/>
        <line num="30" count="1" type="stmt"/>
        <line num="31" count="1" type="cond" truecount="1" falsecount="1"/>
        <line num="33" count="1" type="stmt"/>
        <line num="88" count="1" type="stmt"/>
      </file>
    </package>
    <package name="components.pedagogy.revision">
      <metrics statements="11" coveredstatements="11" conditionals="19" coveredconditionals="19" methods="4" coveredmethods="4"/>
      <file name="RevisionQuestionCard.tsx" path="C:\Users\khi_h\Desktop\Projets\JanaArchitect\Joud\src\components\pedagogy\revision\RevisionQuestionCard.tsx">
        <metrics statements="11" coveredstatements="11" conditionals="19" coveredconditionals="19" methods="4" coveredmethods="4"/>
        <line num="15" count="2" type="stmt"/>
        <line num="22" count="12" type="stmt"/>
        <line num="23" count="12" type="stmt"/>
        <line num="25" count="12" type="stmt"/>
        <line num="27" count="12" type="stmt"/>
        <line num="42" count="36" type="stmt"/>
        <line num="43" count="36" type="stmt"/>
        <line num="45" count="36" type="stmt"/>
        <line num="52" count="36" type="stmt"/>
        <line num="58" count="36" type="stmt"/>
        <line num="62" count="2" type="cond" truecount="2" falsecount="0"/>
      </file>
    </package>
    <package name="components.pedagogy.shared.QuestionCard">
      <metrics statements="34" coveredstatements="34" conditionals="64" coveredconditionals="55" methods="10" coveredmethods="10"/>
      <file name="OptionButton.tsx" path="C:\Users\khi_h\Desktop\Projets\JanaArchitect\Joud\src\components\pedagogy\shared\QuestionCard\OptionButton.tsx">
        <metrics statements="15" coveredstatements="15" conditionals="22" coveredconditionals="18" methods="2" coveredmethods="2"/>
        <line num="16" count="3" type="stmt"/>
        <line num="19" count="55" type="stmt"/>
        <line num="21" count="55" type="stmt"/>
        <line num="27" count="55" type="stmt"/>
        <line num="28" count="55" type="stmt"/>
        <line num="29" count="55" type="cond" truecount="1" falsecount="1"/>
        <line num="31" count="55" type="cond" truecount="2" falsecount="0"/>
        <line num="32" count="49" type="cond" truecount="2" falsecount="0"/>
        <line num="45" count="6" type="cond" truecount="2" falsecount="0"/>
        <line num="46" count="2" type="cond" truecount="1" falsecount="1"/>
        <line num="47" count="2" type="cond" truecount="1" falsecount="1"/>
        <line num="50" count="4" type="stmt"/>
        <line num="57" count="55" type="stmt"/>
        <line num="59" count="55" type="stmt"/>
        <line num="97" count="3" type="stmt"/>
      </file>
      <file name="feedbackBanner.tsx" path="C:\Users\khi_h\Desktop\Projets\JanaArchitect\Joud\src\components\pedagogy\shared\QuestionCard\feedbackBanner.tsx">
        <metrics statements="5" coveredstatements="5" conditionals="4" coveredconditionals="4" methods="1" coveredmethods="1"/>
        <line num="11" count="3" type="stmt"/>
        <line num="12" count="3" type="stmt"/>
        <line num="13" count="3" type="cond" truecount="2" falsecount="0"/>
        <line num="15" count="3" type="stmt"/>
        <line num="28" count="3" type="stmt"/>
      </file>
      <file name="index.tsx" path="C:\Users\khi_h\Desktop\Projets\JanaArchitect\Joud\src\components\pedagogy\shared\QuestionCard\index.tsx">
        <metrics statements="12" coveredstatements="12" conditionals="32" coveredconditionals="30" methods="6" coveredmethods="6"/>
        <line num="10" count="3" type="stmt"/>
        <line num="23" count="21" type="stmt"/>
        <line num="24" count="21" type="stmt"/>
        <line num="26" count="21" type="cond" truecount="2" falsecount="0"/>
        <line num="27" count="21" type="stmt"/>
        <line num="29" count="21" type="stmt"/>
        <line num="34" count="21" type="stmt"/>
        <line num="39" count="55" type="stmt"/>
        <line num="41" count="21" type="stmt"/>
        <line num="47" count="55" type="stmt"/>
        <line num="55" count="2" type="stmt"/>
        <line num="71" count="3" type="stmt"/>
      </file>
      <file name="styles.ts" path="C:\Users\khi_h\Desktop\Projets\JanaArchitect\Joud\src\components\pedagogy\shared\QuestionCard\styles.ts">
        <metrics statements="2" coveredstatements="2" conditionals="6" coveredconditionals="3" methods="1" coveredmethods="1"/>
        <line num="5" count="3" type="stmt"/>
        <line num="6" count="13" type="stmt"/>
      </file>
      <file name="types.ts" path="C:\Users\khi_h\Desktop\Projets\JanaArchitect\Joud\src\components\pedagogy\shared\QuestionCard\types.ts">
        <metrics statements="0" coveredstatements="0" conditionals="0" coveredconditionals="0" methods="0" coveredmethods="0"/>
      </file>
    </package>
    <package name="components.pedagogy.wordgames.AudioMatchCard">
      <metrics statements="63" coveredstatements="43" conditionals="60" coveredconditionals="30" methods="21" coveredmethods="14"/>
      <file name="index.tsx" path="C:\Users\khi_h\Desktop\Projets\JanaArchitect\Joud\src\components\pedagogy\wordgames\AudioMatchCard\index.tsx">
        <metrics statements="63" coveredstatements="43" conditionals="60" coveredconditionals="30" methods="21" coveredmethods="14"/>
        <line num="16" count="2" type="stmt"/>
        <line num="17" count="5" type="stmt"/>
        <line num="18" count="5" type="stmt"/>
        <line num="20" count="5" type="stmt"/>
        <line num="21" count="5" type="stmt"/>
        <line num="22" count="5" type="stmt"/>
        <line num="23" count="5" type="stmt"/>
        <line num="24" count="5" type="stmt"/>
        <line num="25" count="5" type="stmt"/>
        <line num="28" count="5" type="stmt"/>
        <line num="29" count="12" type="stmt"/>
        <line num="32" count="5" type="stmt"/>
        <line num="33" count="5" type="stmt"/>
        <line num="34" count="5" type="stmt"/>
        <line num="35" count="5" type="cond" truecount="1" falsecount="1"/>
        <line num="37" count="5" type="stmt"/>
        <line num="38" count="5" type="cond" truecount="4" falsecount="0"/>
        <line num="40" count="4" type="stmt"/>
        <line num="41" count="1" type="stmt"/>
        <line num="42" count="1" type="cond" truecount="1" falsecount="1"/>
        <line num="43" count="1" type="stmt"/>
        <line num="44" count="1" type="stmt"/>
        <line num="46" count="0" type="stmt"/>
        <line num="50" count="4" type="stmt"/>
        <line num="54" count="5" type="stmt"/>
        <line num="55" count="4" type="cond" truecount="2" falsecount="2"/>
        <line num="56" count="0" type="stmt"/>
        <line num="61" count="5" type="stmt"/>
        <line num="62" count="4" type="stmt"/>
        <line num="63" count="4" type="stmt"/>
        <line num="67" count="5" type="stmt"/>
        <line num="68" count="0" type="cond" truecount="0" falsecount="2"/>
        <line num="70" count="0" type="cond" truecount="0" falsecount="2"/>
        <line num="71" count="0" type="stmt"/>
        <line num="73" count="0" type="stmt"/>
        <line num="74" count="0" type="stmt"/>
        <line num="77" count="0" type="stmt"/>
        <line num="78" count="0" type="stmt"/>
        <line num="82" count="5" type="stmt"/>
        <line num="83" count="0" type="cond" truecount="0" falsecount="2"/>
        <line num="85" count="0" type="stmt"/>
        <line num="87" count="0" type="cond" truecount="0" falsecount="2"/>
        <line num="88" count="0" type="stmt"/>
        <line num="89" count="0" type="stmt"/>
        <line num="90" count="0" type="stmt"/>
        <line num="91" count="0" type="stmt"/>
        <line num="92" count="0" type="stmt"/>
        <line num="94" count="0" type="stmt"/>
        <line num="98" count="5" type="stmt"/>
        <line num="256" count="5" type="cond" truecount="2" falsecount="0"/>
        <line num="257" count="1" type="cond" truecount="1" falsecount="1"/>
        <line num="258" count="1" type="cond" truecount="1" falsecount="1"/>
        <line num="259" count="1" type="cond" truecount="1" falsecount="1"/>
        <line num="263" count="1" type="stmt"/>
        <line num="282" count="4" type="stmt"/>
        <line num="314" count="12" type="stmt"/>
        <line num="315" count="12" type="stmt"/>
        <line num="316" count="12" type="stmt"/>
        <line num="318" count="12" type="stmt"/>
        <line num="327" count="0" type="stmt"/>
        <line num="347" count="12" type="stmt"/>
        <line num="349" count="12" type="stmt"/>
        <line num="353" count="0" type="stmt"/>
      </file>
    </package>
    <package name="components.pedagogy.wordgames.BlanksCard">
      <metrics statements="22" coveredstatements="20" conditionals="24" coveredconditionals="11" methods="6" coveredmethods="6"/>
      <file name="index.tsx" path="C:\Users\khi_h\Desktop\Projets\JanaArchitect\Joud\src\components\pedagogy\wordgames\BlanksCard\index.tsx">
        <metrics statements="22" coveredstatements="20" conditionals="24" coveredconditionals="11" methods="6" coveredmethods="6"/>
        <line num="25" count="2" type="stmt"/>
        <line num="38" count="5" type="stmt"/>
        <line num="39" count="5" type="stmt"/>
        <line num="41" count="5" type="stmt"/>
        <line num="49" count="5" type="stmt"/>
        <line num="50" count="5" type="stmt"/>
        <line num="52" count="5" type="stmt"/>
        <line num="53" count="5" type="stmt"/>
        <line num="54" count="5" type="stmt"/>
        <line num="55" count="5" type="cond" truecount="1" falsecount="1"/>
        <line num="56" count="0" type="stmt"/>
        <line num="57" count="0" type="stmt"/>
        <line num="59" count="5" type="stmt"/>
        <line num="63" count="5" type="stmt"/>
        <line num="66" count="5" type="cond" truecount="1" falsecount="2"/>
        <line num="68" count="5" type="stmt"/>
        <line num="89" count="18" type="stmt"/>
        <line num="90" count="18" type="stmt"/>
        <line num="92" count="18" type="stmt"/>
        <line num="99" count="18" type="stmt"/>
        <line num="105" count="18" type="stmt"/>
        <line num="109" count="1" type="cond" truecount="2" falsecount="0"/>
      </file>
    </package>
    <package name="components.pedagogy.wordgames.DefinitionCard">
      <metrics statements="22" coveredstatements="22" conditionals="24" coveredconditionals="20" methods="6" coveredmethods="6"/>
      <file name="index.tsx" path="C:\Users\khi_h\Desktop\Projets\JanaArchitect\Joud\src\components\pedagogy\wordgames\DefinitionCard\index.tsx">
        <metrics statements="22" coveredstatements="22" conditionals="24" coveredconditionals="20" methods="6" coveredmethods="6"/>
        <line num="30" count="2" type="stmt"/>
        <line num="43" count="8" type="stmt"/>
        <line num="44" count="8" type="stmt"/>
        <line num="46" count="8" type="stmt"/>
        <line num="54" count="8" type="stmt"/>
        <line num="55" count="8" type="stmt"/>
        <line num="57" count="8" type="stmt"/>
        <line num="58" count="7" type="stmt"/>
        <line num="59" count="7" type="stmt"/>
        <line num="60" count="7" type="cond" truecount="2" falsecount="0"/>
        <line num="61" count="1" type="stmt"/>
        <line num="62" count="1" type="stmt"/>
        <line num="64" count="6" type="stmt"/>
        <line num="68" count="7" type="stmt"/>
        <line num="72" count="8" type="cond" truecount="2" falsecount="1"/>
        <line num="74" count="8" type="stmt"/>
        <line num="90" count="29" type="stmt"/>
        <line num="91" count="29" type="stmt"/>
        <line num="93" count="29" type="stmt"/>
        <line num="100" count="29" type="stmt"/>
        <line num="106" count="29" type="stmt"/>
        <line num="110" count="1" type="cond" truecount="2" falsecount="0"/>
      </file>
    </package>
    <package name="components.pedagogy.wordgames.DetectiveCard">
      <metrics statements="29" coveredstatements="27" conditionals="42" coveredconditionals="14" methods="7" coveredmethods="7"/>
      <file name="index.tsx" path="C:\Users\khi_h\Desktop\Projets\JanaArchitect\Joud\src\components\pedagogy\wordgames\DetectiveCard\index.tsx">
        <metrics statements="29" coveredstatements="27" conditionals="42" coveredconditionals="14" methods="7" coveredmethods="7"/>
        <line num="27" count="2" type="stmt"/>
        <line num="40" count="3" type="stmt"/>
        <line num="41" count="3" type="stmt"/>
        <line num="43" count="3" type="stmt"/>
        <line num="51" count="3" type="stmt"/>
        <line num="52" count="3" type="stmt"/>
        <line num="54" count="3" type="stmt"/>
        <line num="55" count="3" type="stmt"/>
        <line num="56" count="3" type="stmt"/>
        <line num="57" count="3" type="cond" truecount="1" falsecount="1"/>
        <line num="58" count="0" type="stmt"/>
        <line num="59" count="0" type="stmt"/>
        <line num="61" count="3" type="stmt"/>
        <line num="65" count="3" type="stmt"/>
        <line num="68" count="3" type="stmt"/>
        <line num="69" count="3" type="stmt"/>
        <line num="71" count="3" type="stmt"/>
        <line num="72" count="1" type="cond" truecount="1" falsecount="1"/>
        <line num="73" count="1" type="stmt"/>
        <line num="77" count="3" type="stmt"/>
        <line num="78" count="3" type="cond" truecount="1" falsecount="2"/>
        <line num="80" count="3" type="stmt"/>
        <line num="159" count="3" type="stmt"/>
        <line num="175" count="12" type="stmt"/>
        <line num="176" count="12" type="stmt"/>
        <line num="178" count="12" type="stmt"/>
        <line num="185" count="12" type="stmt"/>
        <line num="190" count="12" type="stmt"/>
        <line num="193" count="1" type="stmt"/>
      </file>
    </package>
    <package name="components.pedagogy.wordgames.GameCardRendered">
      <metrics statements="23" coveredstatements="17" conditionals="34" coveredconditionals="22" methods="1" coveredmethods="1"/>
      <file name="index.tsx" path="C:\Users\khi_h\Desktop\Projets\JanaArchitect\Joud\src\components\pedagogy\wordgames\GameCardRendered\index.tsx">
        <metrics statements="23" coveredstatements="17" conditionals="34" coveredconditionals="22" methods="1" coveredmethods="1"/>
        <line num="39" count="2" type="stmt"/>
        <line num="41" count="2" type="stmt"/>
        <line num="50" count="6" type="cond" truecount="2" falsecount="0"/>
        <line num="51" count="1" type="stmt"/>
        <line num="52" count="1" type="stmt"/>
        <line num="56" count="5" type="cond" truecount="4" falsecount="0"/>
        <line num="57" count="3" type="stmt"/>
        <line num="76" count="2" type="cond" truecount="4" falsecount="0"/>
        <line num="77" count="1" type="stmt"/>
        <line num="96" count="1" type="cond" truecount="2" falsecount="2"/>
        <line num="97" count="0" type="stmt"/>
        <line num="116" count="1" type="cond" truecount="2" falsecount="2"/>
        <line num="117" count="0" type="stmt"/>
        <line num="127" count="1" type="cond" truecount="2" falsecount="2"/>
        <line num="128" count="0" type="stmt"/>
        <line num="147" count="1" type="cond" truecount="2" falsecount="2"/>
        <line num="148" count="0" type="stmt"/>
        <line num="158" count="1" type="cond" truecount="2" falsecount="2"/>
        <line num="159" count="0" type="stmt"/>
        <line num="178" count="1" type="cond" truecount="2" falsecount="2"/>
        <line num="179" count="0" type="stmt"/>
        <line num="198" count="1" type="stmt"/>
        <line num="199" count="1" type="stmt"/>
      </file>
    </package>
    <package name="components.pedagogy.wordgames.ReplyCard">
      <metrics statements="24" coveredstatements="22" conditionals="31" coveredconditionals="14" methods="6" coveredmethods="6"/>
      <file name="index.tsx" path="C:\Users\khi_h\Desktop\Projets\JanaArchitect\Joud\src\components\pedagogy\wordgames\ReplyCard\index.tsx">
        <metrics statements="24" coveredstatements="22" conditionals="31" coveredconditionals="14" methods="6" coveredmethods="6"/>
        <line num="26" count="2" type="stmt"/>
        <line num="39" count="3" type="stmt"/>
        <line num="40" count="3" type="stmt"/>
        <line num="42" count="3" type="stmt"/>
        <line num="50" count="3" type="stmt"/>
        <line num="51" count="3" type="stmt"/>
        <line num="53" count="3" type="stmt"/>
        <line num="54" count="3" type="stmt"/>
        <line num="55" count="3" type="stmt"/>
        <line num="56" count="3" type="cond" truecount="1" falsecount="1"/>
        <line num="57" count="0" type="stmt"/>
        <line num="58" count="0" type="stmt"/>
        <line num="60" count="3" type="stmt"/>
        <line num="63" count="3" type="stmt"/>
        <line num="66" count="3" type="cond" truecount="1" falsecount="2"/>
        <line num="67" count="3" type="stmt"/>
        <line num="69" count="3" type="stmt"/>
        <line num="135" count="3" type="stmt"/>
        <line num="160" count="12" type="stmt"/>
        <line num="161" count="12" type="stmt"/>
        <line num="163" count="12" type="stmt"/>
        <line num="170" count="12" type="stmt"/>
        <line num="176" count="12" type="stmt"/>
        <line num="180" count="1" type="cond" truecount="2" falsecount="0"/>
      </file>
    </package>
    <package name="components.pedagogy.wordgames.SpeedMatchCard">
      <metrics statements="67" coveredstatements="62" conditionals="44" coveredconditionals="31" methods="15" coveredmethods="14"/>
      <file name="index.tsx" path="C:\Users\khi_h\Desktop\Projets\JanaArchitect\Joud\src\components\pedagogy\wordgames\SpeedMatchCard\index.tsx">
        <metrics statements="67" coveredstatements="62" conditionals="44" coveredconditionals="31" methods="15" coveredmethods="14"/>
        <line num="20" count="2" type="stmt"/>
        <line num="21" count="11" type="stmt"/>
        <line num="22" count="11" type="stmt"/>
        <line num="24" count="11" type="stmt"/>
        <line num="25" count="11" type="stmt"/>
        <line num="26" count="11" type="stmt"/>
        <line num="27" count="11" type="stmt"/>
        <line num="28" count="11" type="stmt"/>
        <line num="29" count="11" type="stmt"/>
        <line num="30" count="11" type="stmt"/>
        <line num="32" count="11" type="stmt"/>
        <line num="34" count="11" type="stmt"/>
        <line num="35" count="8" type="cond" truecount="4" falsecount="0"/>
        <line num="37" count="6" type="stmt"/>
        <line num="38" count="3" type="stmt"/>
        <line num="39" count="3" type="cond" truecount="2" falsecount="0"/>
        <line num="40" count="1" type="stmt"/>
        <line num="41" count="1" type="stmt"/>
        <line num="43" count="2" type="stmt"/>
        <line num="47" count="6" type="stmt"/>
        <line num="50" count="11" type="stmt"/>
        <line num="51" count="2" type="cond" truecount="1" falsecount="1"/>
        <line num="52" count="2" type="cond" truecount="1" falsecount="1"/>
        <line num="55" count="11" type="stmt"/>
        <line num="56" count="1" type="cond" truecount="1" falsecount="1"/>
        <line num="58" count="1" type="stmt"/>
        <line num="59" count="1" type="stmt"/>
        <line num="61" count="1" type="cond" truecount="1" falsecount="1"/>
        <line num="62" count="1" type="stmt"/>
        <line num="63" count="1" type="stmt"/>
        <line num="65" count="1" type="stmt"/>
        <line num="66" count="1" type="stmt"/>
        <line num="67" count="1" type="stmt"/>
        <line num="69" count="1" type="cond" truecount="1" falsecount="1"/>
        <line num="70" count="1" type="stmt"/>
        <line num="73" count="0" type="stmt"/>
        <line num="77" count="11" type="stmt"/>
        <line num="78" count="11" type="stmt"/>
        <line num="79" count="11" type="cond" truecount="2" falsecount="0"/>
        <line num="80" count="11" type="cond" truecount="2" falsecount="0"/>
        <line num="82" count="11" type="stmt"/>
        <line num="249" count="11" type="cond" truecount="2" falsecount="0"/>
        <line num="250" count="3" type="stmt"/>
        <line num="251" count="3" type="stmt"/>
        <line num="252" count="3" type="stmt"/>
        <line num="254" count="3" type="cond" truecount="2" falsecount="0"/>
        <line num="255" count="1" type="stmt"/>
        <line num="256" count="1" type="stmt"/>
        <line num="257" count="1" type="stmt"/>
        <line num="258" count="2" type="cond" truecount="1" falsecount="1"/>
        <line num="259" count="2" type="stmt"/>
        <line num="260" count="2" type="stmt"/>
        <line num="261" count="2" type="stmt"/>
        <line num="263" count="0" type="stmt"/>
        <line num="264" count="0" type="stmt"/>
        <line num="265" count="0" type="stmt"/>
        <line num="268" count="3" type="stmt"/>
        <line num="284" count="0" type="stmt"/>
        <line num="301" count="8" type="stmt"/>
        <line num="336" count="20" type="stmt"/>
        <line num="337" count="20" type="stmt"/>
        <line num="339" count="20" type="stmt"/>
        <line num="347" count="2" type="stmt"/>
        <line num="364" count="20" type="stmt"/>
        <line num="365" count="20" type="stmt"/>
        <line num="367" count="20" type="stmt"/>
        <line num="371" count="1" type="stmt"/>
      </file>
    </package>
    <package name="components.pedagogy.wordgames.SyntaxMasterCard">
      <metrics statements="43" coveredstatements="38" conditionals="21" coveredconditionals="13" methods="20" coveredmethods="17"/>
      <file name="index.tsx" path="C:\Users\khi_h\Desktop\Projets\JanaArchitect\Joud\src\components\pedagogy\wordgames\SyntaxMasterCard\index.tsx">
        <metrics statements="43" coveredstatements="38" conditionals="21" coveredconditionals="13" methods="20" coveredmethods="17"/>
        <line num="31" count="2" type="stmt"/>
        <line num="44" count="7" type="stmt"/>
        <line num="45" count="7" type="stmt"/>
        <line num="48" count="7" type="stmt"/>
        <line num="49" count="20" type="stmt"/>
        <line num="51" count="7" type="stmt"/>
        <line num="52" count="5" type="cond" truecount="1" falsecount="1"/>
        <line num="55" count="7" type="stmt"/>
        <line num="63" count="7" type="stmt"/>
        <line num="64" count="7" type="stmt"/>
        <line num="66" count="7" type="stmt"/>
        <line num="67" count="5" type="stmt"/>
        <line num="68" count="5" type="stmt"/>
        <line num="69" count="5" type="cond" truecount="1" falsecount="1"/>
        <line num="70" count="0" type="stmt"/>
        <line num="71" count="0" type="stmt"/>
        <line num="73" count="5" type="stmt"/>
        <line num="77" count="5" type="stmt"/>
        <line num="80" count="7" type="stmt"/>
        <line num="81" count="1" type="cond" truecount="1" falsecount="1"/>
        <line num="82" count="1" type="stmt"/>
        <line num="83" count="1" type="stmt"/>
        <line num="84" count="1" type="stmt"/>
        <line num="85" count="4" type="stmt"/>
        <line num="86" count="1" type="stmt"/>
        <line num="90" count="7" type="stmt"/>
        <line num="91" count="1" type="cond" truecount="1" falsecount="1"/>
        <line num="92" count="1" type="stmt"/>
        <line num="93" count="1" type="stmt"/>
        <line num="94" count="1" type="stmt"/>
        <line num="95" count="1" type="stmt"/>
        <line num="96" count="1" type="stmt"/>
        <line num="100" count="7" type="stmt"/>
        <line num="101" count="0" type="stmt"/>
        <line num="102" count="0" type="stmt"/>
        <line num="103" count="0" type="stmt"/>
        <line num="106" count="7" type="stmt"/>
        <line num="108" count="7" type="stmt"/>
        <line num="189" count="7" type="stmt"/>
        <line num="205" count="4" type="stmt"/>
        <line num="208" count="1" type="stmt"/>
        <line num="223" count="28" type="stmt"/>
        <line num="226" count="1" type="stmt"/>
      </file>
    </package>
    <package name="components.pedagogy.wordgames.TransformerCard">
      <metrics statements="32" coveredstatements="30" conditionals="47" coveredconditionals="23" methods="7" coveredmethods="7"/>
      <file name="index.tsx" path="C:\Users\khi_h\Desktop\Projets\JanaArchitect\Joud\src\components\pedagogy\wordgames\TransformerCard\index.tsx">
        <metrics statements="32" coveredstatements="30" conditionals="47" coveredconditionals="23" methods="7" coveredmethods="7"/>
        <line num="26" count="2" type="stmt"/>
        <line num="39" count="4" type="stmt"/>
        <line num="40" count="4" type="stmt"/>
        <line num="42" count="4" type="stmt"/>
        <line num="50" count="4" type="stmt"/>
        <line num="51" count="4" type="stmt"/>
        <line num="53" count="4" type="stmt"/>
        <line num="54" count="4" type="stmt"/>
        <line num="55" count="4" type="stmt"/>
        <line num="56" count="4" type="cond" truecount="1" falsecount="1"/>
        <line num="57" count="0" type="stmt"/>
        <line num="58" count="0" type="stmt"/>
        <line num="60" count="4" type="stmt"/>
        <line num="63" count="4" type="stmt"/>
        <line num="66" count="4" type="cond" truecount="1" falsecount="2"/>
        <line num="67" count="4" type="stmt"/>
        <line num="70" count="4" type="stmt"/>
        <line num="71" count="4" type="stmt"/>
        <line num="72" count="4" type="cond" truecount="1" falsecount="1"/>
        <line num="74" count="4" type="stmt"/>
        <line num="75" count="4" type="cond" truecount="1" falsecount="1"/>
        <line num="77" count="4" type="cond" truecount="1" falsecount="1"/>
        <line num="80" count="4" type="stmt"/>
        <line num="81" count="4" type="stmt"/>
        <line num="83" count="4" type="stmt"/>
        <line num="166" count="4" type="stmt"/>
        <line num="199" count="16" type="stmt"/>
        <line num="200" count="16" type="stmt"/>
        <line num="202" count="16" type="stmt"/>
        <line num="209" count="16" type="stmt"/>
        <line num="215" count="16" type="stmt"/>
        <line num="219" count="1" type="cond" truecount="2" falsecount="0"/>
      </file>
    </package>
    <package name="components.pedagogy.wordgames.shared">
      <metrics statements="5" coveredstatements="4" conditionals="17" coveredconditionals="8" methods="2" coveredmethods="1"/>
      <file name="commonWordGameStyles.ts" path="C:\Users\khi_h\Desktop\Projets\JanaArchitect\Joud\src\components\pedagogy\wordgames\shared\commonWordGameStyles.ts">
        <metrics statements="5" coveredstatements="4" conditionals="17" coveredconditionals="8" methods="2" coveredmethods="1"/>
        <line num="31" count="4" type="stmt"/>
        <line num="32" count="49" type="stmt"/>
        <line num="34" count="49" type="stmt"/>
        <line num="154" count="4" type="cond" truecount="0" falsecount="1"/>
        <line num="155" count="0" type="stmt"/>
      </file>
    </package>
    <package name="components.ui">
      <metrics statements="73" coveredstatements="67" conditionals="69" coveredconditionals="43" methods="14" coveredmethods="13"/>
      <file name="DynamicIcon.tsx" path="C:\Users\khi_h\Desktop\Projets\JanaArchitect\Joud\src\components\ui\DynamicIcon.tsx">
        <metrics statements="5" coveredstatements="5" conditionals="7" coveredconditionals="7" methods="1" coveredmethods="1"/>
        <line num="14" count="3" type="stmt"/>
        <line num="21" count="82" type="stmt"/>
        <line num="26" count="82" type="cond" truecount="3" falsecount="0"/>
        <line num="27" count="82" type="cond" truecount="2" falsecount="0"/>
        <line num="29" count="82" type="stmt"/>
      </file>
      <file name="MarkdownText.tsx" path="C:\Users\khi_h\Desktop\Projets\JanaArchitect\Joud\src\components\ui\MarkdownText.tsx">
        <metrics statements="36" coveredstatements="36" conditionals="26" coveredconditionals="23" methods="5" coveredmethods="5"/>
        <line num="21" count="1" type="stmt"/>
        <line num="22" count="1" type="cond" truecount="1" falsecount="1"/>
        <line num="24" count="1" type="stmt"/>
        <line num="25" count="22" type="stmt"/>
        <line num="26" count="22" type="stmt"/>
        <line num="27" count="22" type="stmt"/>
        <line num="30" count="22" type="stmt"/>
        <line num="31" count="5" type="cond" truecount="2" falsecount="0"/>
        <line num="32" count="4" type="stmt"/>
        <line num="34" count="5" type="cond" truecount="2" falsecount="0"/>
        <line num="35" count="2" type="cond" truecount="2" falsecount="0"/>
        <line num="36" count="1" type="cond" truecount="1" falsecount="1"/>
        <line num="37" count="5" type="stmt"/>
        <line num="40" count="22" type="cond" truecount="2" falsecount="0"/>
        <line num="41" count="21" type="stmt"/>
        <line num="43" count="22" type="cond" truecount="1" falsecount="1"/>
        <line num="46" count="1" type="stmt"/>
        <line num="51" count="22" type="stmt"/>
        <line num="52" count="30" type="stmt"/>
        <line num="53" count="30" type="cond" truecount="4" falsecount="0"/>
        <line num="55" count="3" type="stmt"/>
        <line num="57" count="1" type="stmt"/>
        <line num="59" count="1" type="stmt"/>
        <line num="61" count="25" type="stmt"/>
        <line num="65" count="1" type="stmt"/>
        <line num="66" count="16" type="stmt"/>
        <line num="68" count="16" type="stmt"/>
        <line num="71" count="28" type="cond" truecount="2" falsecount="0"/>
        <line num="72" count="6" type="stmt"/>
        <line num="75" count="22" type="stmt"/>
        <line num="76" count="22" type="stmt"/>
        <line num="78" count="22" type="cond" truecount="2" falsecount="0"/>
        <line num="79" count="8" type="stmt"/>
        <line num="89" count="14" type="cond" truecount="2" falsecount="0"/>
        <line num="90" count="3" type="stmt"/>
        <line num="100" count="11" type="stmt"/>
      </file>
      <file name="SkeletonLoader.tsx" path="C:\Users\khi_h\Desktop\Projets\JanaArchitect\Joud\src\components\ui\SkeletonLoader.tsx">
        <metrics statements="32" coveredstatements="26" conditionals="36" coveredconditionals="13" methods="8" coveredmethods="7"/>
        <line num="38" count="1" type="stmt"/>
        <line num="44" count="170" type="stmt"/>
        <line num="45" count="170" type="stmt"/>
        <line num="47" count="170" type="stmt"/>
        <line num="48" count="133" type="stmt"/>
        <line num="58" count="170" type="stmt"/>
        <line num="62" count="170" type="cond" truecount="1" falsecount="1"/>
        <line num="64" count="170" type="stmt"/>
        <line num="95" count="1" type="stmt"/>
        <line num="96" count="0" type="stmt"/>
        <line num="97" count="0" type="stmt"/>
        <line num="98" count="0" type="cond" truecount="0" falsecount="2"/>
        <line num="100" count="0" type="stmt"/>
        <line num="126" count="1" type="stmt"/>
        <line num="127" count="40" type="stmt"/>
        <line num="128" count="40" type="stmt"/>
        <line num="129" count="40" type="cond" truecount="1" falsecount="1"/>
        <line num="131" count="40" type="stmt"/>
        <line num="177" count="1" type="stmt"/>
        <line num="178" count="2" type="stmt"/>
        <line num="179" count="2" type="stmt"/>
        <line num="180" count="2" type="cond" truecount="1" falsecount="1"/>
        <line num="182" count="2" type="stmt"/>
        <line num="206" count="1" type="stmt"/>
        <line num="210" count="42" type="stmt"/>
        <line num="211" count="42" type="cond" truecount="2" falsecount="2"/>
        <line num="213" count="0" type="stmt"/>
        <line num="215" count="40" type="stmt"/>
        <line num="217" count="2" type="stmt"/>
        <line num="219" count="0" type="stmt"/>
        <line num="223" count="42" type="stmt"/>
        <line num="230" count="1" type="stmt"/>
      </file>
    </package>
    <package name="components.ui.AudioButtons">
      <metrics statements="11" coveredstatements="10" conditionals="29" coveredconditionals="15" methods="4" coveredmethods="3"/>
      <file name="AudioButton.tsx" path="C:\Users\khi_h\Desktop\Projets\JanaArchitect\Joud\src\components\ui\AudioButtons\AudioButton.tsx">
        <metrics statements="10" coveredstatements="9" conditionals="27" coveredconditionals="14" methods="3" coveredmethods="2"/>
        <line num="19" count="2" type="stmt"/>
        <line num="30" count="17" type="stmt"/>
        <line num="31" count="17" type="stmt"/>
        <line num="32" count="17" type="stmt"/>
        <line num="33" count="17" type="stmt"/>
        <line num="36" count="17" type="stmt"/>
        <line num="39" count="17" type="stmt"/>
        <line num="44" count="17" type="stmt"/>
        <line num="50" count="17" type="stmt"/>
        <line num="63" count="0" type="stmt"/>
      </file>
      <file name="AudioButtonStyle.ts" path="C:\Users\khi_h\Desktop\Projets\JanaArchitect\Joud\src\components\ui\AudioButtons\AudioButtonStyle.ts">
        <metrics statements="1" coveredstatements="1" conditionals="2" coveredconditionals="1" methods="1" coveredmethods="1"/>
        <line num="5" count="16" type="stmt"/>
      </file>
    </package>
    <package name="components.ui.AudioButtons.hooks">
      <metrics statements="88" coveredstatements="72" conditionals="42" coveredconditionals="34" methods="15" coveredmethods="12"/>
      <file name="useAudioPlayer.ts" path="C:\Users\khi_h\Desktop\Projets\JanaArchitect\Joud\src\components\ui\AudioButtons\hooks\useAudioPlayer.ts">
        <metrics statements="88" coveredstatements="72" conditionals="42" coveredconditionals="34" methods="15" coveredmethods="12"/>
        <line num="21" count="3" type="stmt"/>
        <line num="31" count="3" type="stmt"/>
        <line num="32" count="9" type="stmt"/>
        <line num="35" count="9" type="cond" truecount="2" falsecount="0"/>
        <line num="38" count="8" type="cond" truecount="4" falsecount="0"/>
        <line num="43" count="8" type="cond" truecount="2" falsecount="0"/>
        <line num="44" count="2" type="stmt"/>
        <line num="47" count="6" type="stmt"/>
        <line num="53" count="3" type="stmt"/>
        <line num="57" count="51" type="stmt"/>
        <line num="58" count="51" type="stmt"/>
        <line num="59" count="51" type="stmt"/>
        <line num="60" count="51" type="stmt"/>
        <line num="62" count="51" type="stmt"/>
        <line num="63" count="18" type="stmt"/>
        <line num="64" count="18" type="stmt"/>
        <line num="67" count="51" type="stmt"/>
        <line num="68" count="43" type="cond" truecount="2" falsecount="0"/>
        <line num="69" count="9" type="stmt"/>
        <line num="70" count="9" type="stmt"/>
        <line num="75" count="51" type="stmt"/>
        <line num="76" count="1" type="stmt"/>
        <line num="78" count="1" type="cond" truecount="1" falsecount="1"/>
        <line num="79" count="0" type="stmt"/>
        <line num="80" count="0" type="stmt"/>
        <line num="83" count="1" type="stmt"/>
        <line num="84" count="1" type="stmt"/>
        <line num="85" count="1" type="stmt"/>
        <line num="87" count="1" type="stmt"/>
        <line num="88" count="1" type="stmt"/>
        <line num="90" count="1" type="stmt"/>
        <line num="91" count="0" type="cond" truecount="0" falsecount="4"/>
        <line num="92" count="0" type="stmt"/>
        <line num="93" count="0" type="stmt"/>
        <line num="94" count="0" type="stmt"/>
        <line num="98" count="1" type="stmt"/>
        <line num="100" count="0" type="stmt"/>
        <line num="105" count="51" type="stmt"/>
        <line num="106" count="5" type="cond" truecount="4" falsecount="0"/>
        <line num="107" count="4" type="stmt"/>
        <line num="108" count="4" type="cond" truecount="1" falsecount="1"/>
        <line num="109" count="0" type="stmt"/>
        <line num="110" count="0" type="stmt"/>
        <line num="112" count="4" type="stmt"/>
        <line num="113" count="4" type="stmt"/>
        <line num="114" count="4" type="stmt"/>
        <line num="115" count="3" type="stmt"/>
        <line num="116" count="3" type="stmt"/>
        <line num="117" count="3" type="stmt"/>
        <line num="118" count="1" type="cond" truecount="3" falsecount="1"/>
        <line num="119" count="1" type="stmt"/>
        <line num="120" count="1" type="stmt"/>
        <line num="121" count="1" type="stmt"/>
        <line num="124" count="3" type="stmt"/>
        <line num="126" count="1" type="stmt"/>
        <line num="131" count="51" type="stmt"/>
        <line num="133" count="11" type="cond" truecount="4" falsecount="0"/>
        <line num="135" count="10" type="cond" truecount="3" falsecount="0"/>
        <line num="138" count="10" type="cond" truecount="2" falsecount="0"/>
        <line num="139" count="1" type="stmt"/>
        <line num="140" count="1" type="stmt"/>
        <line num="144" count="9" type="stmt"/>
        <line num="145" count="9" type="stmt"/>
        <line num="146" count="9" type="stmt"/>
        <line num="147" count="9" type="stmt"/>
        <line num="150" count="9" type="stmt"/>
        <line num="151" count="9" type="stmt"/>
        <line num="152" count="1" type="stmt"/>
        <line num="155" count="9" type="stmt"/>
        <line num="160" count="0" type="stmt"/>
        <line num="161" count="0" type="stmt"/>
        <line num="164" count="0" type="stmt"/>
        <line num="165" count="0" type="stmt"/>
        <line num="169" count="0" type="stmt"/>
        <line num="170" count="0" type="stmt"/>
        <line num="177" count="51" type="stmt"/>
        <line num="178" count="1" type="stmt"/>
        <line num="179" count="1" type="stmt"/>
        <line num="180" count="1" type="cond" truecount="1" falsecount="1"/>
        <line num="181" count="0" type="stmt"/>
        <line num="183" count="1" type="stmt"/>
        <line num="187" count="51" type="stmt"/>
        <line num="188" count="33" type="stmt"/>
        <line num="189" count="33" type="stmt"/>
        <line num="190" count="33" type="stmt"/>
        <line num="191" count="33" type="cond" truecount="2" falsecount="0"/>
        <line num="192" count="3" type="stmt"/>
        <line num="197" count="51" type="stmt"/>
      </file>
    </package>
    <package name="config">
      <metrics statements="13" coveredstatements="13" conditionals="6" coveredconditionals="5" methods="4" coveredmethods="4"/>
      <file name="moduleConfig.ts" path="C:\Users\khi_h\Desktop\Projets\JanaArchitect\Joud\src\config\moduleConfig.ts">
        <metrics statements="4" coveredstatements="4" conditionals="2" coveredconditionals="2" methods="1" coveredmethods="1"/>
        <line num="16" count="2" type="stmt"/>
        <line num="47" count="2" type="stmt"/>
        <line num="48" count="17" type="stmt"/>
        <line num="49" count="17" type="cond" truecount="2" falsecount="0"/>
      </file>
      <file name="phraseModesConfig.ts" path="C:\Users\khi_h\Desktop\Projets\JanaArchitect\Joud\src\config\phraseModesConfig.ts">
        <metrics statements="3" coveredstatements="3" conditionals="2" coveredconditionals="1" methods="1" coveredmethods="1"/>
        <line num="16" count="1" type="stmt"/>
        <line num="28" count="1" type="stmt"/>
        <line num="29" count="16" type="cond" truecount="1" falsecount="1"/>
      </file>
[...]
      <file name="ThemeContainer.tsx" path="C:\Users\khi_h\Desktop\Projets\JanaArchitect\Joud\src\themes\ThemeContainer.tsx">
        <metrics statements="5" coveredstatements="4" conditionals="5" coveredconditionals="2" methods="1" coveredmethods="1"/>
        <line num="21" count="10" type="cond" truecount="1" falsecount="1"/>
        <line num="23" count="10" type="stmt"/>
        <line num="33" count="10" type="cond" truecount="1" falsecount="1"/>
        <line num="34" count="0" type="stmt"/>
        <line num="47" count="10" type="stmt"/>
      </file>
      <file name="ThemeContext.tsx" path="C:\Users\khi_h\Desktop\Projets\JanaArchitect\Joud\src\themes\ThemeContext.tsx">
        <metrics statements="57" coveredstatements="53" conditionals="74" coveredconditionals="54" methods="11" coveredmethods="11"/>
        <line num="110" count="1" type="stmt"/>
        <line num="116" count="1" type="stmt"/>
        <line num="117" count="45" type="cond" truecount="2" falsecount="0"/>
        <line num="118" count="1" type="stmt"/>
        <line num="119" count="1" type="stmt"/>
        <line num="121" count="0" type="stmt"/>
        <line num="122" count="0" type="stmt"/>
        <line num="129" count="1" type="stmt"/>
        <line num="130" count="15" type="cond" truecount="4" falsecount="1"/>
        <line num="132" count="2" type="stmt"/>
        <line num="134" count="11" type="stmt"/>
        <line num="136" count="1" type="stmt"/>
        <line num="138" count="1" type="stmt"/>
        <line num="140" count="0" type="stmt"/>
        <line num="148" count="1" type="stmt"/>
        <line num="182" count="1" type="stmt"/>
        <line num="183" count="15" type="cond" truecount="2" falsecount="0"/>
        <line num="184" count="15" type="cond" truecount="2" falsecount="0"/>
        <line num="185" count="15" type="cond" truecount="2" falsecount="0"/>
        <line num="187" count="15" type="stmt"/>
        <line num="189" count="15" type="stmt"/>
        <line num="253" count="1" type="stmt"/>
        <line num="280" count="1" type="stmt"/>
        <line num="281" count="37" type="stmt"/>
        <line num="282" count="37" type="stmt"/>
        <line num="284" count="37" type="cond" truecount="2" falsecount="0"/>
        <line num="285" count="37" type="stmt"/>
        <line num="286" count="37" type="stmt"/>
        <line num="288" count="37" type="stmt"/>
        <line num="289" count="18" type="stmt"/>
        <line num="290" count="18" type="cond" truecount="4" falsecount="0"/>
        <line num="291" count="1" type="stmt"/>
        <line num="292" count="1" type="stmt"/>
        <line num="294" count="17" type="stmt"/>
        <line num="295" count="17" type="stmt"/>
        <line num="296" count="17" type="stmt"/>
        <line num="297" count="16" type="cond" truecount="2" falsecount="0"/>
        <line num="298" count="15" type="stmt"/>
        <line num="300" count="1" type="stmt"/>
        <line num="303" count="1" type="stmt"/>
        <line num="304" count="1" type="stmt"/>
        <line num="306" count="17" type="stmt"/>
        <line num="310" count="18" type="stmt"/>
        <line num="313" count="37" type="stmt"/>
        <line num="314" count="18" type="cond" truecount="4" falsecount="0"/>
        <line num="315" count="1" type="stmt"/>
        <line num="319" count="37" type="stmt"/>
        <line num="320" count="16" type="cond" truecount="2" falsecount="0"/>
        <line num="321" count="15" type="cond" truecount="1" falsecount="1"/>
        <line num="322" count="0" type="stmt"/>
        <line num="325" count="37" type="stmt"/>
        <line num="331" count="1" type="stmt"/>
        <line num="334" count="37" type="stmt"/>
        <line num="341" count="1" type="stmt"/>
        <line num="342" count="36" type="stmt"/>
        <line num="343" count="36" type="cond" truecount="1" falsecount="1"/>
        <line num="344" count="36" type="stmt"/>
      </file>
      <file name="colors.ts" path="C:\Users\khi_h\Desktop\Projets\JanaArchitect\Joud\src\themes\colors.ts">
        <metrics statements="3" coveredstatements="3" conditionals="0" coveredconditionals="0" methods="0" coveredmethods="0"/>
        <line num="13" count="4" type="stmt"/>
        <line num="80" count="4" type="stmt"/>
        <line num="108" count="4" type="stmt"/>
      </file>
      <file name="tokens.ts" path="C:\Users\khi_h\Desktop\Projets\JanaArchitect\Joud\src\themes\tokens.ts">
        <metrics statements="17" coveredstatements="17" conditionals="0" coveredconditionals="0" methods="1" coveredmethods="1"/>
        <line num="18" count="7" type="stmt"/>
        <line num="31" count="7" type="stmt"/>
        <line num="46" count="7" type="stmt"/>
        <line num="59" count="7" type="stmt"/>
        <line num="80" count="7" type="stmt"/>
        <line num="96" count="7" type="stmt"/>
        <line num="113" count="7" type="stmt"/>
        <line num="126" count="7" type="stmt"/>
        <line num="148" count="7" type="stmt"/>
        <line num="216" count="7" type="stmt"/>
        <line num="241" count="7" type="stmt"/>
        <line num="257" count="7" type="stmt"/>
        <line num="258" count="1107" type="stmt"/>
        <line num="259" count="1107" type="stmt"/>
        <line num="260" count="1107" type="stmt"/>
        <line num="261" count="1107" type="stmt"/>
        <line num="272" count="7" type="stmt"/>
      </file>
      <file name="types.ts" path="C:\Users\khi_h\Desktop\Projets\JanaArchitect\Joud\src\themes\types.ts">
        <metrics statements="0" coveredstatements="0" conditionals="0" coveredconditionals="0" methods="0" coveredmethods="0"/>
      </file>
    </package>
    <package name="types">
      <metrics statements="0" coveredstatements="0" conditionals="0" coveredconditionals="0" methods="0" coveredmethods="0"/>
      <file name="pedagogy.ts" path="C:\Users\khi_h\Desktop\Projets\JanaArchitect\Joud\src\types\pedagogy.ts">
        <metrics statements="0" coveredstatements="0" conditionals="0" coveredconditionals="0" methods="0" coveredmethods="0"/>
      </file>
    </package>
    <package name="utils">
      <metrics statements="213" coveredstatements="201" conditionals="147" coveredconditionals="125" methods="40" coveredmethods="40"/>
      <file name="exerciseMoodHelper.ts" path="C:\Users\khi_h\Desktop\Projets\JanaArchitect\Joud\src\utils\exerciseMoodHelper.ts">
        <metrics statements="14" coveredstatements="11" conditionals="8" coveredconditionals="5" methods="3" coveredmethods="3"/>
        <line num="41" count="2" type="stmt"/>
        <line num="42" count="32" type="cond" truecount="3" falsecount="2"/>
        <line num="44" count="0" type="stmt"/>
        <line num="46" count="29" type="stmt"/>
        <line num="49" count="3" type="stmt"/>
        <line num="51" count="0" type="stmt"/>
        <line num="58" count="2" type="stmt"/>
        <line num="59" count="32" type="cond" truecount="2" falsecount="1"/>
        <line num="61" count="0" type="stmt"/>
        <line num="81" count="29" type="stmt"/>
        <line num="101" count="3" type="stmt"/>
        <line num="125" count="2" type="stmt"/>
        <line num="126" count="32" type="stmt"/>
        <line num="127" count="32" type="stmt"/>
      </file>
      <file name="feedback.ts" path="C:\Users\khi_h\Desktop\Projets\JanaArchitect\Joud\src\utils\feedback.ts">
        <metrics statements="9" coveredstatements="9" conditionals="10" coveredconditionals="10" methods="1" coveredmethods="1"/>
        <line num="25" count="2" type="stmt"/>
        <line num="33" count="16" type="cond" truecount="2" falsecount="0"/>
        <line num="34" count="7" type="stmt"/>
        <line num="38" count="9" type="cond" truecount="2" falsecount="0"/>
        <line num="43" count="9" type="cond" truecount="2" falsecount="0"/>
        <line num="44" count="4" type="stmt"/>
        <line num="52" count="5" type="cond" truecount="2" falsecount="0"/>
        <line num="53" count="2" type="stmt"/>
        <line num="61" count="3" type="stmt"/>
      </file>
      <file name="inputSanitizer.ts" path="C:\Users\khi_h\Desktop\Projets\JanaArchitect\Joud\src\utils\inputSanitizer.ts">
        <metrics statements="2" coveredstatements="2" conditionals="1" coveredconditionals="1" methods="2" coveredmethods="2"/>
        <line num="14" count="27" type="stmt"/>
        <line num="25" count="4" type="stmt"/>
      </file>
      <file name="labelMapper.ts" path="C:\Users\khi_h\Desktop\Projets\JanaArchitect\Joud\src\utils\labelMapper.ts">
        <metrics statements="73" coveredstatements="70" conditionals="50" coveredconditionals="43" methods="10" coveredmethods="10"/>
        <line num="39" count="1" type="stmt"/>
        <line num="40" count="5" type="stmt"/>
        <line num="41" count="5" type="stmt"/>
        <line num="42" count="5" type="stmt"/>
        <line num="48" count="5" type="stmt"/>
        <line num="49" count="4" type="stmt"/>
        <line num="51" count="4" type="cond" truecount="5" falsecount="0"/>
        <line num="53" count="2" type="stmt"/>
        <line num="54" count="2" type="stmt"/>
        <line num="55" count="1" type="stmt"/>
        <line num="61" count="1" type="stmt"/>
        <line num="63" count="1" type="cond" truecount="3" falsecount="1"/>
        <line num="64" count="1" type="stmt"/>
        <line num="69" count="4" type="stmt"/>
        <line num="72" count="5" type="stmt"/>
        <line num="78" count="1" type="stmt"/>
        <line num="79" count="6" type="stmt"/>
        <line num="80" count="6" type="stmt"/>
        <line num="81" count="6" type="stmt"/>
        <line num="87" count="6" type="stmt"/>
        <line num="88" count="4" type="stmt"/>
        <line num="90" count="4" type="cond" truecount="5" falsecount="0"/>
        <line num="92" count="2" type="stmt"/>
        <line num="94" count="2" type="stmt"/>
        <line num="95" count="2" type="stmt"/>
        <line num="97" count="0" type="stmt"/>
        <line num="99" count="0" type="cond" truecount="0" falsecount="4"/>
        <line num="100" count="0" type="stmt"/>
        <line num="105" count="4" type="stmt"/>
        <line num="108" count="6" type="stmt"/>
        <line num="119" count="1" type="stmt"/>
        <line num="125" count="6" type="cond" truecount="4" falsecount="0"/>
        <line num="126" count="2" type="stmt"/>
        <line num="129" count="4" type="stmt"/>
        <line num="130" count="4" type="stmt"/>
        <line num="131" count="1" type="stmt"/>
        <line num="137" count="3" type="stmt"/>
        <line num="139" count="3" type="cond" truecount="4" falsecount="0"/>
        <line num="140" count="2" type="stmt"/>
        <line num="142" count="3" type="stmt"/>
        <line num="150" count="1" type="stmt"/>
        <line num="157" count="10" type="cond" truecount="4" falsecount="0"/>
        <line num="158" count="1" type="stmt"/>
        <line num="161" count="9" type="stmt"/>
        <line num="165" count="9" type="stmt"/>
        <line num="170" count="9" type="stmt"/>
        <line num="172" count="9" type="cond" truecount="2" falsecount="0"/>
        <line num="173" count="3" type="stmt"/>
        <line num="174" count="3" type="stmt"/>
        <line num="176" count="6" type="stmt"/>
        <line num="179" count="9" type="stmt"/>
        <line num="185" count="8" type="cond" truecount="2" falsecount="0"/>
        <line num="186" count="3" type="stmt"/>
        <line num="194" count="5" type="cond" truecount="2" falsecount="0"/>
        <line num="195" count="3" type="stmt"/>
        <line num="204" count="3" type="cond" truecount="2" falsecount="0"/>
        <line num="205" count="1" type="stmt"/>
        <line num="213" count="4" type="stmt"/>
        <line num="215" count="1" type="stmt"/>
        <line num="217" count="1" type="cond" truecount="3" falsecount="1"/>
        <line num="218" count="1" type="stmt"/>
        <line num="220" count="1" type="stmt"/>
        <line num="228" count="1" type="stmt"/>
        <line num="234" count="6" type="cond" truecount="4" falsecount="0"/>
        <line num="236" count="4" type="stmt"/>
        <line num="237" count="4" type="stmt"/>
        <line num="239" count="1" type="stmt"/>
        <line num="241" count="1" type="cond" truecount="3" falsecount="1"/>
        <line num="242" count="1" type="stmt"/>
        <line num="244" count="1" type="stmt"/>
        <line num="252" count="1" type="stmt"/>
        <line num="258" count="3" type="stmt"/>
        <line num="259" count="3" type="stmt"/>
      </file>
      <file name="logUtils.ts" path="C:\Users\khi_h\Desktop\Projets\JanaArchitect\Joud\src\utils\logUtils.ts">
        <metrics statements="11" coveredstatements="11" conditionals="8" coveredconditionals="4" methods="5" coveredmethods="5"/>
        <line num="10" count="8" type="stmt"/>
        <line num="12" count="8" type="stmt"/>
        <line num="16" count="5" type="cond" truecount="1" falsecount="1"/>
        <line num="17" count="5" type="stmt"/>
        <line num="24" count="5" type="cond" truecount="1" falsecount="1"/>
        <line num="25" count="5" type="stmt"/>
        <line num="32" count="9" type="stmt"/>
        <line num="38" count="3" type="cond" truecount="1" falsecount="1"/>
        <line num="39" count="3" type="stmt"/>
        <line num="47" count="3" type="cond" truecount="1" falsecount="1"/>
        <line num="48" count="3" type="stmt"/>
      </file>
      <file name="moduleHelper.ts" path="C:\Users\khi_h\Desktop\Projets\JanaArchitect\Joud\src\utils\moduleHelper.ts">
        <metrics statements="60" coveredstatements="58" conditionals="44" coveredconditionals="42" methods="8" coveredmethods="8"/>
        <line num="20" count="1" type="stmt"/>
        <line num="22" count="1" type="stmt"/>
        <line num="23" count="10" type="cond" truecount="2" falsecount="0"/>
        <line num="24" count="1" type="stmt"/>
        <line num="26" count="9" type="cond" truecount="3" falsecount="1"/>
        <line num="27" count="9" type="stmt"/>
        <line num="28" count="7" type="cond" truecount="4" falsecount="0"/>
        <line num="29" count="6" type="stmt"/>
        <line num="31" count="7" type="stmt"/>
        <line num="41" count="1" type="stmt"/>
        <line num="42" count="6" type="stmt"/>
        <line num="43" count="6" type="stmt"/>
        <line num="45" count="6" type="cond" truecount="2" falsecount="0"/>
        <line num="47" count="6" type="stmt"/>
        <line num="48" count="4" type="stmt"/>
        <line num="49" count="4" type="cond" truecount="4" falsecount="0"/>
        <line num="51" count="2" type="stmt"/>
        <line num="52" count="2" type="stmt"/>
        <line num="53" count="1" type="stmt"/>
        <line num="55" count="1" type="stmt"/>
        <line num="56" count="1" type="stmt"/>
        <line num="60" count="4" type="stmt"/>
        <line num="63" count="6" type="stmt"/>
        <line num="70" count="1" type="stmt"/>
        <line num="76" count="10" type="cond" truecount="4" falsecount="0"/>
        <line num="77" count="2" type="stmt"/>
        <line num="80" count="8" type="stmt"/>
        <line num="81" count="8" type="stmt"/>
        <line num="83" count="7" type="cond" truecount="2" falsecount="0"/>
        <line num="84" count="1" type="stmt"/>
        <line num="88" count="6" type="stmt"/>
        <line num="89" count="6" type="cond" truecount="2" falsecount="0"/>
        <line num="91" count="6" type="cond" truecount="1" falsecount="1"/>
        <line num="93" count="1" type="stmt"/>
        <line num="94" count="1" type="stmt"/>
        <line num="102" count="1" type="stmt"/>
        <line num="107" count="3" type="cond" truecount="4" falsecount="0"/>
        <line num="108" count="2" type="stmt"/>
        <line num="111" count="1" type="stmt"/>
        <line num="112" count="1" type="stmt"/>
        <line num="113" count="0" type="stmt"/>
        <line num="114" count="0" type="stmt"/>
        <line num="116" count="1" type="stmt"/>
        <line num="117" count="1" type="stmt"/>
        <line num="125" count="1" type="stmt"/>
        <line num="130" count="7" type="cond" truecount="4" falsecount="0"/>
        <line num="131" count="3" type="cond" truecount="2" falsecount="0"/>
        <line num="134" count="4" type="stmt"/>
        <line num="135" count="4" type="stmt"/>
        <line num="139" count="2" type="stmt"/>
        <line num="141" count="2" type="stmt"/>
        <line num="142" count="2" type="cond" truecount="2" falsecount="0"/>
        <line num="149" count="1" type="stmt"/>
        <line num="153" count="5" type="cond" truecount="4" falsecount="0"/>
        <line num="154" count="1" type="stmt"/>
        <line num="157" count="4" type="stmt"/>
        <line num="158" count="4" type="stmt"/>
        <line num="162" count="3" type="cond" truecount="2" falsecount="0"/>
        <line num="164" count="1" type="stmt"/>
        <line num="165" count="1" type="stmt"/>
      </file>
      <file name="navigationHelper.ts" path="C:\Users\khi_h\Desktop\Projets\JanaArchitect\Joud\src\utils\navigationHelper.ts">
        <metrics statements="14" coveredstatements="14" conditionals="8" coveredconditionals="8" methods="4" coveredmethods="4"/>
        <line num="27" count="1" type="stmt"/>
        <line num="31" count="5" type="stmt"/>
        <line num="34" count="5" type="cond" truecount="2" falsecount="0"/>
        <line num="35" count="3" type="stmt"/>
        <line num="45" count="3" type="stmt"/>
        <line num="49" count="2" type="stmt"/>
        <line num="62" count="1" type="stmt"/>
        <line num="67" count="2" type="stmt"/>
        <line num="80" count="1" type="stmt"/>
        <line num="84" count="2" type="stmt"/>
        <line num="95" count="1" type="stmt"/>
        <line num="96" count="2" type="cond" truecount="2" falsecount="0"/>
        <line num="97" count="1" type="stmt"/>
        <line num="99" count="1" type="stmt"/>
      </file>
      <file name="phraseUtils.ts" path="C:\Users\khi_h\Desktop\Projets\JanaArchitect\Joud\src\utils\phraseUtils.ts">
        <metrics statements="30" coveredstatements="26" conditionals="18" coveredconditionals="12" methods="7" coveredmethods="7"/>
        <line num="16" count="1" type="stmt"/>
        <line num="22" count="1" type="stmt"/>
        <line num="25" count="23" type="cond" truecount="2" falsecount="0"/>
        <line num="26" count="14" type="cond" truecount="3" falsecount="2"/>
        <line num="27" count="14" type="cond" truecount="1" falsecount="2"/>
        <line num="29" count="0" type="stmt"/>
        <line num="36" count="1" type="stmt"/>
        <line num="37" count="6" type="stmt"/>
        <line num="49" count="1" type="stmt"/>
        <line num="52" count="21" type="stmt"/>
        <line num="53" count="21" type="stmt"/>
        <line num="54" count="21" type="cond" truecount="2" falsecount="0"/>
        <line num="55" count="21" type="cond" truecount="2" falsecount="0"/>
        <line num="59" count="21" type="stmt"/>
        <line num="62" count="80" type="stmt"/>
        <line num="64" count="21" type="stmt"/>
        <line num="72" count="1" type="stmt"/>
        <line num="73" count="5" type="cond" truecount="1" falsecount="1"/>
        <line num="75" count="20" type="stmt"/>
        <line num="76" count="5" type="stmt"/>
        <line num="78" count="5" type="stmt"/>
        <line num="79" count="5" type="stmt"/>
        <line num="80" count="5" type="stmt"/>
        <line num="81" count="15" type="stmt"/>
        <line num="82" count="15" type="stmt"/>
        <line num="84" count="20" type="cond" truecount="1" falsecount="1"/>
        <line num="85" count="5" type="stmt"/>
        <line num="89" count="0" type="stmt"/>
        <line num="90" count="0" type="stmt"/>
        <line num="91" count="0" type="stmt"/>
      </file>
    </package>
  </project>
</coverage>
