{"C:\\Users\\khi_h\\Desktop\\Projets\\JanaArchitect\\Joud\\src\\contexts\\ProgressContext.tsx": {"path":"C:\\Users\\khi_h\\Desktop\\Projets\\JanaArchitect\\Joud\\src\\contexts\\ProgressContext.tsx","statementMap":{"0":{"start":{"line":27,"column":31},"end":{"line":27,"column":89}},"1":{"start":{"line":29,"column":73},"end":{"line":256,"column":1}},"2":{"start":{"line":30,"column":23},"end":{"line":30,"column":32}},"3":{"start":{"line":31,"column":31},"end":{"line":31,"column":95}},"4":{"start":{"line":31,"column":71},"end":{"line":31,"column":94}},"5":{"start":{"line":32,"column":36},"end":{"line":32,"column":56}},"6":{"start":{"line":33,"column":25},"end":{"line":33,"column":60}},"7":{"start":{"line":34,"column":23},"end":{"line":34,"column":63}},"8":{"start":{"line":38,"column":2},"end":{"line":83,"column":21}},"9":{"start":{"line":39,"column":17},"end":{"line":81,"column":5}},"10":{"start":{"line":40,"column":6},"end":{"line":40,"column":53}},"11":{"start":{"line":40,"column":23},"end":{"line":40,"column":43}},"12":{"start":{"line":40,"column":44},"end":{"line":40,"column":51}},"13":{"start":{"line":42,"column":6},"end":{"line":80,"column":7}},"14":{"start":{"line":43,"column":8},"end":{"line":51,"column":9}},"15":{"start":{"line":44,"column":30},"end":{"line":44,"column":63}},"16":{"start":{"line":45,"column":10},"end":{"line":50,"column":11}},"17":{"start":{"line":46,"column":12},"end":{"line":46,"column":69}},"18":{"start":{"line":47,"column":12},"end":{"line":47,"column":92}},"19":{"start":{"line":48,"column":12},"end":{"line":48,"column":32}},"20":{"start":{"line":49,"column":12},"end":{"line":49,"column":19}},"21":{"start":{"line":53,"column":22},"end":{"line":53,"column":72}},"22":{"start":{"line":54,"column":8},"end":{"line":66,"column":9}},"23":{"start":{"line":55,"column":25},"end":{"line":55,"column":59}},"24":{"start":{"line":57,"column":10},"end":{"line":64,"column":11}},"25":{"start":{"line":58,"column":26},"end":{"line":58,"column":42}},"26":{"start":{"line":59,"column":12},"end":{"line":63,"column":13}},"27":{"start":{"line":60,"column":26},"end":{"line":60,"column":67}},"28":{"start":{"line":61,"column":14},"end":{"line":61,"column":53}},"29":{"start":{"line":62,"column":14},"end":{"line":62,"column":38}},"30":{"start":{"line":65,"column":10},"end":{"line":65,"column":62}},"31":{"start":{"line":69,"column":23},"end":{"line":69,"column":45}},"32":{"start":{"line":70,"column":25},"end":{"line":70,"column":59}},"33":{"start":{"line":71,"column":8},"end":{"line":75,"column":9}},"34":{"start":{"line":72,"column":10},"end":{"line":72,"column":71}},"35":{"start":{"line":73,"column":10},"end":{"line":73,"column":48}},"36":{"start":{"line":74,"column":10},"end":{"line":74,"column":93}},"37":{"start":{"line":77,"column":8},"end":{"line":77,"column":54}},"38":{"start":{"line":79,"column":8},"end":{"line":79,"column":28}},"39":{"start":{"line":82,"column":4},"end":{"line":82,"column":11}},"40":{"start":{"line":86,"column":2},"end":{"line":104,"column":38}},"41":{"start":{"line":87,"column":4},"end":{"line":87,"column":52}},"42":{"start":{"line":87,"column":45},"end":{"line":87,"column":52}},"43":{"start":{"line":89,"column":4},"end":{"line":89,"column":69}},"44":{"start":{"line":89,"column":32},"end":{"line":89,"column":69}},"45":{"start":{"line":91,"column":4},"end":{"line":98,"column":13}},"46":{"start":{"line":92,"column":6},"end":{"line":97,"column":7}},"47":{"start":{"line":93,"column":8},"end":{"line":93,"column":85}},"48":{"start":{"line":94,"column":8},"end":{"line":94,"column":45}},"49":{"start":{"line":94,"column":16},"end":{"line":94,"column":45}},"50":{"start":{"line":96,"column":8},"end":{"line":96,"column":58}},"51":{"start":{"line":100,"column":4},"end":{"line":100,"column":87}},"52":{"start":{"line":100,"column":19},"end":{"line":100,"column":84}},"53":{"start":{"line":100,"column":47},"end":{"line":100,"column":84}},"54":{"start":{"line":109,"column":23},"end":{"line":148,"column":16}},"55":{"start":{"line":110,"column":4},"end":{"line":110,"column":55}},"56":{"start":{"line":110,"column":48},"end":{"line":110,"column":55}},"57":{"start":{"line":112,"column":27},"end":{"line":141,"column":5}},"58":{"start":{"line":113,"column":6},"end":{"line":113,"column":46}},"59":{"start":{"line":114,"column":6},"end":{"line":140,"column":7}},"60":{"start":{"line":115,"column":8},"end":{"line":135,"column":9}},"61":{"start":{"line":116,"column":27},"end":{"line":116,"column":77}},"62":{"start":{"line":117,"column":10},"end":{"line":117,"column":61}},"63":{"start":{"line":117,"column":52},"end":{"line":117,"column":61}},"64":{"start":{"line":119,"column":10},"end":{"line":134,"column":11}},"65":{"start":{"line":120,"column":12},"end":{"line":133,"column":13}},"66":{"start":{"line":121,"column":14},"end":{"line":121,"column":58}},"67":{"start":{"line":121,"column":49},"end":{"line":121,"column":58}},"68":{"start":{"line":122,"column":48},"end":{"line":122,"column":79}},"69":{"start":{"line":123,"column":14},"end":{"line":123,"column":68}},"70":{"start":{"line":123,"column":59},"end":{"line":123,"column":68}},"71":{"start":{"line":124,"column":14},"end":{"line":132,"column":17}},"72":{"start":{"line":136,"column":8},"end":{"line":136,"column":37}},"73":{"start":{"line":138,"column":8},"end":{"line":138,"column":39}},"74":{"start":{"line":139,"column":8},"end":{"line":139,"column":16}},"75":{"start":{"line":143,"column":17},"end":{"line":143,"column":37}},"76":{"start":{"line":144,"column":4},"end":{"line":146,"column":7}},"77":{"start":{"line":145,"column":6},"end":{"line":145,"column":58}},"78":{"start":{"line":147,"column":4},"end":{"line":147,"column":31}},"79":{"start":{"line":151,"column":26},"end":{"line":159,"column":44}},"80":{"start":{"line":152,"column":4},"end":{"line":152,"column":69}},"81":{"start":{"line":152,"column":32},"end":{"line":152,"column":69}},"82":{"start":{"line":153,"column":4},"end":{"line":158,"column":5}},"83":{"start":{"line":154,"column":6},"end":{"line":154,"column":97}},"84":{"start":{"line":154,"column":20},"end":{"line":154,"column":97}},"85":{"start":{"line":155,"column":6},"end":{"line":155,"column":55}},"86":{"start":{"line":155,"column":26},"end":{"line":155,"column":55}},"87":{"start":{"line":157,"column":6},"end":{"line":157,"column":52}},"88":{"start":{"line":161,"column":26},"end":{"line":165,"column":20}},"89":{"start":{"line":162,"column":4},"end":{"line":162,"column":59}},"90":{"start":{"line":162,"column":52},"end":{"line":162,"column":59}},"91":{"start":{"line":163,"column":23},"end":{"line":163,"column":56}},"92":{"start":{"line":164,"column":4},"end":{"line":164,"column":76}},"93":{"start":{"line":164,"column":20},"end":{"line":164,"column":76}},"94":{"start":{"line":167,"column":24},"end":{"line":176,"column":20}},"95":{"start":{"line":168,"column":4},"end":{"line":168,"column":59}},"96":{"start":{"line":168,"column":52},"end":{"line":168,"column":59}},"97":{"start":{"line":169,"column":4},"end":{"line":175,"column":5}},"98":{"start":{"line":170,"column":6},"end":{"line":170,"column":77}},"99":{"start":{"line":171,"column":6},"end":{"line":171,"column":60}},"100":{"start":{"line":172,"column":6},"end":{"line":172,"column":75}},"101":{"start":{"line":174,"column":6},"end":{"line":174,"column":52}},"102":{"start":{"line":178,"column":30},"end":{"line":183,"column":8}},"103":{"start":{"line":182,"column":4},"end":{"line":182,"column":106}},"104":{"start":{"line":186,"column":28},"end":{"line":189,"column":16}},"105":{"start":{"line":187,"column":19},"end":{"line":187,"column":99}},"106":{"start":{"line":188,"column":4},"end":{"line":188,"column":76}},"107":{"start":{"line":191,"column":30},"end":{"line":198,"column":35}},"108":{"start":{"line":194,"column":25},"end":{"line":194,"column":99}},"109":{"start":{"line":195,"column":16},"end":{"line":195,"column":57}},"110":{"start":{"line":196,"column":4},"end":{"line":196,"column":35}},"111":{"start":{"line":196,"column":26},"end":{"line":196,"column":35}},"112":{"start":{"line":197,"column":4},"end":{"line":197,"column":115}},"113":{"start":{"line":197,"column":46},"end":{"line":197,"column":96}},"114":{"start":{"line":200,"column":27},"end":{"line":209,"column":37}},"115":{"start":{"line":201,"column":22},"end":{"line":201,"column":51}},"116":{"start":{"line":202,"column":4},"end":{"line":202,"column":29}},"117":{"start":{"line":202,"column":20},"end":{"line":202,"column":29}},"118":{"start":{"line":203,"column":16},"end":{"line":203,"column":17}},"119":{"start":{"line":204,"column":4},"end":{"line":207,"column":5}},"120":{"start":{"line":205,"column":18},"end":{"line":205,"column":52}},"121":{"start":{"line":206,"column":6},"end":{"line":206,"column":75}},"122":{"start":{"line":206,"column":26},"end":{"line":206,"column":75}},"123":{"start":{"line":208,"column":4},"end":{"line":208,"column":55}},"124":{"start":{"line":211,"column":30},"end":{"line":213,"column":16}},"125":{"start":{"line":212,"column":4},"end":{"line":212,"column":53}},"126":{"start":{"line":215,"column":26},"end":{"line":227,"column":16}},"127":{"start":{"line":218,"column":25},"end":{"line":218,"column":93}},"128":{"start":{"line":219,"column":4},"end":{"line":219,"column":35}},"129":{"start":{"line":219,"column":23},"end":{"line":219,"column":35}},"130":{"start":{"line":220,"column":90},"end":{"line":220,"column":94}},"131":{"start":{"line":221,"column":4},"end":{"line":225,"column":7}},"132":{"start":{"line":222,"column":6},"end":{"line":224,"column":7}},"133":{"start":{"line":223,"column":8},"end":{"line":223,"column":132}},"134":{"start":{"line":226,"column":4},"end":{"line":226,"column":22}},"135":{"start":{"line":229,"column":31},"end":{"line":243,"column":37}},"136":{"start":{"line":232,"column":22},"end":{"line":232,"column":51}},"137":{"start":{"line":233,"column":4},"end":{"line":233,"column":32}},"138":{"start":{"line":233,"column":20},"end":{"line":233,"column":32}},"139":{"start":{"line":234,"column":94},"end":{"line":234,"column":98}},"140":{"start":{"line":235,"column":4},"end":{"line":241,"column":7}},"141":{"start":{"line":236,"column":6},"end":{"line":240,"column":9}},"142":{"start":{"line":237,"column":8},"end":{"line":239,"column":9}},"143":{"start":{"line":238,"column":10},"end":{"line":238,"column":135}},"144":{"start":{"line":242,"column":4},"end":{"line":242,"column":22}},"145":{"start":{"line":245,"column":16},"end":{"line":253,"column":4}},"146":{"start":{"line":245,"column":53},"end":{"line":249,"column":3}},"147":{"start":{"line":255,"column":2},"end":{"line":255,"column":87}},"148":{"start":{"line":258,"column":27},"end":{"line":262,"column":1}},"149":{"start":{"line":259,"column":18},"end":{"line":259,"column":45}},"150":{"start":{"line":260,"column":2},"end":{"line":260,"column":86}},"151":{"start":{"line":260,"column":16},"end":{"line":260,"column":86}},"152":{"start":{"line":261,"column":2},"end":{"line":261,"column":17}}},"fnMap":{"0":{"name":"(anonymous_0)","decl":{"start":{"line":29,"column":73},"end":{"line":29,"column":74}},"loc":{"start":{"line":29,"column":91},"end":{"line":256,"column":1}},"line":29},"1":{"name":"(anonymous_1)","decl":{"start":{"line":31,"column":65},"end":{"line":31,"column":66}},"loc":{"start":{"line":31,"column":71},"end":{"line":31,"column":94}},"line":31},"2":{"name":"(anonymous_2)","decl":{"start":{"line":38,"column":12},"end":{"line":38,"column":13}},"loc":{"start":{"line":38,"column":18},"end":{"line":83,"column":3}},"line":38},"3":{"name":"(anonymous_3)","decl":{"start":{"line":39,"column":17},"end":{"line":39,"column":18}},"loc":{"start":{"line":39,"column":29},"end":{"line":81,"column":5}},"line":39},"4":{"name":"(anonymous_4)","decl":{"start":{"line":86,"column":12},"end":{"line":86,"column":13}},"loc":{"start":{"line":86,"column":18},"end":{"line":104,"column":3}},"line":86},"5":{"name":"(anonymous_5)","decl":{"start":{"line":91,"column":40},"end":{"line":91,"column":41}},"loc":{"start":{"line":91,"column":52},"end":{"line":98,"column":5}},"line":91},"6":{"name":"(anonymous_6)","decl":{"start":{"line":100,"column":11},"end":{"line":100,"column":12}},"loc":{"start":{"line":100,"column":17},"end":{"line":100,"column":86}},"line":100},"7":{"name":"(anonymous_7)","decl":{"start":{"line":109,"column":35},"end":{"line":109,"column":36}},"loc":{"start":{"line":109,"column":67},"end":{"line":148,"column":3}},"line":109},"8":{"name":"(anonymous_8)","decl":{"start":{"line":112,"column":27},"end":{"line":112,"column":28}},"loc":{"start":{"line":112,"column":39},"end":{"line":141,"column":5}},"line":112},"9":{"name":"(anonymous_9)","decl":{"start":{"line":144,"column":59},"end":{"line":144,"column":60}},"loc":{"start":{"line":144,"column":66},"end":{"line":146,"column":5}},"line":144},"10":{"name":"(anonymous_10)","decl":{"start":{"line":151,"column":38},"end":{"line":151,"column":39}},"loc":{"start":{"line":151,"column":50},"end":{"line":159,"column":3}},"line":151},"11":{"name":"(anonymous_11)","decl":{"start":{"line":161,"column":38},"end":{"line":161,"column":39}},"loc":{"start":{"line":161,"column":50},"end":{"line":165,"column":3}},"line":161},"12":{"name":"(anonymous_12)","decl":{"start":{"line":167,"column":36},"end":{"line":167,"column":37}},"loc":{"start":{"line":167,"column":48},"end":{"line":176,"column":3}},"line":167},"13":{"name":"(anonymous_13)","decl":{"start":{"line":178,"column":42},"end":{"line":178,"column":43}},"loc":{"start":{"line":181,"column":7},"end":{"line":183,"column":3}},"line":181},"14":{"name":"(anonymous_14)","decl":{"start":{"line":186,"column":40},"end":{"line":186,"column":41}},"loc":{"start":{"line":186,"column":109},"end":{"line":189,"column":3}},"line":186},"15":{"name":"(anonymous_15)","decl":{"start":{"line":191,"column":42},"end":{"line":191,"column":43}},"loc":{"start":{"line":193,"column":15},"end":{"line":198,"column":3}},"line":193},"16":{"name":"(anonymous_16)","decl":{"start":{"line":197,"column":33},"end":{"line":197,"column":34}},"loc":{"start":{"line":197,"column":46},"end":{"line":197,"column":96}},"line":197},"17":{"name":"(anonymous_17)","decl":{"start":{"line":200,"column":39},"end":{"line":200,"column":40}},"loc":{"start":{"line":200,"column":68},"end":{"line":209,"column":3}},"line":200},"18":{"name":"(anonymous_18)","decl":{"start":{"line":211,"column":42},"end":{"line":211,"column":43}},"loc":{"start":{"line":211,"column":81},"end":{"line":213,"column":3}},"line":211},"19":{"name":"(anonymous_19)","decl":{"start":{"line":215,"column":38},"end":{"line":215,"column":39}},"loc":{"start":{"line":217,"column":76},"end":{"line":227,"column":3}},"line":217},"20":{"name":"(anonymous_20)","decl":{"start":{"line":221,"column":41},"end":{"line":221,"column":42}},"loc":{"start":{"line":221,"column":65},"end":{"line":225,"column":5}},"line":221},"21":{"name":"(anonymous_21)","decl":{"start":{"line":229,"column":43},"end":{"line":229,"column":44}},"loc":{"start":{"line":231,"column":80},"end":{"line":243,"column":3}},"line":231},"22":{"name":"(anonymous_22)","decl":{"start":{"line":235,"column":38},"end":{"line":235,"column":39}},"loc":{"start":{"line":235,"column":72},"end":{"line":241,"column":5}},"line":235},"23":{"name":"(anonymous_23)","decl":{"start":{"line":236,"column":42},"end":{"line":236,"column":43}},"loc":{"start":{"line":236,"column":52},"end":{"line":240,"column":7}},"line":236},"24":{"name":"(anonymous_24)","decl":{"start":{"line":245,"column":46},"end":{"line":245,"column":47}},"loc":{"start":{"line":245,"column":53},"end":{"line":249,"column":3}},"line":245},"25":{"name":"(anonymous_25)","decl":{"start":{"line":258,"column":27},"end":{"line":258,"column":28}},"loc":{"start":{"line":258,"column":55},"end":{"line":262,"column":1}},"line":258}},"branchMap":{"0":{"loc":{"start":{"line":40,"column":6},"end":{"line":40,"column":53}},"type":"if","locations":[{"start":{"line":40,"column":6},"end":{"line":40,"column":53}},{"start":{},"end":{}}],"line":40},"1":{"loc":{"start":{"line":43,"column":8},"end":{"line":51,"column":9}},"type":"if","locations":[{"start":{"line":43,"column":8},"end":{"line":51,"column":9}},{"start":{},"end":{}}],"line":43},"2":{"loc":{"start":{"line":45,"column":10},"end":{"line":50,"column":11}},"type":"if","locations":[{"start":{"line":45,"column":10},"end":{"line":50,"column":11}},{"start":{},"end":{}}],"line":45},"3":{"loc":{"start":{"line":54,"column":8},"end":{"line":66,"column":9}},"type":"if","locations":[{"start":{"line":54,"column":8},"end":{"line":66,"column":9}},{"start":{},"end":{}}],"line":54},"4":{"loc":{"start":{"line":59,"column":12},"end":{"line":63,"column":13}},"type":"if","locations":[{"start":{"line":59,"column":12},"end":{"line":63,"column":13}},{"start":{},"end":{}}],"line":59},"5":{"loc":{"start":{"line":59,"column":16},"end":{"line":59,"column":75}},"type":"binary-expr","locations":[{"start":{"line":59,"column":16},"end":{"line":59,"column":21}},{"start":{"line":59,"column":25},"end":{"line":59,"column":45}},{"start":{"line":59,"column":49},"end":{"line":59,"column":75}}],"line":59},"6":{"loc":{"start":{"line":71,"column":8},"end":{"line":75,"column":9}},"type":"if","locations":[{"start":{"line":71,"column":8},"end":{"line":75,"column":9}},{"start":{},"end":{}}],"line":71},"7":{"loc":{"start":{"line":71,"column":12},"end":{"line":71,"column":30}},"type":"binary-expr","locations":[{"start":{"line":71,"column":12},"end":{"line":71,"column":20}},{"start":{"line":71,"column":24},"end":{"line":71,"column":30}}],"line":71},"8":{"loc":{"start":{"line":87,"column":4},"end":{"line":87,"column":52}},"type":"if","locations":[{"start":{"line":87,"column":4},"end":{"line":87,"column":52}},{"start":{},"end":{}}],"line":87},"9":{"loc":{"start":{"line":87,"column":8},"end":{"line":87,"column":43}},"type":"binary-expr","locations":[{"start":{"line":87,"column":8},"end":{"line":87,"column":17}},{"start":{"line":87,"column":21},"end":{"line":87,"column":30}},{"start":{"line":87,"column":34},"end":{"line":87,"column":43}}],"line":87},"10":{"loc":{"start":{"line":89,"column":4},"end":{"line":89,"column":69}},"type":"if","locations":[{"start":{"line":89,"column":4},"end":{"line":89,"column":69}},{"start":{},"end":{}}],"line":89},"11":{"loc":{"start":{"line":94,"column":8},"end":{"line":94,"column":45}},"type":"if","locations":[{"start":{"line":94,"column":8},"end":{"line":94,"column":45}},{"start":{},"end":{}}],"line":94},"12":{"loc":{"start":{"line":100,"column":19},"end":{"line":100,"column":84}},"type":"if","locations":[{"start":{"line":100,"column":19},"end":{"line":100,"column":84}},{"start":{},"end":{}}],"line":100},"13":{"loc":{"start":{"line":110,"column":4},"end":{"line":110,"column":55}},"type":"if","locations":[{"start":{"line":110,"column":4},"end":{"line":110,"column":55}},{"start":{},"end":{}}],"line":110},"14":{"loc":{"start":{"line":110,"column":8},"end":{"line":110,"column":46}},"type":"binary-expr","locations":[{"start":{"line":110,"column":8},"end":{"line":110,"column":11}},{"start":{"line":110,"column":15},"end":{"line":110,"column":37}},{"start":{"line":110,"column":41},"end":{"line":110,"column":46}}],"line":110},"15":{"loc":{"start":{"line":117,"column":10},"end":{"line":117,"column":61}},"type":"if","locations":[{"start":{"line":117,"column":10},"end":{"line":117,"column":61}},{"start":{},"end":{}}],"line":117},"16":{"loc":{"start":{"line":117,"column":14},"end":{"line":117,"column":50}},"type":"binary-expr","locations":[{"start":{"line":117,"column":14},"end":{"line":117,"column":36}},{"start":{"line":117,"column":40},"end":{"line":117,"column":50}}],"line":117},"17":{"loc":{"start":{"line":121,"column":14},"end":{"line":121,"column":58}},"type":"if","locations":[{"start":{"line":121,"column":14},"end":{"line":121,"column":58}},{"start":{},"end":{}}],"line":121},"18":{"loc":{"start":{"line":121,"column":18},"end":{"line":121,"column":47}},"type":"binary-expr","locations":[{"start":{"line":121,"column":18},"end":{"line":121,"column":25}},{"start":{"line":121,"column":29},"end":{"line":121,"column":47}}],"line":121},"19":{"loc":{"start":{"line":123,"column":14},"end":{"line":123,"column":68}},"type":"if","locations":[{"start":{"line":123,"column":14},"end":{"line":123,"column":68}},{"start":{},"end":{}}],"line":123},"20":{"loc":{"start":{"line":123,"column":18},"end":{"line":123,"column":57}},"type":"binary-expr","locations":[{"start":{"line":123,"column":18},"end":{"line":123,"column":40}},{"start":{"line":123,"column":44},"end":{"line":123,"column":57}}],"line":123},"21":{"loc":{"start":{"line":152,"column":4},"end":{"line":152,"column":69}},"type":"if","locations":[{"start":{"line":152,"column":4},"end":{"line":152,"column":69}},{"start":{},"end":{}}],"line":152},"22":{"loc":{"start":{"line":154,"column":6},"end":{"line":154,"column":97}},"type":"if","locations":[{"start":{"line":154,"column":6},"end":{"line":154,"column":97}},{"start":{},"end":{}}],"line":154},"23":{"loc":{"start":{"line":155,"column":6},"end":{"line":155,"column":55}},"type":"if","locations":[{"start":{"line":155,"column":6},"end":{"line":155,"column":55}},{"start":{},"end":{}}],"line":155},"24":{"loc":{"start":{"line":155,"column":10},"end":{"line":155,"column":24}},"type":"binary-expr","locations":[{"start":{"line":155,"column":10},"end":{"line":155,"column":18}},{"start":{"line":155,"column":22},"end":{"line":155,"column":24}}],"line":155},"25":{"loc":{"start":{"line":162,"column":4},"end":{"line":162,"column":59}},"type":"if","locations":[{"start":{"line":162,"column":4},"end":{"line":162,"column":59}},{"start":{},"end":{}}],"line":162},"26":{"loc":{"start":{"line":162,"column":8},"end":{"line":162,"column":50}},"type":"binary-expr","locations":[{"start":{"line":162,"column":8},"end":{"line":162,"column":11}},{"start":{"line":162,"column":15},"end":{"line":162,"column":37}},{"start":{"line":162,"column":41},"end":{"line":162,"column":50}}],"line":162},"27":{"loc":{"start":{"line":164,"column":4},"end":{"line":164,"column":76}},"type":"if","locations":[{"start":{"line":164,"column":4},"end":{"line":164,"column":76}},{"start":{},"end":{}}],"line":164},"28":{"loc":{"start":{"line":168,"column":4},"end":{"line":168,"column":59}},"type":"if","locations":[{"start":{"line":168,"column":4},"end":{"line":168,"column":59}},{"start":{},"end":{}}],"line":168},"29":{"loc":{"start":{"line":168,"column":8},"end":{"line":168,"column":50}},"type":"binary-expr","locations":[{"start":{"line":168,"column":8},"end":{"line":168,"column":11}},{"start":{"line":168,"column":15},"end":{"line":168,"column":37}},{"start":{"line":168,"column":41},"end":{"line":168,"column":50}}],"line":168},"30":{"loc":{"start":{"line":188,"column":11},"end":{"line":188,"column":75}},"type":"cond-expr","locations":[{"start":{"line":188,"column":20},"end":{"line":188,"column":71}},{"start":{"line":188,"column":74},"end":{"line":188,"column":75}}],"line":188},"31":{"loc":{"start":{"line":192,"column":43},"end":{"line":192,"column":79}},"type":"default-arg","locations":[{"start":{"line":192,"column":75},"end":{"line":192,"column":79}}],"line":192},"32":{"loc":{"start":{"line":194,"column":25},"end":{"line":194,"column":99}},"type":"binary-expr","locations":[{"start":{"line":194,"column":25},"end":{"line":194,"column":93}},{"start":{"line":194,"column":97},"end":{"line":194,"column":99}}],"line":194},"33":{"loc":{"start":{"line":195,"column":16},"end":{"line":195,"column":57}},"type":"binary-expr","locations":[{"start":{"line":195,"column":16},"end":{"line":195,"column":28}},{"start":{"line":195,"column":32},"end":{"line":195,"column":57}}],"line":195},"34":{"loc":{"start":{"line":196,"column":4},"end":{"line":196,"column":35}},"type":"if","locations":[{"start":{"line":196,"column":4},"end":{"line":196,"column":35}},{"start":{},"end":{}}],"line":196},"35":{"loc":{"start":{"line":202,"column":4},"end":{"line":202,"column":29}},"type":"if","locations":[{"start":{"line":202,"column":4},"end":{"line":202,"column":29}},{"start":{},"end":{}}],"line":202},"36":{"loc":{"start":{"line":205,"column":30},"end":{"line":205,"column":51}},"type":"binary-expr","locations":[{"start":{"line":205,"column":30},"end":{"line":205,"column":45}},{"start":{"line":205,"column":49},"end":{"line":205,"column":51}}],"line":205},"37":{"loc":{"start":{"line":206,"column":6},"end":{"line":206,"column":75}},"type":"if","locations":[{"start":{"line":206,"column":6},"end":{"line":206,"column":75}},{"start":{},"end":{}}],"line":206},"38":{"loc":{"start":{"line":219,"column":4},"end":{"line":219,"column":35}},"type":"if","locations":[{"start":{"line":219,"column":4},"end":{"line":219,"column":35}},{"start":{},"end":{}}],"line":219},"39":{"loc":{"start":{"line":222,"column":6},"end":{"line":224,"column":7}},"type":"if","locations":[{"start":{"line":222,"column":6},"end":{"line":224,"column":7}},{"start":{},"end":{}}],"line":222},"40":{"loc":{"start":{"line":222,"column":10},"end":{"line":222,"column":95}},"type":"binary-expr","locations":[{"start":{"line":222,"column":10},"end":{"line":222,"column":29}},{"start":{"line":222,"column":34},"end":{"line":222,"column":45}},{"start":{"line":222,"column":49},"end":{"line":222,"column":94}}],"line":222},"41":{"loc":{"start":{"line":233,"column":4},"end":{"line":233,"column":32}},"type":"if","locations":[{"start":{"line":233,"column":4},"end":{"line":233,"column":32}},{"start":{},"end":{}}],"line":233},"42":{"loc":{"start":{"line":237,"column":8},"end":{"line":239,"column":9}},"type":"if","locations":[{"start":{"line":237,"column":8},"end":{"line":239,"column":9}},{"start":{},"end":{}}],"line":237},"43":{"loc":{"start":{"line":237,"column":12},"end":{"line":237,"column":97}},"type":"binary-expr","locations":[{"start":{"line":237,"column":12},"end":{"line":237,"column":31}},{"start":{"line":237,"column":36},"end":{"line":237,"column":47}},{"start":{"line":237,"column":51},"end":{"line":237,"column":96}}],"line":237},"44":{"loc":{"start":{"line":260,"column":2},"end":{"line":260,"column":86}},"type":"if","locations":[{"start":{"line":260,"column":2},"end":{"line":260,"column":86}},{"start":{},"end":{}}],"line":260}},"s":{"0":1,"1":1,"2":48,"3":48,"4":20,"5":48,"6":48,"7":48,"8":48,"9":20,"10":20,"11":1,"12":1,"13":19,"14":19,"15":19,"16":19,"17":6,"18":6,"19":6,"20":6,"21":13,"22":13,"23":3,"24":3,"25":3,"26":3,"27":1,"28":1,"29":1,"30":3,"31":13,"32":13,"33":13,"34":1,"35":1,"36":1,"37":0,"38":19,"39":20,"40":48,"41":48,"42":21,"43":27,"44":8,"45":27,"46":0,"47":0,"48":0,"49":0,"50":0,"51":27,"52":27,"53":27,"54":48,"55":3,"56":0,"57":3,"58":3,"59":2,"60":2,"61":16,"62":16,"63":0,"64":16,"65":112,"66":1,"67":0,"68":1,"69":1,"70":0,"71":1,"72":2,"73":0,"74":0,"75":3,"76":3,"77":1,"78":3,"79":48,"80":3,"81":3,"82":3,"83":3,"84":3,"85":3,"86":3,"87":0,"88":48,"89":1,"90":0,"91":1,"92":1,"93":1,"94":48,"95":2,"96":0,"97":2,"98":2,"99":1,"100":1,"101":1,"102":48,"103":6,"104":48,"105":8,"106":8,"107":48,"108":8,"109":8,"110":8,"111":0,"112":8,"113":8,"114":48,"115":3,"116":3,"117":0,"118":3,"119":3,"120":21,"121":21,"122":8,"123":3,"124":48,"125":0,"126":48,"127":0,"128":0,"129":0,"130":0,"131":0,"132":0,"133":0,"134":0,"135":48,"136":0,"137":0,"138":0,"139":0,"140":0,"141":0,"142":0,"143":0,"144":0,"145":48,"146":48,"147":48,"148":1,"149":48,"150":48,"151":0,"152":48},"f":{"0":48,"1":20,"2":20,"3":20,"4":48,"5":0,"6":27,"7":3,"8":3,"9":1,"10":3,"11":1,"12":2,"13":6,"14":8,"15":8,"16":8,"17":3,"18":0,"19":0,"20":0,"21":0,"22":0,"23":0,"24":48,"25":48},"b":{"0":[1,19],"1":[19,0],"2":[6,13],"3":[3,10],"4":[1,2],"5":[3,3,1],"6":[1,12],"7":[13,1],"8":[21,27],"9":[48,28,28],"10":[8,19],"11":[0,0],"12":[27,0],"13":[0,3],"14":[3,3,3],"15":[0,16],"16":[16,16],"17":[0,1],"18":[1,1],"19":[0,1],"20":[1,1],"21":[3,0],"22":[3,0],"23":[3,0],"24":[3,3],"25":[0,1],"26":[1,1,1],"27":[1,0],"28":[0,2],"29":[2,2,2],"30":[8,0],"31":[0],"32":[8,0],"33":[8,0],"34":[0,8],"35":[0,3],"36":[21,0],"37":[8,13],"38":[0,0],"39":[0,0],"40":[0,0,0],"41":[0,0],"42":[0,0],"43":[0,0,0],"44":[0,48]},"_coverageSchema":"1a1c01bbd47fc00a2c39e90264f33305004495a9","hash":"82105b2bbecfd2c115609bae9365d10445e562de"}
}
