{"total": {"lines":{"total":4308,"covered":2818,"skipped":0,"pct":65.41},"statements":{"total":4700,"covered":3010,"skipped":0,"pct":64.04},"functions":{"total":990,"covered":591,"skipped":0,"pct":59.69},"branches":{"total":3733,"covered":1852,"skipped":0,"pct":49.61},"branchesTrue":{"total":0,"covered":0,"skipped":0,"pct":100}}
,"C:\\Users\\khi_h\\Desktop\\Projets\\JanaArchitect\\Joud\\src\\components\\ErrorBoundary.tsx": {"lines":{"total":10,"covered":10,"skipped":0,"pct":100},"functions":{"total":5,"covered":5,"skipped":0,"pct":100},"statements":{"total":10,"covered":10,"skipped":0,"pct":100},"branches":{"total":4,"covered":4,"skipped":0,"pct":100}}
,"C:\\Users\\khi_h\\Desktop\\Projets\\JanaArchitect\\Joud\\src\\components\\common\\CompletionModal\\index.tsx": {"lines":{"total":17,"covered":12,"skipped":0,"pct":70.58},"functions":{"total":2,"covered":2,"skipped":0,"pct":100},"statements":{"total":17,"covered":12,"skipped":0,"pct":70.58},"branches":{"total":12,"covered":7,"skipped":0,"pct":58.33}}
,"C:\\Users\\khi_h\\Desktop\\Projets\\JanaArchitect\\Joud\\src\\components\\common\\ExerciseProgressBar\\index.tsx": {"lines":{"total":6,"covered":6,"skipped":0,"pct":100},"functions":{"total":3,"covered":3,"skipped":0,"pct":100},"statements":{"total":8,"covered":8,"skipped":0,"pct":100},"branches":{"total":2,"covered":2,"skipped":0,"pct":100}}
,"C:\\Users\\khi_h\\Desktop\\Projets\\JanaArchitect\\Joud\\src\\components\\common\\ExerciseValidation\\helpers.ts": {"lines":{"total":16,"covered":14,"skipped":0,"pct":87.5},"functions":{"total":3,"covered":2,"skipped":0,"pct":66.66},"statements":{"total":18,"covered":16,"skipped":0,"pct":88.88},"branches":{"total":18,"covered":18,"skipped":0,"pct":100}}
,"C:\\Users\\khi_h\\Desktop\\Projets\\JanaArchitect\\Joud\\src\\components\\common\\ExerciseValidation\\index.tsx": {"lines":{"total":49,"covered":39,"skipped":0,"pct":79.59},"functions":{"total":15,"covered":11,"skipped":0,"pct":73.33},"statements":{"total":59,"covered":45,"skipped":0,"pct":76.27},"branches":{"total":59,"covered":43,"skipped":0,"pct":72.88}}
,"C:\\Users\\khi_h\\Desktop\\Projets\\JanaArchitect\\Joud\\src\\components\\common\\ExerciseValidation\\styles.ts": {"lines":{"total":1,"covered":1,"skipped":0,"pct":100},"functions":{"total":1,"covered":1,"skipped":0,"pct":100},"statements":{"total":2,"covered":2,"skipped":0,"pct":100},"branches":{"total":0,"covered":0,"skipped":0,"pct":100}}
,"C:\\Users\\khi_h\\Desktop\\Projets\\JanaArchitect\\Joud\\src\\components\\common\\ExerciseValidation\\types.ts": {"lines":{"total":0,"covered":0,"skipped":0,"pct":100},"functions":{"total":0,"covered":0,"skipped":0,"pct":100},"statements":{"total":0,"covered":0,"skipped":0,"pct":100},"branches":{"total":0,"covered":0,"skipped":0,"pct":100}}
,"C:\\Users\\khi_h\\Desktop\\Projets\\JanaArchitect\\Joud\\src\\components\\common\\NavigationButtons\\index.tsx": {"lines":{"total":4,"covered":4,"skipped":0,"pct":100},"functions":{"total":2,"covered":2,"skipped":0,"pct":100},"statements":{"total":5,"covered":5,"skipped":0,"pct":100},"branches":{"total":11,"covered":6,"skipped":0,"pct":54.54}}
,"C:\\Users\\khi_h\\Desktop\\Projets\\JanaArchitect\\Joud\\src\\components\\common\\NavigationButtons\\style.ts": {"lines":{"total":6,"covered":6,"skipped":0,"pct":100},"functions":{"total":1,"covered":1,"skipped":0,"pct":100},"statements":{"total":6,"covered":6,"skipped":0,"pct":100},"branches":{"total":8,"covered":4,"skipped":0,"pct":50}}
,"C:\\Users\\khi_h\\Desktop\\Projets\\JanaArchitect\\Joud\\src\\components\\common\\NavigationButtons\\hooks\\useButtonPressAnimation.ts": {"lines":{"total":6,"covered":0,"skipped":0,"pct":0},"functions":{"total":3,"covered":0,"skipped":0,"pct":0},"statements":{"total":7,"covered":0,"skipped":0,"pct":0},"branches":{"total":2,"covered":0,"skipped":0,"pct":0}}
,"C:\\Users\\khi_h\\Desktop\\Projets\\JanaArchitect\\Joud\\src\\components\\family\\FamilyCard.tsx": {"lines":{"total":2,"covered":1,"skipped":0,"pct":50},"functions":{"total":1,"covered":0,"skipped":0,"pct":0},"statements":{"total":2,"covered":1,"skipped":0,"pct":50},"branches":{"total":0,"covered":0,"skipped":0,"pct":100}}
,"C:\\Users\\khi_h\\Desktop\\Projets\\JanaArchitect\\Joud\\src\\components\\family\\RecentActivityCard.tsx": {"lines":{"total":2,"covered":0,"skipped":0,"pct":0},"functions":{"total":1,"covered":0,"skipped":0,"pct":0},"statements":{"total":2,"covered":0,"skipped":0,"pct":0},"branches":{"total":0,"covered":0,"skipped":0,"pct":100}}
,"C:\\Users\\khi_h\\Desktop\\Projets\\JanaArchitect\\Joud\\src\\components\\flow\\FlowCard\\helpers.ts": {"lines":{"total":3,"covered":3,"skipped":0,"pct":100},"functions":{"total":1,"covered":1,"skipped":0,"pct":100},"statements":{"total":3,"covered":3,"skipped":0,"pct":100},"branches":{"total":0,"covered":0,"skipped":0,"pct":100}}
,"C:\\Users\\khi_h\\Desktop\\Projets\\JanaArchitect\\Joud\\src\\components\\flow\\FlowCard\\index.tsx": {"lines":{"total":26,"covered":20,"skipped":0,"pct":76.92},"functions":{"total":4,"covered":3,"skipped":0,"pct":75},"statements":{"total":31,"covered":23,"skipped":0,"pct":74.19},"branches":{"total":60,"covered":34,"skipped":0,"pct":56.66}}
,"C:\\Users\\khi_h\\Desktop\\Projets\\JanaArchitect\\Joud\\src\\components\\flow\\FlowCard\\style.ts": {"lines":{"total":28,"covered":22,"skipped":0,"pct":78.57},"functions":{"total":4,"covered":4,"skipped":0,"pct":100},"statements":{"total":28,"covered":22,"skipped":0,"pct":78.57},"branches":{"total":54,"covered":22,"skipped":0,"pct":40.74}}
,"C:\\Users\\khi_h\\Desktop\\Projets\\JanaArchitect\\Joud\\src\\components\\layout\\ExerciceLayout\\ExerciseLayout.tsx": {"lines":{"total":18,"covered":16,"skipped":0,"pct":88.88},"functions":{"total":5,"covered":5,"skipped":0,"pct":100},"statements":{"total":20,"covered":18,"skipped":0,"pct":90},"branches":{"total":6,"covered":4,"skipped":0,"pct":66.66}}
,"C:\\Users\\khi_h\\Desktop\\Projets\\JanaArchitect\\Joud\\src\\components\\layout\\ExerciseHeader\\index.tsx": {"lines":{"total":25,"covered":20,"skipped":0,"pct":80},"functions":{"total":5,"covered":5,"skipped":0,"pct":100},"statements":{"total":26,"covered":21,"skipped":0,"pct":80.76},"branches":{"total":30,"covered":19,"skipped":0,"pct":63.33}}
,"C:\\Users\\khi_h\\Desktop\\Projets\\JanaArchitect\\Joud\\src\\components\\layout\\ExerciseHeader\\components\\ExerciceNavBar.tsx": {"lines":{"total":11,"covered":10,"skipped":0,"pct":90.9},"functions":{"total":4,"covered":3,"skipped":0,"pct":75},"statements":{"total":12,"covered":11,"skipped":0,"pct":91.66},"branches":{"total":21,"covered":13,"skipped":0,"pct":61.9}}
,"C:\\Users\\khi_h\\Desktop\\Projets\\JanaArchitect\\Joud\\src\\components\\layout\\ExerciseHeader\\components\\ExerciseDecorative.tsx": {"lines":{"total":20,"covered":2,"skipped":0,"pct":10},"functions":{"total":5,"covered":0,"skipped":0,"pct":0},"statements":{"total":21,"covered":2,"skipped":0,"pct":9.52},"branches":{"total":18,"covered":0,"skipped":0,"pct":0}}
,"C:\\Users\\khi_h\\Desktop\\Projets\\JanaArchitect\\Joud\\src\\components\\layout\\ExerciseHeader\\components\\ExerciseHeaderContent.tsx": {"lines":{"total":12,"covered":12,"skipped":0,"pct":100},"functions":{"total":3,"covered":3,"skipped":0,"pct":100},"statements":{"total":13,"covered":13,"skipped":0,"pct":100},"branches":{"total":14,"covered":9,"skipped":0,"pct":64.28}}
,"C:\\Users\\khi_h\\Desktop\\Projets\\JanaArchitect\\Joud\\src\\components\\modules\\ModuleCard.tsx": {"lines":{"total":2,"covered":1,"skipped":0,"pct":50},"functions":{"total":1,"covered":0,"skipped":0,"pct":0},"statements":{"total":2,"covered":1,"skipped":0,"pct":50},"branches":{"total":0,"covered":0,"skipped":0,"pct":100}}
,"C:\\Users\\khi_h\\Desktop\\Projets\\JanaArchitect\\Joud\\src\\components\\modules\\RecentModuleCard.tsx": {"lines":{"total":2,"covered":0,"skipped":0,"pct":0},"functions":{"total":1,"covered":0,"skipped":0,"pct":0},"statements":{"total":2,"covered":0,"skipped":0,"pct":0},"branches":{"total":0,"covered":0,"skipped":0,"pct":100}}
,"C:\\Users\\khi_h\\Desktop\\Projets\\JanaArchitect\\Joud\\src\\components\\pedagogy\\Connector\\types.ts": {"lines":{"total":0,"covered":0,"skipped":0,"pct":100},"functions":{"total":0,"covered":0,"skipped":0,"pct":100},"statements":{"total":0,"covered":0,"skipped":0,"pct":100},"branches":{"total":0,"covered":0,"skipped":0,"pct":100}}
,"C:\\Users\\khi_h\\Desktop\\Projets\\JanaArchitect\\Joud\\src\\components\\pedagogy\\Connector\\ConnectorCardRenderer\\index.tsx": {"lines":{"total":13,"covered":2,"skipped":0,"pct":15.38},"functions":{"total":1,"covered":0,"skipped":0,"pct":0},"statements":{"total":13,"covered":2,"skipped":0,"pct":15.38},"branches":{"total":10,"covered":0,"skipped":0,"pct":0}}
,"C:\\Users\\khi_h\\Desktop\\Projets\\JanaArchitect\\Joud\\src\\components\\pedagogy\\Connector\\LogicLinksCard\\index.tsx": {"lines":{"total":22,"covered":20,"skipped":0,"pct":90.9},"functions":{"total":5,"covered":5,"skipped":0,"pct":100},"statements":{"total":22,"covered":20,"skipped":0,"pct":90.9},"branches":{"total":41,"covered":32,"skipped":0,"pct":78.04}}
,"C:\\Users\\khi_h\\Desktop\\Projets\\JanaArchitect\\Joud\\src\\components\\pedagogy\\Connector\\RephrasingCard\\index.tsx": {"lines":{"total":9,"covered":2,"skipped":0,"pct":22.22},"functions":{"total":2,"covered":0,"skipped":0,"pct":0},"statements":{"total":9,"covered":2,"skipped":0,"pct":22.22},"branches":{"total":41,"covered":0,"skipped":0,"pct":0}}
,"C:\\Users\\khi_h\\Desktop\\Projets\\JanaArchitect\\Joud\\src\\components\\pedagogy\\Connector\\SentenceFusionCard\\index.tsx": {"lines":{"total":9,"covered":2,"skipped":0,"pct":22.22},"functions":{"total":2,"covered":0,"skipped":0,"pct":0},"statements":{"total":9,"covered":2,"skipped":0,"pct":22.22},"branches":{"total":35,"covered":0,"skipped":0,"pct":0}}
,"C:\\Users\\khi_h\\Desktop\\Projets\\JanaArchitect\\Joud\\src\\components\\pedagogy\\Sentence\\SentenceBlanksCard.styles.ts": {"lines":{"total":5,"covered":5,"skipped":0,"pct":100},"functions":{"total":1,"covered":1,"skipped":0,"pct":100},"statements":{"total":5,"covered":5,"skipped":0,"pct":100},"branches":{"total":4,"covered":2,"skipped":0,"pct":50}}
,"C:\\Users\\khi_h\\Desktop\\Projets\\JanaArchitect\\Joud\\src\\components\\pedagogy\\Sentence\\SentenceBlanksCard.tsx": {"lines":{"total":21,"covered":21,"skipped":0,"pct":100},"functions":{"total":7,"covered":7,"skipped":0,"pct":100},"statements":{"total":24,"covered":23,"skipped":0,"pct":95.83},"branches":{"total":44,"covered":36,"skipped":0,"pct":81.81}}
,"C:\\Users\\khi_h\\Desktop\\Projets\\JanaArchitect\\Joud\\src\\components\\pedagogy\\Sentence\\SentenceCard.tsx": {"lines":{"total":10,"covered":9,"skipped":0,"pct":90},"functions":{"total":3,"covered":3,"skipped":0,"pct":100},"statements":{"total":11,"covered":10,"skipped":0,"pct":90.9},"branches":{"total":22,"covered":15,"skipped":0,"pct":68.18}}
,"C:\\Users\\khi_h\\Desktop\\Projets\\JanaArchitect\\Joud\\src\\components\\pedagogy\\Sentence\\SentencesCard.styles.ts": {"lines":{"total":5,"covered":5,"skipped":0,"pct":100},"functions":{"total":1,"covered":1,"skipped":0,"pct":100},"statements":{"total":5,"covered":5,"skipped":0,"pct":100},"branches":{"total":0,"covered":0,"skipped":0,"pct":100}}
,"C:\\Users\\khi_h\\Desktop\\Projets\\JanaArchitect\\Joud\\src\\components\\pedagogy\\Vocabulary\\WordCard\\WordCard.styles.ts": {"lines":{"total":8,"covered":8,"skipped":0,"pct":100},"functions":{"total":2,"covered":2,"skipped":0,"pct":100},"statements":{"total":8,"covered":8,"skipped":0,"pct":100},"branches":{"total":10,"covered":5,"skipped":0,"pct":50}}
,"C:\\Users\\khi_h\\Desktop\\Projets\\JanaArchitect\\Joud\\src\\components\\pedagogy\\Vocabulary\\WordCard\\WordCard.tsx": {"lines":{"total":12,"covered":12,"skipped":0,"pct":100},"functions":{"total":4,"covered":4,"skipped":0,"pct":100},"statements":{"total":14,"covered":13,"skipped":0,"pct":92.85},"branches":{"total":12,"covered":11,"skipped":0,"pct":91.66}}
,"C:\\Users\\khi_h\\Desktop\\Projets\\JanaArchitect\\Joud\\src\\components\\pedagogy\\dialogues\\DialogueCard\\index.tsx": {"lines":{"total":63,"covered":47,"skipped":0,"pct":74.6},"functions":{"total":19,"covered":14,"skipped":0,"pct":73.68},"statements":{"total":70,"covered":51,"skipped":0,"pct":72.85},"branches":{"total":71,"covered":38,"skipped":0,"pct":53.52}}
,"C:\\Users\\khi_h\\Desktop\\Projets\\JanaArchitect\\Joud\\src\\components\\pedagogy\\dialogues\\DialogueCard\\style.ts": {"lines":{"total":8,"covered":8,"skipped":0,"pct":100},"functions":{"total":1,"covered":1,"skipped":0,"pct":100},"statements":{"total":8,"covered":8,"skipped":0,"pct":100},"branches":{"total":26,"covered":13,"skipped":0,"pct":50}}
,"C:\\Users\\khi_h\\Desktop\\Projets\\JanaArchitect\\Joud\\src\\components\\pedagogy\\grammar\\GrammarCard\\index.tsx": {"lines":{"total":22,"covered":22,"skipped":0,"pct":100},"functions":{"total":7,"covered":7,"skipped":0,"pct":100},"statements":{"total":27,"covered":25,"skipped":0,"pct":92.59},"branches":{"total":31,"covered":27,"skipped":0,"pct":87.09}}
,"C:\\Users\\khi_h\\Desktop\\Projets\\JanaArchitect\\Joud\\src\\components\\pedagogy\\grammar\\GrammarCard\\styles.ts": {"lines":{"total":3,"covered":3,"skipped":0,"pct":100},"functions":{"total":1,"covered":1,"skipped":0,"pct":100},"statements":{"total":3,"covered":3,"skipped":0,"pct":100},"branches":{"total":0,"covered":0,"skipped":0,"pct":100}}
,"C:\\Users\\khi_h\\Desktop\\Projets\\JanaArchitect\\Joud\\src\\components\\pedagogy\\grammar\\GrammarCard\\types.ts": {"lines":{"total":0,"covered":0,"skipped":0,"pct":100},"functions":{"total":0,"covered":0,"skipped":0,"pct":100},"statements":{"total":0,"covered":0,"skipped":0,"pct":100},"branches":{"total":0,"covered":0,"skipped":0,"pct":100}}
,"C:\\Users\\khi_h\\Desktop\\Projets\\JanaArchitect\\Joud\\src\\components\\pedagogy\\reading\\types.ts": {"lines":{"total":0,"covered":0,"skipped":0,"pct":100},"functions":{"total":0,"covered":0,"skipped":0,"pct":100},"statements":{"total":0,"covered":0,"skipped":0,"pct":100},"branches":{"total":0,"covered":0,"skipped":0,"pct":100}}
,"C:\\Users\\khi_h\\Desktop\\Projets\\JanaArchitect\\Joud\\src\\components\\pedagogy\\reading\\ReadingCard\\index.tsx": {"lines":{"total":5,"covered":2,"skipped":0,"pct":40},"functions":{"total":1,"covered":0,"skipped":0,"pct":0},"statements":{"total":5,"covered":2,"skipped":0,"pct":40},"branches":{"total":4,"covered":0,"skipped":0,"pct":0}}
,"C:\\Users\\khi_h\\Desktop\\Projets\\JanaArchitect\\Joud\\src\\components\\pedagogy\\revision\\RevisionQuestionCard.tsx": {"lines":{"total":11,"covered":11,"skipped":0,"pct":100},"functions":{"total":4,"covered":4,"skipped":0,"pct":100},"statements":{"total":12,"covered":12,"skipped":0,"pct":100},"branches":{"total":19,"covered":17,"skipped":0,"pct":89.47}}
,"C:\\Users\\khi_h\\Desktop\\Projets\\JanaArchitect\\Joud\\src\\components\\pedagogy\\shared\\QuestionCard\\OptionButton.tsx": {"lines":{"total":15,"covered":11,"skipped":0,"pct":73.33},"functions":{"total":2,"covered":2,"skipped":0,"pct":100},"statements":{"total":15,"covered":11,"skipped":0,"pct":73.33},"branches":{"total":22,"covered":8,"skipped":0,"pct":36.36}}
,"C:\\Users\\khi_h\\Desktop\\Projets\\JanaArchitect\\Joud\\src\\components\\pedagogy\\shared\\QuestionCard\\feedbackBanner.tsx": {"lines":{"total":5,"covered":5,"skipped":0,"pct":100},"functions":{"total":1,"covered":1,"skipped":0,"pct":100},"statements":{"total":5,"covered":5,"skipped":0,"pct":100},"branches":{"total":4,"covered":2,"skipped":0,"pct":50}}
,"C:\\Users\\khi_h\\Desktop\\Projets\\JanaArchitect\\Joud\\src\\components\\pedagogy\\shared\\QuestionCard\\index.tsx": {"lines":{"total":12,"covered":12,"skipped":0,"pct":100},"functions":{"total":6,"covered":6,"skipped":0,"pct":100},"statements":{"total":14,"covered":14,"skipped":0,"pct":100},"branches":{"total":32,"covered":25,"skipped":0,"pct":78.12}}
,"C:\\Users\\khi_h\\Desktop\\Projets\\JanaArchitect\\Joud\\src\\components\\pedagogy\\shared\\QuestionCard\\styles.ts": {"lines":{"total":2,"covered":2,"skipped":0,"pct":100},"functions":{"total":1,"covered":1,"skipped":0,"pct":100},"statements":{"total":2,"covered":2,"skipped":0,"pct":100},"branches":{"total":6,"covered":3,"skipped":0,"pct":50}}
,"C:\\Users\\khi_h\\Desktop\\Projets\\JanaArchitect\\Joud\\src\\components\\pedagogy\\shared\\QuestionCard\\types.ts": {"lines":{"total":0,"covered":0,"skipped":0,"pct":100},"functions":{"total":0,"covered":0,"skipped":0,"pct":100},"statements":{"total":0,"covered":0,"skipped":0,"pct":100},"branches":{"total":0,"covered":0,"skipped":0,"pct":100}}
,"C:\\Users\\khi_h\\Desktop\\Projets\\JanaArchitect\\Joud\\src\\components\\pedagogy\\wordgames\\AudioMatchCard\\index.tsx": {"lines":{"total":63,"covered":43,"skipped":0,"pct":68.25},"functions":{"total":21,"covered":14,"skipped":0,"pct":66.66},"statements":{"total":71,"covered":48,"skipped":0,"pct":67.6},"branches":{"total":60,"covered":30,"skipped":0,"pct":50}}
,"C:\\Users\\khi_h\\Desktop\\Projets\\JanaArchitect\\Joud\\src\\components\\pedagogy\\wordgames\\BlanksCard\\index.tsx": {"lines":{"total":22,"covered":20,"skipped":0,"pct":90.9},"functions":{"total":6,"covered":6,"skipped":0,"pct":100},"statements":{"total":23,"covered":21,"skipped":0,"pct":91.3},"branches":{"total":24,"covered":11,"skipped":0,"pct":45.83}}
,"C:\\Users\\khi_h\\Desktop\\Projets\\JanaArchitect\\Joud\\src\\components\\pedagogy\\wordgames\\DefinitionCard\\index.tsx": {"lines":{"total":22,"covered":20,"skipped":0,"pct":90.9},"functions":{"total":6,"covered":6,"skipped":0,"pct":100},"statements":{"total":23,"covered":21,"skipped":0,"pct":91.3},"branches":{"total":24,"covered":11,"skipped":0,"pct":45.83}}
,"C:\\Users\\khi_h\\Desktop\\Projets\\JanaArchitect\\Joud\\src\\components\\pedagogy\\wordgames\\DetectiveCard\\index.tsx": {"lines":{"total":29,"covered":27,"skipped":0,"pct":93.1},"functions":{"total":7,"covered":7,"skipped":0,"pct":100},"statements":{"total":30,"covered":28,"skipped":0,"pct":93.33},"branches":{"total":42,"covered":14,"skipped":0,"pct":33.33}}
,"C:\\Users\\khi_h\\Desktop\\Projets\\JanaArchitect\\Joud\\src\\components\\pedagogy\\wordgames\\GameCardRendered\\index.tsx": {"lines":{"total":23,"covered":17,"skipped":0,"pct":73.91},"functions":{"total":1,"covered":1,"skipped":0,"pct":100},"statements":{"total":23,"covered":17,"skipped":0,"pct":73.91},"branches":{"total":34,"covered":22,"skipped":0,"pct":64.7}}
,"C:\\Users\\khi_h\\Desktop\\Projets\\JanaArchitect\\Joud\\src\\components\\pedagogy\\wordgames\\ReplyCard\\index.tsx": {"lines":{"total":24,"covered":22,"skipped":0,"pct":91.66},"functions":{"total":6,"covered":6,"skipped":0,"pct":100},"statements":{"total":25,"covered":23,"skipped":0,"pct":92},"branches":{"total":31,"covered":14,"skipped":0,"pct":45.16}}
,"C:\\Users\\khi_h\\Desktop\\Projets\\JanaArchitect\\Joud\\src\\components\\pedagogy\\wordgames\\SpeedMatchCard\\index.tsx": {"lines":{"total":67,"covered":62,"skipped":0,"pct":92.53},"functions":{"total":15,"covered":14,"skipped":0,"pct":93.33},"statements":{"total":74,"covered":67,"skipped":0,"pct":90.54},"branches":{"total":44,"covered":31,"skipped":0,"pct":70.45}}
,"C:\\Users\\khi_h\\Desktop\\Projets\\JanaArchitect\\Joud\\src\\components\\pedagogy\\wordgames\\SyntaxMasterCard\\index.tsx": {"lines":{"total":43,"covered":38,"skipped":0,"pct":88.37},"functions":{"total":20,"covered":17,"skipped":0,"pct":85},"statements":{"total":51,"covered":44,"skipped":0,"pct":86.27},"branches":{"total":21,"covered":13,"skipped":0,"pct":61.9}}
,"C:\\Users\\khi_h\\Desktop\\Projets\\JanaArchitect\\Joud\\src\\components\\pedagogy\\wordgames\\TransformerCard\\index.tsx": {"lines":{"total":32,"covered":30,"skipped":0,"pct":93.75},"functions":{"total":7,"covered":7,"skipped":0,"pct":100},"statements":{"total":35,"covered":31,"skipped":0,"pct":88.57},"branches":{"total":47,"covered":23,"skipped":0,"pct":48.93}}
,"C:\\Users\\khi_h\\Desktop\\Projets\\JanaArchitect\\Joud\\src\\components\\pedagogy\\wordgames\\shared\\commonWordGameStyles.ts": {"lines":{"total":5,"covered":4,"skipped":0,"pct":80},"functions":{"total":2,"covered":1,"skipped":0,"pct":50},"statements":{"total":5,"covered":4,"skipped":0,"pct":80},"branches":{"total":17,"covered":8,"skipped":0,"pct":47.05}}
,"C:\\Users\\khi_h\\Desktop\\Projets\\JanaArchitect\\Joud\\src\\components\\ui\\DynamicIcon.tsx": {"lines":{"total":5,"covered":5,"skipped":0,"pct":100},"functions":{"total":1,"covered":1,"skipped":0,"pct":100},"statements":{"total":5,"covered":5,"skipped":0,"pct":100},"branches":{"total":7,"covered":7,"skipped":0,"pct":100}}
,"C:\\Users\\khi_h\\Desktop\\Projets\\JanaArchitect\\Joud\\src\\components\\ui\\MarkdownText.tsx": {"lines":{"total":36,"covered":36,"skipped":0,"pct":100},"functions":{"total":5,"covered":5,"skipped":0,"pct":100},"statements":{"total":39,"covered":39,"skipped":0,"pct":100},"branches":{"total":26,"covered":23,"skipped":0,"pct":88.46}}
,"C:\\Users\\khi_h\\Desktop\\Projets\\JanaArchitect\\Joud\\src\\components\\ui\\SkeletonLoader.tsx": {"lines":{"total":32,"covered":21,"skipped":0,"pct":65.62},"functions":{"total":8,"covered":6,"skipped":0,"pct":75},"statements":{"total":33,"covered":22,"skipped":0,"pct":66.66},"branches":{"total":36,"covered":10,"skipped":0,"pct":27.77}}
,"C:\\Users\\khi_h\\Desktop\\Projets\\JanaArchitect\\Joud\\src\\components\\ui\\AudioButtons\\AudioButton.tsx": {"lines":{"total":10,"covered":9,"skipped":0,"pct":90},"functions":{"total":3,"covered":2,"skipped":0,"pct":66.66},"statements":{"total":11,"covered":10,"skipped":0,"pct":90.9},"branches":{"total":27,"covered":14,"skipped":0,"pct":51.85}}
,"C:\\Users\\khi_h\\Desktop\\Projets\\JanaArchitect\\Joud\\src\\components\\ui\\AudioButtons\\AudioButtonStyle.ts": {"lines":{"total":1,"covered":1,"skipped":0,"pct":100},"functions":{"total":1,"covered":1,"skipped":0,"pct":100},"statements":{"total":2,"covered":2,"skipped":0,"pct":100},"branches":{"total":2,"covered":1,"skipped":0,"pct":50}}
,"C:\\Users\\khi_h\\Desktop\\Projets\\JanaArchitect\\Joud\\src\\components\\ui\\AudioButtons\\hooks\\useAudioPlayer.ts": {"lines":{"total":88,"covered":72,"skipped":0,"pct":81.81},"functions":{"total":15,"covered":12,"skipped":0,"pct":80},"statements":{"total":91,"covered":75,"skipped":0,"pct":82.41},"branches":{"total":42,"covered":34,"skipped":0,"pct":80.95}}
,"C:\\Users\\khi_h\\Desktop\\Projets\\JanaArchitect\\Joud\\src\\config\\moduleConfig.ts": {"lines":{"total":4,"covered":4,"skipped":0,"pct":100},"functions":{"total":1,"covered":1,"skipped":0,"pct":100},"statements":{"total":4,"covered":4,"skipped":0,"pct":100},"branches":{"total":2,"covered":2,"skipped":0,"pct":100}}
,"C:\\Users\\khi_h\\Desktop\\Projets\\JanaArchitect\\Joud\\src\\config\\wordGamesConfig.ts": {"lines":{"total":6,"covered":6,"skipped":0,"pct":100},"functions":{"total":2,"covered":2,"skipped":0,"pct":100},"statements":{"total":6,"covered":6,"skipped":0,"pct":100},"branches":{"total":2,"covered":2,"skipped":0,"pct":100}}
,"C:\\Users\\khi_h\\Desktop\\Projets\\JanaArchitect\\Joud\\src\\contexts\\AIContext.tsx": {"lines":{"total":25,"covered":0,"skipped":0,"pct":0},"functions":{"total":10,"covered":0,"skipped":0,"pct":0},"statements":{"total":28,"covered":0,"skipped":0,"pct":0},"branches":{"total":4,"covered":0,"skipped":0,"pct":0}}
,"C:\\Users\\khi_h\\Desktop\\Projets\\JanaArchitect\\Joud\\src\\contexts\\CurrentLevelContext.tsx": {"lines":{"total":35,"covered":34,"skipped":0,"pct":97.14},"functions":{"total":5,"covered":5,"skipped":0,"pct":100},"statements":{"total":36,"covered":35,"skipped":0,"pct":97.22},"branches":{"total":19,"covered":19,"skipped":0,"pct":100}}
,"C:\\Users\\khi_h\\Desktop\\Projets\\JanaArchitect\\Joud\\src\\contexts\\ProgressContext.tsx": {"lines":{"total":127,"covered":119,"skipped":0,"pct":93.7},"functions":{"total":26,"covered":25,"skipped":0,"pct":96.15},"statements":{"total":153,"covered":135,"skipped":0,"pct":88.23},"branches":{"total":96,"covered":74,"skipped":0,"pct":77.08}}
,"C:\\Users\\khi_h\\Desktop\\Projets\\JanaArchitect\\Joud\\src\\contexts\\UserContext.tsx": {"lines":{"total":48,"covered":45,"skipped":0,"pct":93.75},"functions":{"total":7,"covered":7,"skipped":0,"pct":100},"statements":{"total":50,"covered":45,"skipped":0,"pct":90},"branches":{"total":16,"covered":13,"skipped":0,"pct":81.25}}
,"C:\\Users\\khi_h\\Desktop\\Projets\\JanaArchitect\\Joud\\src\\contexts\\progressTypes.ts": {"lines":{"total":0,"covered":0,"skipped":0,"pct":100},"functions":{"total":0,"covered":0,"skipped":0,"pct":100},"statements":{"total":0,"covered":0,"skipped":0,"pct":100},"branches":{"total":0,"covered":0,"skipped":0,"pct":100}}
,"C:\\Users\\khi_h\\Desktop\\Projets\\JanaArchitect\\Joud\\src\\contexts\\progressUtils.ts": {"lines":{"total":51,"covered":50,"skipped":0,"pct":98.03},"functions":{"total":10,"covered":10,"skipped":0,"pct":100},"statements":{"total":59,"covered":57,"skipped":0,"pct":96.61},"branches":{"total":31,"covered":28,"skipped":0,"pct":90.32}}
,"C:\\Users\\khi_h\\Desktop\\Projets\\JanaArchitect\\Joud\\src\\database\\index.ts": {"lines":{"total":0,"covered":0,"skipped":0,"pct":100},"functions":{"total":0,"covered":0,"skipped":0,"pct":100},"statements":{"total":0,"covered":0,"skipped":0,"pct":100},"branches":{"total":0,"covered":0,"skipped":0,"pct":100}}
,"C:\\Users\\khi_h\\Desktop\\Projets\\JanaArchitect\\Joud\\src\\database\\init.ts": {"lines":{"total":39,"covered":0,"skipped":0,"pct":0},"functions":{"total":5,"covered":0,"skipped":0,"pct":0},"statements":{"total":43,"covered":0,"skipped":0,"pct":0},"branches":{"total":10,"covered":0,"skipped":0,"pct":0}}
,"C:\\Users\\khi_h\\Desktop\\Projets\\JanaArchitect\\Joud\\src\\database\\queries.ts": {"lines":{"total":182,"covered":179,"skipped":0,"pct":98.35},"functions":{"total":42,"covered":42,"skipped":0,"pct":100},"statements":{"total":195,"covered":192,"skipped":0,"pct":98.46},"branches":{"total":88,"covered":71,"skipped":0,"pct":80.68}}
,"C:\\Users\\khi_h\\Desktop\\Projets\\JanaArchitect\\Joud\\src\\database\\schema.ts": {"lines":{"total":0,"covered":0,"skipped":0,"pct":100},"functions":{"total":0,"covered":0,"skipped":0,"pct":100},"statements":{"total":0,"covered":0,"skipped":0,"pct":100},"branches":{"total":0,"covered":0,"skipped":0,"pct":100}}
,"C:\\Users\\khi_h\\Desktop\\Projets\\JanaArchitect\\Joud\\src\\database\\migrations\\DatabaseContext.tsx": {"lines":{"total":19,"covered":0,"skipped":0,"pct":0},"functions":{"total":4,"covered":0,"skipped":0,"pct":0},"statements":{"total":19,"covered":0,"skipped":0,"pct":0},"branches":{"total":5,"covered":0,"skipped":0,"pct":0}}
,"C:\\Users\\khi_h\\Desktop\\Projets\\JanaArchitect\\Joud\\src\\database\\migrations\\runner.ts": {"lines":{"total":52,"covered":0,"skipped":0,"pct":0},"functions":{"total":16,"covered":0,"skipped":0,"pct":0},"statements":{"total":54,"covered":0,"skipped":0,"pct":0},"branches":{"total":12,"covered":0,"skipped":0,"pct":0}}
,"C:\\Users\\khi_h\\Desktop\\Projets\\JanaArchitect\\Joud\\src\\database\\migrations_v2\\001_schema.ts": {"lines":{"total":1,"covered":0,"skipped":0,"pct":0},"functions":{"total":1,"covered":0,"skipped":0,"pct":0},"statements":{"total":1,"covered":0,"skipped":0,"pct":0},"branches":{"total":0,"covered":0,"skipped":0,"pct":100}}
,"C:\\Users\\khi_h\\Desktop\\Projets\\JanaArchitect\\Joud\\src\\database\\migrations_v2\\002_seed_config.ts": {"lines":{"total":25,"covered":0,"skipped":0,"pct":0},"functions":{"total":1,"covered":0,"skipped":0,"pct":0},"statements":{"total":28,"covered":0,"skipped":0,"pct":0},"branches":{"total":0,"covered":0,"skipped":0,"pct":100}}
,"C:\\Users\\khi_h\\Desktop\\Projets\\JanaArchitect\\Joud\\src\\database\\migrations_v2\\003_seed_subfamily_labels.ts": {"lines":{"total":25,"covered":0,"skipped":0,"pct":0},"functions":{"total":1,"covered":0,"skipped":0,"pct":0},"statements":{"total":25,"covered":0,"skipped":0,"pct":0},"branches":{"total":6,"covered":0,"skipped":0,"pct":0}}
,"C:\\Users\\khi_h\\Desktop\\Projets\\JanaArchitect\\Joud\\src\\hooks\\useAISettings.ts": {"lines":{"total":71,"covered":0,"skipped":0,"pct":0},"functions":{"total":8,"covered":0,"skipped":0,"pct":0},"statements":{"total":76,"covered":0,"skipped":0,"pct":0},"branches":{"total":46,"covered":0,"skipped":0,"pct":0}}
,"C:\\Users\\khi_h\\Desktop\\Projets\\JanaArchitect\\Joud\\src\\hooks\\useGetFamiliesByModule.ts": {"lines":{"total":30,"covered":30,"skipped":0,"pct":100},"functions":{"total":4,"covered":4,"skipped":0,"pct":100},"statements":{"total":31,"covered":31,"skipped":0,"pct":100},"branches":{"total":13,"covered":10,"skipped":0,"pct":76.92}}
,"C:\\Users\\khi_h\\Desktop\\Projets\\JanaArchitect\\Joud\\src\\hooks\\useLastActivity.ts": {"lines":{"total":28,"covered":27,"skipped":0,"pct":96.42},"functions":{"total":3,"covered":3,"skipped":0,"pct":100},"statements":{"total":30,"covered":29,"skipped":0,"pct":96.66},"branches":{"total":20,"covered":18,"skipped":0,"pct":90}}
,"C:\\Users\\khi_h\\Desktop\\Projets\\JanaArchitect\\Joud\\src\\hooks\\usePreferences.ts": {"lines":{"total":18,"covered":18,"skipped":0,"pct":100},"functions":{"total":7,"covered":6,"skipped":0,"pct":85.71},"statements":{"total":18,"covered":18,"skipped":0,"pct":100},"branches":{"total":2,"covered":2,"skipped":0,"pct":100}}
,"C:\\Users\\khi_h\\Desktop\\Projets\\JanaArchitect\\Joud\\src\\hooks\\useSafeAction.ts": {"lines":{"total":31,"covered":30,"skipped":0,"pct":96.77},"functions":{"total":4,"covered":4,"skipped":0,"pct":100},"statements":{"total":36,"covered":33,"skipped":0,"pct":91.66},"branches":{"total":23,"covered":19,"skipped":0,"pct":82.6}}
,"C:\\Users\\khi_h\\Desktop\\Projets\\JanaArchitect\\Joud\\src\\hooks\\useSafeNavigation.ts": {"lines":{"total":14,"covered":11,"skipped":0,"pct":78.57},"functions":{"total":4,"covered":2,"skipped":0,"pct":50},"statements":{"total":14,"covered":11,"skipped":0,"pct":78.57},"branches":{"total":9,"covered":6,"skipped":0,"pct":66.66}}
,"C:\\Users\\khi_h\\Desktop\\Projets\\JanaArchitect\\Joud\\src\\hooks\\dashboard\\useDailyWord.ts": {"lines":{"total":23,"covered":23,"skipped":0,"pct":100},"functions":{"total":3,"covered":3,"skipped":0,"pct":100},"statements":{"total":23,"covered":23,"skipped":0,"pct":100},"branches":{"total":6,"covered":6,"skipped":0,"pct":100}}
,"C:\\Users\\khi_h\\Desktop\\Projets\\JanaArchitect\\Joud\\src\\hooks\\dashboard\\useRevisions.ts": {"lines":{"total":20,"covered":20,"skipped":0,"pct":100},"functions":{"total":4,"covered":4,"skipped":0,"pct":100},"statements":{"total":20,"covered":20,"skipped":0,"pct":100},"branches":{"total":5,"covered":5,"skipped":0,"pct":100}}
,"C:\\Users\\khi_h\\Desktop\\Projets\\JanaArchitect\\Joud\\src\\hooks\\dashboard\\useUserMetrics.ts": {"lines":{"total":23,"covered":23,"skipped":0,"pct":100},"functions":{"total":4,"covered":4,"skipped":0,"pct":100},"statements":{"total":23,"covered":23,"skipped":0,"pct":100},"branches":{"total":13,"covered":13,"skipped":0,"pct":100}}
,"C:\\Users\\khi_h\\Desktop\\Projets\\JanaArchitect\\Joud\\src\\hooks\\exercises\\useExerciceValidationState.ts": {"lines":{"total":16,"covered":16,"skipped":0,"pct":100},"functions":{"total":2,"covered":2,"skipped":0,"pct":100},"statements":{"total":16,"covered":16,"skipped":0,"pct":100},"branches":{"total":11,"covered":8,"skipped":0,"pct":72.72}}
,"C:\\Users\\khi_h\\Desktop\\Projets\\JanaArchitect\\Joud\\src\\hooks\\exercises\\useExerciseActivity.ts": {"lines":{"total":8,"covered":8,"skipped":0,"pct":100},"functions":{"total":2,"covered":2,"skipped":0,"pct":100},"statements":{"total":8,"covered":8,"skipped":0,"pct":100},"branches":{"total":6,"covered":6,"skipped":0,"pct":100}}
,"C:\\Users\\khi_h\\Desktop\\Projets\\JanaArchitect\\Joud\\src\\hooks\\exercises\\useExerciseContent.ts": {"lines":{"total":34,"covered":34,"skipped":0,"pct":100},"functions":{"total":5,"covered":5,"skipped":0,"pct":100},"statements":{"total":34,"covered":34,"skipped":0,"pct":100},"branches":{"total":11,"covered":10,"skipped":0,"pct":90.9}}
,"C:\\Users\\khi_h\\Desktop\\Projets\\JanaArchitect\\Joud\\src\\hooks\\exercises\\useExerciseSaveOnUnmount.ts": {"lines":{"total":6,"covered":0,"skipped":0,"pct":0},"functions":{"total":4,"covered":0,"skipped":0,"pct":0},"statements":{"total":7,"covered":0,"skipped":0,"pct":0},"branches":{"total":0,"covered":0,"skipped":0,"pct":100}}
,"C:\\Users\\khi_h\\Desktop\\Projets\\JanaArchitect\\Joud\\src\\hooks\\exercises\\useFeedbackMessages.ts": {"lines":{"total":23,"covered":23,"skipped":0,"pct":100},"functions":{"total":3,"covered":3,"skipped":0,"pct":100},"statements":{"total":27,"covered":27,"skipped":0,"pct":100},"branches":{"total":15,"covered":15,"skipped":0,"pct":100}}
,"C:\\Users\\khi_h\\Desktop\\Projets\\JanaArchitect\\Joud\\src\\hooks\\exercises\\useFirstIncompleteIndex.ts": {"lines":{"total":11,"covered":11,"skipped":0,"pct":100},"functions":{"total":2,"covered":2,"skipped":0,"pct":100},"statements":{"total":13,"covered":13,"skipped":0,"pct":100},"branches":{"total":8,"covered":8,"skipped":0,"pct":100}}
,"C:\\Users\\khi_h\\Desktop\\Projets\\JanaArchitect\\Joud\\src\\hooks\\exercises\\useRecordError.ts": {"lines":{"total":8,"covered":8,"skipped":0,"pct":100},"functions":{"total":2,"covered":2,"skipped":0,"pct":100},"statements":{"total":9,"covered":9,"skipped":0,"pct":100},"branches":{"total":6,"covered":5,"skipped":0,"pct":83.33}}
,"C:\\Users\\khi_h\\Desktop\\Projets\\JanaArchitect\\Joud\\src\\hooks\\exercises\\useRecordWordSeen.ts": {"lines":{"total":10,"covered":10,"skipped":0,"pct":100},"functions":{"total":2,"covered":2,"skipped":0,"pct":100},"statements":{"total":11,"covered":11,"skipped":0,"pct":100},"branches":{"total":8,"covered":8,"skipped":0,"pct":100}}
,"C:\\Users\\khi_h\\Desktop\\Projets\\JanaArchitect\\Joud\\src\\hooks\\familySelection\\useFamiliesWithProgress.ts": {"lines":{"total":18,"covered":18,"skipped":0,"pct":100},"functions":{"total":3,"covered":3,"skipped":0,"pct":100},"statements":{"total":18,"covered":18,"skipped":0,"pct":100},"branches":{"total":10,"covered":8,"skipped":0,"pct":80}}
,"C:\\Users\\khi_h\\Desktop\\Projets\\JanaArchitect\\Joud\\src\\hooks\\revision\\useRevisionQuestions.ts": {"lines":{"total":112,"covered":108,"skipped":0,"pct":96.42},"functions":{"total":21,"covered":21,"skipped":0,"pct":100},"statements":{"total":120,"covered":116,"skipped":0,"pct":96.66},"branches":{"total":55,"covered":37,"skipped":0,"pct":67.27}}
,"C:\\Users\\khi_h\\Desktop\\Projets\\JanaArchitect\\Joud\\src\\hooks\\subFamilySelection\\useSubfamilies.ts": {"lines":{"total":16,"covered":0,"skipped":0,"pct":0},"functions":{"total":3,"covered":0,"skipped":0,"pct":0},"statements":{"total":17,"covered":0,"skipped":0,"pct":0},"branches":{"total":6,"covered":0,"skipped":0,"pct":0}}
,"C:\\Users\\khi_h\\Desktop\\Projets\\JanaArchitect\\Joud\\src\\screens\\SettingsAIScreen.config.ts": {"lines":{"total":2,"covered":0,"skipped":0,"pct":0},"functions":{"total":0,"covered":0,"skipped":0,"pct":100},"statements":{"total":2,"covered":0,"skipped":0,"pct":0},"branches":{"total":0,"covered":0,"skipped":0,"pct":100}}
,"C:\\Users\\khi_h\\Desktop\\Projets\\JanaArchitect\\Joud\\src\\screens\\SettingsAIScreen.styles.ts": {"lines":{"total":2,"covered":0,"skipped":0,"pct":0},"functions":{"total":1,"covered":0,"skipped":0,"pct":0},"statements":{"total":2,"covered":0,"skipped":0,"pct":0},"branches":{"total":6,"covered":0,"skipped":0,"pct":0}}
,"C:\\Users\\khi_h\\Desktop\\Projets\\JanaArchitect\\Joud\\src\\screens\\SettingsAIScreen.tsx": {"lines":{"total":37,"covered":0,"skipped":0,"pct":0},"functions":{"total":12,"covered":0,"skipped":0,"pct":0},"statements":{"total":38,"covered":0,"skipped":0,"pct":0},"branches":{"total":20,"covered":0,"skipped":0,"pct":0}}
,"C:\\Users\\khi_h\\Desktop\\Projets\\JanaArchitect\\Joud\\src\\screens\\AITutor\\AITutorFreeScreen.styles.ts": {"lines":{"total":2,"covered":0,"skipped":0,"pct":0},"functions":{"total":1,"covered":0,"skipped":0,"pct":0},"statements":{"total":2,"covered":0,"skipped":0,"pct":0},"branches":{"total":2,"covered":0,"skipped":0,"pct":0}}
,"C:\\Users\\khi_h\\Desktop\\Projets\\JanaArchitect\\Joud\\src\\screens\\AITutor\\AITutorFreeScreen.tsx": {"lines":{"total":80,"covered":0,"skipped":0,"pct":0},"functions":{"total":20,"covered":0,"skipped":0,"pct":0},"statements":{"total":89,"covered":0,"skipped":0,"pct":0},"branches":{"total":86,"covered":0,"skipped":0,"pct":0}}
,"C:\\Users\\khi_h\\Desktop\\Projets\\JanaArchitect\\Joud\\src\\screens\\AITutor\\AITutorGuidedScreen.styles.ts": {"lines":{"total":2,"covered":0,"skipped":0,"pct":0},"functions":{"total":1,"covered":0,"skipped":0,"pct":0},"statements":{"total":2,"covered":0,"skipped":0,"pct":0},"branches":{"total":0,"covered":0,"skipped":0,"pct":100}}
,"C:\\Users\\khi_h\\Desktop\\Projets\\JanaArchitect\\Joud\\src\\screens\\AITutor\\AITutorGuidedScreen.tsx": {"lines":{"total":85,"covered":0,"skipped":0,"pct":0},"functions":{"total":19,"covered":0,"skipped":0,"pct":0},"statements":{"total":97,"covered":0,"skipped":0,"pct":0},"branches":{"total":74,"covered":0,"skipped":0,"pct":0}}
,"C:\\Users\\khi_h\\Desktop\\Projets\\JanaArchitect\\Joud\\src\\screens\\AITutor\\AITutorSelectionScreen.config.ts": {"lines":{"total":1,"covered":0,"skipped":0,"pct":0},"functions":{"total":0,"covered":0,"skipped":0,"pct":100},"statements":{"total":1,"covered":0,"skipped":0,"pct":0},"branches":{"total":0,"covered":0,"skipped":0,"pct":100}}
,"C:\\Users\\khi_h\\Desktop\\Projets\\JanaArchitect\\Joud\\src\\screens\\AITutor\\AITutorSelectionScreen.styles.ts": {"lines":{"total":2,"covered":0,"skipped":0,"pct":0},"functions":{"total":1,"covered":0,"skipped":0,"pct":0},"statements":{"total":2,"covered":0,"skipped":0,"pct":0},"branches":{"total":12,"covered":0,"skipped":0,"pct":0}}
,"C:\\Users\\khi_h\\Desktop\\Projets\\JanaArchitect\\Joud\\src\\screens\\AITutor\\AITutorSelectionScreen.tsx": {"lines":{"total":17,"covered":0,"skipped":0,"pct":0},"functions":{"total":8,"covered":0,"skipped":0,"pct":0},"statements":{"total":18,"covered":0,"skipped":0,"pct":0},"branches":{"total":13,"covered":0,"skipped":0,"pct":0}}
,"C:\\Users\\khi_h\\Desktop\\Projets\\JanaArchitect\\Joud\\src\\screens\\AITutor\\chatStyles.ts": {"lines":{"total":2,"covered":0,"skipped":0,"pct":0},"functions":{"total":1,"covered":0,"skipped":0,"pct":0},"statements":{"total":2,"covered":0,"skipped":0,"pct":0},"branches":{"total":2,"covered":0,"skipped":0,"pct":0}}
,"C:\\Users\\khi_h\\Desktop\\Projets\\JanaArchitect\\Joud\\src\\screens\\AITutor\\helpers.ts": {"lines":{"total":42,"covered":0,"skipped":0,"pct":0},"functions":{"total":8,"covered":0,"skipped":0,"pct":0},"statements":{"total":49,"covered":0,"skipped":0,"pct":0},"branches":{"total":39,"covered":0,"skipped":0,"pct":0}}
,"C:\\Users\\khi_h\\Desktop\\Projets\\JanaArchitect\\Joud\\src\\screens\\AITutor\\components\\AIButtonWithResponse.tsx": {"lines":{"total":5,"covered":0,"skipped":0,"pct":0},"functions":{"total":2,"covered":0,"skipped":0,"pct":0},"statements":{"total":6,"covered":0,"skipped":0,"pct":0},"branches":{"total":8,"covered":0,"skipped":0,"pct":0}}
,"C:\\Users\\khi_h\\Desktop\\Projets\\JanaArchitect\\Joud\\src\\screens\\AITutor\\components\\DomainCard.tsx": {"lines":{"total":5,"covered":0,"skipped":0,"pct":0},"functions":{"total":2,"covered":0,"skipped":0,"pct":0},"statements":{"total":6,"covered":0,"skipped":0,"pct":0},"branches":{"total":4,"covered":0,"skipped":0,"pct":0}}
,"C:\\Users\\khi_h\\Desktop\\Projets\\JanaArchitect\\Joud\\src\\screens\\AITutor\\components\\ErrorDetailView.tsx": {"lines":{"total":8,"covered":0,"skipped":0,"pct":0},"functions":{"total":3,"covered":0,"skipped":0,"pct":0},"statements":{"total":9,"covered":0,"skipped":0,"pct":0},"branches":{"total":4,"covered":0,"skipped":0,"pct":0}}
,"C:\\Users\\khi_h\\Desktop\\Projets\\JanaArchitect\\Joud\\src\\screens\\AITutor\\components\\ErrorModuleCard.tsx": {"lines":{"total":6,"covered":0,"skipped":0,"pct":0},"functions":{"total":2,"covered":0,"skipped":0,"pct":0},"statements":{"total":7,"covered":0,"skipped":0,"pct":0},"branches":{"total":10,"covered":0,"skipped":0,"pct":0}}
,"C:\\Users\\khi_h\\Desktop\\Projets\\JanaArchitect\\Joud\\src\\screens\\AITutor\\components\\GuidedHeader.tsx": {"lines":{"total":5,"covered":0,"skipped":0,"pct":0},"functions":{"total":2,"covered":0,"skipped":0,"pct":0},"statements":{"total":6,"covered":0,"skipped":0,"pct":0},"branches":{"total":13,"covered":0,"skipped":0,"pct":0}}
,"C:\\Users\\khi_h\\Desktop\\Projets\\JanaArchitect\\Joud\\src\\screens\\AITutor\\components\\ModeCard.tsx": {"lines":{"total":3,"covered":0,"skipped":0,"pct":0},"functions":{"total":2,"covered":0,"skipped":0,"pct":0},"statements":{"total":3,"covered":0,"skipped":0,"pct":0},"branches":{"total":0,"covered":0,"skipped":0,"pct":100}}
,"C:\\Users\\khi_h\\Desktop\\Projets\\JanaArchitect\\Joud\\src\\screens\\AITutor\\components\\VocabSection.tsx": {"lines":{"total":7,"covered":0,"skipped":0,"pct":0},"functions":{"total":3,"covered":0,"skipped":0,"pct":0},"statements":{"total":8,"covered":0,"skipped":0,"pct":0},"branches":{"total":4,"covered":0,"skipped":0,"pct":0}}
,"C:\\Users\\khi_h\\Desktop\\Projets\\JanaArchitect\\Joud\\src\\screens\\AITutor\\components\\index.ts": {"lines":{"total":0,"covered":0,"skipped":0,"pct":100},"functions":{"total":0,"covered":0,"skipped":0,"pct":100},"statements":{"total":0,"covered":0,"skipped":0,"pct":100},"branches":{"total":0,"covered":0,"skipped":0,"pct":100}}
,"C:\\Users\\khi_h\\Desktop\\Projets\\JanaArchitect\\Joud\\src\\screens\\AITutor\\hooks\\useAdvancedErrorAnalysis.ts": {"lines":{"total":81,"covered":0,"skipped":0,"pct":0},"functions":{"total":14,"covered":0,"skipped":0,"pct":0},"statements":{"total":91,"covered":0,"skipped":0,"pct":0},"branches":{"total":46,"covered":0,"skipped":0,"pct":0}}
,"C:\\Users\\khi_h\\Desktop\\Projets\\JanaArchitect\\Joud\\src\\screens\\AITutor\\hooks\\useChatConversation.ts": {"lines":{"total":64,"covered":0,"skipped":0,"pct":0},"functions":{"total":9,"covered":0,"skipped":0,"pct":0},"statements":{"total":69,"covered":0,"skipped":0,"pct":0},"branches":{"total":43,"covered":0,"skipped":0,"pct":0}}
,"C:\\Users\\khi_h\\Desktop\\Projets\\JanaArchitect\\Joud\\src\\screens\\AITutor\\hooks\\useGuidedDomainSummaries.ts": {"lines":{"total":66,"covered":0,"skipped":0,"pct":0},"functions":{"total":8,"covered":0,"skipped":0,"pct":0},"statements":{"total":72,"covered":0,"skipped":0,"pct":0},"branches":{"total":62,"covered":0,"skipped":0,"pct":0}}
,"C:\\Users\\khi_h\\Desktop\\Projets\\JanaArchitect\\Joud\\src\\screens\\AITutor\\hooks\\useStudentAnalysis.ts": {"lines":{"total":29,"covered":0,"skipped":0,"pct":0},"functions":{"total":4,"covered":0,"skipped":0,"pct":0},"statements":{"total":29,"covered":0,"skipped":0,"pct":0},"branches":{"total":4,"covered":0,"skipped":0,"pct":0}}
,"C:\\Users\\khi_h\\Desktop\\Projets\\JanaArchitect\\Joud\\src\\screens\\AITutor\\hooks\\useVocabularyExposure.ts": {"lines":{"total":18,"covered":0,"skipped":0,"pct":0},"functions":{"total":4,"covered":0,"skipped":0,"pct":0},"statements":{"total":19,"covered":0,"skipped":0,"pct":0},"branches":{"total":4,"covered":0,"skipped":0,"pct":0}}
,"C:\\Users\\khi_h\\Desktop\\Projets\\JanaArchitect\\Joud\\src\\screens\\ConnectorScreen\\ConnectorExerciseScreen.tsx": {"lines":{"total":53,"covered":40,"skipped":0,"pct":75.47},"functions":{"total":9,"covered":2,"skipped":0,"pct":22.22},"statements":{"total":54,"covered":40,"skipped":0,"pct":74.07},"branches":{"total":32,"covered":19,"skipped":0,"pct":59.37}}
,"C:\\Users\\khi_h\\Desktop\\Projets\\JanaArchitect\\Joud\\src\\screens\\ConnectorScreen\\hooks\\useConnectorContent.ts": {"lines":{"total":18,"covered":18,"skipped":0,"pct":100},"functions":{"total":4,"covered":4,"skipped":0,"pct":100},"statements":{"total":19,"covered":19,"skipped":0,"pct":100},"branches":{"total":11,"covered":10,"skipped":0,"pct":90.9}}
,"C:\\Users\\khi_h\\Desktop\\Projets\\JanaArchitect\\Joud\\src\\screens\\ConnectorScreen\\hooks\\useConnectorHandlers.ts": {"lines":{"total":32,"covered":28,"skipped":0,"pct":87.5},"functions":{"total":22,"covered":16,"skipped":0,"pct":72.72},"statements":{"total":43,"covered":35,"skipped":0,"pct":81.39},"branches":{"total":16,"covered":12,"skipped":0,"pct":75}}
,"C:\\Users\\khi_h\\Desktop\\Projets\\JanaArchitect\\Joud\\src\\screens\\ConnectorScreen\\hooks\\useConnectorState.ts": {"lines":{"total":12,"covered":11,"skipped":0,"pct":91.66},"functions":{"total":8,"covered":6,"skipped":0,"pct":75},"statements":{"total":15,"covered":13,"skipped":0,"pct":86.66},"branches":{"total":0,"covered":0,"skipped":0,"pct":100}}
,"C:\\Users\\khi_h\\Desktop\\Projets\\JanaArchitect\\Joud\\src\\screens\\Dashboard\\Dashboard.tsx": {"lines":{"total":46,"covered":36,"skipped":0,"pct":78.26},"functions":{"total":10,"covered":6,"skipped":0,"pct":60},"statements":{"total":47,"covered":37,"skipped":0,"pct":78.72},"branches":{"total":31,"covered":21,"skipped":0,"pct":67.74}}
,"C:\\Users\\khi_h\\Desktop\\Projets\\JanaArchitect\\Joud\\src\\screens\\Dashboard\\components\\ContinueLearningCard\\index.tsx": {"lines":{"total":17,"covered":11,"skipped":0,"pct":64.7},"functions":{"total":3,"covered":3,"skipped":0,"pct":100},"statements":{"total":18,"covered":12,"skipped":0,"pct":66.66},"branches":{"total":24,"covered":6,"skipped":0,"pct":25}}
,"C:\\Users\\khi_h\\Desktop\\Projets\\JanaArchitect\\Joud\\src\\screens\\Dashboard\\components\\DashboardAiTutorCard\\AiTutorCard.tsx": {"lines":{"total":7,"covered":6,"skipped":0,"pct":85.71},"functions":{"total":2,"covered":1,"skipped":0,"pct":50},"statements":{"total":7,"covered":6,"skipped":0,"pct":85.71},"branches":{"total":10,"covered":5,"skipped":0,"pct":50}}
,"C:\\Users\\khi_h\\Desktop\\Projets\\JanaArchitect\\Joud\\src\\screens\\Dashboard\\components\\DashboardAiTutorCard\\AiTutorCardStyles.ts": {"lines":{"total":2,"covered":0,"skipped":0,"pct":0},"functions":{"total":1,"covered":0,"skipped":0,"pct":0},"statements":{"total":2,"covered":0,"skipped":0,"pct":0},"branches":{"total":0,"covered":0,"skipped":0,"pct":100}}
,"C:\\Users\\khi_h\\Desktop\\Projets\\JanaArchitect\\Joud\\src\\screens\\Dashboard\\components\\DashboardCard\\index.tsx": {"lines":{"total":4,"covered":0,"skipped":0,"pct":0},"functions":{"total":1,"covered":0,"skipped":0,"pct":0},"statements":{"total":4,"covered":0,"skipped":0,"pct":0},"branches":{"total":8,"covered":0,"skipped":0,"pct":0}}
,"C:\\Users\\khi_h\\Desktop\\Projets\\JanaArchitect\\Joud\\src\\screens\\Dashboard\\components\\DashboardCard\\styles.ts": {"lines":{"total":3,"covered":0,"skipped":0,"pct":0},"functions":{"total":1,"covered":0,"skipped":0,"pct":0},"statements":{"total":3,"covered":0,"skipped":0,"pct":0},"branches":{"total":0,"covered":0,"skipped":0,"pct":100}}
,"C:\\Users\\khi_h\\Desktop\\Projets\\JanaArchitect\\Joud\\src\\screens\\Dashboard\\components\\DashboardDailyWordCard\\DailyWordCard.tsx": {"lines":{"total":8,"covered":8,"skipped":0,"pct":100},"functions":{"total":2,"covered":2,"skipped":0,"pct":100},"statements":{"total":9,"covered":9,"skipped":0,"pct":100},"branches":{"total":12,"covered":6,"skipped":0,"pct":50}}
,"C:\\Users\\khi_h\\Desktop\\Projets\\JanaArchitect\\Joud\\src\\screens\\Dashboard\\components\\DashboardDailyWordCard\\DailyWordCardStyles.ts": {"lines":{"total":6,"covered":6,"skipped":0,"pct":100},"functions":{"total":2,"covered":2,"skipped":0,"pct":100},"statements":{"total":6,"covered":6,"skipped":0,"pct":100},"branches":{"total":32,"covered":21,"skipped":0,"pct":65.62}}
,"C:\\Users\\khi_h\\Desktop\\Projets\\JanaArchitect\\Joud\\src\\screens\\Dashboard\\components\\DashboardHeader\\DashboardHeader.tsx": {"lines":{"total":6,"covered":6,"skipped":0,"pct":100},"functions":{"total":1,"covered":1,"skipped":0,"pct":100},"statements":{"total":7,"covered":6,"skipped":0,"pct":85.71},"branches":{"total":7,"covered":6,"skipped":0,"pct":85.71}}
,"C:\\Users\\khi_h\\Desktop\\Projets\\JanaArchitect\\Joud\\src\\screens\\Dashboard\\components\\DashboardHeader\\headerStyles.ts": {"lines":{"total":3,"covered":3,"skipped":0,"pct":100},"functions":{"total":1,"covered":1,"skipped":0,"pct":100},"statements":{"total":3,"covered":3,"skipped":0,"pct":100},"branches":{"total":20,"covered":10,"skipped":0,"pct":50}}
,"C:\\Users\\khi_h\\Desktop\\Projets\\JanaArchitect\\Joud\\src\\screens\\Dashboard\\components\\DashboardLevel\\levelCard.tsx": {"lines":{"total":20,"covered":15,"skipped":0,"pct":75},"functions":{"total":4,"covered":3,"skipped":0,"pct":75},"statements":{"total":23,"covered":16,"skipped":0,"pct":69.56},"branches":{"total":30,"covered":13,"skipped":0,"pct":43.33}}
,"C:\\Users\\khi_h\\Desktop\\Projets\\JanaArchitect\\Joud\\src\\screens\\Dashboard\\components\\DashboardLevel\\levelCardStyle.ts": {"lines":{"total":5,"covered":5,"skipped":0,"pct":100},"functions":{"total":2,"covered":2,"skipped":0,"pct":100},"statements":{"total":6,"covered":6,"skipped":0,"pct":100},"branches":{"total":32,"covered":16,"skipped":0,"pct":50}}
,"C:\\Users\\khi_h\\Desktop\\Projets\\JanaArchitect\\Joud\\src\\screens\\Dashboard\\components\\DashboardMetricsSession\\metricsSession.tsx": {"lines":{"total":24,"covered":24,"skipped":0,"pct":100},"functions":{"total":6,"covered":6,"skipped":0,"pct":100},"statements":{"total":28,"covered":27,"skipped":0,"pct":96.42},"branches":{"total":36,"covered":20,"skipped":0,"pct":55.55}}
,"C:\\Users\\khi_h\\Desktop\\Projets\\JanaArchitect\\Joud\\src\\screens\\Dashboard\\components\\DashboardMetricsSession\\metricsStyle.ts": {"lines":{"total":4,"covered":4,"skipped":0,"pct":100},"functions":{"total":1,"covered":1,"skipped":0,"pct":100},"statements":{"total":4,"covered":4,"skipped":0,"pct":100},"branches":{"total":8,"covered":4,"skipped":0,"pct":50}}
,"C:\\Users\\khi_h\\Desktop\\Projets\\JanaArchitect\\Joud\\src\\screens\\Dashboard\\components\\RevisionCard\\index.tsx": {"lines":{"total":10,"covered":9,"skipped":0,"pct":90},"functions":{"total":2,"covered":2,"skipped":0,"pct":100},"statements":{"total":10,"covered":9,"skipped":0,"pct":90},"branches":{"total":30,"covered":10,"skipped":0,"pct":33.33}}
,"C:\\Users\\khi_h\\Desktop\\Projets\\JanaArchitect\\Joud\\src\\screens\\Dashboard\\styles\\dashboardStyle.ts": {"lines":{"total":5,"covered":5,"skipped":0,"pct":100},"functions":{"total":1,"covered":1,"skipped":0,"pct":100},"statements":{"total":5,"covered":5,"skipped":0,"pct":100},"branches":{"total":22,"covered":12,"skipped":0,"pct":54.54}}
,"C:\\Users\\khi_h\\Desktop\\Projets\\JanaArchitect\\Joud\\src\\screens\\DialoguesScreen\\DialogueExerciseScreen.tsx": {"lines":{"total":82,"covered":52,"skipped":0,"pct":63.41},"functions":{"total":20,"covered":5,"skipped":0,"pct":25},"statements":{"total":98,"covered":54,"skipped":0,"pct":55.1},"branches":{"total":88,"covered":37,"skipped":0,"pct":42.04}}
,"C:\\Users\\khi_h\\Desktop\\Projets\\JanaArchitect\\Joud\\src\\screens\\DialoguesScreen\\hooks\\useDialogueContent.ts": {"lines":{"total":41,"covered":40,"skipped":0,"pct":97.56},"functions":{"total":5,"covered":5,"skipped":0,"pct":100},"statements":{"total":43,"covered":42,"skipped":0,"pct":97.67},"branches":{"total":40,"covered":28,"skipped":0,"pct":70}}
,"C:\\Users\\khi_h\\Desktop\\Projets\\JanaArchitect\\Joud\\src\\screens\\ExerciceSelectionScreen\\index.tsx": {"lines":{"total":58,"covered":36,"skipped":0,"pct":62.06},"functions":{"total":19,"covered":7,"skipped":0,"pct":36.84},"statements":{"total":67,"covered":38,"skipped":0,"pct":56.71},"branches":{"total":40,"covered":16,"skipped":0,"pct":40}}
,"C:\\Users\\khi_h\\Desktop\\Projets\\JanaArchitect\\Joud\\src\\screens\\ExerciceSelectionScreen\\style.ts": {"lines":{"total":0,"covered":0,"skipped":0,"pct":100},"functions":{"total":0,"covered":0,"skipped":0,"pct":100},"statements":{"total":0,"covered":0,"skipped":0,"pct":100},"branches":{"total":0,"covered":0,"skipped":0,"pct":100}}
,"C:\\Users\\khi_h\\Desktop\\Projets\\JanaArchitect\\Joud\\src\\screens\\FamilySelectionScreen\\index.tsx": {"lines":{"total":67,"covered":48,"skipped":0,"pct":71.64},"functions":{"total":18,"covered":8,"skipped":0,"pct":44.44},"statements":{"total":77,"covered":56,"skipped":0,"pct":72.72},"branches":{"total":68,"covered":35,"skipped":0,"pct":51.47}}
,"C:\\Users\\khi_h\\Desktop\\Projets\\JanaArchitect\\Joud\\src\\screens\\FamilySelectionScreen\\style.ts": {"lines":{"total":0,"covered":0,"skipped":0,"pct":100},"functions":{"total":0,"covered":0,"skipped":0,"pct":100},"statements":{"total":0,"covered":0,"skipped":0,"pct":100},"branches":{"total":0,"covered":0,"skipped":0,"pct":100}}
,"C:\\Users\\khi_h\\Desktop\\Projets\\JanaArchitect\\Joud\\src\\screens\\GrammarScreen\\GrammarExerciseScreen.tsx": {"lines":{"total":58,"covered":39,"skipped":0,"pct":67.24},"functions":{"total":14,"covered":3,"skipped":0,"pct":21.42},"statements":{"total":70,"covered":41,"skipped":0,"pct":58.57},"branches":{"total":59,"covered":25,"skipped":0,"pct":42.37}}
,"C:\\Users\\khi_h\\Desktop\\Projets\\JanaArchitect\\Joud\\src\\screens\\GrammarScreen\\index.tsx": {"lines":{"total":0,"covered":0,"skipped":0,"pct":100},"functions":{"total":0,"covered":0,"skipped":0,"pct":100},"statements":{"total":0,"covered":0,"skipped":0,"pct":100},"branches":{"total":0,"covered":0,"skipped":0,"pct":100}}
,"C:\\Users\\khi_h\\Desktop\\Projets\\JanaArchitect\\Joud\\src\\screens\\GrammarScreen\\types.ts": {"lines":{"total":0,"covered":0,"skipped":0,"pct":100},"functions":{"total":0,"covered":0,"skipped":0,"pct":100},"statements":{"total":0,"covered":0,"skipped":0,"pct":100},"branches":{"total":0,"covered":0,"skipped":0,"pct":100}}
,"C:\\Users\\khi_h\\Desktop\\Projets\\JanaArchitect\\Joud\\src\\screens\\GrammarScreen\\hooks\\useGrammarContent.ts": {"lines":{"total":21,"covered":21,"skipped":0,"pct":100},"functions":{"total":4,"covered":4,"skipped":0,"pct":100},"statements":{"total":21,"covered":21,"skipped":0,"pct":100},"branches":{"total":27,"covered":14,"skipped":0,"pct":51.85}}
,"C:\\Users\\khi_h\\Desktop\\Projets\\JanaArchitect\\Joud\\src\\screens\\Onboarding\\OnboardingScreen.tsx": {"lines":{"total":16,"covered":8,"skipped":0,"pct":50},"functions":{"total":3,"covered":1,"skipped":0,"pct":33.33},"statements":{"total":17,"covered":8,"skipped":0,"pct":47.05},"branches":{"total":14,"covered":8,"skipped":0,"pct":57.14}}
,"C:\\Users\\khi_h\\Desktop\\Projets\\JanaArchitect\\Joud\\src\\screens\\ReadingScreen\\ReadingExerciseScreen.tsx": {"lines":{"total":47,"covered":31,"skipped":0,"pct":65.95},"functions":{"total":7,"covered":1,"skipped":0,"pct":14.28},"statements":{"total":50,"covered":32,"skipped":0,"pct":64},"branches":{"total":20,"covered":11,"skipped":0,"pct":55}}
,"C:\\Users\\khi_h\\Desktop\\Projets\\JanaArchitect\\Joud\\src\\screens\\ReadingScreen\\hooks\\useReadingContent.ts": {"lines":{"total":21,"covered":21,"skipped":0,"pct":100},"functions":{"total":5,"covered":5,"skipped":0,"pct":100},"statements":{"total":21,"covered":21,"skipped":0,"pct":100},"branches":{"total":15,"covered":13,"skipped":0,"pct":86.66}}
,"C:\\Users\\khi_h\\Desktop\\Projets\\JanaArchitect\\Joud\\src\\screens\\ReadingScreen\\hooks\\useReadingHandlers.ts": {"lines":{"total":19,"covered":19,"skipped":0,"pct":100},"functions":{"total":9,"covered":7,"skipped":0,"pct":77.77},"statements":{"total":25,"covered":23,"skipped":0,"pct":92},"branches":{"total":18,"covered":16,"skipped":0,"pct":88.88}}
,"C:\\Users\\khi_h\\Desktop\\Projets\\JanaArchitect\\Joud\\src\\screens\\ReadingScreen\\hooks\\useReadingState.ts": {"lines":{"total":5,"covered":0,"skipped":0,"pct":0},"functions":{"total":2,"covered":0,"skipped":0,"pct":0},"statements":{"total":5,"covered":0,"skipped":0,"pct":0},"branches":{"total":0,"covered":0,"skipped":0,"pct":100}}
,"C:\\Users\\khi_h\\Desktop\\Projets\\JanaArchitect\\Joud\\src\\screens\\RevisionScreen\\index.tsx": {"lines":{"total":38,"covered":25,"skipped":0,"pct":65.78},"functions":{"total":8,"covered":4,"skipped":0,"pct":50},"statements":{"total":38,"covered":25,"skipped":0,"pct":65.78},"branches":{"total":25,"covered":11,"skipped":0,"pct":44}}
,"C:\\Users\\khi_h\\Desktop\\Projets\\JanaArchitect\\Joud\\src\\screens\\RevisionScreen\\components\\SelectionPhase.tsx": {"lines":{"total":5,"covered":3,"skipped":0,"pct":60},"functions":{"total":3,"covered":1,"skipped":0,"pct":33.33},"statements":{"total":5,"covered":3,"skipped":0,"pct":60},"branches":{"total":12,"covered":7,"skipped":0,"pct":58.33}}
,"C:\\Users\\khi_h\\Desktop\\Projets\\JanaArchitect\\Joud\\src\\screens\\RevisionScreen\\components\\SessionPhase.tsx": {"lines":{"total":6,"covered":1,"skipped":0,"pct":16.66},"functions":{"total":1,"covered":0,"skipped":0,"pct":0},"statements":{"total":6,"covered":1,"skipped":0,"pct":16.66},"branches":{"total":8,"covered":0,"skipped":0,"pct":0}}
,"C:\\Users\\khi_h\\Desktop\\Projets\\JanaArchitect\\Joud\\src\\screens\\RevisionScreen\\components\\SummaryPhase.tsx": {"lines":{"total":9,"covered":1,"skipped":0,"pct":11.11},"functions":{"total":2,"covered":0,"skipped":0,"pct":0},"statements":{"total":12,"covered":1,"skipped":0,"pct":8.33},"branches":{"total":16,"covered":0,"skipped":0,"pct":0}}
,"C:\\Users\\khi_h\\Desktop\\Projets\\JanaArchitect\\Joud\\src\\screens\\SentenceScreen\\SentenceExerciceScreen.tsx": {"lines":{"total":70,"covered":40,"skipped":0,"pct":57.14},"functions":{"total":9,"covered":2,"skipped":0,"pct":22.22},"statements":{"total":72,"covered":40,"skipped":0,"pct":55.55},"branches":{"total":69,"covered":34,"skipped":0,"pct":49.27}}
,"C:\\Users\\khi_h\\Desktop\\Projets\\JanaArchitect\\Joud\\src\\screens\\SubFamilySelectionScreen\\index.tsx": {"lines":{"total":35,"covered":19,"skipped":0,"pct":54.28},"functions":{"total":10,"covered":3,"skipped":0,"pct":30},"statements":{"total":39,"covered":21,"skipped":0,"pct":53.84},"branches":{"total":43,"covered":16,"skipped":0,"pct":37.2}}
,"C:\\Users\\khi_h\\Desktop\\Projets\\JanaArchitect\\Joud\\src\\screens\\SubFamilySelectionScreen\\style.ts": {"lines":{"total":0,"covered":0,"skipped":0,"pct":100},"functions":{"total":0,"covered":0,"skipped":0,"pct":100},"statements":{"total":0,"covered":0,"skipped":0,"pct":100},"branches":{"total":0,"covered":0,"skipped":0,"pct":100}}
,"C:\\Users\\khi_h\\Desktop\\Projets\\JanaArchitect\\Joud\\src\\screens\\VocabularyScreen\\VocabularyExerciceScreen.tsx": {"lines":{"total":51,"covered":35,"skipped":0,"pct":68.62},"functions":{"total":12,"covered":2,"skipped":0,"pct":16.66},"statements":{"total":55,"covered":35,"skipped":0,"pct":63.63},"branches":{"total":42,"covered":27,"skipped":0,"pct":64.28}}
,"C:\\Users\\khi_h\\Desktop\\Projets\\JanaArchitect\\Joud\\src\\screens\\VocabularyScreen\\schema.ts": {"lines":{"total":0,"covered":0,"skipped":0,"pct":100},"functions":{"total":0,"covered":0,"skipped":0,"pct":100},"statements":{"total":0,"covered":0,"skipped":0,"pct":100},"branches":{"total":0,"covered":0,"skipped":0,"pct":100}}
,"C:\\Users\\khi_h\\Desktop\\Projets\\JanaArchitect\\Joud\\src\\screens\\WordGames\\WordGamesExerciseScreen.tsx": {"lines":{"total":39,"covered":29,"skipped":0,"pct":74.35},"functions":{"total":6,"covered":3,"skipped":0,"pct":50},"statements":{"total":41,"covered":30,"skipped":0,"pct":73.17},"branches":{"total":38,"covered":19,"skipped":0,"pct":50}}
,"C:\\Users\\khi_h\\Desktop\\Projets\\JanaArchitect\\Joud\\src\\screens\\WordGames\\schema.ts": {"lines":{"total":16,"covered":10,"skipped":0,"pct":62.5},"functions":{"total":8,"covered":2,"skipped":0,"pct":25},"statements":{"total":16,"covered":10,"skipped":0,"pct":62.5},"branches":{"total":0,"covered":0,"skipped":0,"pct":100}}
,"C:\\Users\\khi_h\\Desktop\\Projets\\JanaArchitect\\Joud\\src\\screens\\WordGames\\hooks\\useGameHandlers.ts": {"lines":{"total":41,"covered":40,"skipped":0,"pct":97.56},"functions":{"total":25,"covered":21,"skipped":0,"pct":84},"statements":{"total":56,"covered":50,"skipped":0,"pct":89.28},"branches":{"total":28,"covered":24,"skipped":0,"pct":85.71}}
,"C:\\Users\\khi_h\\Desktop\\Projets\\JanaArchitect\\Joud\\src\\screens\\WordGames\\hooks\\useGameState.ts": {"lines":{"total":25,"covered":25,"skipped":0,"pct":100},"functions":{"total":4,"covered":4,"skipped":0,"pct":100},"statements":{"total":26,"covered":26,"skipped":0,"pct":100},"branches":{"total":6,"covered":5,"skipped":0,"pct":83.33}}
,"C:\\Users\\khi_h\\Desktop\\Projets\\JanaArchitect\\Joud\\src\\screens\\components\\APIKeyInput.tsx": {"lines":{"total":2,"covered":0,"skipped":0,"pct":0},"functions":{"total":1,"covered":0,"skipped":0,"pct":0},"statements":{"total":2,"covered":0,"skipped":0,"pct":0},"branches":{"total":0,"covered":0,"skipped":0,"pct":100}}
,"C:\\Users\\khi_h\\Desktop\\Projets\\JanaArchitect\\Joud\\src\\screens\\components\\InfoBox.tsx": {"lines":{"total":2,"covered":0,"skipped":0,"pct":0},"functions":{"total":1,"covered":0,"skipped":0,"pct":0},"statements":{"total":2,"covered":0,"skipped":0,"pct":0},"branches":{"total":3,"covered":0,"skipped":0,"pct":0}}
,"C:\\Users\\khi_h\\Desktop\\Projets\\JanaArchitect\\Joud\\src\\screens\\components\\ProviderSelector.tsx": {"lines":{"total":4,"covered":0,"skipped":0,"pct":0},"functions":{"total":3,"covered":0,"skipped":0,"pct":0},"statements":{"total":4,"covered":0,"skipped":0,"pct":0},"branches":{"total":4,"covered":0,"skipped":0,"pct":0}}
,"C:\\Users\\khi_h\\Desktop\\Projets\\JanaArchitect\\Joud\\src\\screens\\components\\index.ts": {"lines":{"total":0,"covered":0,"skipped":0,"pct":100},"functions":{"total":0,"covered":0,"skipped":0,"pct":100},"statements":{"total":0,"covered":0,"skipped":0,"pct":100},"branches":{"total":0,"covered":0,"skipped":0,"pct":100}}
,"C:\\Users\\khi_h\\Desktop\\Projets\\JanaArchitect\\Joud\\src\\services\\SecureStorage.ts": {"lines":{"total":52,"covered":47,"skipped":0,"pct":90.38},"functions":{"total":8,"covered":8,"skipped":0,"pct":100},"statements":{"total":52,"covered":47,"skipped":0,"pct":90.38},"branches":{"total":34,"covered":29,"skipped":0,"pct":85.29}}
,"C:\\Users\\khi_h\\Desktop\\Projets\\JanaArchitect\\Joud\\src\\services\\subfamilyService.ts": {"lines":{"total":4,"covered":0,"skipped":0,"pct":0},"functions":{"total":1,"covered":0,"skipped":0,"pct":0},"statements":{"total":4,"covered":0,"skipped":0,"pct":0},"branches":{"total":4,"covered":0,"skipped":0,"pct":0}}
,"C:\\Users\\khi_h\\Desktop\\Projets\\JanaArchitect\\Joud\\src\\services\\ai\\aiService.ts": {"lines":{"total":63,"covered":13,"skipped":0,"pct":20.63},"functions":{"total":15,"covered":1,"skipped":0,"pct":6.66},"statements":{"total":67,"covered":13,"skipped":0,"pct":19.4},"branches":{"total":68,"covered":16,"skipped":0,"pct":23.52}}
,"C:\\Users\\khi_h\\Desktop\\Projets\\JanaArchitect\\Joud\\src\\services\\ai\\ragService.ts": {"lines":{"total":63,"covered":0,"skipped":0,"pct":0},"functions":{"total":17,"covered":0,"skipped":0,"pct":0},"statements":{"total":76,"covered":0,"skipped":0,"pct":0},"branches":{"total":87,"covered":0,"skipped":0,"pct":0}}
,"C:\\Users\\khi_h\\Desktop\\Projets\\JanaArchitect\\Joud\\src\\styles\\selectionScreenStyles.ts": {"lines":{"total":3,"covered":3,"skipped":0,"pct":100},"functions":{"total":1,"covered":1,"skipped":0,"pct":100},"statements":{"total":3,"covered":3,"skipped":0,"pct":100},"branches":{"total":6,"covered":3,"skipped":0,"pct":50}}
,"C:\\Users\\khi_h\\Desktop\\Projets\\JanaArchitect\\Joud\\src\\themes\\ThemeContainer.tsx": {"lines":{"total":5,"covered":4,"skipped":0,"pct":80},"functions":{"total":1,"covered":1,"skipped":0,"pct":100},"statements":{"total":5,"covered":4,"skipped":0,"pct":80},"branches":{"total":5,"covered":2,"skipped":0,"pct":40}}
,"C:\\Users\\khi_h\\Desktop\\Projets\\JanaArchitect\\Joud\\src\\themes\\ThemeContext.tsx": {"lines":{"total":57,"covered":53,"skipped":0,"pct":92.98},"functions":{"total":11,"covered":11,"skipped":0,"pct":100},"statements":{"total":62,"covered":57,"skipped":0,"pct":91.93},"branches":{"total":74,"covered":54,"skipped":0,"pct":72.97}}
,"C:\\Users\\khi_h\\Desktop\\Projets\\JanaArchitect\\Joud\\src\\themes\\colors.ts": {"lines":{"total":4,"covered":4,"skipped":0,"pct":100},"functions":{"total":0,"covered":0,"skipped":0,"pct":100},"statements":{"total":4,"covered":4,"skipped":0,"pct":100},"branches":{"total":0,"covered":0,"skipped":0,"pct":100}}
,"C:\\Users\\khi_h\\Desktop\\Projets\\JanaArchitect\\Joud\\src\\themes\\tokens.ts": {"lines":{"total":17,"covered":17,"skipped":0,"pct":100},"functions":{"total":1,"covered":1,"skipped":0,"pct":100},"statements":{"total":17,"covered":17,"skipped":0,"pct":100},"branches":{"total":0,"covered":0,"skipped":0,"pct":100}}
,"C:\\Users\\khi_h\\Desktop\\Projets\\JanaArchitect\\Joud\\src\\themes\\types.ts": {"lines":{"total":0,"covered":0,"skipped":0,"pct":100},"functions":{"total":0,"covered":0,"skipped":0,"pct":100},"statements":{"total":0,"covered":0,"skipped":0,"pct":100},"branches":{"total":0,"covered":0,"skipped":0,"pct":100}}
,"C:\\Users\\khi_h\\Desktop\\Projets\\JanaArchitect\\Joud\\src\\types\\pedagogy.ts": {"lines":{"total":0,"covered":0,"skipped":0,"pct":100},"functions":{"total":0,"covered":0,"skipped":0,"pct":100},"statements":{"total":0,"covered":0,"skipped":0,"pct":100},"branches":{"total":0,"covered":0,"skipped":0,"pct":100}}
,"C:\\Users\\khi_h\\Desktop\\Projets\\JanaArchitect\\Joud\\src\\utils\\badgeHelper.ts": {"lines":{"total":0,"covered":0,"skipped":0,"pct":100},"functions":{"total":0,"covered":0,"skipped":0,"pct":100},"statements":{"total":0,"covered":0,"skipped":0,"pct":100},"branches":{"total":0,"covered":0,"skipped":0,"pct":100}}
,"C:\\Users\\khi_h\\Desktop\\Projets\\JanaArchitect\\Joud\\src\\utils\\exerciseMoodHelper.ts": {"lines":{"total":14,"covered":9,"skipped":0,"pct":64.28},"functions":{"total":3,"covered":3,"skipped":0,"pct":100},"statements":{"total":14,"covered":9,"skipped":0,"pct":64.28},"branches":{"total":8,"covered":2,"skipped":0,"pct":25}}
,"C:\\Users\\khi_h\\Desktop\\Projets\\JanaArchitect\\Joud\\src\\utils\\feedback.ts": {"lines":{"total":9,"covered":9,"skipped":0,"pct":100},"functions":{"total":1,"covered":1,"skipped":0,"pct":100},"statements":{"total":9,"covered":9,"skipped":0,"pct":100},"branches":{"total":10,"covered":10,"skipped":0,"pct":100}}
,"C:\\Users\\khi_h\\Desktop\\Projets\\JanaArchitect\\Joud\\src\\utils\\inputSanitizer.ts": {"lines":{"total":2,"covered":2,"skipped":0,"pct":100},"functions":{"total":2,"covered":2,"skipped":0,"pct":100},"statements":{"total":2,"covered":2,"skipped":0,"pct":100},"branches":{"total":1,"covered":1,"skipped":0,"pct":100}}
,"C:\\Users\\khi_h\\Desktop\\Projets\\JanaArchitect\\Joud\\src\\utils\\labelMapper.ts": {"lines":{"total":73,"covered":70,"skipped":0,"pct":95.89},"functions":{"total":10,"covered":10,"skipped":0,"pct":100},"statements":{"total":76,"covered":73,"skipped":0,"pct":96.05},"branches":{"total":50,"covered":43,"skipped":0,"pct":86}}
,"C:\\Users\\khi_h\\Desktop\\Projets\\JanaArchitect\\Joud\\src\\utils\\logUtils.ts": {"lines":{"total":11,"covered":11,"skipped":0,"pct":100},"functions":{"total":5,"covered":5,"skipped":0,"pct":100},"statements":{"total":11,"covered":11,"skipped":0,"pct":100},"branches":{"total":8,"covered":4,"skipped":0,"pct":50}}
,"C:\\Users\\khi_h\\Desktop\\Projets\\JanaArchitect\\Joud\\src\\utils\\moduleHelper.ts": {"lines":{"total":60,"covered":58,"skipped":0,"pct":96.66},"functions":{"total":8,"covered":8,"skipped":0,"pct":100},"statements":{"total":62,"covered":59,"skipped":0,"pct":95.16},"branches":{"total":44,"covered":42,"skipped":0,"pct":95.45}}
,"C:\\Users\\khi_h\\Desktop\\Projets\\JanaArchitect\\Joud\\src\\utils\\navigationHelper.ts": {"lines":{"total":14,"covered":14,"skipped":0,"pct":100},"functions":{"total":4,"covered":4,"skipped":0,"pct":100},"statements":{"total":14,"covered":14,"skipped":0,"pct":100},"branches":{"total":8,"covered":8,"skipped":0,"pct":100}}
,"C:\\Users\\khi_h\\Desktop\\Projets\\JanaArchitect\\Joud\\src\\utils\\familySelection\\familySelectionHelper.ts": {"lines":{"total":36,"covered":36,"skipped":0,"pct":100},"functions":{"total":7,"covered":7,"skipped":0,"pct":100},"statements":{"total":44,"covered":44,"skipped":0,"pct":100},"branches":{"total":25,"covered":23,"skipped":0,"pct":92}}
}
