TN:
SF:src\components\ErrorBoundary.tsx
FN:19,(anonymous_0)
FN:24,(anonymous_1)
FN:28,(anonymous_2)
FN:33,(anonymous_3)
FN:37,(anonymous_4)
FNF:5
FNH:0
FNDA:0,(anonymous_0)
FNDA:0,(anonymous_1)
FNDA:0,(anonymous_2)
FNDA:0,(anonymous_3)
FNDA:0,(anonymous_4)
DA:20,0
DA:21,0
DA:25,0
DA:30,0
DA:33,0
DA:34,0
DA:38,0
DA:39,0
DA:53,0
DA:57,0
LF:10
LH:0
BRDA:38,0,0,0
BRDA:38,0,1,0
BRDA:44,1,0,0
BRDA:44,1,1,0
BRF:4
BRH:0
end_of_record
TN:
SF:src\components\common\CompletionModal\index.tsx
FN:35,(anonymous_0)
FN:52,(anonymous_1)
FNF:2
FNH:0
FNDA:0,(anonymous_0)
FNDA:0,(anonymous_1)
DA:35,1
DA:43,0
DA:44,0
DA:47,0
DA:48,0
DA:49,0
DA:50,0
DA:52,0
DA:53,0
DA:55,0
DA:56,0
DA:57,0
DA:58,0
DA:61,0
DA:96,0
DA:101,0
DA:166,1
LF:17
LH:2
BRDA:37,0,0,0
BRDA:38,1,0,0
BRDA:39,2,0,0
BRDA:41,3,0,0
BRDA:53,4,0,0
BRDA:53,4,1,0
BRDA:116,5,0,0
BRDA:116,5,1,0
BRDA:126,6,0,0
BRDA:126,6,1,0
BRDA:146,7,0,0
BRDA:146,7,1,0
BRF:12
BRH:0
end_of_record
TN:
SF:src\components\common\ExerciseProgressBar\index.tsx
FN:19,(anonymous_0)
FN:24,(anonymous_1)
FN:44,(anonymous_2)
FNF:3
FNH:3
FNDA:2,(anonymous_0)
FNDA:1,(anonymous_1)
FNDA:1,(anonymous_2)
DA:19,2
DA:23,2
DA:24,2
DA:27,2
DA:29,2
DA:44,2
LF:6
LH:6
BRDA:32,0,0,2
BRDA:32,0,1,2
BRF:2
BRH:2
end_of_record
TN:
SF:src\components\common\ExerciseValidation\helpers.ts
FN:14,(anonymous_0)
FN:50,(anonymous_1)
FN:107,(anonymous_2)
FNF:3
FNH:2
FNDA:6,(anonymous_0)
FNDA:12,(anonymous_1)
FNDA:0,(anonymous_2)
DA:14,3
DA:20,6
DA:43,6
DA:50,3
DA:58,12
DA:61,10
DA:63,9
DA:66,2
DA:74,3
DA:84,3
DA:85,1
DA:92,2
DA:99,1
DA:107,3
DA:110,0
DA:111,0
LF:16
LH:14
BRDA:27,0,0,1
BRDA:27,0,1,5
BRDA:28,1,0,1
BRDA:28,1,1,5
BRDA:43,2,0,6
BRDA:43,2,1,1
BRDA:58,3,0,2
BRDA:58,3,1,10
BRDA:61,4,0,1
BRDA:61,4,1,9
BRDA:63,5,0,2
BRDA:63,5,1,3
BRDA:63,5,2,3
BRDA:63,5,3,1
BRDA:76,6,0,2
BRDA:76,6,1,1
BRDA:84,7,0,1
BRDA:84,7,1,2
BRF:18
BRH:18
end_of_record
TN:
SF:src\components\common\ExerciseValidation\index.tsx
FN:22,(anonymous_0)
FN:24,(anonymous_1)
FN:30,(anonymous_2)
FN:108,(anonymous_3)
FN:123,(anonymous_4)
FN:129,(anonymous_5)
FN:143,(anonymous_6)
FN:149,(anonymous_7)
FN:153,(anonymous_8)
FN:157,(anonymous_9)
FN:161,(anonymous_10)
FN:177,(anonymous_11)
FN:194,(anonymous_12)
FN:200,(anonymous_13)
FN:230,(anonymous_14)
FNF:15
FNH:0
FNDA:0,(anonymous_0)
FNDA:0,(anonymous_1)
FNDA:0,(anonymous_2)
FNDA:0,(anonymous_3)
FNDA:0,(anonymous_4)
FNDA:0,(anonymous_5)
FNDA:0,(anonymous_6)
FNDA:0,(anonymous_7)
FNDA:0,(anonymous_8)
FNDA:0,(anonymous_9)
FNDA:0,(anonymous_10)
FNDA:0,(anonymous_11)
FNDA:0,(anonymous_12)
FNDA:0,(anonymous_13)
FNDA:0,(anonymous_14)
DA:22,2
DA:23,0
DA:24,0
DA:26,0
DA:27,0
DA:28,0
DA:30,0
DA:32,0
DA:53,0
DA:55,0
DA:108,2
DA:122,0
DA:123,0
DA:126,0
DA:127,0
DA:129,0
DA:130,0
DA:144,0
DA:149,0
DA:150,0
DA:153,0
DA:154,0
DA:157,0
DA:158,0
DA:161,0
DA:162,0
DA:165,0
DA:166,0
DA:167,0
DA:177,0
DA:178,0
DA:179,0
DA:193,0
DA:194,0
DA:196,0
DA:200,0
DA:201,0
DA:203,0
DA:204,0
DA:205,0
DA:206,0
DA:207,0
DA:208,0
DA:209,0
DA:210,0
DA:215,0
DA:220,0
DA:222,0
DA:231,0
LF:49
LH:2
BRDA:53,0,0,0
BRDA:53,0,1,0
BRDA:59,1,0,0
BRDA:59,1,1,0
BRDA:69,2,0,0
BRDA:69,2,1,0
BRDA:71,3,0,0
BRDA:71,3,1,0
BRDA:80,4,0,0
BRDA:80,4,1,0
BRDA:88,5,0,0
BRDA:88,5,1,0
BRDA:96,6,0,0
BRDA:96,6,1,0
BRDA:109,7,0,0
BRDA:114,8,0,0
BRDA:115,9,0,0
BRDA:116,10,0,0
BRDA:117,11,0,0
BRDA:118,12,0,0
BRDA:119,13,0,0
BRDA:120,14,0,0
BRDA:144,15,0,0
BRDA:144,15,1,0
BRDA:150,16,0,0
BRDA:150,16,1,0
BRDA:154,17,0,0
BRDA:154,17,1,0
BRDA:158,18,0,0
BRDA:158,18,1,0
BRDA:162,19,0,0
BRDA:162,19,1,0
BRDA:178,20,0,0
BRDA:178,20,1,0
BRDA:201,21,0,0
BRDA:201,21,1,0
BRDA:203,22,0,0
BRDA:203,22,1,0
BRDA:205,23,0,0
BRDA:205,23,1,0
BRDA:207,24,0,0
BRDA:207,24,1,0
BRDA:209,25,0,0
BRDA:209,25,1,0
BRDA:228,26,0,0
BRDA:228,26,1,0
BRDA:228,26,2,0
BRDA:228,26,3,0
BRDA:233,27,0,0
BRDA:233,27,1,0
BRDA:237,28,0,0
BRDA:237,28,1,0
BRDA:246,29,0,0
BRDA:246,29,1,0
BRDA:255,30,0,0
BRDA:255,30,1,0
BRDA:269,31,0,0
BRDA:269,31,1,0
BRDA:269,31,2,0
BRF:59
BRH:0
end_of_record
TN:
SF:src\components\common\ExerciseValidation\styles.ts
FN:18,(anonymous_0)
FNF:1
FNH:0
FNDA:0,(anonymous_0)
DA:18,2
LF:1
LH:1
BRF:0
BRH:0
end_of_record
TN:
SF:src\components\common\ExerciseValidation\types.ts
FNF:0
FNH:0
LF:0
LH:0
BRF:0
BRH:0
end_of_record
TN:
SF:src\components\common\NavigationButtons\index.tsx
FN:16,(anonymous_0)
FN:25,(anonymous_1)
FNF:2
FNH:0
FNDA:0,(anonymous_0)
FNDA:0,(anonymous_1)
DA:16,1
DA:24,0
DA:25,0
DA:27,0
LF:4
LH:1
BRDA:20,0,0,0
BRDA:21,1,0,0
BRDA:22,2,0,0
BRDA:30,3,0,0
BRDA:30,3,1,0
BRDA:30,4,0,0
BRDA:30,4,1,0
BRDA:51,5,0,0
BRDA:51,5,1,0
BRDA:57,6,0,0
BRDA:57,6,1,0
BRF:11
BRH:0
end_of_record
TN:
SF:src\components\common\NavigationButtons\style.ts
FN:18,(anonymous_0)
FNF:1
FNH:0
FNDA:0,(anonymous_0)
DA:16,1
DA:18,1
DA:20,0
DA:21,0
DA:24,0
DA:28,0
LF:6
LH:2
BRDA:21,0,0,0
BRDA:21,0,1,0
BRDA:24,1,0,0
BRDA:24,1,1,0
BRDA:59,2,0,0
BRDA:59,2,1,0
BRDA:71,3,0,0
BRDA:71,3,1,0
BRF:8
BRH:0
end_of_record
TN:
SF:src\components\common\NavigationButtons\hooks\useButtonPressAnimation.ts
FN:15,(anonymous_0)
FN:23,(anonymous_1)
FN:39,(anonymous_2)
FNF:3
FNH:0
FNDA:0,(anonymous_0)
FNDA:0,(anonymous_1)
FNDA:0,(anonymous_2)
DA:15,0
DA:17,0
DA:23,0
DA:24,0
DA:41,0
DA:45,0
LF:6
LH:0
BRDA:41,0,0,0
BRDA:41,0,1,0
BRF:2
BRH:0
end_of_record
TN:
SF:src\components\family\FamilyCard.tsx
FN:24,(anonymous_0)
FNF:1
FNH:0
FNDA:0,(anonymous_0)
DA:24,1
DA:25,0
LF:2
LH:1
BRF:0
BRH:0
end_of_record
TN:
SF:src\components\family\RecentActivityCard.tsx
FN:23,(anonymous_0)
FNF:1
FNH:0
FNDA:0,(anonymous_0)
DA:23,0
DA:24,0
LF:2
LH:0
BRF:0
BRH:0
end_of_record
TN:
SF:src\components\flow\FlowCard\helpers.ts
FN:8,(anonymous_0)
FNF:1
FNH:1
FNDA:18,(anonymous_0)
DA:8,2
DA:9,18
DA:10,18
LF:3
LH:3
BRF:0
BRH:0
end_of_record
TN:
SF:src\components\flow\FlowCard\index.tsx
FN:31,(anonymous_0)
FN:55,(anonymous_1)
FN:59,(anonymous_2)
FN:67,(anonymous_3)
FNF:4
FNH:3
FNDA:19,(anonymous_0)
FNDA:19,(anonymous_1)
FNDA:0,(anonymous_2)
FNDA:19,(anonymous_3)
DA:31,2
DA:45,19
DA:46,19
DA:47,19
DA:48,19
DA:50,19
DA:51,19
DA:52,19
DA:54,19
DA:55,19
DA:59,19
DA:60,0
DA:61,0
DA:64,0
DA:67,19
DA:68,19
DA:69,19
DA:70,0
DA:71,19
DA:72,19
DA:74,18
DA:75,18
DA:76,0
DA:78,0
DA:82,19
DA:84,19
LF:26
LH:20
BRDA:37,0,0,2
BRDA:38,1,0,19
BRDA:39,2,0,12
BRDA:41,3,0,0
BRDA:42,4,0,19
BRDA:43,5,0,19
BRDA:47,6,0,19
BRDA:47,6,1,19
BRDA:50,7,0,1
BRDA:50,7,1,18
BRDA:50,8,0,18
BRDA:50,8,1,0
BRDA:52,9,0,19
BRDA:52,9,1,0
BRDA:60,10,0,0
BRDA:60,10,1,0
BRDA:60,11,0,0
BRDA:60,11,1,0
BRDA:62,12,0,0
BRDA:62,12,1,0
BRDA:69,13,0,19
BRDA:69,13,1,0
BRDA:70,14,0,0
BRDA:70,14,1,0
BRDA:72,15,0,1
BRDA:72,15,1,18
BRDA:74,16,0,18
BRDA:74,16,1,0
BRDA:75,17,0,18
BRDA:75,17,1,0
BRDA:78,18,0,0
BRDA:78,18,1,0
BRDA:78,19,0,0
BRDA:78,19,1,0
BRDA:82,20,0,19
BRDA:82,20,1,0
BRDA:86,21,0,19
BRDA:86,21,1,0
BRDA:90,22,0,19
BRDA:90,22,1,1
BRDA:93,23,0,19
BRDA:93,23,1,18
BRDA:95,24,0,19
BRDA:95,24,1,0
BRDA:101,25,0,19
BRDA:101,25,1,19
BRDA:108,26,0,19
BRDA:108,26,1,19
BRDA:108,26,2,17
BRDA:111,27,0,19
BRDA:111,27,1,0
BRDA:111,28,0,19
BRDA:111,28,1,0
BRDA:114,29,0,19
BRDA:114,29,1,0
BRDA:114,29,2,0
BRDA:114,29,3,0
BRDA:120,30,0,19
BRDA:120,30,1,19
BRDA:120,30,2,2
BRF:60
BRH:34
end_of_record
TN:
SF:src\components\flow\FlowCard\style.ts
FN:13,(anonymous_0)
FN:47,(anonymous_1)
FN:72,(anonymous_2)
FN:83,(anonymous_3)
FNF:4
FNH:4
FNDA:19,(anonymous_0)
FNDA:19,(anonymous_1)
FNDA:19,(anonymous_2)
FNDA:19,(anonymous_3)
DA:13,2
DA:14,19
DA:15,19
DA:16,19
DA:22,0
DA:24,0
DA:29,0
DA:34,0
DA:39,0
DA:47,2
DA:48,19
DA:49,19
DA:51,19
DA:58,19
DA:64,19
DA:68,19
DA:72,2
DA:73,19
DA:74,0
DA:80,19
DA:83,2
DA:88,19
DA:89,19
DA:90,19
DA:92,19
DA:93,19
DA:94,19
DA:96,19
LF:28
LH:22
BRDA:14,0,0,19
BRDA:14,0,1,0
BRDA:22,1,0,0
BRDA:22,1,1,0
BRDA:22,1,2,0
BRDA:22,1,3,0
BRDA:48,2,0,19
BRDA:48,2,1,19
BRDA:49,3,0,19
BRDA:49,3,1,19
BRDA:51,4,0,19
BRDA:51,4,1,0
BRDA:54,5,0,0
BRDA:54,5,1,0
BRDA:55,6,0,0
BRDA:55,6,1,0
BRDA:59,7,0,19
BRDA:59,7,1,0
BRDA:60,8,0,0
BRDA:60,8,1,19
BRDA:61,9,0,0
BRDA:61,9,1,19
BRDA:64,10,0,19
BRDA:64,10,1,0
BRDA:66,11,0,0
BRDA:66,11,1,0
BRDA:66,12,0,0
BRDA:66,12,1,0
BRDA:73,13,0,0
BRDA:73,13,1,19
BRDA:73,14,0,19
BRDA:73,14,1,0
BRDA:76,15,0,0
BRDA:76,15,1,0
BRDA:80,16,0,19
BRDA:80,16,1,0
BRDA:98,17,0,19
BRDA:98,17,1,0
BRDA:99,18,0,19
BRDA:99,18,1,0
BRDA:113,19,0,19
BRDA:113,19,1,0
BRDA:119,20,0,19
BRDA:119,20,1,0
BRDA:135,21,0,0
BRDA:135,21,1,19
BRDA:138,22,0,19
BRDA:138,22,1,0
BRDA:141,23,0,19
BRDA:141,23,1,0
BRDA:142,24,0,0
BRDA:142,24,1,19
BRDA:143,25,0,19
BRDA:143,25,1,0
BRF:54
BRH:22
end_of_record
TN:
SF:src\components\layout\ExerciceLayout\ExerciseLayout.tsx
FN:58,(anonymous_0)
FN:60,(anonymous_1)
FN:103,(anonymous_2)
FN:110,(anonymous_3)
FN:114,(anonymous_4)
FNF:5
FNH:5
FNDA:4,(anonymous_0)
FNDA:4,(anonymous_1)
FNDA:5,(anonymous_2)
FNDA:4,(anonymous_3)
FNDA:5,(anonymous_4)
DA:58,2
DA:60,4
DA:61,4
DA:62,4
DA:63,4
DA:64,0
DA:66,4
DA:67,4
DA:69,0
DA:72,4
DA:74,4
DA:103,2
DA:109,5
DA:110,5
DA:114,5
DA:116,5
DA:119,5
DA:124,5
LF:18
LH:16
BRDA:63,0,0,0
BRDA:63,0,1,4
BRDA:66,1,0,4
BRDA:66,1,1,0
BRDA:136,2,0,5
BRDA:136,2,1,2
BRF:6
BRH:4
end_of_record
TN:
SF:src\components\layout\ExerciseHeader\index.tsx
FN:63,(anonymous_0)
FN:87,(anonymous_1)
FN:104,(anonymous_2)
FN:110,(anonymous_3)
FN:123,(anonymous_4)
FNF:5
FNH:5
FNDA:5,(anonymous_0)
FNDA:6,(anonymous_1)
FNDA:5,(anonymous_2)
FNDA:5,(anonymous_3)
FNDA:5,(anonymous_4)
DA:45,2
DA:52,2
DA:63,2
DA:64,5
DA:65,5
DA:66,5
DA:68,5
DA:87,2
DA:103,6
DA:104,6
DA:110,6
DA:111,5
DA:112,5
DA:114,5
DA:115,0
DA:116,0
DA:119,5
DA:123,6
DA:124,5
DA:126,4
DA:128,0
DA:130,0
DA:132,0
DA:134,1
DA:138,6
LF:25
LH:20
BRDA:65,0,0,5
BRDA:65,0,1,0
BRDA:66,1,0,5
BRDA:66,1,1,0
BRDA:88,2,0,0
BRDA:91,3,0,4
BRDA:98,4,0,6
BRDA:99,5,0,6
BRDA:111,6,0,5
BRDA:111,6,1,0
BRDA:114,7,0,0
BRDA:114,7,1,5
BRDA:114,8,0,5
BRDA:114,8,1,0
BRDA:124,9,0,4
BRDA:124,9,1,0
BRDA:124,9,2,0
BRDA:124,9,3,0
BRDA:124,9,4,1
BRDA:134,10,0,1
BRDA:134,10,1,1
BRDA:134,10,2,0
BRDA:148,11,0,6
BRDA:148,11,1,6
BRDA:156,12,0,1
BRDA:156,12,1,5
BRDA:159,13,0,6
BRDA:159,13,1,6
BRDA:159,13,2,0
BRDA:159,13,3,0
BRF:30
BRH:18
end_of_record
TN:
SF:src\components\layout\ExerciseHeader\components\ExerciceNavBar.tsx
FN:28,(anonymous_0)
FN:119,(anonymous_1)
FN:127,(anonymous_2)
FN:136,(anonymous_3)
FNF:4
FNH:3
FNDA:5,(anonymous_0)
FNDA:6,(anonymous_1)
FNDA:5,(anonymous_2)
FNDA:0,(anonymous_3)
DA:28,2
DA:29,5
DA:31,5
DA:32,5
DA:33,5
DA:35,5
DA:119,2
DA:126,6
DA:127,6
DA:129,6
DA:136,0
LF:11
LH:10
BRDA:53,0,0,0
BRDA:53,0,1,5
BRDA:77,1,0,0
BRDA:77,1,1,5
BRDA:80,2,0,0
BRDA:80,2,1,5
BRDA:89,3,0,0
BRDA:89,3,1,5
BRDA:122,4,0,0
BRDA:133,5,0,6
BRDA:133,5,1,0
BRDA:136,6,0,0
BRDA:136,6,1,0
BRDA:148,7,0,1
BRDA:148,7,1,5
BRDA:148,8,0,6
BRDA:148,8,1,1
BRDA:164,9,0,4
BRDA:164,9,1,2
BRDA:171,10,0,1
BRDA:171,10,1,3
BRF:21
BRH:13
end_of_record
TN:
SF:src\components\layout\ExerciseHeader\components\ExerciseDecorative.tsx
FN:31,(anonymous_0)
FN:78,(anonymous_1)
FN:83,(anonymous_2)
FN:86,(anonymous_3)
FN:99,(anonymous_4)
FNF:5
FNH:0
FNDA:0,(anonymous_0)
FNDA:0,(anonymous_1)
FNDA:0,(anonymous_2)
FNDA:0,(anonymous_3)
FNDA:0,(anonymous_4)
DA:31,2
DA:32,0
DA:36,0
DA:78,2
DA:82,0
DA:83,0
DA:86,0
DA:87,0
DA:89,0
DA:91,0
DA:94,0
DA:99,0
DA:101,0
DA:102,0
DA:112,0
DA:114,0
DA:115,0
DA:125,0
DA:129,0
DA:132,0
LF:20
LH:2
BRDA:41,0,0,0
BRDA:41,0,1,0
BRDA:66,1,0,0
BRDA:66,1,1,0
BRDA:79,2,0,0
BRDA:80,3,0,0
BRDA:87,4,0,0
BRDA:87,4,1,0
BRDA:87,4,2,0
BRDA:87,4,3,0
BRDA:101,5,0,0
BRDA:101,5,1,0
BRDA:112,6,0,0
BRDA:112,6,1,0
BRDA:114,7,0,0
BRDA:114,7,1,0
BRDA:114,8,0,0
BRDA:114,8,1,0
BRF:18
BRH:0
end_of_record
TN:
SF:src\components\layout\ExerciseHeader\components\ExerciseHeaderContent.tsx
FN:67,(anonymous_0)
FN:127,(anonymous_1)
FN:133,(anonymous_2)
FNF:3
FNH:3
FNDA:5,(anonymous_0)
FNDA:6,(anonymous_1)
FNDA:5,(anonymous_2)
DA:32,2
DA:67,2
DA:69,5
DA:72,5
DA:74,5
DA:75,5
DA:84,5
DA:127,2
DA:132,6
DA:133,6
DA:135,6
DA:139,6
LF:12
LH:12
BRDA:69,0,0,5
BRDA:69,0,1,0
BRDA:75,1,0,0
BRDA:75,1,1,5
BRDA:113,2,0,5
BRDA:113,2,1,5
BRDA:130,3,0,0
BRDA:135,4,0,1
BRDA:135,4,1,5
BRDA:141,5,0,6
BRDA:141,5,1,6
BRDA:147,6,0,6
BRDA:147,6,1,0
BRDA:147,6,2,0
BRF:14
BRH:9
end_of_record
TN:
SF:src\components\modules\ModuleCard.tsx
FN:22,(anonymous_0)
FNF:1
FNH:0
FNDA:0,(anonymous_0)
DA:22,0
DA:23,0
LF:2
LH:0
BRF:0
BRH:0
end_of_record
TN:
SF:src\components\modules\RecentModuleCard.tsx
FN:23,(anonymous_0)
FNF:1
FNH:0
FNDA:0,(anonymous_0)
DA:23,0
DA:24,0
LF:2
LH:0
BRF:0
BRH:0
end_of_record
TN:
SF:src\components\pedagogy\Connector\types.ts
FNF:0
FNH:0
LF:0
LH:0
BRF:0
BRH:0
end_of_record
TN:
SF:src\components\pedagogy\Connector\ConnectorCardRenderer\index.tsx
FN:16,(anonymous_0)
FNF:1
FNH:0
FNDA:0,(anonymous_0)
DA:14,1
DA:16,1
DA:27,0
DA:29,0
DA:30,0
DA:31,0
DA:35,0
DA:37,0
DA:39,0
DA:57,0
DA:75,0
DA:93,0
DA:94,0
LF:13
LH:2
BRDA:24,0,0,0
BRDA:25,1,0,0
BRDA:29,2,0,0
BRDA:29,2,1,0
BRDA:35,3,0,0
BRDA:35,3,1,0
BRDA:37,4,0,0
BRDA:37,4,1,0
BRDA:37,4,2,0
BRDA:37,4,3,0
BRF:10
BRH:0
end_of_record
TN:
SF:src\components\pedagogy\Connector\LogicLinksCard\index.tsx
FN:12,(anonymous_0)
FN:40,(anonymous_1)
FN:93,(anonymous_2)
FN:99,(anonymous_3)
FN:119,(anonymous_4)
FNF:5
FNH:0
FNDA:0,(anonymous_0)
FNDA:0,(anonymous_1)
FNDA:0,(anonymous_2)
FNDA:0,(anonymous_3)
FNDA:0,(anonymous_4)
DA:12,1
DA:28,0
DA:29,0
DA:31,0
DA:40,0
DA:41,0
DA:49,0
DA:52,0
DA:94,0
DA:95,0
DA:96,0
DA:99,0
DA:100,0
DA:101,0
DA:103,0
DA:104,0
DA:106,0
DA:107,0
DA:109,0
DA:115,0
DA:119,0
DA:157,1
LF:22
LH:2
BRDA:17,0,0,0
BRDA:18,1,0,0
BRDA:25,2,0,0
BRDA:26,3,0,0
BRDA:29,4,0,0
BRDA:29,4,1,0
BRDA:49,5,0,0
BRDA:49,5,1,0
BRDA:57,6,0,0
BRDA:57,6,1,0
BRDA:59,7,0,0
BRDA:59,7,1,0
BRDA:84,8,0,0
BRDA:84,8,1,0
BRDA:96,9,0,0
BRDA:96,9,1,0
BRDA:96,9,2,0
BRDA:100,10,0,0
BRDA:100,10,1,0
BRDA:100,11,0,0
BRDA:100,11,1,0
BRDA:103,12,0,0
BRDA:103,12,1,0
BRDA:103,13,0,0
BRDA:103,13,1,0
BRDA:103,13,2,0
BRDA:106,14,0,0
BRDA:106,14,1,0
BRDA:106,15,0,0
BRDA:106,15,1,0
BRDA:110,16,0,0
BRDA:110,16,1,0
BRDA:119,17,0,0
BRDA:119,17,1,0
BRDA:125,18,0,0
BRDA:125,18,1,0
BRDA:125,19,0,0
BRDA:125,19,1,0
BRDA:125,19,2,0
BRDA:138,20,0,0
BRDA:138,20,1,0
BRF:41
BRH:0
end_of_record
TN:
SF:src\components\pedagogy\Connector\RephrasingCard\index.tsx
FN:19,(anonymous_0)
FN:49,(anonymous_1)
FNF:2
FNH:0
FNDA:0,(anonymous_0)
FNDA:0,(anonymous_1)
DA:19,1
DA:35,0
DA:38,0
DA:40,0
DA:49,0
DA:50,0
DA:58,0
DA:61,0
DA:185,1
LF:9
LH:2
BRDA:24,0,0,0
BRDA:25,1,0,0
BRDA:32,2,0,0
BRDA:33,3,0,0
BRDA:38,4,0,0
BRDA:38,4,1,0
BRDA:38,4,2,0
BRDA:45,5,0,0
BRDA:45,5,1,0
BRDA:58,6,0,0
BRDA:58,6,1,0
BRDA:71,7,0,0
BRDA:71,7,1,0
BRDA:73,8,0,0
BRDA:73,8,1,0
BRDA:102,9,0,0
BRDA:102,9,1,0
BRDA:128,10,0,0
BRDA:128,10,1,0
BRDA:131,11,0,0
BRDA:131,11,1,0
BRDA:131,11,2,0
BRDA:132,12,0,0
BRDA:132,12,1,0
BRDA:132,12,2,0
BRDA:132,12,3,0
BRDA:133,13,0,0
BRDA:133,13,1,0
BRDA:134,14,0,0
BRDA:134,14,1,0
BRDA:137,15,0,0
BRDA:137,15,1,0
BRDA:149,16,0,0
BRDA:149,16,1,0
BRDA:149,17,0,0
BRDA:149,17,1,0
BRDA:149,17,2,0
BRDA:157,18,0,0
BRDA:157,18,1,0
BRDA:166,19,0,0
BRDA:166,19,1,0
BRF:41
BRH:0
end_of_record
TN:
SF:src\components\pedagogy\Connector\SentenceFusionCard\index.tsx
FN:11,(anonymous_0)
FN:41,(anonymous_1)
FNF:2
FNH:0
FNDA:0,(anonymous_0)
FNDA:0,(anonymous_1)
DA:11,1
DA:27,0
DA:29,0
DA:38,0
DA:41,0
DA:42,0
DA:50,0
DA:53,0
DA:165,1
LF:9
LH:2
BRDA:16,0,0,0
BRDA:17,1,0,0
BRDA:24,2,0,0
BRDA:25,3,0,0
BRDA:34,4,0,0
BRDA:34,4,1,0
BRDA:38,5,0,0
BRDA:38,5,1,0
BRDA:50,6,0,0
BRDA:50,6,1,0
BRDA:58,7,0,0
BRDA:58,7,1,0
BRDA:60,8,0,0
BRDA:60,8,1,0
BRDA:95,9,0,0
BRDA:95,9,1,0
BRDA:111,10,0,0
BRDA:111,10,1,0
BRDA:113,11,0,0
BRDA:113,11,1,0
BRDA:113,11,2,0
BRDA:114,12,0,0
BRDA:114,12,1,0
BRDA:114,12,2,0
BRDA:114,12,3,0
BRDA:116,13,0,0
BRDA:116,13,1,0
BRDA:128,14,0,0
BRDA:128,14,1,0
BRDA:128,14,2,0
BRDA:128,14,3,0
BRDA:139,15,0,0
BRDA:139,15,1,0
BRDA:146,16,0,0
BRDA:146,16,1,0
BRF:35
BRH:0
end_of_record
TN:
SF:src\components\pedagogy\Sentence\SentenceBlanksCard.styles.ts
FN:18,(anonymous_0)
FNF:1
FNH:0
FNDA:0,(anonymous_0)
DA:18,1
DA:19,0
DA:20,0
DA:21,0
DA:23,0
LF:5
LH:1
BRDA:122,0,0,0
BRDA:122,0,1,0
BRDA:140,1,0,0
BRDA:140,1,1,0
BRF:4
BRH:0
end_of_record
TN:
SF:src\components\pedagogy\Sentence\SentenceBlanksCard.tsx
FN:24,(anonymous_0)
FN:36,(anonymous_1)
FN:41,(anonymous_2)
FN:92,(anonymous_3)
FN:97,(anonymous_4)
FN:112,(anonymous_5)
FN:134,(anonymous_6)
FNF:7
FNH:0
FNDA:0,(anonymous_0)
FNDA:0,(anonymous_1)
FNDA:0,(anonymous_2)
FNDA:0,(anonymous_3)
FNDA:0,(anonymous_4)
FNDA:0,(anonymous_5)
FNDA:0,(anonymous_6)
DA:24,1
DA:32,0
DA:35,0
DA:36,0
DA:41,0
DA:42,0
DA:43,0
DA:45,0
DA:46,0
DA:47,0
DA:49,0
DA:92,0
DA:93,0
DA:95,0
DA:98,0
DA:100,0
DA:112,0
DA:134,0
DA:135,0
DA:137,0
DA:197,0
LF:21
LH:1
BRDA:42,0,0,0
BRDA:42,0,1,0
BRDA:43,1,0,0
BRDA:43,1,1,0
BRDA:46,2,0,0
BRDA:46,2,1,0
BRDA:47,3,0,0
BRDA:47,3,1,0
BRDA:57,4,0,0
BRDA:57,4,1,0
BRDA:58,5,0,0
BRDA:58,5,1,0
BRDA:62,6,0,0
BRDA:62,6,1,0
BRDA:63,7,0,0
BRDA:63,7,1,0
BRDA:73,8,0,0
BRDA:73,8,1,0
BRDA:74,9,0,0
BRDA:74,9,1,0
BRDA:81,10,0,0
BRDA:81,10,1,0
BRDA:93,11,0,0
BRDA:93,11,1,0
BRDA:93,12,0,0
BRDA:93,12,1,0
BRDA:106,13,0,0
BRDA:106,13,1,0
BRDA:109,14,0,0
BRDA:109,14,1,0
BRDA:119,15,0,0
BRDA:119,15,1,0
BRDA:120,16,0,0
BRDA:120,16,1,0
BRDA:135,17,0,0
BRDA:135,17,1,0
BRDA:153,18,0,0
BRDA:153,18,1,0
BRDA:158,19,0,0
BRDA:158,19,1,0
BRDA:175,20,0,0
BRDA:175,20,1,0
BRDA:210,21,0,0
BRDA:210,21,1,0
BRF:44
BRH:0
end_of_record
TN:
SF:src\components\pedagogy\Sentence\SentenceCard.tsx
FN:15,(anonymous_0)
FN:25,(anonymous_1)
FN:31,(anonymous_2)
FNF:3
FNH:0
FNDA:0,(anonymous_0)
FNDA:0,(anonymous_1)
FNDA:0,(anonymous_2)
DA:15,1
DA:22,0
DA:25,0
DA:26,0
DA:31,0
DA:32,0
DA:33,0
DA:34,0
DA:36,0
DA:39,0
LF:10
LH:1
BRDA:32,0,0,0
BRDA:32,0,1,0
BRDA:33,1,0,0
BRDA:33,1,1,0
BRDA:33,2,0,0
BRDA:33,2,1,0
BRDA:33,2,2,0
BRDA:34,3,0,0
BRDA:34,3,1,0
BRDA:34,3,2,0
BRDA:47,4,0,0
BRDA:47,4,1,0
BRDA:52,5,0,0
BRDA:52,5,1,0
BRDA:64,6,0,0
BRDA:64,6,1,0
BRDA:81,7,0,0
BRDA:81,7,1,0
BRDA:92,8,0,0
BRDA:92,8,1,0
BRDA:103,9,0,0
BRDA:103,9,1,0
BRF:22
BRH:0
end_of_record
TN:
SF:src\components\pedagogy\Sentence\SentencesCard.styles.ts
FN:11,(anonymous_0)
FNF:1
FNH:0
FNDA:0,(anonymous_0)
DA:11,1
DA:12,0
DA:13,0
DA:14,0
DA:16,0
LF:5
LH:1
BRF:0
BRH:0
end_of_record
TN:
SF:src\components\pedagogy\Vocabulary\WordCard\WordCard.styles.ts
FN:29,(anonymous_0)
FN:42,(anonymous_1)
FNF:2
FNH:0
FNDA:0,(anonymous_0)
FNDA:0,(anonymous_1)
DA:29,1
DA:30,0
DA:32,0
DA:42,1
DA:43,0
DA:44,0
DA:45,0
DA:47,0
LF:8
LH:2
BRDA:38,0,0,0
BRDA:38,0,1,0
BRDA:77,1,0,0
BRDA:77,1,1,0
BRDA:85,2,0,0
BRDA:85,2,1,0
BRDA:103,3,0,0
BRDA:103,3,1,0
BRDA:109,4,0,0
BRDA:109,4,1,0
BRF:10
BRH:0
end_of_record
TN:
SF:src\components\pedagogy\Vocabulary\WordCard\WordCard.tsx
FN:25,(anonymous_0)
FN:39,(anonymous_1)
FN:45,(anonymous_2)
FN:57,(anonymous_3)
FNF:4
FNH:0
FNDA:0,(anonymous_0)
FNDA:0,(anonymous_1)
FNDA:0,(anonymous_2)
FNDA:0,(anonymous_3)
DA:25,1
DA:34,0
DA:36,0
DA:39,0
DA:45,0
DA:46,0
DA:48,0
DA:49,0
DA:53,0
DA:55,0
DA:58,0
DA:73,0
LF:12
LH:1
BRDA:46,0,0,0
BRDA:46,0,1,0
BRDA:48,1,0,0
BRDA:48,1,1,0
BRDA:61,2,0,0
BRDA:61,2,1,0
BRDA:97,3,0,0
BRDA:97,3,1,0
BRDA:99,4,0,0
BRDA:99,4,1,0
BRDA:102,5,0,0
BRDA:102,5,1,0
BRF:12
BRH:0
end_of_record
TN:
SF:src\components\pedagogy\dialogues\DialogueCard\index.tsx
FN:100,(anonymous_0)
FN:135,(anonymous_1)
FN:152,(anonymous_2)
FN:153,(anonymous_3)
FN:161,(anonymous_4)
FN:170,(anonymous_5)
FN:177,(anonymous_6)
FN:178,(anonymous_7)
FN:185,(anonymous_8)
FN:199,(anonymous_9)
FN:210,(anonymous_10)
FN:211,(anonymous_11)
FN:214,(anonymous_12)
FN:252,(anonymous_13)
FN:271,(anonymous_14)
FN:284,(anonymous_15)
FN:310,(anonymous_16)
FN:321,(anonymous_17)
FN:322,(anonymous_18)
FNF:19
FNH:1
FNDA:2,(anonymous_0)
FNDA:0,(anonymous_1)
FNDA:0,(anonymous_2)
FNDA:0,(anonymous_3)
FNDA:0,(anonymous_4)
FNDA:0,(anonymous_5)
FNDA:0,(anonymous_6)
FNDA:0,(anonymous_7)
FNDA:0,(anonymous_8)
FNDA:0,(anonymous_9)
FNDA:0,(anonymous_10)
FNDA:0,(anonymous_11)
FNDA:0,(anonymous_12)
FNDA:0,(anonymous_13)
FNDA:0,(anonymous_14)
FNDA:0,(anonymous_15)
FNDA:0,(anonymous_16)
FNDA:0,(anonymous_17)
FNDA:0,(anonymous_18)
DA:100,1
DA:101,2
DA:102,2
DA:104,2
DA:105,0
DA:117,2
DA:118,0
DA:130,2
DA:135,1
DA:143,0
DA:144,0
DA:146,0
DA:147,0
DA:148,0
DA:149,0
DA:152,0
DA:153,0
DA:154,0
DA:155,0
DA:161,0
DA:162,0
DA:163,0
DA:170,0
DA:171,0
DA:177,0
DA:178,0
DA:179,0
DA:180,0
DA:185,0
DA:186,0
DA:187,0
DA:189,0
DA:190,0
DA:191,0
DA:193,0
DA:197,0
DA:198,0
DA:199,0
DA:200,0
DA:201,0
DA:205,0
DA:206,0
DA:210,0
DA:211,0
DA:212,0
DA:213,0
DA:214,0
DA:216,0
DA:218,0
DA:228,0
DA:252,0
DA:268,0
DA:272,0
DA:284,0
DA:310,1
DA:318,0
DA:319,0
DA:321,0
DA:322,0
DA:323,0
DA:325,0
DA:327,0
DA:329,0
LF:63
LH:8
BRDA:101,0,0,2
BRDA:101,0,1,0
BRDA:102,1,0,2
BRDA:102,1,1,0
BRDA:104,2,0,0
BRDA:104,2,1,2
BRDA:117,3,0,0
BRDA:117,3,1,2
BRDA:154,4,0,0
BRDA:154,4,1,0
BRDA:162,5,0,0
BRDA:162,5,1,0
BRDA:179,6,0,0
BRDA:179,6,1,0
BRDA:187,7,0,0
BRDA:187,7,1,0
BRDA:187,8,0,0
BRDA:187,8,1,0
BRDA:191,9,0,0
BRDA:191,9,1,0
BRDA:194,10,0,0
BRDA:194,10,1,0
BRDA:200,11,0,0
BRDA:200,11,1,0
BRDA:200,12,0,0
BRDA:200,12,1,0
BRDA:211,13,0,0
BRDA:211,13,1,0
BRDA:211,14,0,0
BRDA:211,14,1,0
BRDA:214,15,0,0
BRDA:214,15,1,0
BRDA:216,16,0,0
BRDA:216,16,1,0
BRDA:221,17,0,0
BRDA:221,17,1,0
BRDA:233,18,0,0
BRDA:233,18,1,0
BRDA:237,19,0,0
BRDA:237,19,1,0
BRDA:241,20,0,0
BRDA:241,20,1,0
BRDA:244,21,0,0
BRDA:244,21,1,0
BRDA:249,22,0,0
BRDA:249,22,1,0
BRDA:251,23,0,0
BRDA:251,23,1,0
BRDA:251,24,0,0
BRDA:251,24,1,0
BRDA:255,25,0,0
BRDA:255,25,1,0
BRDA:259,26,0,0
BRDA:259,26,1,0
BRDA:260,27,0,0
BRDA:260,27,1,0
BRDA:288,28,0,0
BRDA:288,28,1,0
BRDA:298,29,0,0
BRDA:298,29,1,0
BRDA:301,30,0,0
BRDA:301,30,1,0
BRDA:323,31,0,0
BRDA:323,31,1,0
BRDA:325,32,0,0
BRDA:325,32,1,0
BRDA:327,33,0,0
BRDA:327,33,1,0
BRDA:338,34,0,0
BRDA:338,34,1,0
BRDA:338,34,2,0
BRF:71
BRH:4
end_of_record
TN:
SF:src\components\pedagogy\dialogues\DialogueCard\style.ts
FN:10,(anonymous_0)
FNF:1
FNH:0
FNDA:0,(anonymous_0)
DA:10,1
DA:11,0
DA:12,0
DA:15,0
DA:16,0
DA:17,0
DA:18,0
DA:20,0
LF:8
LH:1
BRDA:15,0,0,0
BRDA:15,0,1,0
BRDA:16,1,0,0
BRDA:16,1,1,0
BRDA:17,2,0,0
BRDA:17,2,1,0
BRDA:18,3,0,0
BRDA:18,3,1,0
BRDA:27,4,0,0
BRDA:27,4,1,0
BRDA:44,5,0,0
BRDA:44,5,1,0
BRDA:56,6,0,0
BRDA:56,6,1,0
BRDA:128,7,0,0
BRDA:128,7,1,0
BRDA:131,8,0,0
BRDA:131,8,1,0
BRDA:135,9,0,0
BRDA:135,9,1,0
BRDA:197,10,0,0
BRDA:197,10,1,0
BRDA:224,11,0,0
BRDA:224,11,1,0
BRDA:259,12,0,0
BRDA:259,12,1,0
BRF:26
BRH:0
end_of_record
TN:
SF:src\components\pedagogy\grammar\GrammarCard\index.tsx
FN:15,(anonymous_0)
FN:21,(anonymous_1)
FN:26,(anonymous_2)
FN:37,(anonymous_3)
FN:84,(anonymous_4)
FN:118,(anonymous_5)
FN:126,(anonymous_6)
FNF:7
FNH:0
FNDA:0,(anonymous_0)
FNDA:0,(anonymous_1)
FNDA:0,(anonymous_2)
FNDA:0,(anonymous_3)
FNDA:0,(anonymous_4)
FNDA:0,(anonymous_5)
FNDA:0,(anonymous_6)
DA:15,1
DA:20,0
DA:21,0
DA:23,0
DA:24,0
DA:26,0
DA:27,0
DA:28,0
DA:32,0
DA:33,0
DA:34,0
DA:37,0
DA:38,0
DA:39,0
DA:43,0
DA:44,0
DA:45,0
DA:48,0
DA:50,0
DA:85,0
DA:119,0
DA:126,0
LF:22
LH:1
BRDA:27,0,0,0
BRDA:27,0,1,0
BRDA:28,1,0,0
BRDA:28,1,1,0
BRDA:32,2,0,0
BRDA:32,2,1,0
BRDA:33,3,0,0
BRDA:33,3,1,0
BRDA:33,4,0,0
BRDA:33,4,1,0
BRDA:38,5,0,0
BRDA:38,5,1,0
BRDA:39,6,0,0
BRDA:39,6,1,0
BRDA:43,7,0,0
BRDA:43,7,1,0
BRDA:44,8,0,0
BRDA:44,8,1,0
BRDA:44,9,0,0
BRDA:44,9,1,0
BRDA:63,10,0,0
BRDA:63,10,1,0
BRDA:79,11,0,0
BRDA:79,11,1,0
BRDA:79,11,2,0
BRDA:96,12,0,0
BRDA:96,12,1,0
BRDA:124,13,0,0
BRDA:124,13,1,0
BRDA:126,14,0,0
BRDA:126,14,1,0
BRF:31
BRH:0
end_of_record
TN:
SF:src\components\pedagogy\grammar\GrammarCard\styles.ts
FN:14,(anonymous_0)
FNF:1
FNH:0
FNDA:0,(anonymous_0)
DA:14,1
DA:15,0
DA:17,0
LF:3
LH:1
BRF:0
BRH:0
end_of_record
TN:
SF:src\components\pedagogy\grammar\GrammarCard\types.ts
FNF:0
FNH:0
LF:0
LH:0
BRF:0
BRH:0
end_of_record
TN:
SF:src\components\pedagogy\reading\types.ts
FNF:0
FNH:0
LF:0
LH:0
BRF:0
BRH:0
end_of_record
TN:
SF:src\components\pedagogy\reading\ReadingCard\index.tsx
FN:22,(anonymous_0)
FNF:1
FNH:0
FNDA:0,(anonymous_0)
DA:22,1
DA:30,0
DA:31,0
DA:33,0
DA:90,1
LF:5
LH:2
BRDA:31,0,0,0
BRDA:31,0,1,0
BRDA:45,1,0,0
BRDA:45,1,1,0
BRF:4
BRH:0
end_of_record
TN:
SF:src\components\pedagogy\revision\RevisionQuestionCard.tsx
FN:22,(anonymous_0)
FN:30,(anonymous_1)
FN:52,(anonymous_2)
FN:74,(anonymous_3)
FNF:4
FNH:0
FNDA:0,(anonymous_0)
FNDA:0,(anonymous_1)
FNDA:0,(anonymous_2)
FNDA:0,(anonymous_3)
DA:22,1
DA:29,0
DA:30,0
DA:32,0
DA:34,0
DA:53,0
DA:54,0
DA:57,0
DA:64,0
DA:70,0
DA:74,0
LF:11
LH:1
BRDA:41,0,0,0
BRDA:41,0,1,0
BRDA:59,1,0,0
BRDA:59,1,1,0
BRDA:59,1,2,0
BRDA:60,2,0,0
BRDA:60,2,1,0
BRDA:60,2,2,0
BRDA:60,2,3,0
BRDA:61,3,0,0
BRDA:61,3,1,0
BRDA:61,3,2,0
BRDA:66,4,0,0
BRDA:66,4,1,0
BRDA:66,4,2,0
BRDA:66,4,3,0
BRDA:66,4,4,0
BRDA:74,5,0,0
BRDA:74,5,1,0
BRF:19
BRH:0
end_of_record
TN:
SF:src\components\pedagogy\shared\QuestionCard\OptionButton.tsx
FN:16,(anonymous_0)
FN:28,(anonymous_1)
FNF:2
FNH:0
FNDA:0,(anonymous_0)
FNDA:0,(anonymous_1)
DA:16,1
DA:19,0
DA:22,0
DA:28,0
DA:30,0
DA:31,0
DA:33,0
DA:34,0
DA:47,0
DA:48,0
DA:49,0
DA:52,0
DA:59,0
DA:61,0
DA:99,1
LF:15
LH:2
BRDA:23,0,0,0
BRDA:23,0,1,0
BRDA:31,1,0,0
BRDA:31,1,1,0
BRDA:33,2,0,0
BRDA:33,2,1,0
BRDA:34,3,0,0
BRDA:34,3,1,0
BRDA:47,4,0,0
BRDA:47,4,1,0
BRDA:48,5,0,0
BRDA:48,5,1,0
BRDA:49,6,0,0
BRDA:49,6,1,0
BRDA:78,7,0,0
BRDA:78,7,1,0
BRDA:78,8,0,0
BRDA:78,8,1,0
BRDA:82,9,0,0
BRDA:82,9,1,0
BRDA:82,10,0,0
BRDA:82,10,1,0
BRF:22
BRH:0
end_of_record
TN:
SF:src\components\pedagogy\shared\QuestionCard\feedbackBanner.tsx
FN:11,(anonymous_0)
FNF:1
FNH:0
FNDA:0,(anonymous_0)
DA:11,1
DA:12,0
DA:15,0
DA:17,0
DA:30,1
LF:5
LH:2
BRDA:15,0,0,0
BRDA:15,0,1,0
BRDA:22,1,0,0
BRDA:22,1,1,0
BRF:4
BRH:0
end_of_record
TN:
SF:src\components\pedagogy\shared\QuestionCard\index.tsx
FN:10,(anonymous_0)
FN:27,(anonymous_1)
FN:40,(anonymous_2)
FN:47,(anonymous_3)
FN:56,(anonymous_4)
FN:73,(anonymous_5)
FNF:6
FNH:0
FNDA:0,(anonymous_0)
FNDA:0,(anonymous_1)
FNDA:0,(anonymous_2)
FNDA:0,(anonymous_3)
FNDA:0,(anonymous_4)
FNDA:0,(anonymous_5)
DA:10,1
DA:23,0
DA:24,0
DA:26,0
DA:27,0
DA:29,0
DA:34,0
DA:40,0
DA:42,0
DA:48,0
DA:56,0
DA:73,0
LF:12
LH:1
BRDA:26,0,0,0
BRDA:26,0,1,0
BRDA:30,1,0,0
BRDA:30,1,1,0
BRDA:31,2,0,0
BRDA:31,2,1,0
BRDA:35,3,0,0
BRDA:35,3,1,0
BRDA:36,4,0,0
BRDA:36,4,1,0
BRDA:53,5,0,0
BRDA:53,5,1,0
BRDA:54,6,0,0
BRDA:54,6,1,0
BRDA:62,7,0,0
BRDA:62,7,1,0
BRDA:64,8,0,0
BRDA:64,8,1,0
BRDA:65,9,0,0
BRDA:65,9,1,0
BRDA:65,10,0,0
BRDA:65,10,1,0
BRDA:69,11,0,0
BRDA:69,11,1,0
BRDA:76,12,0,0
BRDA:76,12,1,0
BRDA:77,13,0,0
BRDA:77,13,1,0
BRDA:81,14,0,0
BRDA:81,14,1,0
BRDA:85,15,0,0
BRDA:85,15,1,0
BRF:32
BRH:0
end_of_record
TN:
SF:src\components\pedagogy\shared\QuestionCard\styles.ts
FN:9,(anonymous_0)
FNF:1
FNH:0
FNDA:0,(anonymous_0)
DA:9,1
DA:10,0
LF:2
LH:1
BRDA:13,0,0,0
BRDA:13,0,1,0
BRDA:15,1,0,0
BRDA:15,1,1,0
BRDA:43,2,0,0
BRDA:43,2,1,0
BRF:6
BRH:0
end_of_record
TN:
SF:src\components\pedagogy\shared\QuestionCard\types.ts
FNF:0
FNH:0
LF:0
LH:0
BRF:0
BRH:0
end_of_record
TN:
SF:src\components\pedagogy\wordgames\AudioMatchCard\index.tsx
FN:38,(anonymous_0)
FN:40,(anonymous_1)
FN:52,(anonymous_2)
FN:53,(anonymous_3)
FN:53,(anonymous_4)
FN:63,(anonymous_5)
FN:66,(anonymous_6)
FN:67,(anonymous_7)
FN:76,(anonymous_8)
FN:80,(anonymous_9)
FN:87,(anonymous_10)
FN:88,(anonymous_11)
FN:95,(anonymous_12)
FN:105,(anonymous_13)
FN:106,(anonymous_14)
FN:110,(anonymous_15)
FN:119,(anonymous_16)
FN:356,(anonymous_17)
FN:370,(anonymous_18)
FN:390,(anonymous_19)
FN:397,(anonymous_20)
FNF:21
FNH:0
FNDA:0,(anonymous_0)
FNDA:0,(anonymous_1)
FNDA:0,(anonymous_2)
FNDA:0,(anonymous_3)
FNDA:0,(anonymous_4)
FNDA:0,(anonymous_5)
FNDA:0,(anonymous_6)
FNDA:0,(anonymous_7)
FNDA:0,(anonymous_8)
FNDA:0,(anonymous_9)
FNDA:0,(anonymous_10)
FNDA:0,(anonymous_11)
FNDA:0,(anonymous_12)
FNDA:0,(anonymous_13)
FNDA:0,(anonymous_14)
FNDA:0,(anonymous_15)
FNDA:0,(anonymous_16)
FNDA:0,(anonymous_17)
FNDA:0,(anonymous_18)
FNDA:0,(anonymous_19)
FNDA:0,(anonymous_20)
DA:38,1
DA:39,0
DA:40,0
DA:44,0
DA:45,0
DA:46,0
DA:47,0
DA:48,0
DA:49,0
DA:52,0
DA:53,0
DA:56,0
DA:57,0
DA:58,0
DA:59,0
DA:63,0
DA:64,0
DA:66,0
DA:67,0
DA:68,0
DA:69,0
DA:70,0
DA:72,0
DA:76,0
DA:80,0
DA:81,0
DA:82,0
DA:87,0
DA:88,0
DA:89,0
DA:95,0
DA:96,0
DA:98,0
DA:99,0
DA:101,0
DA:102,0
DA:105,0
DA:106,0
DA:110,0
DA:111,0
DA:113,0
DA:115,0
DA:117,0
DA:118,0
DA:119,0
DA:120,0
DA:121,0
DA:124,0
DA:130,0
DA:291,0
DA:292,0
DA:293,0
DA:294,0
DA:298,0
DA:319,0
DA:357,0
DA:358,0
DA:359,0
DA:361,0
DA:370,0
DA:391,0
DA:393,0
DA:397,0
LF:63
LH:1
BRDA:59,0,0,0
BRDA:59,0,1,0
BRDA:64,1,0,0
BRDA:64,1,1,0
BRDA:64,2,0,0
BRDA:64,2,1,0
BRDA:68,3,0,0
BRDA:68,3,1,0
BRDA:81,4,0,0
BRDA:81,4,1,0
BRDA:81,5,0,0
BRDA:81,5,1,0
BRDA:96,6,0,0
BRDA:96,6,1,0
BRDA:98,7,0,0
BRDA:98,7,1,0
BRDA:111,8,0,0
BRDA:111,8,1,0
BRDA:115,9,0,0
BRDA:115,9,1,0
BRDA:139,10,0,0
BRDA:139,10,1,0
BRDA:197,11,0,0
BRDA:197,11,1,0
BRDA:231,12,0,0
BRDA:231,12,1,0
BRDA:278,13,0,0
BRDA:278,13,1,0
BRDA:291,14,0,0
BRDA:291,14,1,0
BRDA:292,15,0,0
BRDA:292,15,1,0
BRDA:293,16,0,0
BRDA:293,16,1,0
BRDA:294,17,0,0
BRDA:294,17,1,0
BRDA:346,18,0,0
BRDA:346,18,1,0
BRDA:366,19,0,0
BRDA:366,19,1,0
BRDA:367,20,0,0
BRDA:367,20,1,0
BRDA:367,20,2,0
BRDA:368,21,0,0
BRDA:368,21,1,0
BRDA:368,21,2,0
BRDA:368,21,3,0
BRDA:375,22,0,0
BRDA:375,22,1,0
BRDA:377,23,0,0
BRDA:377,23,1,0
BRDA:377,24,0,0
BRDA:377,24,1,0
BRDA:377,24,2,0
BRDA:379,25,0,0
BRDA:379,25,1,0
BRDA:396,26,0,0
BRDA:396,26,1,0
BRDA:398,27,0,0
BRDA:398,27,1,0
BRF:60
BRH:0
end_of_record
TN:
SF:src\components\pedagogy\wordgames\BlanksCard\index.tsx
FN:48,(anonymous_0)
FN:62,(anonymous_1)
FN:78,(anonymous_2)
FN:79,(anonymous_3)
FN:120,(anonymous_4)
FN:142,(anonymous_5)
FNF:6
FNH:0
FNDA:0,(anonymous_0)
FNDA:0,(anonymous_1)
FNDA:0,(anonymous_2)
FNDA:0,(anonymous_3)
FNDA:0,(anonymous_4)
FNDA:0,(anonymous_5)
DA:48,1
DA:61,0
DA:62,0
DA:65,0
DA:74,0
DA:75,0
DA:78,0
DA:79,0
DA:80,0
DA:81,0
DA:82,0
DA:83,0
DA:85,0
DA:89,0
DA:93,0
DA:95,0
DA:121,0
DA:122,0
DA:125,0
DA:132,0
DA:138,0
DA:142,0
LF:22
LH:1
BRDA:81,0,0,0
BRDA:81,0,1,0
BRDA:93,1,0,0
BRDA:93,1,1,0
BRDA:93,1,2,0
BRDA:111,2,0,0
BRDA:111,2,1,0
BRDA:127,3,0,0
BRDA:127,3,1,0
BRDA:127,3,2,0
BRDA:128,4,0,0
BRDA:128,4,1,0
BRDA:128,4,2,0
BRDA:128,4,3,0
BRDA:129,5,0,0
BRDA:129,5,1,0
BRDA:129,5,2,0
BRDA:134,6,0,0
BRDA:134,6,1,0
BRDA:134,6,2,0
BRDA:134,6,3,0
BRDA:134,6,4,0
BRDA:142,7,0,0
BRDA:142,7,1,0
BRF:24
BRH:0
end_of_record
TN:
SF:src\components\pedagogy\wordgames\DefinitionCard\index.tsx
FN:48,(anonymous_0)
FN:62,(anonymous_1)
FN:78,(anonymous_2)
FN:79,(anonymous_3)
FN:115,(anonymous_4)
FN:137,(anonymous_5)
FNF:6
FNH:0
FNDA:0,(anonymous_0)
FNDA:0,(anonymous_1)
FNDA:0,(anonymous_2)
FNDA:0,(anonymous_3)
FNDA:0,(anonymous_4)
FNDA:0,(anonymous_5)
DA:48,1
DA:61,0
DA:62,0
DA:65,0
DA:74,0
DA:75,0
DA:78,0
DA:79,0
DA:80,0
DA:81,0
DA:82,0
DA:83,0
DA:85,0
DA:89,0
DA:93,0
DA:95,0
DA:116,0
DA:117,0
DA:120,0
DA:127,0
DA:133,0
DA:137,0
LF:22
LH:1
BRDA:81,0,0,0
BRDA:81,0,1,0
BRDA:93,1,0,0
BRDA:93,1,1,0
BRDA:93,1,2,0
BRDA:104,2,0,0
BRDA:104,2,1,0
BRDA:122,3,0,0
BRDA:122,3,1,0
BRDA:122,3,2,0
BRDA:123,4,0,0
BRDA:123,4,1,0
BRDA:123,4,2,0
BRDA:123,4,3,0
BRDA:124,5,0,0
BRDA:124,5,1,0
BRDA:124,5,2,0
BRDA:129,6,0,0
BRDA:129,6,1,0
BRDA:129,6,2,0
BRDA:129,6,3,0
BRDA:129,6,4,0
BRDA:137,7,0,0
BRDA:137,7,1,0
BRF:24
BRH:0
end_of_record
TN:
SF:src\components\pedagogy\wordgames\DetectiveCard\index.tsx
FN:50,(anonymous_0)
FN:64,(anonymous_1)
FN:80,(anonymous_2)
FN:81,(anonymous_3)
FN:99,(anonymous_4)
FN:211,(anonymous_5)
FN:231,(anonymous_6)
FNF:7
FNH:0
FNDA:0,(anonymous_0)
FNDA:0,(anonymous_1)
FNDA:0,(anonymous_2)
FNDA:0,(anonymous_3)
FNDA:0,(anonymous_4)
FNDA:0,(anonymous_5)
FNDA:0,(anonymous_6)
DA:50,1
DA:63,0
DA:64,0
DA:67,0
DA:76,0
DA:77,0
DA:80,0
DA:81,0
DA:82,0
DA:83,0
DA:84,0
DA:85,0
DA:87,0
DA:91,0
DA:94,0
DA:95,0
DA:99,0
DA:100,0
DA:101,0
DA:107,0
DA:108,0
DA:110,0
DA:191,0
DA:212,0
DA:213,0
DA:216,0
DA:223,0
DA:228,0
DA:231,0
LF:29
LH:1
BRDA:72,0,0,0
BRDA:72,0,1,0
BRDA:83,1,0,0
BRDA:83,1,1,0
BRDA:100,2,0,0
BRDA:100,2,1,0
BRDA:108,3,0,0
BRDA:108,3,1,0
BRDA:108,3,2,0
BRDA:116,4,0,0
BRDA:116,4,1,0
BRDA:135,5,0,0
BRDA:135,5,1,0
BRDA:141,6,0,0
BRDA:141,6,1,0
BRDA:218,7,0,0
BRDA:218,7,1,0
BRDA:218,7,2,0
BRDA:219,8,0,0
BRDA:219,8,1,0
BRDA:219,8,2,0
BRDA:220,9,0,0
BRDA:220,9,1,0
BRDA:220,9,2,0
BRDA:220,9,3,0
BRDA:225,10,0,0
BRDA:225,10,1,0
BRDA:225,10,2,0
BRDA:225,10,3,0
BRDA:225,10,4,0
BRDA:237,11,0,0
BRDA:237,11,1,0
BRDA:237,11,2,0
BRDA:237,11,3,0
BRDA:246,12,0,0
BRDA:246,12,1,0
BRDA:251,13,0,0
BRDA:251,13,1,0
BRDA:252,14,0,0
BRDA:252,14,1,0
BRDA:260,15,0,0
BRDA:260,15,1,0
BRF:42
BRH:0
end_of_record
TN:
SF:src\components\pedagogy\wordgames\GameCardRendered\index.tsx
FN:63,(anonymous_0)
FNF:1
FNH:0
FNDA:0,(anonymous_0)
DA:57,1
DA:63,1
DA:72,0
DA:73,0
DA:74,0
DA:78,0
DA:79,0
DA:98,0
DA:99,0
DA:118,0
DA:119,0
DA:138,0
DA:139,0
DA:149,0
DA:150,0
DA:169,0
DA:170,0
DA:180,0
DA:181,0
DA:200,0
DA:201,0
DA:220,0
DA:221,0
LF:23
LH:2
BRDA:72,0,0,0
BRDA:72,0,1,0
BRDA:78,1,0,0
BRDA:78,1,1,0
BRDA:78,2,0,0
BRDA:78,2,1,0
BRDA:98,3,0,0
BRDA:98,3,1,0
BRDA:98,4,0,0
BRDA:98,4,1,0
BRDA:118,5,0,0
BRDA:118,5,1,0
BRDA:118,6,0,0
BRDA:118,6,1,0
BRDA:138,7,0,0
BRDA:138,7,1,0
BRDA:138,8,0,0
BRDA:138,8,1,0
BRDA:149,9,0,0
BRDA:149,9,1,0
BRDA:149,10,0,0
BRDA:149,10,1,0
BRDA:169,11,0,0
BRDA:169,11,1,0
BRDA:169,12,0,0
BRDA:169,12,1,0
BRDA:180,13,0,0
BRDA:180,13,1,0
BRDA:180,14,0,0
BRDA:180,14,1,0
BRDA:200,15,0,0
BRDA:200,15,1,0
BRDA:200,16,0,0
BRDA:200,16,1,0
BRF:34
BRH:0
end_of_record
TN:
SF:src\components\pedagogy\wordgames\ReplyCard\index.tsx
FN:49,(anonymous_0)
FN:63,(anonymous_1)
FN:76,(anonymous_2)
FN:77,(anonymous_3)
FN:191,(anonymous_4)
FN:212,(anonymous_5)
FNF:6
FNH:0
FNDA:0,(anonymous_0)
FNDA:0,(anonymous_1)
FNDA:0,(anonymous_2)
FNDA:0,(anonymous_3)
FNDA:0,(anonymous_4)
FNDA:0,(anonymous_5)
DA:49,1
DA:62,0
DA:63,0
DA:65,0
DA:73,0
DA:74,0
DA:76,0
DA:77,0
DA:78,0
DA:79,0
DA:80,0
DA:81,0
DA:83,0
DA:86,0
DA:89,0
DA:90,0
DA:94,0
DA:162,0
DA:192,0
DA:193,0
DA:195,0
DA:202,0
DA:208,0
DA:212,0
LF:24
LH:1
BRDA:79,0,0,0
BRDA:79,0,1,0
BRDA:89,1,0,0
BRDA:89,1,1,0
BRDA:89,1,2,0
BRDA:115,2,0,0
BRDA:115,2,1,0
BRDA:121,3,0,0
BRDA:121,3,1,0
BRDA:174,4,0,0
BRDA:174,4,1,0
BRDA:197,5,0,0
BRDA:197,5,1,0
BRDA:197,5,2,0
BRDA:198,6,0,0
BRDA:198,6,1,0
BRDA:198,6,2,0
BRDA:198,6,3,0
BRDA:199,7,0,0
BRDA:199,7,1,0
BRDA:199,7,2,0
BRDA:204,8,0,0
BRDA:204,8,1,0
BRDA:204,8,2,0
BRDA:204,8,3,0
BRDA:204,8,4,0
BRDA:212,9,0,0
BRDA:212,9,1,0
BRDA:223,10,0,0
BRDA:223,10,1,0
BRDA:223,10,2,0
BRF:31
BRH:0
end_of_record
TN:
SF:src\components\pedagogy\wordgames\SpeedMatchCard\index.tsx
FN:41,(anonymous_0)
FN:43,(anonymous_1)
FN:52,(anonymous_2)
FN:52,(anonymous_3)
FN:59,(anonymous_4)
FN:62,(anonymous_5)
FN:63,(anonymous_6)
FN:72,(anonymous_7)
FN:77,(anonymous_8)
FN:82,(anonymous_9)
FN:320,(anonymous_10)
FN:377,(anonymous_11)
FN:389,(anonymous_12)
FN:406,(anonymous_13)
FN:414,(anonymous_14)
FNF:15
FNH:0
FNDA:0,(anonymous_0)
FNDA:0,(anonymous_1)
FNDA:0,(anonymous_2)
FNDA:0,(anonymous_3)
FNDA:0,(anonymous_4)
FNDA:0,(anonymous_5)
FNDA:0,(anonymous_6)
FNDA:0,(anonymous_7)
FNDA:0,(anonymous_8)
FNDA:0,(anonymous_9)
FNDA:0,(anonymous_10)
FNDA:0,(anonymous_11)
FNDA:0,(anonymous_12)
FNDA:0,(anonymous_13)
FNDA:0,(anonymous_14)
DA:41,1
DA:42,0
DA:43,0
DA:47,0
DA:48,0
DA:49,0
DA:50,0
DA:51,0
DA:52,0
DA:53,0
DA:55,0
DA:59,0
DA:60,0
DA:62,0
DA:63,0
DA:64,0
DA:65,0
DA:66,0
DA:68,0
DA:72,0
DA:77,0
DA:78,0
DA:79,0
DA:82,0
DA:83,0
DA:85,0
DA:86,0
DA:88,0
DA:89,0
DA:90,0
DA:92,0
DA:93,0
DA:94,0
DA:97,0
DA:98,0
DA:102,0
DA:108,0
DA:109,0
DA:110,0
DA:111,0
DA:115,0
DA:285,0
DA:286,0
DA:287,0
DA:288,0
DA:290,0
DA:291,0
DA:292,0
DA:293,0
DA:294,0
DA:295,0
DA:296,0
DA:297,0
DA:299,0
DA:300,0
DA:301,0
DA:304,0
DA:320,0
DA:339,0
DA:378,0
DA:379,0
DA:381,0
DA:389,0
DA:407,0
DA:408,0
DA:410,0
DA:414,0
LF:67
LH:1
BRDA:60,0,0,0
BRDA:60,0,1,0
BRDA:60,1,0,0
BRDA:60,1,1,0
BRDA:64,2,0,0
BRDA:64,2,1,0
BRDA:78,3,0,0
BRDA:78,3,1,0
BRDA:79,4,0,0
BRDA:79,4,1,0
BRDA:83,5,0,0
BRDA:83,5,1,0
BRDA:88,6,0,0
BRDA:88,6,1,0
BRDA:97,7,0,0
BRDA:97,7,1,0
BRDA:110,8,0,0
BRDA:110,8,1,0
BRDA:111,9,0,0
BRDA:111,9,1,0
BRDA:124,10,0,0
BRDA:124,10,1,0
BRDA:199,11,0,0
BRDA:199,11,1,0
BRDA:272,12,0,0
BRDA:272,12,1,0
BRDA:285,13,0,0
BRDA:285,13,1,0
BRDA:290,14,0,0
BRDA:290,14,1,0
BRDA:294,15,0,0
BRDA:294,15,1,0
BRDA:386,16,0,0
BRDA:386,16,1,0
BRDA:387,17,0,0
BRDA:387,17,1,0
BRDA:393,18,0,0
BRDA:393,18,1,0
BRDA:413,19,0,0
BRDA:413,19,1,0
BRDA:415,20,0,0
BRDA:415,20,1,0
BRDA:418,21,0,0
BRDA:418,21,1,0
BRF:44
BRH:0
end_of_record
TN:
SF:src\components\pedagogy\wordgames\SyntaxMasterCard\index.tsx
FN:54,(anonymous_0)
FN:68,(anonymous_1)
FN:71,(anonymous_2)
FN:72,(anonymous_3)
FN:74,(anonymous_4)
FN:75,(anonymous_5)
FN:92,(anonymous_6)
FN:93,(anonymous_7)
FN:108,(anonymous_8)
FN:113,(anonymous_9)
FN:114,(anonymous_10)
FN:118,(anonymous_11)
FN:121,(anonymous_12)
FN:124,(anonymous_13)
FN:128,(anonymous_14)
FN:130,(anonymous_15)
FN:238,(anonymous_16)
FN:242,(anonymous_17)
FN:257,(anonymous_18)
FN:261,(anonymous_19)
FNF:20
FNH:0
FNDA:0,(anonymous_0)
FNDA:0,(anonymous_1)
FNDA:0,(anonymous_2)
FNDA:0,(anonymous_3)
FNDA:0,(anonymous_4)
FNDA:0,(anonymous_5)
FNDA:0,(anonymous_6)
FNDA:0,(anonymous_7)
FNDA:0,(anonymous_8)
FNDA:0,(anonymous_9)
FNDA:0,(anonymous_10)
FNDA:0,(anonymous_11)
FNDA:0,(anonymous_12)
FNDA:0,(anonymous_13)
FNDA:0,(anonymous_14)
FNDA:0,(anonymous_15)
FNDA:0,(anonymous_16)
FNDA:0,(anonymous_17)
FNDA:0,(anonymous_18)
FNDA:0,(anonymous_19)
DA:54,1
DA:67,0
DA:68,0
DA:71,0
DA:72,0
DA:74,0
DA:75,0
DA:79,0
DA:88,0
DA:89,0
DA:92,0
DA:93,0
DA:94,0
DA:95,0
DA:96,0
DA:97,0
DA:99,0
DA:103,0
DA:108,0
DA:109,0
DA:110,0
DA:111,0
DA:112,0
DA:113,0
DA:114,0
DA:118,0
DA:119,0
DA:120,0
DA:121,0
DA:122,0
DA:123,0
DA:124,0
DA:128,0
DA:129,0
DA:130,0
DA:131,0
DA:136,0
DA:138,0
DA:219,0
DA:239,0
DA:242,0
DA:258,0
DA:261,0
LF:43
LH:1
BRDA:75,0,0,0
BRDA:75,0,1,0
BRDA:95,1,0,0
BRDA:95,1,1,0
BRDA:109,2,0,0
BRDA:109,2,1,0
BRDA:119,3,0,0
BRDA:119,3,1,0
BRDA:145,4,0,0
BRDA:145,4,1,0
BRDA:157,5,0,0
BRDA:157,5,1,0
BRDA:183,6,0,0
BRDA:183,6,1,0
BRDA:189,7,0,0
BRDA:189,7,1,0
BRDA:235,8,0,0
BRDA:235,8,1,0
BRDA:272,9,0,0
BRDA:272,9,1,0
BRDA:272,9,2,0
BRF:21
BRH:0
end_of_record
TN:
SF:src\components\pedagogy\wordgames\TransformerCard\index.tsx
FN:49,(anonymous_0)
FN:63,(anonymous_1)
FN:76,(anonymous_2)
FN:77,(anonymous_3)
FN:93,(anonymous_4)
FN:231,(anonymous_5)
FN:252,(anonymous_6)
FNF:7
FNH:0
FNDA:0,(anonymous_0)
FNDA:0,(anonymous_1)
FNDA:0,(anonymous_2)
FNDA:0,(anonymous_3)
FNDA:0,(anonymous_4)
FNDA:0,(anonymous_5)
FNDA:0,(anonymous_6)
DA:49,1
DA:62,0
DA:63,0
DA:65,0
DA:73,0
DA:74,0
DA:76,0
DA:77,0
DA:78,0
DA:79,0
DA:80,0
DA:81,0
DA:83,0
DA:86,0
DA:89,0
DA:90,0
DA:93,0
DA:94,0
DA:95,0
DA:97,0
DA:98,0
DA:100,0
DA:103,0
DA:104,0
DA:108,0
DA:193,0
DA:232,0
DA:233,0
DA:235,0
DA:242,0
DA:248,0
DA:252,0
LF:32
LH:1
BRDA:79,0,0,0
BRDA:79,0,1,0
BRDA:89,1,0,0
BRDA:89,1,1,0
BRDA:89,1,2,0
BRDA:95,2,0,0
BRDA:95,2,1,0
BRDA:98,3,0,0
BRDA:98,3,1,0
BRDA:100,4,0,0
BRDA:100,4,1,0
BRDA:114,5,0,0
BRDA:114,5,1,0
BRDA:156,6,0,0
BRDA:156,6,1,0
BRDA:157,7,0,0
BRDA:157,7,1,0
BRDA:157,8,0,0
BRDA:157,8,1,0
BRDA:159,9,0,0
BRDA:159,9,1,0
BRDA:212,10,0,0
BRDA:212,10,1,0
BRDA:214,11,0,0
BRDA:214,11,1,0
BRDA:218,12,0,0
BRDA:218,12,1,0
BRDA:225,13,0,0
BRDA:225,13,1,0
BRDA:225,13,2,0
BRDA:237,14,0,0
BRDA:237,14,1,0
BRDA:237,14,2,0
BRDA:238,15,0,0
BRDA:238,15,1,0
BRDA:238,15,2,0
BRDA:238,15,3,0
BRDA:239,16,0,0
BRDA:239,16,1,0
BRDA:239,16,2,0
BRDA:244,17,0,0
BRDA:244,17,1,0
BRDA:244,17,2,0
BRDA:244,17,3,0
BRDA:244,17,4,0
BRDA:252,18,0,0
BRDA:252,18,1,0
BRF:47
BRH:0
end_of_record
TN:
SF:src\components\pedagogy\wordgames\shared\commonWordGameStyles.ts
FN:52,(anonymous_0)
FN:188,(anonymous_1)
FNF:2
FNH:0
FNDA:0,(anonymous_0)
FNDA:0,(anonymous_1)
DA:52,2
DA:53,0
DA:55,0
DA:188,2
DA:189,0
LF:5
LH:2
BRDA:84,0,0,0
BRDA:84,0,1,0
BRDA:90,1,0,0
BRDA:90,1,1,0
BRDA:95,2,0,0
BRDA:95,2,1,0
BRDA:98,3,0,0
BRDA:98,3,1,0
BRDA:111,4,0,0
BRDA:111,4,1,0
BRDA:144,5,0,0
BRDA:144,5,1,0
BRDA:158,6,0,0
BRDA:158,6,1,0
BRDA:169,7,0,0
BRDA:169,7,1,0
BRDA:188,8,0,0
BRF:17
BRH:0
end_of_record
TN:
SF:src\components\ui\DynamicIcon.tsx
FN:14,(anonymous_0)
FNF:1
FNH:1
FNDA:12,(anonymous_0)
DA:14,3
DA:21,12
DA:26,12
DA:27,12
DA:29,12
LF:5
LH:5
BRDA:16,0,0,9
BRDA:17,1,0,8
BRDA:26,2,0,12
BRDA:26,2,1,4
BRDA:26,2,2,2
BRDA:27,3,0,12
BRDA:27,3,1,8
BRF:7
BRH:7
end_of_record
TN:
SF:src\components\ui\MarkdownText.tsx
FN:24,(anonymous_0)
FN:46,(anonymous_1)
FN:51,(anonymous_2)
FN:65,(anonymous_3)
FN:70,(anonymous_4)
FNF:5
FNH:5
FNDA:22,(anonymous_0)
FNDA:22,(anonymous_1)
FNDA:30,(anonymous_2)
FNDA:16,(anonymous_3)
FNDA:28,(anonymous_4)
DA:21,1
DA:22,1
DA:24,1
DA:25,22
DA:26,22
DA:27,22
DA:30,22
DA:31,5
DA:32,4
DA:34,5
DA:35,2
DA:36,1
DA:37,5
DA:40,22
DA:41,21
DA:43,22
DA:46,1
DA:51,22
DA:52,30
DA:53,30
DA:55,3
DA:57,1
DA:59,1
DA:61,25
DA:65,1
DA:66,16
DA:68,16
DA:71,28
DA:72,6
DA:75,22
DA:76,22
DA:78,22
DA:79,8
DA:89,14
DA:90,3
DA:100,11
LF:36
LH:36
BRDA:22,0,0,1
BRDA:22,0,1,0
BRDA:31,1,0,4
BRDA:31,1,1,1
BRDA:34,2,0,3
BRDA:34,2,1,2
BRDA:35,3,0,1
BRDA:35,3,1,1
BRDA:36,4,0,1
BRDA:36,4,1,0
BRDA:40,5,0,21
BRDA:40,5,1,1
BRDA:43,6,0,22
BRDA:43,6,1,0
BRDA:53,7,0,3
BRDA:53,7,1,1
BRDA:53,7,2,1
BRDA:53,7,3,25
BRDA:71,8,0,6
BRDA:71,8,1,22
BRDA:78,9,0,8
BRDA:78,9,1,14
BRDA:89,10,0,3
BRDA:89,10,1,11
BRDA:101,11,0,2
BRDA:101,11,1,9
BRF:26
BRH:23
end_of_record
TN:
SF:src\components\ui\SkeletonLoader.tsx
FN:38,(anonymous_0)
FN:47,(anonymous_1)
FN:58,(anonymous_2)
FN:95,(anonymous_3)
FN:126,(anonymous_4)
FN:177,(anonymous_5)
FN:206,(anonymous_6)
FN:210,(anonymous_7)
FNF:8
FNH:0
FNDA:0,(anonymous_0)
FNDA:0,(anonymous_1)
FNDA:0,(anonymous_2)
FNDA:0,(anonymous_3)
FNDA:0,(anonymous_4)
FNDA:0,(anonymous_5)
FNDA:0,(anonymous_6)
FNDA:0,(anonymous_7)
DA:38,1
DA:44,0
DA:45,0
DA:47,0
DA:48,0
DA:58,0
DA:62,0
DA:64,0
DA:95,1
DA:96,0
DA:97,0
DA:98,0
DA:100,0
DA:126,1
DA:127,0
DA:128,0
DA:129,0
DA:131,0
DA:177,1
DA:178,0
DA:179,0
DA:180,0
DA:182,0
DA:206,1
DA:210,0
DA:211,0
DA:213,0
DA:215,0
DA:217,0
DA:219,0
DA:223,0
DA:230,1
LF:32
LH:6
BRDA:41,0,0,0
BRDA:62,1,0,0
BRDA:62,1,1,0
BRDA:98,2,0,0
BRDA:98,2,1,0
BRDA:108,3,0,0
BRDA:108,3,1,0
BRDA:109,4,0,0
BRDA:109,4,1,0
BRDA:110,5,0,0
BRDA:110,5,1,0
BRDA:129,6,0,0
BRDA:129,6,1,0
BRDA:135,7,0,0
BRDA:135,7,1,0
BRDA:136,8,0,0
BRDA:136,8,1,0
BRDA:137,9,0,0
BRDA:137,9,1,0
BRDA:138,10,0,0
BRDA:138,10,1,0
BRDA:148,11,0,0
BRDA:148,11,1,0
BRDA:159,12,0,0
BRDA:159,12,1,0
BRDA:170,13,0,0
BRDA:170,13,1,0
BRDA:180,14,0,0
BRDA:180,14,1,0
BRDA:188,15,0,0
BRDA:188,15,1,0
BRDA:207,16,0,0
BRDA:211,17,0,0
BRDA:211,17,1,0
BRDA:211,17,2,0
BRDA:211,17,3,0
BRF:36
BRH:0
end_of_record
TN:
SF:src\components\ui\AudioButtons\AudioButton.tsx
FN:19,(anonymous_0)
FN:31,(anonymous_1)
FN:63,(anonymous_2)
FNF:3
FNH:2
FNDA:6,(anonymous_0)
FNDA:6,(anonymous_1)
FNDA:0,(anonymous_2)
DA:19,2
DA:30,6
DA:31,6
DA:32,6
DA:33,6
DA:36,6
DA:39,6
DA:44,6
DA:50,6
DA:63,0
LF:10
LH:9
BRDA:21,0,0,6
BRDA:22,1,0,6
BRDA:23,2,0,0
BRDA:24,3,0,6
BRDA:26,4,0,6
BRDA:40,5,0,0
BRDA:40,5,1,6
BRDA:41,6,0,0
BRDA:41,6,1,6
BRDA:45,7,0,6
BRDA:45,7,1,0
BRDA:45,8,0,0
BRDA:45,8,1,0
BRDA:46,9,0,6
BRDA:46,9,1,0
BRDA:47,10,0,6
BRDA:47,10,1,0
BRDA:55,11,0,6
BRDA:55,11,1,0
BRDA:57,12,0,6
BRDA:57,12,1,0
BRDA:70,13,0,6
BRDA:70,13,1,0
BRDA:74,14,0,6
BRDA:74,14,1,0
BRDA:79,15,0,0
BRDA:79,15,1,0
BRF:27
BRH:13
end_of_record
TN:
SF:src\components\ui\AudioButtons\AudioButtonStyle.ts
FN:5,(anonymous_0)
FNF:1
FNH:1
FNDA:6,(anonymous_0)
DA:5,6
LF:1
LH:1
BRDA:33,0,0,0
BRDA:33,0,1,6
BRF:2
BRH:1
end_of_record
TN:
SF:src\components\ui\AudioButtons\hooks\useAudioPlayer.ts
FN:31,(anonymous_0)
FN:53,(anonymous_1)
FN:62,(anonymous_2)
FN:67,(anonymous_3)
FN:75,(anonymous_4)
FN:90,(anonymous_5)
FN:105,(anonymous_6)
FN:117,(anonymous_7)
FN:132,(anonymous_8)
FN:151,(anonymous_9)
FN:159,(anonymous_10)
FN:163,(anonymous_11)
FN:177,(anonymous_12)
FN:187,(anonymous_13)
FN:188,(anonymous_14)
FNF:15
FNH:4
FNDA:0,(anonymous_0)
FNDA:6,(anonymous_1)
FNDA:0,(anonymous_2)
FNDA:6,(anonymous_3)
FNDA:0,(anonymous_4)
FNDA:0,(anonymous_5)
FNDA:0,(anonymous_6)
FNDA:0,(anonymous_7)
FNDA:0,(anonymous_8)
FNDA:0,(anonymous_9)
FNDA:0,(anonymous_10)
FNDA:0,(anonymous_11)
FNDA:0,(anonymous_12)
FNDA:6,(anonymous_13)
FNDA:6,(anonymous_14)
DA:21,2
DA:31,2
DA:32,0
DA:35,0
DA:38,0
DA:43,0
DA:44,0
DA:47,0
DA:53,2
DA:57,6
DA:58,6
DA:59,6
DA:60,6
DA:62,6
DA:63,0
DA:64,0
DA:67,6
DA:68,6
DA:69,0
DA:70,0
DA:75,6
DA:76,0
DA:78,0
DA:79,0
DA:80,0
DA:83,0
DA:84,0
DA:85,0
DA:87,0
DA:88,0
DA:90,0
DA:91,0
DA:92,0
DA:93,0
DA:94,0
DA:98,0
DA:100,0
DA:105,6
DA:106,0
DA:107,0
DA:108,0
DA:109,0
DA:110,0
DA:112,0
DA:113,0
DA:114,0
DA:115,0
DA:116,0
DA:117,0
DA:118,0
DA:119,0
DA:120,0
DA:121,0
DA:124,0
DA:126,0
DA:131,6
DA:133,0
DA:135,0
DA:138,0
DA:139,0
DA:140,0
DA:144,0
DA:145,0
DA:146,0
DA:147,0
DA:150,0
DA:151,0
DA:152,0
DA:155,0
DA:160,0
DA:161,0
DA:164,0
DA:165,0
DA:169,0
DA:170,0
DA:177,6
DA:178,0
DA:179,0
DA:180,0
DA:181,0
DA:183,0
DA:187,6
DA:188,6
DA:189,6
DA:190,6
DA:191,6
DA:192,0
DA:197,6
LF:88
LH:20
BRDA:35,0,0,0
BRDA:35,0,1,0
BRDA:38,1,0,0
BRDA:38,1,1,0
BRDA:38,2,0,0
BRDA:38,2,1,0
BRDA:43,3,0,0
BRDA:43,3,1,0
BRDA:68,4,0,0
BRDA:68,4,1,6
BRDA:78,5,0,0
BRDA:78,5,1,0
BRDA:91,6,0,0
BRDA:91,6,1,0
BRDA:91,7,0,0
BRDA:91,7,1,0
BRDA:106,8,0,0
BRDA:106,8,1,0
BRDA:106,9,0,0
BRDA:106,9,1,0
BRDA:108,10,0,0
BRDA:108,10,1,0
BRDA:118,11,0,0
BRDA:118,11,1,0
BRDA:118,12,0,0
BRDA:118,12,1,0
BRDA:132,13,0,0
BRDA:133,14,0,0
BRDA:133,14,1,0
BRDA:133,15,0,0
BRDA:133,15,1,0
BRDA:135,16,0,0
BRDA:135,17,0,0
BRDA:135,18,0,0
BRDA:138,19,0,0
BRDA:138,19,1,0
BRDA:156,20,0,0
BRDA:156,20,1,0
BRDA:180,21,0,0
BRDA:180,21,1,0
BRDA:191,22,0,0
BRDA:191,22,1,6
BRF:42
BRH:2
end_of_record
TN:
SF:src\config\moduleConfig.ts
FN:57,(anonymous_0)
FNF:1
FNH:1
FNDA:19,(anonymous_0)
DA:17,2
DA:57,2
DA:58,19
DA:59,19
LF:4
LH:4
BRDA:59,0,0,19
BRDA:59,0,1,5
BRF:2
BRH:2
end_of_record
TN:
SF:src\config\wordGamesConfig.ts
FN:78,(anonymous_0)
FN:85,(anonymous_1)
FNF:2
FNH:2
FNDA:38,(anonymous_0)
FNDA:32,(anonymous_1)
DA:31,1
DA:78,1
DA:79,38
DA:85,1
DA:86,32
DA:92,1
LF:6
LH:6
BRDA:79,0,0,38
BRDA:79,0,1,1
BRF:2
BRH:2
end_of_record
TN:
SF:src\contexts\AIContext.tsx
FN:66,(anonymous_0)
FN:85,(anonymous_1)
FN:86,(anonymous_2)
FN:89,(anonymous_3)
FN:96,(anonymous_4)
FN:99,(anonymous_5)
FN:103,(anonymous_6)
FN:107,(anonymous_7)
FN:111,(anonymous_8)
FN:144,(anonymous_9)
FNF:10
FNH:0
FNDA:0,(anonymous_0)
FNDA:0,(anonymous_1)
FNDA:0,(anonymous_2)
FNDA:0,(anonymous_3)
FNDA:0,(anonymous_4)
FNDA:0,(anonymous_5)
FNDA:0,(anonymous_6)
FNDA:0,(anonymous_7)
FNDA:0,(anonymous_8)
FNDA:0,(anonymous_9)
DA:44,0
DA:60,0
DA:66,0
DA:67,0
DA:68,0
DA:80,0
DA:83,0
DA:85,0
DA:86,0
DA:89,0
DA:90,0
DA:96,0
DA:99,0
DA:100,0
DA:103,0
DA:104,0
DA:107,0
DA:108,0
DA:111,0
DA:133,0
DA:144,0
DA:145,0
DA:146,0
DA:147,0
DA:149,0
LF:25
LH:0
BRDA:83,0,0,0
BRDA:83,0,1,0
BRDA:146,1,0,0
BRDA:146,1,1,0
BRF:4
BRH:0
end_of_record
TN:
SF:src\contexts\CurrentLevelContext.tsx
FN:40,(anonymous_0)
FN:45,(anonymous_1)
FN:46,(anonymous_2)
FN:78,(anonymous_3)
FN:107,(anonymous_4)
FNF:5
FNH:0
FNDA:0,(anonymous_0)
FNDA:0,(anonymous_1)
FNDA:0,(anonymous_2)
FNDA:0,(anonymous_3)
FNDA:0,(anonymous_4)
DA:28,0
DA:34,0
DA:40,0
DA:41,0
DA:42,0
DA:45,0
DA:46,0
DA:47,0
DA:49,0
DA:50,0
DA:51,0
DA:52,0
DA:53,0
DA:54,0
DA:59,0
DA:60,0
DA:63,0
DA:64,0
DA:65,0
DA:66,0
DA:70,0
DA:74,0
DA:78,0
DA:79,0
DA:80,0
DA:81,0
DA:82,0
DA:84,0
DA:88,0
DA:90,0
DA:107,0
DA:108,0
DA:109,0
DA:110,0
DA:112,0
LF:35
LH:0
BRDA:50,0,0,0
BRDA:50,0,1,0
BRDA:52,1,0,0
BRDA:52,1,1,0
BRDA:52,2,0,0
BRDA:52,2,1,0
BRDA:59,3,0,0
BRDA:59,3,1,0
BRDA:63,4,0,0
BRDA:63,4,1,0
BRDA:63,5,0,0
BRDA:63,5,1,0
BRDA:63,5,2,0
BRDA:79,6,0,0
BRDA:79,6,1,0
BRDA:79,7,0,0
BRDA:79,7,1,0
BRDA:109,8,0,0
BRDA:109,8,1,0
BRF:19
BRH:0
end_of_record
TN:
SF:src\contexts\ProgressContext.tsx
FN:29,(anonymous_0)
FN:31,(anonymous_1)
FN:38,(anonymous_2)
FN:39,(anonymous_3)
FN:86,(anonymous_4)
FN:91,(anonymous_5)
FN:100,(anonymous_6)
FN:109,(anonymous_7)
FN:112,(anonymous_8)
FN:144,(anonymous_9)
FN:151,(anonymous_10)
FN:161,(anonymous_11)
FN:167,(anonymous_12)
FN:178,(anonymous_13)
FN:186,(anonymous_14)
FN:191,(anonymous_15)
FN:197,(anonymous_16)
FN:200,(anonymous_17)
FN:211,(anonymous_18)
FN:215,(anonymous_19)
FN:221,(anonymous_20)
FN:229,(anonymous_21)
FN:235,(anonymous_22)
FN:236,(anonymous_23)
FN:245,(anonymous_24)
FN:258,(anonymous_25)
FNF:26
FNH:19
FNDA:48,(anonymous_0)
FNDA:20,(anonymous_1)
FNDA:20,(anonymous_2)
FNDA:20,(anonymous_3)
FNDA:48,(anonymous_4)
FNDA:0,(anonymous_5)
FNDA:27,(anonymous_6)
FNDA:3,(anonymous_7)
FNDA:3,(anonymous_8)
FNDA:1,(anonymous_9)
FNDA:3,(anonymous_10)
FNDA:1,(anonymous_11)
FNDA:2,(anonymous_12)
FNDA:6,(anonymous_13)
FNDA:8,(anonymous_14)
FNDA:8,(anonymous_15)
FNDA:8,(anonymous_16)
FNDA:3,(anonymous_17)
FNDA:0,(anonymous_18)
FNDA:0,(anonymous_19)
FNDA:0,(anonymous_20)
FNDA:0,(anonymous_21)
FNDA:0,(anonymous_22)
FNDA:0,(anonymous_23)
FNDA:48,(anonymous_24)
FNDA:48,(anonymous_25)
DA:27,1
DA:29,1
DA:30,48
DA:31,48
DA:32,48
DA:33,48
DA:34,48
DA:38,48
DA:39,20
DA:40,20
DA:42,19
DA:43,19
DA:44,19
DA:45,19
DA:46,6
DA:47,6
DA:48,6
DA:49,6
DA:53,13
DA:54,13
DA:55,3
DA:57,3
DA:58,3
DA:59,3
DA:60,1
DA:61,1
DA:62,1
DA:65,3
DA:69,13
DA:70,13
DA:71,13
DA:72,1
DA:73,1
DA:74,1
DA:77,0
DA:79,19
DA:82,20
DA:86,48
DA:87,48
DA:89,27
DA:91,27
DA:92,0
DA:93,0
DA:94,0
DA:96,0
DA:100,27
DA:109,48
DA:110,3
DA:112,3
DA:113,3
DA:114,2
DA:115,2
DA:116,16
DA:117,16
DA:119,16
DA:120,112
DA:121,1
DA:122,1
DA:123,1
DA:124,1
DA:136,2
DA:138,0
DA:139,0
DA:143,3
DA:144,3
DA:145,1
DA:147,3
DA:151,48
DA:152,3
DA:153,3
DA:154,3
DA:155,3
DA:157,0
DA:161,48
DA:162,1
DA:163,1
DA:164,1
DA:167,48
DA:168,2
DA:169,2
DA:170,2
DA:171,1
DA:172,1
DA:174,1
DA:178,48
DA:182,6
DA:186,48
DA:187,8
DA:188,8
DA:191,48
DA:194,8
DA:195,8
DA:196,8
DA:197,8
DA:200,48
DA:201,3
DA:202,3
DA:203,3
DA:204,3
DA:205,21
DA:206,21
DA:208,3
DA:211,48
DA:212,0
DA:215,48
DA:218,0
DA:219,0
DA:220,0
DA:221,0
DA:222,0
DA:223,0
DA:226,0
DA:229,48
DA:232,0
DA:233,0
DA:234,0
DA:235,0
DA:236,0
DA:237,0
DA:238,0
DA:242,0
DA:245,48
DA:255,48
DA:258,1
DA:259,48
DA:260,48
DA:261,48
LF:127
LH:103
BRDA:40,0,0,1
BRDA:40,0,1,19
BRDA:43,1,0,19
BRDA:43,1,1,0
BRDA:45,2,0,6
BRDA:45,2,1,13
BRDA:54,3,0,3
BRDA:54,3,1,10
BRDA:59,4,0,1
BRDA:59,4,1,2
BRDA:59,5,0,3
BRDA:59,5,1,3
BRDA:59,5,2,1
BRDA:71,6,0,1
BRDA:71,6,1,12
BRDA:71,7,0,13
BRDA:71,7,1,1
BRDA:87,8,0,21
BRDA:87,8,1,27
BRDA:87,9,0,48
BRDA:87,9,1,28
BRDA:87,9,2,28
BRDA:89,10,0,8
BRDA:89,10,1,19
BRDA:94,11,0,0
BRDA:94,11,1,0
BRDA:100,12,0,27
BRDA:100,12,1,0
BRDA:110,13,0,0
BRDA:110,13,1,3
BRDA:110,14,0,3
BRDA:110,14,1,3
BRDA:110,14,2,3
BRDA:117,15,0,0
BRDA:117,15,1,16
BRDA:117,16,0,16
BRDA:117,16,1,16
BRDA:121,17,0,0
BRDA:121,17,1,1
BRDA:121,18,0,1
BRDA:121,18,1,1
BRDA:123,19,0,0
BRDA:123,19,1,1
BRDA:123,20,0,1
BRDA:123,20,1,1
BRDA:152,21,0,3
BRDA:152,21,1,0
BRDA:154,22,0,3
BRDA:154,22,1,0
BRDA:155,23,0,3
BRDA:155,23,1,0
BRDA:155,24,0,3
BRDA:155,24,1,3
BRDA:162,25,0,0
BRDA:162,25,1,1
BRDA:162,26,0,1
BRDA:162,26,1,1
BRDA:162,26,2,1
BRDA:164,27,0,1
BRDA:164,27,1,0
BRDA:168,28,0,0
BRDA:168,28,1,2
BRDA:168,29,0,2
BRDA:168,29,1,2
BRDA:168,29,2,2
BRDA:188,30,0,8
BRDA:188,30,1,0
BRDA:192,31,0,0
BRDA:194,32,0,8
BRDA:194,32,1,0
BRDA:195,33,0,8
BRDA:195,33,1,0
BRDA:196,34,0,0
BRDA:196,34,1,8
BRDA:202,35,0,0
BRDA:202,35,1,3
BRDA:205,36,0,21
BRDA:205,36,1,0
BRDA:206,37,0,8
BRDA:206,37,1,13
BRDA:219,38,0,0
BRDA:219,38,1,0
BRDA:222,39,0,0
BRDA:222,39,1,0
BRDA:222,40,0,0
BRDA:222,40,1,0
BRDA:222,40,2,0
BRDA:233,41,0,0
BRDA:233,41,1,0
BRDA:237,42,0,0
BRDA:237,42,1,0
BRDA:237,43,0,0
BRDA:237,43,1,0
BRDA:237,43,2,0
BRDA:260,44,0,0
BRDA:260,44,1,48
BRF:96
BRH:60
end_of_record
TN:
SF:src\contexts\UserContext.tsx
FN:48,(anonymous_0)
FN:54,(anonymous_1)
FN:55,(anonymous_2)
FN:84,(anonymous_3)
FN:96,(anonymous_4)
FN:110,(anonymous_5)
FN:129,(anonymous_6)
FNF:7
FNH:7
FNDA:28,(anonymous_0)
FNDA:12,(anonymous_1)
FNDA:12,(anonymous_2)
FNDA:2,(anonymous_3)
FNDA:2,(anonymous_4)
FNDA:28,(anonymous_5)
FNDA:16,(anonymous_6)
DA:33,1
DA:35,1
DA:46,1
DA:48,1
DA:49,28
DA:50,28
DA:51,28
DA:54,28
DA:55,12
DA:56,12
DA:57,12
DA:58,12
DA:59,7
DA:61,7
DA:62,2
DA:64,7
DA:67,5
DA:70,12
DA:71,11
DA:73,1
DA:74,1
DA:76,12
DA:80,12
DA:84,28
DA:85,2
DA:86,2
DA:87,2
DA:88,2
DA:89,2
DA:91,0
DA:96,28
DA:97,2
DA:98,2
DA:99,2
DA:100,2
DA:101,2
DA:103,0
DA:107,28
DA:109,28
DA:110,28
DA:114,28
DA:115,12
DA:122,16
DA:129,1
DA:130,16
DA:131,16
DA:132,0
DA:134,16
LF:48
LH:45
BRDA:58,0,0,7
BRDA:58,0,1,5
BRDA:61,1,0,2
BRDA:61,1,1,5
BRDA:62,2,0,2
BRDA:62,2,1,1
BRDA:85,3,0,0
BRDA:85,3,1,2
BRDA:97,4,0,0
BRDA:97,4,1,2
BRDA:107,5,0,28
BRDA:107,5,1,12
BRDA:114,6,0,12
BRDA:114,6,1,16
BRDA:131,7,0,0
BRDA:131,7,1,16
BRF:16
BRH:13
end_of_record
TN:
SF:src\contexts\progressTypes.ts
FNF:0
FNH:0
LF:0
LH:0
BRF:0
BRH:0
end_of_record
TN:
SF:src\contexts\progressUtils.ts
FN:28,(anonymous_0)
FN:34,(anonymous_1)
FN:46,(anonymous_2)
FN:48,(anonymous_3)
FN:52,(anonymous_4)
FN:64,(anonymous_5)
FN:98,(anonymous_6)
FN:150,(anonymous_7)
FN:156,(anonymous_8)
FN:157,(anonymous_9)
FNF:10
FNH:10
FNDA:35,(anonymous_0)
FNDA:15,(anonymous_1)
FNDA:402,(anonymous_2)
FNDA:2814,(anonymous_3)
FNDA:50,(anonymous_4)
FNDA:48,(anonymous_5)
FNDA:20,(anonymous_6)
FNDA:11,(anonymous_7)
FNDA:51,(anonymous_8)
FNDA:8,(anonymous_9)
DA:17,4
DA:22,4
DA:28,35
DA:34,4
DA:35,15
DA:36,10
DA:37,10
DA:39,5
DA:46,4
DA:47,402
DA:48,2814
DA:49,402
DA:52,4
DA:53,50
DA:54,50
DA:55,400
DA:57,50
DA:64,4
DA:65,48
DA:67,15
DA:70,31
DA:71,30
DA:72,30
DA:73,30
DA:90,2
DA:98,4
DA:102,20
DA:103,20
DA:115,19
DA:117,7
DA:119,7
DA:120,13
DA:121,13
DA:122,13
DA:124,13
DA:128,13
DA:129,0
DA:132,13
DA:139,7
DA:141,1
DA:142,1
DA:150,4
DA:151,11
DA:152,10
DA:153,10
DA:155,9
DA:156,9
DA:157,51
DA:158,8
DA:159,7
DA:163,9
LF:51
LH:50
BRDA:35,0,0,10
BRDA:35,0,1,5
BRDA:37,1,0,10
BRDA:37,1,1,5
BRDA:65,2,0,15
BRDA:65,2,1,31
BRDA:65,2,2,2
BRDA:70,3,0,1
BRDA:70,3,1,30
BRDA:115,4,0,12
BRDA:115,4,1,7
BRDA:115,5,0,19
BRDA:115,5,1,19
BRDA:122,6,0,0
BRDA:122,6,1,13
BRDA:122,7,0,13
BRDA:122,7,1,13
BRDA:124,8,0,2
BRDA:124,8,1,11
BRDA:128,9,0,0
BRDA:128,9,1,13
BRDA:134,10,0,13
BRDA:134,10,1,0
BRDA:135,11,0,1
BRDA:135,11,1,12
BRDA:151,12,0,1
BRDA:151,12,1,10
BRDA:153,13,0,1
BRDA:153,13,1,9
BRDA:158,14,0,7
BRDA:158,14,1,1
BRF:31
BRH:28
end_of_record
TN:
SF:src\database\index.ts
FNF:0
FNH:0
LF:0
LH:0
BRF:0
BRH:0
end_of_record
TN:
SF:src\database\init.ts
FN:21,(anonymous_0)
FN:22,(anonymous_1)
FN:32,(anonymous_2)
FN:70,(anonymous_3)
FN:80,(anonymous_4)
FNF:5
FNH:0
FNDA:0,(anonymous_0)
FNDA:0,(anonymous_1)
FNDA:0,(anonymous_2)
FNDA:0,(anonymous_3)
FNDA:0,(anonymous_4)
DA:18,0
DA:19,0
DA:21,0
DA:22,0
DA:23,0
DA:24,0
DA:26,0
DA:32,0
DA:33,0
DA:35,0
DA:36,0
DA:37,0
DA:40,0
DA:41,0
DA:42,0
DA:44,0
DA:45,0
DA:47,0
DA:53,0
DA:54,0
DA:55,0
DA:57,0
DA:58,0
DA:61,0
DA:63,0
DA:64,0
DA:65,0
DA:67,0
DA:68,0
DA:70,0
DA:71,0
DA:72,0
DA:73,0
DA:74,0
DA:76,0
DA:77,0
DA:80,0
DA:82,0
DA:84,0
LF:39
LH:0
BRDA:37,0,0,0
BRDA:37,0,1,0
BRDA:63,1,0,0
BRDA:63,1,1,0
BRDA:63,2,0,0
BRDA:63,2,1,0
BRDA:67,3,0,0
BRDA:67,3,1,0
BRDA:76,4,0,0
BRDA:76,4,1,0
BRF:10
BRH:0
end_of_record
TN:
SF:src\database\queries.ts
FN:24,(anonymous_0)
FN:31,(anonymous_1)
FN:42,(anonymous_2)
FN:61,(anonymous_3)
FN:71,(anonymous_4)
FN:89,(anonymous_5)
FN:100,(anonymous_6)
FN:123,(anonymous_7)
FN:143,(anonymous_8)
FN:160,(anonymous_9)
FN:182,(anonymous_10)
FN:201,(anonymous_11)
FN:217,(anonymous_12)
FN:228,(anonymous_13)
FN:265,(anonymous_14)
FN:276,(anonymous_15)
FN:318,(anonymous_16)
FN:323,(anonymous_17)
FN:333,(anonymous_18)
FN:349,(anonymous_19)
FN:355,(anonymous_20)
FN:377,(anonymous_21)
FN:391,(anonymous_22)
FN:406,(anonymous_23)
FN:426,(anonymous_24)
FN:432,(anonymous_25)
FN:470,(anonymous_26)
FN:483,(anonymous_27)
FN:501,(anonymous_28)
FN:534,(anonymous_29)
FN:539,(anonymous_30)
FN:540,(anonymous_31)
FN:544,(anonymous_32)
FN:555,(anonymous_33)
FN:586,(anonymous_34)
FN:610,(anonymous_35)
FN:619,(anonymous_36)
FN:689,(anonymous_37)
FN:718,(anonymous_38)
FN:752,(anonymous_39)
FN:771,(anonymous_40)
FN:841,(anonymous_41)
FNF:42
FNH:18
FNDA:1,(anonymous_0)
FNDA:4,(anonymous_1)
FNDA:3,(anonymous_2)
FNDA:2,(anonymous_3)
FNDA:0,(anonymous_4)
FNDA:0,(anonymous_5)
FNDA:0,(anonymous_6)
FNDA:0,(anonymous_7)
FNDA:4,(anonymous_8)
FNDA:4,(anonymous_9)
FNDA:3,(anonymous_10)
FNDA:0,(anonymous_11)
FNDA:6,(anonymous_12)
FNDA:3,(anonymous_13)
FNDA:5,(anonymous_14)
FNDA:3,(anonymous_15)
FNDA:4,(anonymous_16)
FNDA:3,(anonymous_17)
FNDA:4,(anonymous_18)
FNDA:3,(anonymous_19)
FNDA:3,(anonymous_20)
FNDA:0,(anonymous_21)
FNDA:0,(anonymous_22)
FNDA:0,(anonymous_23)
FNDA:0,(anonymous_24)
FNDA:0,(anonymous_25)
FNDA:0,(anonymous_26)
FNDA:1,(anonymous_27)
FNDA:0,(anonymous_28)
FNDA:0,(anonymous_29)
FNDA:0,(anonymous_30)
FNDA:0,(anonymous_31)
FNDA:0,(anonymous_32)
FNDA:0,(anonymous_33)
FNDA:0,(anonymous_34)
FNDA:0,(anonymous_35)
FNDA:0,(anonymous_36)
FNDA:0,(anonymous_37)
FNDA:0,(anonymous_38)
FNDA:0,(anonymous_39)
FNDA:0,(anonymous_40)
FNDA:1,(anonymous_41)
DA:24,3
DA:25,1
DA:31,3
DA:32,4
DA:42,3
DA:43,3
DA:44,3
DA:49,1
DA:50,1
DA:61,3
DA:62,2
DA:71,3
DA:76,0
DA:89,3
DA:90,0
DA:100,3
DA:106,0
DA:108,0
DA:117,0
DA:123,3
DA:124,0
DA:143,3
DA:144,4
DA:160,3
DA:166,4
DA:167,1
DA:172,3
DA:182,3
DA:188,3
DA:194,3
DA:201,3
DA:202,0
DA:203,0
DA:208,0
DA:209,0
DA:217,3
DA:222,6
DA:228,3
DA:234,3
DA:235,3
DA:236,1
DA:244,2
DA:245,2
DA:246,1
DA:254,1
DA:265,3
DA:270,5
DA:276,3
DA:282,3
DA:283,3
DA:284,1
DA:292,2
DA:297,2
DA:298,1
DA:299,1
DA:307,1
DA:318,3
DA:319,4
DA:323,4
DA:333,3
DA:338,4
DA:349,4
DA:355,3
DA:361,3
DA:370,3
DA:377,3
DA:378,0
DA:391,3
DA:397,0
DA:406,3
DA:411,0
DA:426,3
DA:430,0
DA:432,0
DA:435,0
DA:446,0
DA:454,0
DA:456,0
DA:457,0
DA:458,0
DA:463,0
DA:470,3
DA:474,0
DA:483,3
DA:487,1
DA:489,1
DA:495,1
DA:501,3
DA:505,0
DA:511,0
DA:512,0
DA:518,0
DA:528,0
DA:534,3
DA:539,0
DA:540,0
DA:542,0
DA:544,0
DA:546,0
DA:555,3
DA:556,0
DA:558,0
DA:559,0
DA:560,0
DA:562,0
DA:563,0
DA:564,0
DA:565,0
DA:566,0
DA:569,0
DA:570,0
DA:572,0
DA:574,0
DA:575,0
DA:577,0
DA:580,0
DA:586,3
DA:587,0
DA:589,0
DA:590,0
DA:592,0
DA:593,0
DA:594,0
DA:595,0
DA:597,0
DA:598,0
DA:599,0
DA:601,0
DA:604,0
DA:610,3
DA:611,0
DA:612,0
DA:613,0
DA:619,3
DA:624,0
DA:633,0
DA:639,0
DA:646,0
DA:649,0
DA:652,0
DA:654,0
DA:665,0
DA:667,0
DA:677,3
DA:689,3
DA:695,0
DA:698,0
DA:712,0
DA:718,3
DA:723,0
DA:725,0
DA:732,0
DA:734,0
DA:735,0
DA:736,0
DA:739,0
DA:741,0
DA:746,0
DA:752,3
DA:757,0
DA:759,0
DA:771,3
DA:778,0
DA:783,0
DA:785,0
DA:786,0
DA:793,0
DA:795,0
DA:798,0
DA:799,0
DA:800,0
DA:801,0
DA:803,0
DA:807,0
DA:808,0
DA:812,0
DA:813,0
DA:814,0
DA:816,0
DA:819,0
DA:841,3
DA:846,1
LF:182
LH:77
BRDA:92,0,0,0
BRDA:92,0,1,0
BRDA:92,1,0,0
BRDA:92,1,1,0
BRDA:92,2,0,0
BRDA:92,2,1,0
BRDA:106,3,0,0
BRDA:106,3,1,0
BRDA:132,4,0,0
BRDA:132,4,1,0
BRDA:133,5,0,0
BRDA:133,5,1,0
BRDA:134,6,0,0
BRDA:134,6,1,0
BRDA:166,7,0,1
BRDA:166,7,1,3
BRDA:194,8,0,3
BRDA:194,8,1,1
BRDA:235,9,0,1
BRDA:235,9,1,2
BRDA:245,10,0,1
BRDA:245,10,1,1
BRDA:247,11,0,1
BRDA:247,11,1,0
BRDA:248,12,0,1
BRDA:248,12,1,0
BRDA:249,13,0,1
BRDA:249,13,1,0
BRDA:249,13,2,0
BRDA:283,14,0,1
BRDA:283,14,1,2
BRDA:297,15,0,1
BRDA:297,15,1,1
BRDA:300,16,0,1
BRDA:300,16,1,0
BRDA:302,17,0,1
BRDA:302,17,1,0
BRDA:370,18,0,3
BRDA:370,18,1,2
BRDA:377,19,0,0
BRDA:454,20,0,0
BRDA:454,20,1,0
BRDA:457,21,0,0
BRDA:457,21,1,0
BRDA:459,22,0,0
BRDA:459,22,1,0
BRDA:460,23,0,0
BRDA:460,23,1,0
BRDA:495,24,0,1
BRDA:495,24,1,1
BRDA:511,25,0,0
BRDA:511,25,1,0
BRDA:539,26,0,0
BRDA:539,26,1,0
BRDA:542,27,0,0
BRDA:542,27,1,0
BRDA:556,28,0,0
BRDA:556,28,1,0
BRDA:572,29,0,0
BRDA:572,29,1,0
BRDA:572,30,0,0
BRDA:572,30,1,0
BRDA:574,31,0,0
BRDA:574,31,1,0
BRDA:587,32,0,0
BRDA:587,32,1,0
BRDA:597,33,0,0
BRDA:597,33,1,0
BRDA:652,34,0,0
BRDA:652,34,1,0
BRDA:656,35,0,0
BRDA:656,35,1,0
BRDA:657,36,0,0
BRDA:657,36,1,0
BRDA:695,37,0,0
BRDA:695,37,1,0
BRDA:734,38,0,0
BRDA:734,38,1,0
BRDA:783,39,0,0
BRDA:783,39,1,0
BRDA:793,40,0,0
BRDA:793,40,1,0
BRDA:798,41,0,0
BRDA:798,41,1,0
BRDA:800,42,0,0
BRDA:800,42,1,0
BRDA:829,43,0,0
BRDA:829,43,1,0
BRF:88
BRH:21
end_of_record
TN:
SF:src\database\schema.ts
FNF:0
FNH:0
LF:0
LH:0
BRF:0
BRH:0
end_of_record
TN:
SF:src\database\migrations\DatabaseContext.tsx
FN:20,(anonymous_0)
FN:33,(anonymous_1)
FN:37,(anonymous_2)
FN:38,(anonymous_3)
FNF:4
FNH:0
FNDA:0,(anonymous_0)
FNDA:0,(anonymous_1)
FNDA:0,(anonymous_2)
FNDA:0,(anonymous_3)
DA:11,0
DA:20,0
DA:21,0
DA:22,0
DA:23,0
DA:25,0
DA:33,0
DA:34,0
DA:35,0
DA:37,0
DA:38,0
DA:39,0
DA:40,0
DA:41,0
DA:42,0
DA:43,0
DA:45,0
DA:49,0
DA:53,0
LF:19
LH:0
BRDA:22,0,0,0
BRDA:22,0,1,0
BRDA:33,1,0,0
BRDA:53,2,0,0
BRDA:53,2,1,0
BRF:5
BRH:0
end_of_record
TN:
SF:src\database\migrations\runner.ts
FN:35,(anonymous_0)
FN:42,(anonymous_1)
FN:55,(anonymous_2)
FN:65,(anonymous_3)
FN:76,(anonymous_4)
FN:86,(anonymous_5)
FN:93,(anonymous_6)
FN:118,(anonymous_7)
FN:120,(anonymous_8)
FN:130,(anonymous_9)
FN:164,(anonymous_10)
FN:173,(anonymous_11)
FN:179,(anonymous_12)
FN:179,(anonymous_13)
FN:184,(anonymous_14)
FN:200,createMigration
FNF:16
FNH:0
FNDA:0,(anonymous_0)
FNDA:0,(anonymous_1)
FNDA:0,(anonymous_2)
FNDA:0,(anonymous_3)
FNDA:0,(anonymous_4)
FNDA:0,(anonymous_5)
FNDA:0,(anonymous_6)
FNDA:0,(anonymous_7)
FNDA:0,(anonymous_8)
FNDA:0,(anonymous_9)
FNDA:0,(anonymous_10)
FNDA:0,(anonymous_11)
FNDA:0,(anonymous_12)
FNDA:0,(anonymous_13)
FNDA:0,(anonymous_14)
FNDA:0,createMigration
DA:36,0
DA:43,0
DA:56,0
DA:59,0
DA:66,0
DA:70,0
DA:77,0
DA:87,0
DA:94,0
DA:96,0
DA:97,0
DA:100,0
DA:103,0
DA:105,0
DA:106,0
DA:107,0
DA:108,0
DA:110,0
DA:111,0
DA:120,0
DA:122,0
DA:123,0
DA:131,0
DA:132,0
DA:137,0
DA:139,0
DA:140,0
DA:143,0
DA:146,0
DA:148,0
DA:149,0
DA:150,0
DA:151,0
DA:153,0
DA:157,0
DA:165,0
DA:169,0
DA:170,0
DA:171,0
DA:173,0
DA:174,0
DA:175,0
DA:178,0
DA:179,0
DA:182,0
DA:183,0
DA:184,0
DA:185,0
DA:188,0
DA:191,0
DA:193,0
DA:206,0
LF:52
LH:0
BRDA:59,0,0,0
BRDA:59,0,1,0
BRDA:70,1,0,0
BRDA:70,1,1,0
BRDA:96,2,0,0
BRDA:96,2,1,0
BRDA:131,3,0,0
BRDA:131,3,1,0
BRDA:139,4,0,0
BRDA:139,4,1,0
BRDA:182,5,0,0
BRDA:182,5,1,0
BRF:12
BRH:0
end_of_record
TN:
SF:src\database\migrations_v2\001_schema.ts
FN:14,(anonymous_0)
FNF:1
FNH:0
FNDA:0,(anonymous_0)
DA:15,0
LF:1
LH:0
BRF:0
BRH:0
end_of_record
TN:
SF:src\database\migrations_v2\002_seed_config.ts
FN:23,(anonymous_0)
FNF:1
FNH:0
FNDA:0,(anonymous_0)
DA:28,0
DA:66,0
DA:100,0
DA:115,0
DA:116,0
DA:123,0
DA:124,0
DA:125,0
DA:126,0
DA:140,0
DA:178,0
DA:180,0
DA:181,0
DA:182,0
DA:183,0
DA:193,0
DA:194,0
DA:195,0
DA:206,0
DA:229,0
DA:230,0
DA:231,0
DA:242,0
DA:288,0
DA:332,0
LF:25
LH:0
BRF:0
BRH:0
end_of_record
TN:
SF:src\database\migrations_v2\003_seed_subfamily_labels.ts
FN:156,(anonymous_0)
FNF:1
FNH:0
FNDA:0,(anonymous_0)
DA:23,0
DA:60,0
DA:107,0
DA:151,0
DA:161,0
DA:162,0
DA:167,0
DA:168,0
DA:169,0
DA:172,0
DA:173,0
DA:174,0
DA:187,0
DA:188,0
DA:193,0
DA:194,0
DA:195,0
DA:198,0
DA:209,0
DA:210,0
DA:215,0
DA:216,0
DA:217,0
DA:220,0
DA:229,0
LF:25
LH:0
BRDA:167,0,0,0
BRDA:167,0,1,0
BRDA:193,1,0,0
BRDA:193,1,1,0
BRDA:215,2,0,0
BRDA:215,2,1,0
BRF:6
BRH:0
end_of_record
TN:
SF:src\hooks\useAISettings.ts
FN:47,(anonymous_0)
FN:53,(anonymous_1)
FN:99,(anonymous_2)
FN:104,(anonymous_3)
FN:155,(anonymous_4)
FN:190,(anonymous_5)
FN:206,(anonymous_6)
FN:212,(anonymous_7)
FNF:8
FNH:0
FNDA:0,(anonymous_0)
FNDA:0,(anonymous_1)
FNDA:0,(anonymous_2)
FNDA:0,(anonymous_3)
FNDA:0,(anonymous_4)
FNDA:0,(anonymous_5)
FNDA:0,(anonymous_6)
FNDA:0,(anonymous_7)
DA:37,0
DA:47,0
DA:48,0
DA:49,0
DA:50,0
DA:53,0
DA:54,0
DA:55,0
DA:56,0
DA:59,0
DA:61,0
DA:72,0
DA:73,0
DA:74,0
DA:78,0
DA:81,0
DA:93,0
DA:95,0
DA:99,0
DA:100,0
DA:104,0
DA:105,0
DA:107,0
DA:109,0
DA:111,0
DA:112,0
DA:114,0
DA:115,0
DA:117,0
DA:120,0
DA:125,0
DA:146,0
DA:147,0
DA:149,0
DA:150,0
DA:155,0
DA:156,0
DA:158,0
DA:159,0
DA:162,0
DA:163,0
DA:170,0
DA:171,0
DA:175,0
DA:176,0
DA:180,0
DA:181,0
DA:185,0
DA:186,0
DA:190,0
DA:191,0
DA:192,0
DA:194,0
DA:195,0
DA:198,0
DA:199,0
DA:202,0
DA:206,0
DA:207,0
DA:208,0
DA:212,0
DA:213,0
DA:214,0
DA:215,0
DA:216,0
DA:219,0
DA:220,0
DA:225,0
DA:227,0
DA:228,0
DA:233,0
LF:71
LH:0
BRDA:54,0,0,0
BRDA:54,0,1,0
BRDA:54,1,0,0
BRDA:54,1,1,0
BRDA:72,2,0,0
BRDA:72,2,1,0
BRDA:90,3,0,0
BRDA:90,3,1,0
BRDA:105,4,0,0
BRDA:105,4,1,0
BRDA:105,5,0,0
BRDA:105,5,1,0
BRDA:105,5,2,0
BRDA:111,6,0,0
BRDA:111,6,1,0
BRDA:112,7,0,0
BRDA:112,7,1,0
BRDA:112,8,0,0
BRDA:112,8,1,0
BRDA:114,9,0,0
BRDA:114,9,1,0
BRDA:141,10,0,0
BRDA:141,10,1,0
BRDA:156,11,0,0
BRDA:156,11,1,0
BRDA:156,12,0,0
BRDA:156,12,1,0
BRDA:156,12,2,0
BRDA:162,13,0,0
BRDA:162,13,1,0
BRDA:175,14,0,0
BRDA:175,14,1,0
BRDA:191,15,0,0
BRDA:191,15,1,0
BRDA:192,16,0,0
BRDA:192,16,1,0
BRDA:192,17,0,0
BRDA:192,17,1,0
BRDA:198,18,0,0
BRDA:198,18,1,0
BRDA:207,19,0,0
BRDA:207,19,1,0
BRDA:215,20,0,0
BRDA:215,20,1,0
BRDA:219,21,0,0
BRDA:219,21,1,0
BRF:46
BRH:0
end_of_record
TN:
SF:src\hooks\useGetFamiliesByModule.ts
FN:32,(anonymous_0)
FN:42,(anonymous_1)
FN:43,(anonymous_2)
FN:67,(anonymous_3)
FNF:4
FNH:0
FNDA:0,(anonymous_0)
FNDA:0,(anonymous_1)
FNDA:0,(anonymous_2)
FNDA:0,(anonymous_3)
DA:32,0
DA:36,0
DA:37,0
DA:38,0
DA:39,0
DA:40,0
DA:42,0
DA:43,0
DA:44,0
DA:45,0
DA:46,0
DA:49,0
DA:50,0
DA:51,0
DA:54,0
DA:56,0
DA:57,0
DA:58,0
DA:59,0
DA:60,0
DA:64,0
DA:66,0
DA:67,0
DA:69,0
DA:70,0
DA:71,0
DA:72,0
DA:74,0
DA:78,0
DA:81,0
LF:30
LH:0
BRDA:44,0,0,0
BRDA:44,0,1,0
BRDA:44,1,0,0
BRDA:44,1,1,0
BRDA:44,1,2,0
BRDA:56,2,0,0
BRDA:56,2,1,0
BRDA:66,3,0,0
BRDA:66,3,1,0
BRDA:67,4,0,0
BRDA:67,4,1,0
BRDA:67,5,0,0
BRDA:67,5,1,0
BRF:13
BRH:0
end_of_record
TN:
SF:src\hooks\useLastActivity.ts
FN:23,(anonymous_0)
FN:32,(anonymous_1)
FN:72,(anonymous_2)
FNF:3
FNH:3
FNDA:15,(anonymous_0)
FNDA:6,(anonymous_1)
FNDA:5,(anonymous_2)
DA:23,1
DA:24,15
DA:25,15
DA:26,15
DA:32,15
DA:33,6
DA:35,5
DA:36,5
DA:39,5
DA:40,5
DA:41,5
DA:42,5
DA:43,2
DA:44,2
DA:45,2
DA:47,3
DA:50,5
DA:65,1
DA:72,15
DA:73,5
DA:75,4
DA:76,4
DA:77,4
DA:100,4
DA:105,4
DA:107,0
DA:109,4
DA:113,15
LF:28
LH:27
BRDA:33,0,0,1
BRDA:33,0,1,5
BRDA:33,1,0,6
BRDA:33,1,1,5
BRDA:42,2,0,2
BRDA:42,2,1,3
BRDA:44,3,0,2
BRDA:44,3,1,0
BRDA:45,4,0,2
BRDA:45,4,1,1
BRDA:47,5,0,3
BRDA:47,5,1,0
BRDA:73,6,0,1
BRDA:73,6,1,4
BRDA:73,7,0,5
BRDA:73,7,1,4
BRDA:100,8,0,2
BRDA:100,8,1,2
BRDA:102,9,0,1
BRDA:102,9,1,1
BRF:20
BRH:18
end_of_record
TN:
SF:src\hooks\usePreferences.ts
FN:21,(anonymous_0)
FN:25,(anonymous_1)
FN:27,(anonymous_2)
FN:35,(anonymous_3)
FN:41,(anonymous_4)
FN:42,(anonymous_5)
FN:44,(anonymous_6)
FNF:7
FNH:6
FNDA:23,(anonymous_0)
FNDA:10,(anonymous_1)
FNDA:9,(anonymous_2)
FNDA:1,(anonymous_3)
FNDA:3,(anonymous_4)
FNDA:3,(anonymous_5)
FNDA:0,(anonymous_6)
DA:9,1
DA:16,1
DA:21,1
DA:22,23
DA:23,23
DA:25,23
DA:26,10
DA:28,9
DA:29,4
DA:30,4
DA:33,9
DA:37,1
DA:41,23
DA:42,3
DA:43,3
DA:44,3
DA:47,3
DA:51,23
LF:18
LH:18
BRDA:28,0,0,4
BRDA:28,0,1,5
BRF:2
BRH:2
end_of_record
TN:
SF:src\hooks\useSafeAction.ts
FN:33,useSafeAction
FN:50,(anonymous_1)
FN:91,(anonymous_2)
FN:99,(anonymous_3)
FNF:4
FNH:4
FNDA:19,useSafeAction
FNDA:9,(anonymous_1)
FNDA:6,(anonymous_2)
FNDA:1,(anonymous_3)
DA:43,19
DA:45,19
DA:46,19
DA:47,19
DA:49,19
DA:51,9
DA:54,9
DA:55,1
DA:59,8
DA:60,8
DA:61,0
DA:65,8
DA:68,8
DA:69,1
DA:70,1
DA:73,7
DA:75,7
DA:76,7
DA:77,7
DA:79,7
DA:82,7
DA:84,6
DA:85,6
DA:87,1
DA:88,1
DA:89,1
DA:91,7
DA:92,6
DA:99,19
DA:100,1
DA:103,19
LF:31
LH:30
BRDA:35,0,0,11
BRDA:38,1,0,11
BRDA:39,2,0,19
BRDA:54,3,0,1
BRDA:54,3,1,8
BRDA:54,4,0,9
BRDA:54,4,1,1
BRDA:60,5,0,0
BRDA:60,5,1,8
BRDA:65,6,0,1
BRDA:65,6,1,7
BRDA:68,7,0,1
BRDA:68,7,1,7
BRDA:73,8,0,0
BRDA:73,8,1,7
BRDA:79,9,0,1
BRDA:79,9,1,6
BRDA:84,10,0,1
BRDA:84,10,1,5
BRDA:88,11,0,1
BRDA:88,11,1,0
BRDA:100,12,0,0
BRDA:100,12,1,1
BRF:23
BRH:19
end_of_record
TN:
SF:src\hooks\useSafeNavigation.ts
FN:32,useSafeNavigation
FN:40,(anonymous_1)
FN:52,(anonymous_2)
FN:58,(anonymous_3)
FNF:4
FNH:0
FNDA:0,useSafeNavigation
FNDA:0,(anonymous_1)
FNDA:0,(anonymous_2)
FNDA:0,(anonymous_3)
DA:36,0
DA:37,0
DA:40,0
DA:41,0
DA:42,0
DA:47,0
DA:49,0
DA:53,0
DA:57,0
DA:59,0
DA:60,0
DA:61,0
DA:64,0
DA:70,0
LF:14
LH:0
BRDA:34,0,0,0
BRDA:37,1,0,0
BRDA:37,2,0,0
BRDA:41,3,0,0
BRDA:41,3,1,0
BRDA:47,4,0,0
BRDA:47,4,1,0
BRDA:50,5,0,0
BRDA:50,5,1,0
BRF:9
BRH:0
end_of_record
TN:
SF:src\hooks\dashboard\useDailyWord.ts
FN:20,(anonymous_0)
FN:27,(anonymous_1)
FN:28,(anonymous_2)
FNF:3
FNH:3
FNDA:16,(anonymous_0)
FNDA:8,(anonymous_1)
FNDA:8,(anonymous_2)
DA:20,1
DA:21,16
DA:22,16
DA:23,16
DA:24,16
DA:25,16
DA:27,16
DA:28,8
DA:29,8
DA:30,1
DA:31,1
DA:34,7
DA:35,7
DA:36,7
DA:38,5
DA:39,4
DA:45,1
DA:52,2
DA:53,2
DA:54,2
DA:60,7
DA:64,8
DA:67,16
LF:23
LH:23
BRDA:29,0,0,1
BRDA:29,0,1,7
BRDA:29,1,0,8
BRDA:29,1,1,7
BRDA:38,2,0,4
BRDA:38,2,1,1
BRF:6
BRH:6
end_of_record
TN:
SF:src\hooks\dashboard\useRevisions.ts
FN:28,(anonymous_0)
FN:33,(anonymous_1)
FN:51,(anonymous_2)
FN:55,(anonymous_3)
FNF:4
FNH:0
FNDA:0,(anonymous_0)
FNDA:0,(anonymous_1)
FNDA:0,(anonymous_2)
FNDA:0,(anonymous_3)
DA:28,0
DA:29,0
DA:30,0
DA:31,0
DA:33,0
DA:34,0
DA:35,0
DA:36,0
DA:39,0
DA:40,0
DA:41,0
DA:42,0
DA:44,0
DA:45,0
DA:47,0
DA:51,0
DA:52,0
DA:55,0
DA:56,0
DA:59,0
LF:20
LH:0
BRDA:34,0,0,0
BRDA:34,0,1,0
BRDA:34,1,0,0
BRDA:34,1,1,0
BRDA:34,1,2,0
BRF:5
BRH:0
end_of_record
TN:
SF:src\hooks\dashboard\useUserMetrics.ts
FN:32,(anonymous_0)
FN:38,(anonymous_1)
FN:72,(anonymous_2)
FN:76,(anonymous_3)
FNF:4
FNH:4
FNDA:21,(anonymous_0)
FNDA:11,(anonymous_1)
FNDA:10,(anonymous_2)
FNDA:1,(anonymous_3)
DA:32,1
DA:33,21
DA:34,21
DA:35,21
DA:36,21
DA:38,21
DA:39,11
DA:40,2
DA:41,2
DA:44,9
DA:45,9
DA:48,9
DA:49,8
DA:52,8
DA:56,8
DA:58,1
DA:59,1
DA:68,9
DA:72,21
DA:73,10
DA:76,21
DA:77,1
DA:80,21
LF:23
LH:23
BRDA:39,0,0,2
BRDA:39,0,1,9
BRDA:39,1,0,11
BRDA:39,1,1,10
BRDA:39,1,2,10
BRDA:56,2,0,8
BRDA:56,2,1,3
BRDA:81,3,0,21
BRDA:81,3,1,13
BRDA:82,4,0,21
BRDA:82,4,1,13
BRDA:83,5,0,21
BRDA:83,5,1,13
BRF:13
BRH:13
end_of_record
TN:
SF:src\hooks\exercises\useExerciceValidationState.ts
FN:15,(anonymous_0)
FN:23,(anonymous_1)
FNF:2
FNH:0
FNDA:0,(anonymous_0)
FNDA:0,(anonymous_1)
DA:15,0
DA:23,0
DA:25,0
DA:27,0
DA:28,0
DA:30,0
DA:31,0
DA:32,0
DA:33,0
DA:34,0
DA:36,0
DA:37,0
DA:40,0
DA:41,0
DA:45,0
DA:52,0
LF:16
LH:0
BRDA:18,0,0,0
BRDA:19,1,0,0
BRDA:20,2,0,0
BRDA:25,3,0,0
BRDA:25,3,1,0
BRDA:30,4,0,0
BRDA:30,4,1,0
BRDA:31,5,0,0
BRDA:31,5,1,0
BRDA:34,6,0,0
BRDA:34,6,1,0
BRF:11
BRH:0
end_of_record
TN:
SF:src\hooks\exercises\useExerciseActivity.ts
FN:23,(anonymous_0)
FN:38,(anonymous_1)
FNF:2
FNH:0
FNDA:0,(anonymous_0)
FNDA:0,(anonymous_1)
DA:23,0
DA:33,0
DA:36,0
DA:38,0
DA:43,0
DA:47,0
DA:52,0
DA:61,0
LF:8
LH:0
BRDA:28,0,0,0
BRDA:43,1,0,0
BRDA:43,1,1,0
BRDA:43,2,0,0
BRDA:43,2,1,0
BRDA:43,2,2,0
BRF:6
BRH:0
end_of_record
TN:
SF:src\hooks\exercises\useExerciseContent.ts
FN:44,(anonymous_0)
FN:55,(anonymous_1)
FN:56,(anonymous_2)
FN:96,(anonymous_3)
FN:107,(anonymous_4)
FNF:5
FNH:5
FNDA:18,(anonymous_0)
FNDA:9,(anonymous_1)
FNDA:9,(anonymous_2)
FNDA:6,(anonymous_3)
FNDA:6,(anonymous_4)
DA:44,1
DA:48,18
DA:49,18
DA:50,18
DA:51,18
DA:52,18
DA:53,18
DA:55,18
DA:56,9
DA:57,9
DA:58,2
DA:59,2
DA:62,7
DA:63,7
DA:64,7
DA:66,7
DA:71,7
DA:72,2
DA:75,5
DA:76,5
DA:78,5
DA:82,5
DA:86,5
DA:96,5
DA:97,6
DA:98,6
DA:104,1
DA:105,1
DA:107,6
DA:109,5
DA:112,2
DA:114,7
DA:118,9
DA:121,18
LF:34
LH:34
BRDA:57,0,0,2
BRDA:57,0,1,7
BRDA:57,1,0,9
BRDA:57,1,1,8
BRDA:57,1,2,8
BRDA:71,2,0,2
BRDA:71,2,1,5
BRDA:82,3,0,5
BRDA:82,3,1,0
BRDA:86,4,0,4
BRDA:86,4,1,1
BRF:11
BRH:10
end_of_record
TN:
SF:src\hooks\exercises\useExerciseSaveOnUnmount.ts
FN:12,(anonymous_0)
FN:15,(anonymous_1)
FN:17,(anonymous_2)
FN:19,(anonymous_3)
FNF:4
FNH:0
FNDA:0,(anonymous_0)
FNDA:0,(anonymous_1)
FNDA:0,(anonymous_2)
FNDA:0,(anonymous_3)
DA:12,0
DA:13,0
DA:15,0
DA:17,0
DA:18,0
DA:19,0
LF:6
LH:0
BRF:0
BRH:0
end_of_record
TN:
SF:src\hooks\exercises\useFeedbackMessages.ts
FN:41,(anonymous_0)
FN:46,(anonymous_1)
FN:81,(anonymous_2)
FNF:3
FNH:3
FNDA:9,(anonymous_0)
FNDA:5,(anonymous_1)
FNDA:9,(anonymous_2)
DA:41,2
DA:42,9
DA:43,9
DA:44,9
DA:46,9
DA:50,5
DA:52,4
DA:53,4
DA:54,4
DA:56,3
DA:58,1
DA:59,1
DA:62,2
DA:68,1
DA:69,1
DA:71,4
DA:75,9
DA:81,2
DA:87,9
DA:89,8
DA:91,6
DA:92,6
DA:95,3
LF:23
LH:23
BRDA:50,0,0,1
BRDA:50,0,1,4
BRDA:50,1,0,5
BRDA:50,1,1,4
BRDA:56,2,0,1
BRDA:56,2,1,2
BRDA:85,3,0,7
BRDA:87,4,0,1
BRDA:87,4,1,8
BRDA:89,5,0,2
BRDA:89,5,1,6
BRDA:92,6,0,3
BRDA:92,6,1,3
BRDA:95,7,0,1
BRDA:95,7,1,2
BRF:15
BRH:15
end_of_record
TN:
SF:src\hooks\exercises\useFirstIncompleteIndex.ts
FN:12,(anonymous_0)
FN:20,(anonymous_1)
FNF:2
FNH:0
FNDA:0,(anonymous_0)
FNDA:0,(anonymous_1)
DA:12,0
DA:18,0
DA:20,0
DA:21,0
DA:24,0
DA:28,0
DA:31,0
DA:36,0
DA:37,0
DA:41,0
DA:44,0
LF:11
LH:0
BRDA:21,0,0,0
BRDA:21,0,1,0
BRDA:21,1,0,0
BRDA:21,1,1,0
BRDA:31,2,0,0
BRDA:31,2,1,0
BRDA:36,3,0,0
BRDA:36,3,1,0
BRF:8
BRH:0
end_of_record
TN:
SF:src\hooks\exercises\useRecordError.ts
FN:22,(anonymous_0)
FN:25,(anonymous_1)
FNF:2
FNH:0
FNDA:0,(anonymous_0)
FNDA:0,(anonymous_1)
DA:22,0
DA:23,0
DA:25,0
DA:33,0
DA:35,0
DA:36,0
DA:51,0
DA:55,0
LF:8
LH:0
BRDA:33,0,0,0
BRDA:33,0,1,0
BRDA:33,1,0,0
BRDA:33,1,1,0
BRDA:40,2,0,0
BRDA:40,2,1,0
BRF:6
BRH:0
end_of_record
TN:
SF:src\hooks\exercises\useRecordWordSeen.ts
FN:23,(anonymous_0)
FN:26,(anonymous_1)
FNF:2
FNH:0
FNDA:0,(anonymous_0)
FNDA:0,(anonymous_1)
DA:23,0
DA:24,0
DA:26,0
DA:32,0
DA:34,0
DA:35,0
DA:42,0
DA:43,0
DA:46,0
DA:50,0
LF:10
LH:0
BRDA:32,0,0,0
BRDA:32,0,1,0
BRDA:32,1,0,0
BRDA:32,1,1,0
BRDA:42,2,0,0
BRDA:42,2,1,0
BRDA:42,3,0,0
BRDA:42,3,1,0
BRF:8
BRH:0
end_of_record
TN:
SF:src\hooks\familySelection\useFamiliesWithProgress.ts
FN:24,useFamiliesWithProgress
FN:29,(anonymous_1)
FN:76,(anonymous_2)
FNF:3
FNH:3
FNDA:19,useFamiliesWithProgress
FNDA:10,(anonymous_1)
FNDA:9,(anonymous_2)
DA:25,19
DA:26,19
DA:27,19
DA:29,19
DA:30,10
DA:31,2
DA:32,2
DA:35,8
DA:36,8
DA:38,8
DA:62,8
DA:66,8
DA:67,7
DA:69,1
DA:71,8
DA:75,19
DA:77,9
DA:81,19
LF:18
LH:18
BRDA:30,0,0,2
BRDA:30,0,1,8
BRDA:30,1,0,10
BRDA:30,1,1,9
BRDA:30,1,2,9
BRDA:30,1,3,9
BRDA:53,2,0,8
BRDA:53,2,1,0
BRDA:62,3,0,8
BRDA:62,3,1,0
BRF:10
BRH:8
end_of_record
TN:
SF:src\hooks\revision\useRevisionQuestions.ts
FN:65,(anonymous_0)
FN:85,(anonymous_1)
FN:86,(anonymous_2)
FN:92,(anonymous_3)
FN:95,(anonymous_4)
FN:103,(anonymous_5)
FN:129,(anonymous_6)
FN:141,(anonymous_7)
FN:142,(anonymous_8)
FN:164,(anonymous_9)
FN:170,(anonymous_10)
FN:199,(anonymous_11)
FN:209,(anonymous_12)
FN:217,(anonymous_13)
FN:227,(anonymous_14)
FN:233,(anonymous_15)
FN:237,(anonymous_16)
FN:263,(anonymous_17)
FN:265,(anonymous_18)
FN:273,(anonymous_19)
FN:280,(anonymous_20)
FNF:21
FNH:0
FNDA:0,(anonymous_0)
FNDA:0,(anonymous_1)
FNDA:0,(anonymous_2)
FNDA:0,(anonymous_3)
FNDA:0,(anonymous_4)
FNDA:0,(anonymous_5)
FNDA:0,(anonymous_6)
FNDA:0,(anonymous_7)
FNDA:0,(anonymous_8)
FNDA:0,(anonymous_9)
FNDA:0,(anonymous_10)
FNDA:0,(anonymous_11)
FNDA:0,(anonymous_12)
FNDA:0,(anonymous_13)
FNDA:0,(anonymous_14)
FNDA:0,(anonymous_15)
FNDA:0,(anonymous_16)
FNDA:0,(anonymous_17)
FNDA:0,(anonymous_18)
FNDA:0,(anonymous_19)
FNDA:0,(anonymous_20)
DA:65,0
DA:66,0
DA:67,0
DA:68,0
DA:69,0
DA:70,0
DA:71,0
DA:74,0
DA:75,0
DA:76,0
DA:77,0
DA:78,0
DA:80,0
DA:81,0
DA:82,0
DA:83,0
DA:84,0
DA:85,0
DA:86,0
DA:87,0
DA:92,0
DA:93,0
DA:94,0
DA:96,0
DA:97,0
DA:98,0
DA:100,0
DA:103,0
DA:106,0
DA:107,0
DA:108,0
DA:109,0
DA:110,0
DA:115,0
DA:116,0
DA:117,0
DA:118,0
DA:119,0
DA:123,0
DA:129,0
DA:130,0
DA:131,0
DA:132,0
DA:133,0
DA:135,0
DA:141,0
DA:142,0
DA:143,0
DA:144,0
DA:145,0
DA:146,0
DA:147,0
DA:149,0
DA:150,0
DA:152,0
DA:161,0
DA:162,0
DA:164,0
DA:170,0
DA:171,0
DA:173,0
DA:174,0
DA:175,0
DA:177,0
DA:178,0
DA:180,0
DA:183,0
DA:184,0
DA:185,0
DA:186,0
DA:187,0
DA:189,0
DA:191,0
DA:199,0
DA:200,0
DA:201,0
DA:202,0
DA:203,0
DA:209,0
DA:210,0
DA:211,0
DA:217,0
DA:218,0
DA:219,0
DA:227,0
DA:228,0
DA:230,0
DA:231,0
DA:232,0
DA:233,0
DA:236,0
DA:237,0
DA:240,0
DA:241,0
DA:242,0
DA:248,0
DA:254,0
DA:255,0
DA:257,0
DA:263,0
DA:264,0
DA:265,0
DA:266,0
DA:273,0
DA:274,0
DA:280,0
DA:281,0
DA:282,0
DA:283,0
DA:284,0
DA:285,0
DA:288,0
LF:112
LH:0
BRDA:80,0,0,0
BRDA:80,0,1,0
BRDA:84,1,0,0
BRDA:84,1,1,0
BRDA:87,2,0,0
BRDA:87,2,1,0
BRDA:92,3,0,0
BRDA:97,4,0,0
BRDA:97,4,1,0
BRDA:98,5,0,0
BRDA:98,5,1,0
BRDA:98,5,2,0
BRDA:103,6,0,0
BRDA:103,6,1,0
BRDA:106,7,0,0
BRDA:106,7,1,0
BRDA:109,8,0,0
BRDA:109,8,1,0
BRDA:118,9,0,0
BRDA:118,9,1,0
BRDA:118,10,0,0
BRDA:118,10,1,0
BRDA:144,11,0,0
BRDA:144,11,1,0
BRDA:145,12,0,0
BRDA:145,12,1,0
BRDA:145,12,2,0
BRDA:146,13,0,0
BRDA:146,13,1,0
BRDA:146,13,2,0
BRDA:147,14,0,0
BRDA:147,14,1,0
BRDA:171,15,0,0
BRDA:171,15,1,0
BRDA:171,16,0,0
BRDA:171,16,1,0
BRDA:171,16,2,0
BRDA:177,17,0,0
BRDA:177,17,1,0
BRDA:218,18,0,0
BRDA:218,18,1,0
BRDA:228,19,0,0
BRDA:228,19,1,0
BRDA:228,20,0,0
BRDA:228,20,1,0
BRDA:228,20,2,0
BRDA:228,20,3,0
BRDA:236,21,0,0
BRDA:236,21,1,0
BRDA:240,22,0,0
BRDA:240,22,1,0
BRDA:254,23,0,0
BRDA:254,23,1,0
BRDA:264,24,0,0
BRDA:264,24,1,0
BRF:55
BRH:0
end_of_record
TN:
SF:src\hooks\subFamilySelection\useSubfamilies.ts
FN:9,useSubfamilies
FN:15,(anonymous_1)
FN:33,(anonymous_2)
FNF:3
FNH:0
FNDA:0,useSubfamilies
FNDA:0,(anonymous_1)
FNDA:0,(anonymous_2)
DA:10,0
DA:11,0
DA:12,0
DA:13,0
DA:15,0
DA:17,0
DA:18,0
DA:19,0
DA:22,0
DA:23,0
DA:24,0
DA:25,0
DA:27,0
DA:29,0
DA:33,0
DA:35,0
LF:16
LH:0
BRDA:17,0,0,0
BRDA:17,0,1,0
BRDA:17,1,0,0
BRDA:17,1,1,0
BRDA:17,1,2,0
BRDA:17,1,3,0
BRF:6
BRH:0
end_of_record
TN:
SF:src\screens\SettingsAIScreen.config.ts
FNF:0
FNH:0
DA:9,0
DA:15,0
LF:2
LH:0
BRF:0
BRH:0
end_of_record
TN:
SF:src\screens\SettingsAIScreen.styles.ts
FN:9,(anonymous_0)
FNF:1
FNH:0
FNDA:0,(anonymous_0)
DA:9,0
DA:10,0
LF:2
LH:0
BRDA:33,0,0,0
BRDA:33,0,1,0
BRDA:40,1,0,0
BRDA:40,1,1,0
BRDA:138,2,0,0
BRDA:138,2,1,0
BRF:6
BRH:0
end_of_record
TN:
SF:src\screens\SettingsAIScreen.tsx
FN:43,SettingsAIScreen
FN:60,(anonymous_1)
FN:64,(anonymous_2)
FN:68,(anonymous_3)
FN:77,(anonymous_4)
FN:79,(anonymous_5)
FN:83,(anonymous_6)
FN:93,(anonymous_7)
FN:103,(anonymous_8)
FN:120,(anonymous_9)
FN:148,(anonymous_10)
FN:180,(anonymous_11)
FNF:12
FNH:0
FNDA:0,SettingsAIScreen
FNDA:0,(anonymous_1)
FNDA:0,(anonymous_2)
FNDA:0,(anonymous_3)
FNDA:0,(anonymous_4)
FNDA:0,(anonymous_5)
FNDA:0,(anonymous_6)
FNDA:0,(anonymous_7)
FNDA:0,(anonymous_8)
FNDA:0,(anonymous_9)
FNDA:0,(anonymous_10)
FNDA:0,(anonymous_11)
DA:44,0
DA:45,0
DA:52,0
DA:54,0
DA:55,0
DA:56,0
DA:58,0
DA:60,0
DA:64,0
DA:65,0
DA:68,0
DA:69,0
DA:78,0
DA:80,0
DA:81,0
DA:84,0
DA:85,0
DA:93,0
DA:94,0
DA:95,0
DA:96,0
DA:100,0
DA:101,0
DA:103,0
DA:106,0
DA:109,0
DA:110,0
DA:111,0
DA:117,0
DA:120,0
DA:123,0
DA:125,0
DA:131,0
DA:132,0
DA:143,0
DA:148,0
DA:180,0
LF:37
LH:0
BRDA:54,0,0,0
BRDA:54,0,1,0
BRDA:55,1,0,0
BRDA:55,1,1,0
BRDA:94,2,0,0
BRDA:94,2,1,0
BRDA:100,3,0,0
BRDA:100,3,1,0
BRDA:123,4,0,0
BRDA:123,4,1,0
BRDA:131,5,0,0
BRDA:131,5,1,0
BRDA:180,6,0,0
BRDA:180,6,1,0
BRDA:189,7,0,0
BRDA:189,7,1,0
BRDA:194,8,0,0
BRDA:194,8,1,0
BRDA:205,9,0,0
BRDA:205,9,1,0
BRF:20
BRH:0
end_of_record
TN:
SF:src\screens\AITutor\AITutorFreeScreen.styles.ts
FN:9,(anonymous_0)
FNF:1
FNH:0
FNDA:0,(anonymous_0)
DA:9,0
DA:10,0
LF:2
LH:0
BRDA:30,0,0,0
BRDA:30,0,1,0
BRF:2
BRH:0
end_of_record
TN:
SF:src\screens\AITutor\AITutorFreeScreen.tsx
FN:31,(anonymous_0)
FN:51,(anonymous_1)
FN:56,(anonymous_2)
FN:69,(anonymous_3)
FN:70,(anonymous_4)
FN:74,(anonymous_5)
FN:80,(anonymous_6)
FN:98,(anonymous_7)
FN:103,(anonymous_8)
FN:113,(anonymous_9)
FN:120,(anonymous_10)
FN:137,(anonymous_11)
FN:142,(anonymous_12)
FN:149,(anonymous_13)
FN:158,(anonymous_14)
FN:211,(anonymous_15)
FN:224,(anonymous_16)
FN:232,(anonymous_17)
FN:235,(anonymous_18)
FN:245,(anonymous_19)
FNF:20
FNH:0
FNDA:0,(anonymous_0)
FNDA:0,(anonymous_1)
FNDA:0,(anonymous_2)
FNDA:0,(anonymous_3)
FNDA:0,(anonymous_4)
FNDA:0,(anonymous_5)
FNDA:0,(anonymous_6)
FNDA:0,(anonymous_7)
FNDA:0,(anonymous_8)
FNDA:0,(anonymous_9)
FNDA:0,(anonymous_10)
FNDA:0,(anonymous_11)
FNDA:0,(anonymous_12)
FNDA:0,(anonymous_13)
FNDA:0,(anonymous_14)
FNDA:0,(anonymous_15)
FNDA:0,(anonymous_16)
FNDA:0,(anonymous_17)
FNDA:0,(anonymous_18)
FNDA:0,(anonymous_19)
DA:31,0
DA:32,0
DA:33,0
DA:34,0
DA:35,0
DA:40,0
DA:42,0
DA:44,0
DA:45,0
DA:46,0
DA:47,0
DA:48,0
DA:50,0
DA:51,0
DA:56,0
DA:57,0
DA:58,0
DA:59,0
DA:60,0
DA:61,0
DA:62,0
DA:63,0
DA:64,0
DA:69,0
DA:70,0
DA:74,0
DA:75,0
DA:76,0
DA:80,0
DA:84,0
DA:86,0
DA:87,0
DA:92,0
DA:94,0
DA:98,0
DA:99,0
DA:100,0
DA:102,0
DA:103,0
DA:104,0
DA:105,0
DA:106,0
DA:108,0
DA:109,0
DA:110,0
DA:111,0
DA:112,0
DA:113,0
DA:114,0
DA:115,0
DA:116,0
DA:119,0
DA:120,0
DA:124,0
DA:130,0
DA:137,0
DA:138,0
DA:139,0
DA:141,0
DA:142,0
DA:143,0
DA:144,0
DA:145,0
DA:146,0
DA:149,0
DA:153,0
DA:158,0
DA:159,0
DA:160,0
DA:161,0
DA:162,0
DA:197,0
DA:198,0
DA:208,0
DA:211,0
DA:224,0
DA:233,0
DA:234,0
DA:235,0
DA:245,0
LF:80
LH:0
BRDA:57,0,0,0
BRDA:57,0,1,0
BRDA:57,1,0,0
BRDA:57,1,1,0
BRDA:58,2,0,0
BRDA:58,2,1,0
BRDA:60,3,0,0
BRDA:60,3,1,0
BRDA:75,4,0,0
BRDA:75,4,1,0
BRDA:86,5,0,0
BRDA:86,5,1,0
BRDA:99,6,0,0
BRDA:99,6,1,0
BRDA:99,7,0,0
BRDA:99,7,1,0
BRDA:100,8,0,0
BRDA:100,8,1,0
BRDA:110,9,0,0
BRDA:110,9,1,0
BRDA:110,10,0,0
BRDA:110,10,1,0
BRDA:121,11,0,0
BRDA:121,11,1,0
BRDA:132,12,0,0
[...]
DA:183,0
DA:185,1
DA:186,0
DA:188,1
DA:189,0
DA:191,1
DA:192,0
LF:16
LH:8
BRF:0
BRH:0
end_of_record
TN:
SF:src\screens\WordGames\hooks\useGameHandlers.ts
FN:97,(anonymous_0)
FN:98,(anonymous_1)
FN:104,(anonymous_2)
FN:129,(anonymous_3)
FN:133,(anonymous_4)
FN:143,(anonymous_5)
FN:149,(anonymous_6)
FN:149,(anonymous_7)
FN:150,(anonymous_8)
FN:153,(anonymous_9)
FN:158,(anonymous_10)
FN:158,(anonymous_11)
FN:167,(anonymous_12)
FN:167,(anonymous_13)
FN:168,(anonymous_14)
FN:171,(anonymous_15)
FN:176,(anonymous_16)
FN:176,(anonymous_17)
FN:185,(anonymous_18)
FN:185,(anonymous_19)
FN:186,(anonymous_20)
FN:189,(anonymous_21)
FN:194,(anonymous_22)
FN:194,(anonymous_23)
FN:202,(anonymous_24)
FNF:25
FNH:0
FNDA:0,(anonymous_0)
FNDA:0,(anonymous_1)
FNDA:0,(anonymous_2)
FNDA:0,(anonymous_3)
FNDA:0,(anonymous_4)
FNDA:0,(anonymous_5)
FNDA:0,(anonymous_6)
FNDA:0,(anonymous_7)
FNDA:0,(anonymous_8)
FNDA:0,(anonymous_9)
FNDA:0,(anonymous_10)
FNDA:0,(anonymous_11)
FNDA:0,(anonymous_12)
FNDA:0,(anonymous_13)
FNDA:0,(anonymous_14)
FNDA:0,(anonymous_15)
FNDA:0,(anonymous_16)
FNDA:0,(anonymous_17)
FNDA:0,(anonymous_18)
FNDA:0,(anonymous_19)
FNDA:0,(anonymous_20)
FNDA:0,(anonymous_21)
FNDA:0,(anonymous_22)
FNDA:0,(anonymous_23)
FNDA:0,(anonymous_24)
DA:95,0
DA:96,0
DA:97,0
DA:98,0
DA:104,0
DA:121,0
DA:123,0
DA:129,0
DA:130,0
DA:131,0
DA:133,0
DA:134,0
DA:143,0
DA:148,0
DA:149,0
DA:151,0
DA:152,0
DA:153,0
DA:154,0
DA:155,0
DA:158,0
DA:166,0
DA:167,0
DA:169,0
DA:170,0
DA:171,0
DA:172,0
DA:173,0
DA:176,0
DA:184,0
DA:185,0
DA:187,0
DA:188,0
DA:189,0
DA:190,0
DA:191,0
DA:194,0
DA:202,0
DA:203,0
DA:204,0
DA:211,0
LF:41
LH:0
BRDA:130,0,0,0
BRDA:130,0,1,0
BRDA:147,1,0,0
BRDA:151,2,0,0
BRDA:151,2,1,0
BRDA:151,3,0,0
BRDA:151,3,1,0
BRDA:154,4,0,0
BRDA:154,4,1,0
BRDA:154,5,0,0
BRDA:154,5,1,0
BRDA:169,6,0,0
BRDA:169,6,1,0
BRDA:169,7,0,0
BRDA:169,7,1,0
BRDA:172,8,0,0
BRDA:172,8,1,0
BRDA:172,9,0,0
BRDA:172,9,1,0
BRDA:187,10,0,0
BRDA:187,10,1,0
BRDA:187,11,0,0
BRDA:187,11,1,0
BRDA:187,11,2,0
BRDA:190,12,0,0
BRDA:190,12,1,0
BRDA:190,13,0,0
BRDA:190,13,1,0
BRF:28
BRH:0
end_of_record
TN:
SF:src\screens\WordGames\hooks\useGameState.ts
FN:122,(anonymous_0)
FN:135,(anonymous_1)
FN:149,(anonymous_2)
FN:165,(anonymous_3)
FNF:4
FNH:0
FNDA:0,(anonymous_0)
FNDA:0,(anonymous_1)
FNDA:0,(anonymous_2)
FNDA:0,(anonymous_3)
DA:93,0
DA:100,0
DA:107,0
DA:122,0
DA:124,0
DA:125,0
DA:126,0
DA:127,0
DA:128,0
DA:129,0
DA:130,0
DA:135,0
DA:136,0
DA:137,0
DA:138,0
DA:139,0
DA:140,0
DA:141,0
DA:142,0
DA:148,0
DA:149,0
DA:165,0
DA:166,0
DA:167,0
DA:170,0
LF:25
LH:0
BRDA:166,0,0,0
BRDA:166,0,1,0
BRDA:166,1,0,0
BRDA:166,1,1,0
BRDA:167,2,0,0
BRDA:167,2,1,0
BRF:6
BRH:0
end_of_record
TN:
SF:src\screens\components\APIKeyInput.tsx
FN:24,(anonymous_0)
FNF:1
FNH:0
FNDA:0,(anonymous_0)
DA:24,0
DA:32,0
LF:2
LH:0
BRF:0
BRH:0
end_of_record
TN:
SF:src\screens\components\InfoBox.tsx
FN:21,(anonymous_0)
FNF:1
FNH:0
FNDA:0,(anonymous_0)
DA:21,0
DA:31,0
LF:2
LH:0
BRDA:29,0,0,0
BRDA:56,1,0,0
BRDA:56,1,1,0
BRF:3
BRH:0
end_of_record
TN:
SF:src\screens\components\ProviderSelector.tsx
FN:18,(anonymous_0)
FN:28,(anonymous_1)
FN:35,(anonymous_2)
FNF:3
FNH:0
FNDA:0,(anonymous_0)
FNDA:0,(anonymous_1)
FNDA:0,(anonymous_2)
DA:18,0
DA:24,0
DA:29,0
DA:35,0
LF:4
LH:0
BRDA:33,0,0,0
BRDA:33,0,1,0
BRDA:42,1,0,0
BRDA:42,1,1,0
BRF:4
BRH:0
end_of_record
TN:
SF:src\screens\components\index.ts
FNF:0
FNH:0
LF:0
LH:0
BRF:0
BRH:0
end_of_record
TN:
SF:src\services\SecureStorage.ts
FN:43,(anonymous_0)
FN:55,(anonymous_1)
FN:78,(anonymous_2)
FN:104,(anonymous_3)
FN:122,(anonymous_4)
FN:134,(anonymous_5)
FN:164,(anonymous_6)
FN:178,(anonymous_7)
FNF:8
FNH:0
FNDA:0,(anonymous_0)
FNDA:0,(anonymous_1)
FNDA:0,(anonymous_2)
FNDA:0,(anonymous_3)
FNDA:0,(anonymous_4)
FNDA:0,(anonymous_5)
FNDA:0,(anonymous_6)
FNDA:0,(anonymous_7)
DA:22,0
DA:28,0
DA:46,0
DA:56,0
DA:57,0
DA:60,0
DA:61,0
DA:64,0
DA:65,0
DA:66,0
DA:68,0
DA:69,0
DA:79,0
DA:80,0
DA:81,0
DA:84,0
DA:85,0
DA:87,0
DA:88,0
DA:90,0
DA:93,0
DA:95,0
DA:96,0
DA:105,0
DA:106,0
DA:109,0
DA:110,0
DA:111,0
DA:113,0
DA:114,0
DA:123,0
DA:124,0
DA:135,0
DA:136,0
DA:139,0
DA:141,0
DA:144,0
DA:148,0
DA:152,0
DA:156,0
DA:165,0
DA:166,0
DA:169,0
DA:170,0
DA:171,0
DA:179,0
DA:180,0
DA:183,0
DA:184,0
DA:185,0
DA:187,0
DA:196,0
LF:52
LH:0
BRDA:46,0,0,0
BRDA:46,0,1,0
BRDA:56,1,0,0
BRDA:56,1,1,0
BRDA:60,2,0,0
BRDA:60,2,1,0
BRDA:60,3,0,0
BRDA:60,3,1,0
BRDA:79,4,0,0
BRDA:79,4,1,0
BRDA:87,5,0,0
BRDA:87,5,1,0
BRDA:105,6,0,0
BRDA:105,6,1,0
BRDA:124,7,0,0
BRDA:124,7,1,0
BRDA:135,8,0,0
BRDA:135,8,1,0
BRDA:135,9,0,0
BRDA:135,9,1,0
BRDA:141,10,0,0
BRDA:141,10,1,0
BRDA:141,10,2,0
BRDA:141,10,3,0
BRDA:144,11,0,0
BRDA:144,11,1,0
BRDA:152,12,0,0
BRDA:152,12,1,0
BRDA:165,13,0,0
BRDA:165,13,1,0
BRDA:165,14,0,0
BRDA:165,14,1,0
BRDA:179,15,0,0
BRDA:179,15,1,0
BRF:34
BRH:0
end_of_record
TN:
SF:src\services\subfamilyService.ts
FN:12,(anonymous_0)
FNF:1
FNH:0
FNDA:0,(anonymous_0)
DA:12,0
DA:19,0
DA:38,0
DA:42,0
LF:4
LH:0
BRDA:32,0,0,0
BRDA:32,0,1,0
BRDA:38,1,0,0
BRDA:38,1,1,0
BRF:4
BRH:0
end_of_record
TN:
SF:src\services\ai\aiService.ts
FN:51,(anonymous_0)
FN:73,(anonymous_1)
FN:104,(anonymous_2)
FN:134,(anonymous_3)
FN:141,(anonymous_4)
FN:171,(anonymous_5)
FN:191,(anonymous_6)
FN:205,(anonymous_7)
FN:225,(anonymous_8)
FN:239,(anonymous_9)
FN:244,(anonymous_10)
FN:246,(anonymous_11)
FN:247,(anonymous_12)
FN:266,(anonymous_13)
FN:280,(anonymous_14)
FNF:15
FNH:1
FNDA:0,(anonymous_0)
FNDA:0,(anonymous_1)
FNDA:0,(anonymous_2)
FNDA:0,(anonymous_3)
FNDA:0,(anonymous_4)
FNDA:0,(anonymous_5)
FNDA:0,(anonymous_6)
FNDA:0,(anonymous_7)
FNDA:0,(anonymous_8)
FNDA:0,(anonymous_9)
FNDA:0,(anonymous_10)
FNDA:0,(anonymous_11)
FNDA:0,(anonymous_12)
FNDA:0,(anonymous_13)
FNDA:35,(anonymous_14)
DA:52,0
DA:54,0
DA:55,0
DA:58,0
DA:60,0
DA:67,0
DA:79,0
DA:83,0
DA:93,0
DA:94,0
DA:95,0
DA:97,0
DA:110,0
DA:114,0
DA:124,0
DA:125,0
DA:127,0
DA:135,0
DA:147,0
DA:148,0
DA:151,0
DA:152,0
DA:154,0
DA:156,0
DA:158,0
DA:160,0
DA:163,0
DA:164,0
DA:176,0
DA:190,0
DA:191,0
DA:192,0
DA:198,0
DA:199,0
DA:210,0
DA:224,0
DA:225,0
DA:226,0
DA:232,0
DA:233,0
DA:244,0
DA:245,0
DA:246,0
DA:247,0
DA:249,0
DA:265,0
DA:266,0
DA:267,0
DA:273,0
DA:274,0
DA:281,35
DA:282,35
DA:283,10
DA:284,3
DA:286,7
DA:287,3
DA:289,4
DA:290,1
DA:292,3
DA:293,1
DA:295,2
DA:297,25
DA:305,2
LF:63
LH:13
BRDA:54,0,0,0
BRDA:54,0,1,0
BRDA:95,1,0,0
BRDA:95,1,1,0
BRDA:147,2,0,0
BRDA:147,2,1,0
BRDA:152,3,0,0
BRDA:152,3,1,0
BRDA:152,3,2,0
BRDA:152,3,3,0
BRDA:163,4,0,0
BRDA:163,4,1,0
BRDA:183,5,0,0
BRDA:183,5,1,0
BRDA:185,6,0,0
BRDA:185,6,1,0
BRDA:186,7,0,0
BRDA:186,7,1,0
BRDA:190,8,0,0
BRDA:190,8,1,0
BRDA:193,9,0,0
BRDA:193,9,1,0
BRDA:199,10,0,0
BRDA:199,10,1,0
BRDA:217,11,0,0
BRDA:217,11,1,0
BRDA:219,12,0,0
BRDA:219,12,1,0
BRDA:220,13,0,0
BRDA:220,13,1,0
BRDA:224,14,0,0
BRDA:224,14,1,0
BRDA:227,15,0,0
BRDA:227,15,1,0
BRDA:233,16,0,0
BRDA:233,16,1,0
BRDA:244,17,0,0
BRDA:244,17,1,0
BRDA:257,18,0,0
BRDA:257,18,1,0
BRDA:259,19,0,0
BRDA:259,19,1,0
BRDA:260,20,0,0
BRDA:260,20,1,0
BRDA:261,21,0,0
BRDA:261,21,1,0
BRDA:265,22,0,0
BRDA:265,22,1,0
BRDA:268,23,0,0
BRDA:268,23,1,0
BRDA:274,24,0,0
BRDA:274,24,1,0
BRDA:281,25,0,10
BRDA:281,25,1,25
BRDA:282,26,0,10
BRDA:282,26,1,25
BRDA:283,27,0,3
BRDA:283,27,1,7
BRDA:283,28,0,10
BRDA:283,28,1,8
BRDA:286,29,0,3
BRDA:286,29,1,4
BRDA:286,30,0,7
BRDA:286,30,1,5
BRDA:289,31,0,1
BRDA:289,31,1,3
BRDA:292,32,0,1
BRDA:292,32,1,2
BRF:68
BRH:16
end_of_record
TN:
SF:src\services\ai\ragService.ts
FN:60,(anonymous_0)
FN:100,(anonymous_1)
FN:119,(anonymous_2)
FN:123,(anonymous_3)
FN:132,(anonymous_4)
FN:146,(anonymous_5)
FN:159,(anonymous_6)
FN:179,(anonymous_7)
FN:183,(anonymous_8)
FN:184,(anonymous_9)
FN:199,(anonymous_10)
FN:209,(anonymous_11)
FN:221,(anonymous_12)
FN:235,(anonymous_13)
FN:241,(anonymous_14)
FN:260,(anonymous_15)
FN:270,(anonymous_16)
FNF:17
FNH:0
FNDA:0,(anonymous_0)
FNDA:0,(anonymous_1)
FNDA:0,(anonymous_2)
FNDA:0,(anonymous_3)
FNDA:0,(anonymous_4)
FNDA:0,(anonymous_5)
FNDA:0,(anonymous_6)
FNDA:0,(anonymous_7)
FNDA:0,(anonymous_8)
FNDA:0,(anonymous_9)
FNDA:0,(anonymous_10)
FNDA:0,(anonymous_11)
FNDA:0,(anonymous_12)
FNDA:0,(anonymous_13)
FNDA:0,(anonymous_14)
FNDA:0,(anonymous_15)
FNDA:0,(anonymous_16)
DA:38,0
DA:47,0
DA:64,0
DA:65,0
DA:68,0
DA:69,0
DA:71,0
DA:72,0
DA:75,0
DA:78,0
DA:79,0
DA:99,0
DA:100,0
DA:102,0
DA:103,0
DA:104,0
DA:106,0
DA:119,0
DA:120,0
DA:122,0
DA:123,0
DA:126,0
DA:136,0
DA:138,0
DA:139,0
DA:141,0
DA:146,0
DA:147,0
DA:148,0
DA:149,0
DA:151,0
DA:164,0
DA:166,0
DA:172,0
DA:180,0
DA:183,0
DA:184,0
DA:189,0
DA:190,0
DA:193,0
DA:200,0
DA:202,0
DA:210,0
DA:211,0
DA:222,0
DA:231,0
DA:235,0
DA:242,0
DA:244,0
DA:247,0
DA:249,0
DA:251,0
DA:253,0
DA:261,0
DA:262,0
DA:263,0
DA:264,0
DA:271,0
DA:272,0
DA:273,0
DA:274,0
DA:276,0
DA:284,0
LF:63
LH:0
BRDA:64,0,0,0
BRDA:64,0,1,0
BRDA:64,1,0,0
BRDA:64,1,1,0
BRDA:68,2,0,0
BRDA:68,2,1,0
BRDA:71,3,0,0
BRDA:71,3,1,0
BRDA:88,4,0,0
BRDA:88,4,1,0
BRDA:89,5,0,0
BRDA:89,5,1,0
BRDA:93,6,0,0
BRDA:93,6,1,0
BRDA:94,7,0,0
BRDA:94,7,1,0
BRDA:100,8,0,0
BRDA:100,8,1,0
BRDA:122,9,0,0
BRDA:122,9,1,0
BRDA:136,10,0,0
BRDA:136,10,1,0
BRDA:136,11,0,0
BRDA:136,11,1,0
BRDA:139,12,0,0
BRDA:139,12,1,0
BRDA:149,13,0,0
BRDA:149,13,1,0
BRDA:149,13,2,0
BRDA:149,13,3,0
BRDA:164,14,0,0
BRDA:164,14,1,0
BRDA:164,15,0,0
BRDA:164,15,1,0
BRDA:189,16,0,0
BRDA:189,16,1,0
BRDA:189,17,0,0
BRDA:189,17,1,0
BRDA:200,18,0,0
BRDA:200,18,1,0
BRDA:202,19,0,0
BRDA:202,19,1,0
BRDA:210,20,0,0
BRDA:210,20,1,0
BRDA:235,21,0,0
BRDA:235,21,1,0
BRDA:242,22,0,0
BRDA:242,22,1,0
BRDA:242,22,2,0
BRDA:242,22,3,0
BRDA:242,22,4,0
BRDA:242,22,5,0
BRDA:244,23,0,0
BRDA:244,23,1,0
BRDA:244,24,0,0
BRDA:244,24,1,0
BRDA:244,25,0,0
BRDA:244,25,1,0
BRDA:247,26,0,0
BRDA:247,26,1,0
BRDA:247,26,2,0
BRDA:247,27,0,0
BRDA:247,27,1,0
BRDA:247,27,2,0
BRDA:247,28,0,0
BRDA:247,28,1,0
BRDA:249,29,0,0
BRDA:249,29,1,0
BRDA:249,30,0,0
BRDA:249,30,1,0
BRDA:251,31,0,0
BRDA:251,31,1,0
BRDA:251,31,2,0
BRDA:253,32,0,0
BRDA:253,32,1,0
BRDA:253,32,2,0
BRDA:253,32,3,0
BRDA:261,33,0,0
BRDA:261,33,1,0
BRDA:262,34,0,0
BRDA:262,34,1,0
BRDA:262,35,0,0
BRDA:262,35,1,0
BRDA:263,36,0,0
BRDA:263,36,1,0
BRDA:274,37,0,0
BRDA:274,37,1,0
BRF:87
BRH:0
end_of_record
TN:
SF:src\styles\selectionScreenStyles.ts
FN:10,(anonymous_0)
FNF:1
FNH:1
FNDA:2,(anonymous_0)
DA:10,1
DA:11,2
DA:13,2
LF:3
LH:3
BRDA:34,0,0,2
BRDA:34,0,1,0
BRDA:48,1,0,2
BRDA:48,1,1,0
BRDA:54,2,0,2
BRDA:54,2,1,0
BRF:6
BRH:3
end_of_record
TN:
SF:src\themes\ThemeContainer.tsx
FN:14,ThemeContainer
FNF:1
FNH:1
FNDA:6,ThemeContainer
DA:21,6
DA:23,6
DA:33,6
DA:34,0
DA:47,6
LF:5
LH:4
BRDA:18,0,0,0
BRDA:21,1,0,6
BRDA:21,1,1,0
BRDA:33,2,0,0
BRDA:33,2,1,6
BRF:5
BRH:2
end_of_record
TN:
SF:src\themes\ThemeContext.tsx
FN:116,(anonymous_0)
FN:129,(anonymous_1)
FN:182,(anonymous_2)
FN:280,(anonymous_3)
FN:288,(anonymous_4)
FN:289,(anonymous_5)
FN:313,(anonymous_6)
FN:319,(anonymous_7)
FN:325,(anonymous_8)
FN:331,(anonymous_9)
FN:341,(anonymous_10)
FNF:11
FNH:11
FNDA:45,(anonymous_0)
FNDA:15,(anonymous_1)
FNDA:15,(anonymous_2)
FNDA:37,(anonymous_3)
FNDA:18,(anonymous_4)
FNDA:18,(anonymous_5)
FNDA:18,(anonymous_6)
FNDA:16,(anonymous_7)
FNDA:35,(anonymous_8)
FNDA:1,(anonymous_9)
FNDA:36,(anonymous_10)
DA:110,1
DA:116,1
DA:117,45
DA:118,1
DA:119,1
DA:121,0
DA:122,0
DA:129,1
DA:130,15
DA:132,2
DA:134,11
DA:136,1
DA:138,1
DA:140,0
DA:148,1
DA:182,1
DA:183,15
DA:184,15
DA:185,15
DA:187,15
DA:189,15
DA:253,1
DA:280,1
DA:281,37
DA:282,37
DA:284,37
DA:285,37
DA:286,37
DA:288,37
DA:289,18
DA:290,18
DA:291,1
DA:292,1
DA:294,17
DA:295,17
DA:296,17
DA:297,16
DA:298,15
DA:300,1
DA:303,1
DA:304,1
DA:306,17
DA:310,18
DA:313,37
DA:314,18
DA:315,1
DA:319,37
DA:320,16
DA:321,15
DA:322,0
DA:325,37
DA:331,1
DA:334,37
DA:341,1
DA:342,36
DA:343,36
DA:344,36
LF:57
LH:53
BRDA:117,0,0,44
BRDA:117,0,1,1
BRDA:130,1,0,2
BRDA:130,1,1,11
BRDA:130,1,2,1
BRDA:130,1,3,1
BRDA:130,1,4,0
BRDA:183,2,0,15
BRDA:183,2,1,14
BRDA:184,3,0,15
BRDA:184,3,1,15
BRDA:185,4,0,15
BRDA:185,4,1,15
BRDA:197,5,0,15
BRDA:197,5,1,0
BRDA:197,6,0,0
BRDA:197,6,1,0
BRDA:198,7,0,1
BRDA:198,7,1,14
BRDA:202,8,0,15
BRDA:202,8,1,0
BRDA:202,9,0,0
BRDA:202,9,1,0
BRDA:203,10,0,15
BRDA:203,10,1,0
BRDA:203,11,0,0
BRDA:203,11,1,0
BRDA:204,12,0,1
BRDA:204,12,1,14
BRDA:211,13,0,15
BRDA:211,13,1,0
BRDA:211,14,0,15
BRDA:211,14,1,15
BRDA:216,15,0,15
BRDA:216,15,1,14
BRDA:218,16,0,15
BRDA:218,16,1,0
BRDA:219,17,0,15
BRDA:219,17,1,0
BRDA:223,18,0,15
BRDA:223,18,1,15
BRDA:223,18,2,0
BRDA:228,19,0,15
BRDA:228,19,1,0
BRDA:229,20,0,15
BRDA:229,20,1,0
BRDA:233,21,0,15
BRDA:233,21,1,15
BRDA:234,22,0,15
BRDA:234,22,1,15
BRDA:235,23,0,15
BRDA:235,23,1,15
BRDA:243,24,0,15
BRDA:243,24,1,0
BRDA:245,25,0,15
BRDA:245,25,1,0
BRDA:284,26,0,37
BRDA:284,26,1,5
BRDA:290,27,0,1
BRDA:290,27,1,17
BRDA:290,28,0,18
BRDA:290,28,1,17
BRDA:297,29,0,15
BRDA:297,29,1,1
BRDA:314,30,0,1
BRDA:314,30,1,17
BRDA:314,31,0,18
BRDA:314,31,1,16
BRDA:320,32,0,1
BRDA:320,32,1,15
BRDA:321,33,0,15
BRDA:321,33,1,0
BRDA:343,34,0,0
BRDA:343,34,1,36
BRF:74
BRH:54
end_of_record
TN:
SF:src\themes\colors.ts
FNF:0
FNH:0
DA:13,2
DA:80,2
DA:108,2
DA:114,2
LF:4
LH:4
BRF:0
BRH:0
end_of_record
TN:
SF:src\themes\tokens.ts
FN:257,(anonymous_0)
FNF:1
FNH:1
FNDA:141,(anonymous_0)
DA:18,5
DA:31,5
DA:46,5
DA:59,5
DA:80,5
DA:96,5
DA:113,5
DA:126,5
DA:148,5
DA:216,5
DA:241,5
DA:257,5
DA:258,141
DA:259,141
DA:260,141
DA:261,141
DA:272,5
LF:17
LH:17
BRF:0
BRH:0
end_of_record
TN:
SF:src\themes\types.ts
FNF:0
FNH:0
LF:0
LH:0
BRF:0
BRH:0
end_of_record
TN:
SF:src\types\pedagogy.ts
FNF:0
FNH:0
LF:0
LH:0
BRF:0
BRH:0
end_of_record
TN:
SF:src\utils\badgeHelper.ts
FNF:0
FNH:0
LF:0
LH:0
BRF:0
BRH:0
end_of_record
TN:
SF:src\utils\exerciseMoodHelper.ts
FN:41,(anonymous_0)
FN:58,(anonymous_1)
FN:125,(anonymous_2)
FNF:3
FNH:0
FNDA:0,(anonymous_0)
FNDA:0,(anonymous_1)
FNDA:0,(anonymous_2)
DA:41,1
DA:42,0
DA:44,0
DA:46,0
DA:49,0
DA:51,0
DA:58,1
DA:59,0
DA:61,0
DA:81,0
DA:101,0
DA:125,1
DA:126,0
DA:127,0
LF:14
LH:3
BRDA:42,0,0,0
BRDA:42,0,1,0
BRDA:42,0,2,0
BRDA:42,0,3,0
BRDA:42,0,4,0
BRDA:59,1,0,0
BRDA:59,1,1,0
BRDA:59,1,2,0
BRF:8
BRH:0
end_of_record
TN:
SF:src\utils\feedback.ts
FN:25,(anonymous_0)
FNF:1
FNH:1
FNDA:10,(anonymous_0)
DA:25,1
DA:33,10
DA:34,2
DA:38,8
DA:43,8
DA:44,3
DA:52,5
DA:53,2
DA:61,3
LF:9
LH:9
BRDA:30,0,0,7
BRDA:31,1,0,8
BRDA:33,2,0,2
BRDA:33,2,1,8
BRDA:38,3,0,2
BRDA:38,3,1,6
BRDA:43,4,0,3
BRDA:43,4,1,5
BRDA:52,5,0,2
BRDA:52,5,1,3
BRF:10
BRH:10
end_of_record
TN:
SF:src\utils\inputSanitizer.ts
FN:13,sanitizeUserInput
FN:24,sanitizeExerciseInput
FNF:2
FNH:2
FNDA:27,sanitizeUserInput
FNDA:4,sanitizeExerciseInput
DA:14,27
DA:25,4
LF:2
LH:2
BRDA:13,0,0,20
BRF:1
BRH:1
end_of_record
TN:
SF:src\utils\labelMapper.ts
FN:39,(anonymous_0)
FN:48,(anonymous_1)
FN:49,(anonymous_2)
FN:78,(anonymous_3)
FN:87,(anonymous_4)
FN:88,(anonymous_5)
FN:119,(anonymous_6)
FN:150,(anonymous_7)
FN:228,(anonymous_8)
FN:252,(anonymous_9)
FNF:10
FNH:0
FNDA:0,(anonymous_0)
FNDA:0,(anonymous_1)
FNDA:0,(anonymous_2)
FNDA:0,(anonymous_3)
FNDA:0,(anonymous_4)
FNDA:0,(anonymous_5)
FNDA:0,(anonymous_6)
FNDA:0,(anonymous_7)
FNDA:0,(anonymous_8)
FNDA:0,(anonymous_9)
DA:39,0
DA:40,0
DA:41,0
DA:42,0
DA:48,0
DA:49,0
DA:51,0
DA:53,0
DA:54,0
DA:55,0
DA:61,0
DA:63,0
DA:64,0
DA:69,0
DA:72,0
DA:78,0
DA:79,0
DA:80,0
DA:81,0
DA:87,0
DA:88,0
DA:90,0
DA:92,0
DA:94,0
DA:95,0
DA:97,0
DA:99,0
DA:100,0
DA:105,0
DA:108,0
DA:119,0
DA:125,0
DA:126,0
DA:129,0
DA:130,0
DA:131,0
DA:137,0
DA:139,0
DA:140,0
DA:142,0
DA:150,0
DA:157,0
DA:158,0
DA:161,0
DA:165,0
DA:170,0
DA:172,0
DA:173,0
DA:174,0
DA:176,0
DA:179,0
DA:185,0
DA:186,0
DA:194,0
DA:195,0
DA:204,0
DA:205,0
DA:213,0
DA:215,0
DA:217,0
DA:218,0
DA:220,0
DA:228,0
DA:234,0
DA:236,0
DA:237,0
DA:239,0
DA:241,0
DA:242,0
DA:244,0
DA:252,0
DA:258,0
DA:259,0
LF:73
LH:0
BRDA:51,0,0,0
BRDA:51,0,1,0
BRDA:51,1,0,0
BRDA:51,1,1,0
BRDA:51,1,2,0
BRDA:63,2,0,0
BRDA:63,2,1,0
BRDA:63,3,0,0
BRDA:63,3,1,0
BRDA:90,4,0,0
BRDA:90,4,1,0
BRDA:90,5,0,0
BRDA:90,5,1,0
BRDA:90,5,2,0
BRDA:99,6,0,0
BRDA:99,6,1,0
BRDA:99,7,0,0
BRDA:99,7,1,0
BRDA:125,8,0,0
BRDA:125,8,1,0
BRDA:125,9,0,0
BRDA:125,9,1,0
BRDA:139,10,0,0
BRDA:139,10,1,0
BRDA:139,11,0,0
BRDA:139,11,1,0
BRDA:157,12,0,0
BRDA:157,12,1,0
BRDA:157,13,0,0
BRDA:157,13,1,0
BRDA:172,14,0,0
BRDA:172,14,1,0
BRDA:185,15,0,0
BRDA:185,15,1,0
BRDA:194,16,0,0
BRDA:194,16,1,0
BRDA:204,17,0,0
BRDA:204,17,1,0
BRDA:217,18,0,0
BRDA:217,18,1,0
BRDA:217,19,0,0
BRDA:217,19,1,0
BRDA:234,20,0,0
BRDA:234,20,1,0
BRDA:234,21,0,0
BRDA:234,21,1,0
BRDA:241,22,0,0
BRDA:241,22,1,0
BRDA:241,23,0,0
BRDA:241,23,1,0
BRF:50
BRH:0
end_of_record
TN:
SF:src\utils\logUtils.ts
FN:15,(anonymous_0)
FN:23,(anonymous_1)
FN:31,(anonymous_2)
FN:37,(anonymous_3)
FN:46,(anonymous_4)
FNF:5
FNH:5
FNDA:5,(anonymous_0)
FNDA:4,(anonymous_1)
FNDA:9,(anonymous_2)
FNDA:3,(anonymous_3)
FNDA:3,(anonymous_4)
DA:10,9
DA:12,9
DA:16,5
DA:17,5
DA:24,4
DA:25,4
DA:32,9
DA:38,3
DA:39,3
DA:47,3
DA:48,3
LF:11
LH:11
BRDA:16,0,0,5
BRDA:16,0,1,0
BRDA:24,1,0,4
BRDA:24,1,1,0
BRDA:38,2,0,3
BRDA:38,2,1,0
BRDA:47,3,0,3
BRDA:47,3,1,0
BRF:8
BRH:4
end_of_record
TN:
SF:src\utils\moduleHelper.ts
FN:22,(anonymous_0)
FN:41,(anonymous_1)
FN:47,(anonymous_2)
FN:48,(anonymous_3)
FN:70,(anonymous_4)
FN:102,(anonymous_5)
FN:125,(anonymous_6)
FN:149,(anonymous_7)
FNF:8
FNH:0
FNDA:0,(anonymous_0)
FNDA:0,(anonymous_1)
FNDA:0,(anonymous_2)
FNDA:0,(anonymous_3)
FNDA:0,(anonymous_4)
FNDA:0,(anonymous_5)
FNDA:0,(anonymous_6)
FNDA:0,(anonymous_7)
DA:20,0
DA:22,0
DA:23,0
DA:24,0
DA:26,0
DA:27,0
DA:28,0
DA:29,0
DA:31,0
DA:41,0
DA:42,0
DA:43,0
DA:45,0
DA:47,0
DA:48,0
DA:49,0
DA:51,0
DA:52,0
DA:53,0
DA:55,0
DA:56,0
DA:60,0
DA:63,0
DA:70,0
DA:76,0
DA:77,0
DA:80,0
DA:81,0
DA:83,0
DA:84,0
DA:88,0
DA:89,0
DA:91,0
DA:93,0
DA:94,0
DA:102,0
DA:107,0
DA:108,0
DA:111,0
DA:112,0
DA:113,0
DA:114,0
DA:116,0
DA:117,0
DA:125,0
DA:130,0
DA:131,0
DA:134,0
DA:135,0
DA:139,0
DA:141,0
DA:142,0
DA:149,0
DA:153,0
DA:154,0
DA:157,0
DA:158,0
DA:162,0
DA:164,0
DA:165,0
LF:60
LH:0
BRDA:23,0,0,0
BRDA:23,0,1,0
BRDA:26,1,0,0
BRDA:26,1,1,0
BRDA:26,2,0,0
BRDA:26,2,1,0
BRDA:28,3,0,0
BRDA:28,3,1,0
BRDA:28,4,0,0
BRDA:28,4,1,0
BRDA:45,5,0,0
BRDA:45,5,1,0
BRDA:49,6,0,0
BRDA:49,6,1,0
BRDA:49,7,0,0
BRDA:49,7,1,0
BRDA:76,8,0,0
BRDA:76,8,1,0
BRDA:76,9,0,0
BRDA:76,9,1,0
BRDA:83,10,0,0
BRDA:83,10,1,0
BRDA:89,11,0,0
BRDA:89,11,1,0
BRDA:91,12,0,0
BRDA:91,12,1,0
BRDA:107,13,0,0
BRDA:107,13,1,0
BRDA:107,14,0,0
BRDA:107,14,1,0
BRDA:130,15,0,0
BRDA:130,15,1,0
BRDA:130,16,0,0
BRDA:130,16,1,0
BRDA:131,17,0,0
BRDA:131,17,1,0
BRDA:142,18,0,0
BRDA:142,18,1,0
BRDA:153,19,0,0
BRDA:153,19,1,0
BRDA:153,20,0,0
BRDA:153,20,1,0
BRDA:162,21,0,0
BRDA:162,21,1,0
BRF:44
BRH:0
end_of_record
TN:
SF:src\utils\navigationHelper.ts
FN:27,(anonymous_0)
FN:62,(anonymous_1)
FN:80,(anonymous_2)
FN:95,(anonymous_3)
FNF:4
FNH:4
FNDA:5,(anonymous_0)
FNDA:2,(anonymous_1)
FNDA:2,(anonymous_2)
FNDA:2,(anonymous_3)
DA:27,1
DA:31,5
DA:34,5
DA:35,3
DA:45,3
DA:49,2
DA:62,1
DA:67,2
DA:80,1
DA:84,2
DA:95,1
DA:96,2
DA:97,1
DA:99,1
LF:14
LH:14
BRDA:34,0,0,3
BRDA:34,0,1,2
BRDA:40,1,0,3
BRDA:40,1,1,2
BRDA:54,2,0,2
BRDA:54,2,1,2
BRDA:96,3,0,1
BRDA:96,3,1,1
BRF:8
BRH:8
end_of_record
TN:
SF:src\utils\familySelection\familySelectionHelper.ts
FN:62,(anonymous_0)
FN:83,(anonymous_1)
FN:84,(anonymous_2)
FN:104,(anonymous_3)
FN:108,(anonymous_4)
FN:110,(anonymous_5)
FN:132,(anonymous_6)
FNF:7
FNH:3
FNDA:0,(anonymous_0)
FNDA:0,(anonymous_1)
FNDA:0,(anonymous_2)
FNDA:14,(anonymous_3)
FNDA:15,(anonymous_4)
FNDA:56,(anonymous_5)
FNDA:0,(anonymous_6)
DA:62,1
DA:65,0
DA:67,0
DA:68,0
DA:69,0
DA:71,0
DA:73,0
DA:74,0
DA:75,0
DA:77,0
DA:79,0
DA:83,0
DA:84,0
DA:85,0
DA:87,0
DA:88,0
DA:94,0
DA:96,0
DA:97,0
DA:104,1
DA:108,14
DA:109,15
DA:110,56
DA:111,15
DA:114,15
DA:115,15
DA:116,12
DA:117,11
DA:118,7
DA:120,15
DA:132,1
DA:135,0
DA:137,0
DA:138,0
DA:139,0
DA:141,0
LF:36
LH:13
BRDA:68,0,0,0
BRDA:68,0,1,0
BRDA:71,1,0,0
BRDA:71,1,1,0
BRDA:77,2,0,0
BRDA:77,2,1,0
BRDA:85,3,0,0
BRDA:85,3,1,0
BRDA:109,4,0,15
BRDA:109,4,1,14
BRDA:109,4,2,1
BRDA:110,5,0,15
BRDA:110,5,1,5
BRDA:111,6,0,14
BRDA:111,6,1,1
BRDA:115,7,0,3
BRDA:115,7,1,12
BRDA:116,8,0,1
BRDA:116,8,1,11
BRDA:117,9,0,4
BRDA:117,9,1,7
BRDA:118,10,0,2
BRDA:118,10,1,5
BRDA:138,11,0,0
BRDA:138,11,1,0
BRF:25
BRH:15
end_of_record
