TN:
SF:src\contexts\ProgressContext.tsx
FN:29,(anonymous_0)
FN:31,(anonymous_1)
FN:38,(anonymous_2)
FN:39,(anonymous_3)
FN:86,(anonymous_4)
FN:91,(anonymous_5)
FN:100,(anonymous_6)
FN:109,(anonymous_7)
FN:112,(anonymous_8)
FN:144,(anonymous_9)
FN:151,(anonymous_10)
FN:161,(anonymous_11)
FN:167,(anonymous_12)
FN:178,(anonymous_13)
FN:186,(anonymous_14)
FN:191,(anonymous_15)
FN:197,(anonymous_16)
FN:200,(anonymous_17)
FN:211,(anonymous_18)
FN:215,(anonymous_19)
FN:221,(anonymous_20)
FN:229,(anonymous_21)
FN:235,(anonymous_22)
FN:236,(anonymous_23)
FN:245,(anonymous_24)
FN:258,(anonymous_25)
FNF:26
FNH:19
FNDA:48,(anonymous_0)
FNDA:20,(anonymous_1)
FNDA:20,(anonymous_2)
FNDA:20,(anonymous_3)
FNDA:48,(anonymous_4)
FNDA:0,(anonymous_5)
FNDA:27,(anonymous_6)
FNDA:3,(anonymous_7)
FNDA:3,(anonymous_8)
FNDA:1,(anonymous_9)
FNDA:3,(anonymous_10)
FNDA:1,(anonymous_11)
FNDA:2,(anonymous_12)
FNDA:6,(anonymous_13)
FNDA:8,(anonymous_14)
FNDA:8,(anonymous_15)
FNDA:8,(anonymous_16)
FNDA:3,(anonymous_17)
FNDA:0,(anonymous_18)
FNDA:0,(anonymous_19)
FNDA:0,(anonymous_20)
FNDA:0,(anonymous_21)
FNDA:0,(anonymous_22)
FNDA:0,(anonymous_23)
FNDA:48,(anonymous_24)
FNDA:48,(anonymous_25)
DA:27,1
DA:29,1
DA:30,48
DA:31,48
DA:32,48
DA:33,48
DA:34,48
DA:38,48
DA:39,20
DA:40,20
DA:42,19
DA:43,19
DA:44,19
DA:45,19
DA:46,6
DA:47,6
DA:48,6
DA:49,6
DA:53,13
DA:54,13
DA:55,3
DA:57,3
DA:58,3
DA:59,3
DA:60,1
DA:61,1
DA:62,1
DA:65,3
DA:69,13
DA:70,13
DA:71,13
DA:72,1
DA:73,1
DA:74,1
DA:77,0
DA:79,19
DA:82,20
DA:86,48
DA:87,48
DA:89,27
DA:91,27
DA:92,0
DA:93,0
DA:94,0
DA:96,0
DA:100,27
DA:109,48
DA:110,3
DA:112,3
DA:113,3
DA:114,2
DA:115,2
DA:116,16
DA:117,16
DA:119,16
DA:120,112
DA:121,1
DA:122,1
DA:123,1
DA:124,1
DA:136,2
DA:138,0
DA:139,0
DA:143,3
DA:144,3
DA:145,1
DA:147,3
DA:151,48
DA:152,3
DA:153,3
DA:154,3
DA:155,3
DA:157,0
DA:161,48
DA:162,1
DA:163,1
DA:164,1
DA:167,48
DA:168,2
DA:169,2
DA:170,2
DA:171,1
DA:172,1
DA:174,1
DA:178,48
DA:182,6
DA:186,48
DA:187,8
DA:188,8
DA:191,48
DA:194,8
DA:195,8
DA:196,8
DA:197,8
DA:200,48
DA:201,3
DA:202,3
DA:203,3
DA:204,3
DA:205,21
DA:206,21
DA:208,3
DA:211,48
DA:212,0
DA:215,48
DA:218,0
DA:219,0
DA:220,0
DA:221,0
DA:222,0
DA:223,0
DA:226,0
DA:229,48
DA:232,0
DA:233,0
DA:234,0
DA:235,0
DA:236,0
DA:237,0
DA:238,0
DA:242,0
DA:245,48
DA:255,48
DA:258,1
DA:259,48
DA:260,48
DA:261,48
LF:127
LH:103
BRDA:40,0,0,1
BRDA:40,0,1,19
BRDA:43,1,0,19
BRDA:43,1,1,0
BRDA:45,2,0,6
BRDA:45,2,1,13
BRDA:54,3,0,3
BRDA:54,3,1,10
BRDA:59,4,0,1
BRDA:59,4,1,2
BRDA:59,5,0,3
BRDA:59,5,1,3
BRDA:59,5,2,1
BRDA:71,6,0,1
BRDA:71,6,1,12
BRDA:71,7,0,13
BRDA:71,7,1,1
BRDA:87,8,0,21
BRDA:87,8,1,27
BRDA:87,9,0,48
BRDA:87,9,1,28
BRDA:87,9,2,28
BRDA:89,10,0,8
BRDA:89,10,1,19
BRDA:94,11,0,0
BRDA:94,11,1,0
BRDA:100,12,0,27
BRDA:100,12,1,0
BRDA:110,13,0,0
BRDA:110,13,1,3
BRDA:110,14,0,3
BRDA:110,14,1,3
BRDA:110,14,2,3
BRDA:117,15,0,0
BRDA:117,15,1,16
BRDA:117,16,0,16
BRDA:117,16,1,16
BRDA:121,17,0,0
BRDA:121,17,1,1
BRDA:121,18,0,1
BRDA:121,18,1,1
BRDA:123,19,0,0
BRDA:123,19,1,1
BRDA:123,20,0,1
BRDA:123,20,1,1
BRDA:152,21,0,3
BRDA:152,21,1,0
BRDA:154,22,0,3
BRDA:154,22,1,0
BRDA:155,23,0,3
BRDA:155,23,1,0
BRDA:155,24,0,3
BRDA:155,24,1,3
BRDA:162,25,0,0
BRDA:162,25,1,1
BRDA:162,26,0,1
BRDA:162,26,1,1
BRDA:162,26,2,1
BRDA:164,27,0,1
BRDA:164,27,1,0
BRDA:168,28,0,0
BRDA:168,28,1,2
BRDA:168,29,0,2
BRDA:168,29,1,2
BRDA:168,29,2,2
BRDA:188,30,0,8
BRDA:188,30,1,0
BRDA:192,31,0,0
BRDA:194,32,0,8
BRDA:194,32,1,0
BRDA:195,33,0,8
BRDA:195,33,1,0
BRDA:196,34,0,0
BRDA:196,34,1,8
BRDA:202,35,0,0
BRDA:202,35,1,3
BRDA:205,36,0,21
BRDA:205,36,1,0
BRDA:206,37,0,8
BRDA:206,37,1,13
BRDA:219,38,0,0
BRDA:219,38,1,0
BRDA:222,39,0,0
BRDA:222,39,1,0
BRDA:222,40,0,0
BRDA:222,40,1,0
BRDA:222,40,2,0
BRDA:233,41,0,0
BRDA:233,41,1,0
BRDA:237,42,0,0
BRDA:237,42,1,0
BRDA:237,43,0,0
BRDA:237,43,1,0
BRDA:237,43,2,0
BRDA:260,44,0,0
BRDA:260,44,1,48
BRF:96
BRH:60
end_of_record
